<?xml version="1.0" encoding="UTF-8"?>
<!-- Generated by org.testng.reporters.JUnitXMLReporter -->
<testsuite hostname="IN-MU-LT-J27150" name="FCP_Adapter" tests="400" failures="52" timestamp="4 Apr 2019 10:51:07 GMT" time="892.506" errors="0">
  <testcase name="duedilScreeningApiTest" time="4.927" classname="com.travelex.automation.api.duedil.FCPAdpaterScreening"/>
  <testcase name="duedilScreeningApiTest" time="2.3" classname="com.travelex.automation.api.duedil.FCPAdpaterScreening"/>
  <testcase name="duedilScreeningApiTest" time="2.233" classname="com.travelex.automation.api.duedil.FCPAdpaterScreening"/>
  <testcase name="duedilScreeningApiTest" time="2.326" classname="com.travelex.automation.api.duedil.FCPAdpaterScreening"/>
  <testcase name="duedilScreeningApiTest" time="2.271" classname="com.travelex.automation.api.duedil.FCPAdpaterScreening"/>
  <testcase name="duedilScreeningApiTest" time="2.162" classname="com.travelex.automation.api.duedil.FCPAdpaterScreening">
    <failure type="java.lang.AssertionError" message="Martha Jane KING not found in the hit response object expected [true] but found [false]">
      <![CDATA[java.lang.AssertionError: Martha Jane KING not found in the hit response object expected [true] but found [false]
	at com.travelex.automation.api.methods.ExecuteApiMethods_FCP.executePostMethodForFCPAdapter(ExecuteApiMethods_FCP.java:129)
	at com.travelex.automation.api.duedil.FCPAdpaterScreening.duedilScreeningApiTest(FCPAdpaterScreening.java:136)
... Removed 27 stack frames]]>
    </failure>
  </testcase> <!-- duedilScreeningApiTest -->
  <testcase name="duedilScreeningApiTest" time="2.27" classname="com.travelex.automation.api.duedil.FCPAdpaterScreening"/>
  <testcase name="duedilScreeningApiTest" time="2.05" classname="com.travelex.automation.api.duedil.FCPAdpaterScreening"/>
  <testcase name="duedilScreeningApiTest" time="2.216" classname="com.travelex.automation.api.duedil.FCPAdpaterScreening"/>
  <testcase name="duedilScreeningApiTest" time="1.714" classname="com.travelex.automation.api.duedil.FCPAdpaterScreening"/>
  <testcase name="duedilScreeningApiTest" time="2.256" classname="com.travelex.automation.api.duedil.FCPAdpaterScreening"/>
  <testcase name="duedilScreeningApiTest" time="2.003" classname="com.travelex.automation.api.duedil.FCPAdpaterScreening"/>
  <testcase name="duedilScreeningApiTest" time="2.27" classname="com.travelex.automation.api.duedil.FCPAdpaterScreening"/>
  <testcase name="duedilScreeningApiTest" time="2.041" classname="com.travelex.automation.api.duedil.FCPAdpaterScreening">
    <failure type="java.lang.AssertionError" message="Sergey BELOKOLODOV not found in the hit response object expected [true] but found [false]">
      <![CDATA[java.lang.AssertionError: Sergey BELOKOLODOV not found in the hit response object expected [true] but found [false]
	at com.travelex.automation.api.methods.ExecuteApiMethods_FCP.executePostMethodForFCPAdapter(ExecuteApiMethods_FCP.java:129)
	at com.travelex.automation.api.duedil.FCPAdpaterScreening.duedilScreeningApiTest(FCPAdpaterScreening.java:136)
... Removed 27 stack frames]]>
    </failure>
  </testcase> <!-- duedilScreeningApiTest -->
  <testcase name="duedilScreeningApiTest" time="2.006" classname="com.travelex.automation.api.duedil.FCPAdpaterScreening"/>
  <testcase name="duedilScreeningApiTest" time="2.344" classname="com.travelex.automation.api.duedil.FCPAdpaterScreening"/>
  <testcase name="duedilScreeningApiTest" time="2.237" classname="com.travelex.automation.api.duedil.FCPAdpaterScreening"/>
  <testcase name="duedilScreeningApiTest" time="2.129" classname="com.travelex.automation.api.duedil.FCPAdpaterScreening"/>
  <testcase name="duedilScreeningApiTest" time="2.245" classname="com.travelex.automation.api.duedil.FCPAdpaterScreening"/>
  <testcase name="duedilScreeningApiTest" time="2.232" classname="com.travelex.automation.api.duedil.FCPAdpaterScreening"/>
  <testcase name="duedilScreeningApiTest" time="2.087" classname="com.travelex.automation.api.duedil.FCPAdpaterScreening"/>
  <testcase name="duedilScreeningApiTest" time="2.051" classname="com.travelex.automation.api.duedil.FCPAdpaterScreening"/>
  <testcase name="duedilScreeningApiTest" time="2.028" classname="com.travelex.automation.api.duedil.FCPAdpaterScreening"/>
  <testcase name="duedilScreeningApiTest" time="1.916" classname="com.travelex.automation.api.duedil.FCPAdpaterScreening"/>
  <testcase name="duedilScreeningApiTest" time="1.713" classname="com.travelex.automation.api.duedil.FCPAdpaterScreening"/>
  <testcase name="duedilScreeningApiTest" time="1.892" classname="com.travelex.automation.api.duedil.FCPAdpaterScreening"/>
  <testcase name="duedilScreeningApiTest" time="2.071" classname="com.travelex.automation.api.duedil.FCPAdpaterScreening"/>
  <testcase name="duedilScreeningApiTest" time="2.276" classname="com.travelex.automation.api.duedil.FCPAdpaterScreening"/>
  <testcase name="duedilScreeningApiTest" time="2.276" classname="com.travelex.automation.api.duedil.FCPAdpaterScreening"/>
  <testcase name="duedilScreeningApiTest" time="2.143" classname="com.travelex.automation.api.duedil.FCPAdpaterScreening"/>
  <testcase name="duedilScreeningApiTest" time="2.473" classname="com.travelex.automation.api.duedil.FCPAdpaterScreening"/>
  <testcase name="duedilScreeningApiTest" time="2.321" classname="com.travelex.automation.api.duedil.FCPAdpaterScreening"/>
  <testcase name="duedilScreeningApiTest" time="2.152" classname="com.travelex.automation.api.duedil.FCPAdpaterScreening"/>
  <testcase name="duedilScreeningApiTest" time="2.08" classname="com.travelex.automation.api.duedil.FCPAdpaterScreening"/>
  <testcase name="duedilScreeningApiTest" time="1.958" classname="com.travelex.automation.api.duedil.FCPAdpaterScreening"/>
  <testcase name="duedilScreeningApiTest" time="2.275" classname="com.travelex.automation.api.duedil.FCPAdpaterScreening"/>
  <testcase name="duedilScreeningApiTest" time="1.925" classname="com.travelex.automation.api.duedil.FCPAdpaterScreening"/>
  <testcase name="duedilScreeningApiTest" time="1.828" classname="com.travelex.automation.api.duedil.FCPAdpaterScreening"/>
  <testcase name="duedilScreeningApiTest" time="1.883" classname="com.travelex.automation.api.duedil.FCPAdpaterScreening"/>
  <testcase name="duedilScreeningApiTest" time="1.987" classname="com.travelex.automation.api.duedil.FCPAdpaterScreening"/>
  <testcase name="duedilScreeningApiTest" time="2.26" classname="com.travelex.automation.api.duedil.FCPAdpaterScreening">
    <failure type="java.lang.AssertionError" message="No Hit was expected but HIT FOUND expected [true] but found [false]">
      <![CDATA[java.lang.AssertionError: No Hit was expected but HIT FOUND expected [true] but found [false]
	at com.travelex.automation.api.methods.ExecuteApiMethods_FCP.executePostMethodForFCPAdapter(ExecuteApiMethods_FCP.java:140)
	at com.travelex.automation.api.duedil.FCPAdpaterScreening.duedilScreeningApiTest(FCPAdpaterScreening.java:136)
... Removed 26 stack frames]]>
    </failure>
  </testcase> <!-- duedilScreeningApiTest -->
  <testcase name="duedilScreeningApiTest" time="2.044" classname="com.travelex.automation.api.duedil.FCPAdpaterScreening">
    <failure type="java.lang.AssertionError" message="No Hit was expected but HIT FOUND expected [true] but found [false]">
      <![CDATA[java.lang.AssertionError: No Hit was expected but HIT FOUND expected [true] but found [false]
	at com.travelex.automation.api.methods.ExecuteApiMethods_FCP.executePostMethodForFCPAdapter(ExecuteApiMethods_FCP.java:140)
	at com.travelex.automation.api.duedil.FCPAdpaterScreening.duedilScreeningApiTest(FCPAdpaterScreening.java:136)
... Removed 26 stack frames]]>
    </failure>
  </testcase> <!-- duedilScreeningApiTest -->
  <testcase name="duedilScreeningApiTest" time="2.313" classname="com.travelex.automation.api.duedil.FCPAdpaterScreening">
    <failure type="java.lang.AssertionError" message="No Hit was expected but HIT FOUND expected [true] but found [false]">
      <![CDATA[java.lang.AssertionError: No Hit was expected but HIT FOUND expected [true] but found [false]
	at com.travelex.automation.api.methods.ExecuteApiMethods_FCP.executePostMethodForFCPAdapter(ExecuteApiMethods_FCP.java:140)
	at com.travelex.automation.api.duedil.FCPAdpaterScreening.duedilScreeningApiTest(FCPAdpaterScreening.java:136)
... Removed 26 stack frames]]>
    </failure>
  </testcase> <!-- duedilScreeningApiTest -->
  <testcase name="duedilScreeningApiTest" time="2.062" classname="com.travelex.automation.api.duedil.FCPAdpaterScreening">
    <failure type="java.lang.AssertionError" message="No Hit was expected but HIT FOUND expected [true] but found [false]">
      <![CDATA[java.lang.AssertionError: No Hit was expected but HIT FOUND expected [true] but found [false]
	at com.travelex.automation.api.methods.ExecuteApiMethods_FCP.executePostMethodForFCPAdapter(ExecuteApiMethods_FCP.java:140)
	at com.travelex.automation.api.duedil.FCPAdpaterScreening.duedilScreeningApiTest(FCPAdpaterScreening.java:136)
... Removed 26 stack frames]]>
    </failure>
  </testcase> <!-- duedilScreeningApiTest -->
  <testcase name="duedilScreeningApiTest" time="1.964" classname="com.travelex.automation.api.duedil.FCPAdpaterScreening">
    <failure type="java.lang.AssertionError" message="No Hit was expected but HIT FOUND expected [true] but found [false]">
      <![CDATA[java.lang.AssertionError: No Hit was expected but HIT FOUND expected [true] but found [false]
	at com.travelex.automation.api.methods.ExecuteApiMethods_FCP.executePostMethodForFCPAdapter(ExecuteApiMethods_FCP.java:140)
	at com.travelex.automation.api.duedil.FCPAdpaterScreening.duedilScreeningApiTest(FCPAdpaterScreening.java:136)
... Removed 26 stack frames]]>
    </failure>
  </testcase> <!-- duedilScreeningApiTest -->
  <testcase name="duedilScreeningApiTest" time="1.802" classname="com.travelex.automation.api.duedil.FCPAdpaterScreening">
    <failure type="java.lang.AssertionError" message="No Hit was expected but HIT FOUND expected [true] but found [false]">
      <![CDATA[java.lang.AssertionError: No Hit was expected but HIT FOUND expected [true] but found [false]
	at com.travelex.automation.api.methods.ExecuteApiMethods_FCP.executePostMethodForFCPAdapter(ExecuteApiMethods_FCP.java:140)
	at com.travelex.automation.api.duedil.FCPAdpaterScreening.duedilScreeningApiTest(FCPAdpaterScreening.java:136)
... Removed 26 stack frames]]>
    </failure>
  </testcase> <!-- duedilScreeningApiTest -->
  <testcase name="duedilScreeningApiTest" time="2.35" classname="com.travelex.automation.api.duedil.FCPAdpaterScreening">
    <failure type="java.lang.AssertionError" message="No Hit was expected but HIT FOUND expected [true] but found [false]">
      <![CDATA[java.lang.AssertionError: No Hit was expected but HIT FOUND expected [true] but found [false]
	at com.travelex.automation.api.methods.ExecuteApiMethods_FCP.executePostMethodForFCPAdapter(ExecuteApiMethods_FCP.java:140)
	at com.travelex.automation.api.duedil.FCPAdpaterScreening.duedilScreeningApiTest(FCPAdpaterScreening.java:136)
... Removed 26 stack frames]]>
    </failure>
  </testcase> <!-- duedilScreeningApiTest -->
  <testcase name="duedilScreeningApiTest" time="2.348" classname="com.travelex.automation.api.duedil.FCPAdpaterScreening">
    <failure type="java.lang.AssertionError" message="No Hit was expected but HIT FOUND expected [true] but found [false]">
      <![CDATA[java.lang.AssertionError: No Hit was expected but HIT FOUND expected [true] but found [false]
	at com.travelex.automation.api.methods.ExecuteApiMethods_FCP.executePostMethodForFCPAdapter(ExecuteApiMethods_FCP.java:140)
	at com.travelex.automation.api.duedil.FCPAdpaterScreening.duedilScreeningApiTest(FCPAdpaterScreening.java:136)
... Removed 26 stack frames]]>
    </failure>
  </testcase> <!-- duedilScreeningApiTest -->
  <testcase name="duedilScreeningApiTest" time="2.044" classname="com.travelex.automation.api.duedil.FCPAdpaterScreening">
    <failure type="java.lang.AssertionError" message="No Hit was expected but HIT FOUND expected [true] but found [false]">
      <![CDATA[java.lang.AssertionError: No Hit was expected but HIT FOUND expected [true] but found [false]
	at com.travelex.automation.api.methods.ExecuteApiMethods_FCP.executePostMethodForFCPAdapter(ExecuteApiMethods_FCP.java:140)
	at com.travelex.automation.api.duedil.FCPAdpaterScreening.duedilScreeningApiTest(FCPAdpaterScreening.java:136)
... Removed 26 stack frames]]>
    </failure>
  </testcase> <!-- duedilScreeningApiTest -->
  <testcase name="duedilScreeningApiTest" time="2.259" classname="com.travelex.automation.api.duedil.FCPAdpaterScreening"/>
  <testcase name="duedilScreeningApiTest" time="2.243" classname="com.travelex.automation.api.duedil.FCPAdpaterScreening"/>
  <testcase name="duedilScreeningApiTest" time="1.71" classname="com.travelex.automation.api.duedil.FCPAdpaterScreening"/>
  <testcase name="duedilScreeningApiTest" time="2.329" classname="com.travelex.automation.api.duedil.FCPAdpaterScreening"/>
  <testcase name="duedilScreeningApiTest" time="1.974" classname="com.travelex.automation.api.duedil.FCPAdpaterScreening"/>
  <testcase name="duedilScreeningApiTest" time="2.045" classname="com.travelex.automation.api.duedil.FCPAdpaterScreening">
    <failure type="java.lang.AssertionError" message="Mark Thomas RYAN not found in the hit response object expected [true] but found [false]">
      <![CDATA[java.lang.AssertionError: Mark Thomas RYAN not found in the hit response object expected [true] but found [false]
	at com.travelex.automation.api.methods.ExecuteApiMethods_FCP.executePostMethodForFCPAdapter(ExecuteApiMethods_FCP.java:129)
	at com.travelex.automation.api.duedil.FCPAdpaterScreening.duedilScreeningApiTest(FCPAdpaterScreening.java:136)
... Removed 26 stack frames]]>
    </failure>
  </testcase> <!-- duedilScreeningApiTest -->
  <testcase name="duedilScreeningApiTest" time="2.012" classname="com.travelex.automation.api.duedil.FCPAdpaterScreening"/>
  <testcase name="duedilScreeningApiTest" time="1.723" classname="com.travelex.automation.api.duedil.FCPAdpaterScreening"/>
  <testcase name="duedilScreeningApiTest" time="2.307" classname="com.travelex.automation.api.duedil.FCPAdpaterScreening"/>
  <testcase name="duedilScreeningApiTest" time="2.56" classname="com.travelex.automation.api.duedil.FCPAdpaterScreening"/>
  <testcase name="duedilScreeningApiTest" time="2.516" classname="com.travelex.automation.api.duedil.FCPAdpaterScreening"/>
  <testcase name="duedilScreeningApiTest" time="2.291" classname="com.travelex.automation.api.duedil.FCPAdpaterScreening"/>
  <testcase name="duedilScreeningApiTest" time="2.187" classname="com.travelex.automation.api.duedil.FCPAdpaterScreening"/>
  <testcase name="duedilScreeningApiTest" time="2.001" classname="com.travelex.automation.api.duedil.FCPAdpaterScreening"/>
  <testcase name="duedilScreeningApiTest" time="2.228" classname="com.travelex.automation.api.duedil.FCPAdpaterScreening"/>
  <testcase name="duedilScreeningApiTest" time="1.983" classname="com.travelex.automation.api.duedil.FCPAdpaterScreening"/>
  <testcase name="duedilScreeningApiTest" time="2.384" classname="com.travelex.automation.api.duedil.FCPAdpaterScreening"/>
  <testcase name="duedilScreeningApiTest" time="2.194" classname="com.travelex.automation.api.duedil.FCPAdpaterScreening"/>
  <testcase name="duedilScreeningApiTest" time="2.362" classname="com.travelex.automation.api.duedil.FCPAdpaterScreening"/>
  <testcase name="duedilScreeningApiTest" time="1.994" classname="com.travelex.automation.api.duedil.FCPAdpaterScreening"/>
  <testcase name="duedilScreeningApiTest" time="2.079" classname="com.travelex.automation.api.duedil.FCPAdpaterScreening"/>
  <testcase name="duedilScreeningApiTest" time="2.414" classname="com.travelex.automation.api.duedil.FCPAdpaterScreening"/>
  <testcase name="duedilScreeningApiTest" time="2.073" classname="com.travelex.automation.api.duedil.FCPAdpaterScreening"/>
  <testcase name="duedilScreeningApiTest" time="2.009" classname="com.travelex.automation.api.duedil.FCPAdpaterScreening"/>
  <testcase name="duedilScreeningApiTest" time="2.063" classname="com.travelex.automation.api.duedil.FCPAdpaterScreening"/>
  <testcase name="duedilScreeningApiTest" time="2.105" classname="com.travelex.automation.api.duedil.FCPAdpaterScreening"/>
  <testcase name="duedilScreeningApiTest" time="2.334" classname="com.travelex.automation.api.duedil.FCPAdpaterScreening"/>
  <testcase name="duedilScreeningApiTest" time="2.395" classname="com.travelex.automation.api.duedil.FCPAdpaterScreening"/>
  <testcase name="duedilScreeningApiTest" time="2.403" classname="com.travelex.automation.api.duedil.FCPAdpaterScreening"/>
  <testcase name="duedilScreeningApiTest" time="2.337" classname="com.travelex.automation.api.duedil.FCPAdpaterScreening"/>
  <testcase name="duedilScreeningApiTest" time="2.257" classname="com.travelex.automation.api.duedil.FCPAdpaterScreening"/>
  <testcase name="duedilScreeningApiTest" time="2.377" classname="com.travelex.automation.api.duedil.FCPAdpaterScreening"/>
  <testcase name="duedilScreeningApiTest" time="2.389" classname="com.travelex.automation.api.duedil.FCPAdpaterScreening"/>
  <testcase name="duedilScreeningApiTest" time="1.99" classname="com.travelex.automation.api.duedil.FCPAdpaterScreening"/>
  <testcase name="duedilScreeningApiTest" time="2.292" classname="com.travelex.automation.api.duedil.FCPAdpaterScreening"/>
  <testcase name="duedilScreeningApiTest" time="1.838" classname="com.travelex.automation.api.duedil.FCPAdpaterScreening"/>
  <testcase name="duedilScreeningApiTest" time="2.026" classname="com.travelex.automation.api.duedil.FCPAdpaterScreening"/>
  <testcase name="duedilScreeningApiTest" time="1.914" classname="com.travelex.automation.api.duedil.FCPAdpaterScreening"/>
  <testcase name="duedilScreeningApiTest" time="2.073" classname="com.travelex.automation.api.duedil.FCPAdpaterScreening"/>
  <testcase name="duedilScreeningApiTest" time="1.929" classname="com.travelex.automation.api.duedil.FCPAdpaterScreening"/>
  <testcase name="duedilScreeningApiTest" time="2.257" classname="com.travelex.automation.api.duedil.FCPAdpaterScreening"/>
  <testcase name="duedilScreeningApiTest" time="2.39" classname="com.travelex.automation.api.duedil.FCPAdpaterScreening"/>
  <testcase name="duedilScreeningApiTest" time="1.953" classname="com.travelex.automation.api.duedil.FCPAdpaterScreening"/>
  <testcase name="duedilScreeningApiTest" time="2.37" classname="com.travelex.automation.api.duedil.FCPAdpaterScreening"/>
  <testcase name="duedilScreeningApiTest" time="2.1" classname="com.travelex.automation.api.duedil.FCPAdpaterScreening">
    <failure type="java.lang.AssertionError" message="Hit was expected but NO HIT FOUND expected [true] but found [false]">
      <![CDATA[java.lang.AssertionError: Hit was expected but NO HIT FOUND expected [true] but found [false]
	at com.travelex.automation.api.methods.ExecuteApiMethods_FCP.executePostMethodForFCPAdapter(ExecuteApiMethods_FCP.java:99)
	at com.travelex.automation.api.duedil.FCPAdpaterScreening.duedilScreeningApiTest(FCPAdpaterScreening.java:136)
... Removed 26 stack frames]]>
    </failure>
  </testcase> <!-- duedilScreeningApiTest -->
  <testcase name="duedilScreeningApiTest" time="2.357" classname="com.travelex.automation.api.duedil.FCPAdpaterScreening"/>
  <testcase name="duedilScreeningApiTest" time="1.777" classname="com.travelex.automation.api.duedil.FCPAdpaterScreening"/>
  <testcase name="duedilScreeningApiTest" time="1.985" classname="com.travelex.automation.api.duedil.FCPAdpaterScreening"/>
  <testcase name="duedilScreeningApiTest" time="2.094" classname="com.travelex.automation.api.duedil.FCPAdpaterScreening"/>
  <testcase name="duedilScreeningApiTest" time="2.231" classname="com.travelex.automation.api.duedil.FCPAdpaterScreening"/>
  <testcase name="duedilScreeningApiTest" time="2.424" classname="com.travelex.automation.api.duedil.FCPAdpaterScreening"/>
  <testcase name="duedilScreeningApiTest" time="2.33" classname="com.travelex.automation.api.duedil.FCPAdpaterScreening"/>
  <testcase name="duedilScreeningApiTest" time="1.75" classname="com.travelex.automation.api.duedil.FCPAdpaterScreening"/>
  <testcase name="duedilScreeningApiTest" time="2.113" classname="com.travelex.automation.api.duedil.FCPAdpaterScreening"/>
  <testcase name="duedilScreeningApiTest" time="2.056" classname="com.travelex.automation.api.duedil.FCPAdpaterScreening"/>
  <testcase name="duedilScreeningApiTest" time="2.719" classname="com.travelex.automation.api.duedil.FCPAdpaterScreening"/>
  <testcase name="duedilScreeningApiTest" time="1.997" classname="com.travelex.automation.api.duedil.FCPAdpaterScreening"/>
  <testcase name="duedilScreeningApiTest" time="2.086" classname="com.travelex.automation.api.duedil.FCPAdpaterScreening"/>
  <testcase name="duedilScreeningApiTest" time="2.062" classname="com.travelex.automation.api.duedil.FCPAdpaterScreening"/>
  <testcase name="duedilScreeningApiTest" time="2.3" classname="com.travelex.automation.api.duedil.FCPAdpaterScreening"/>
  <testcase name="duedilScreeningApiTest" time="2.099" classname="com.travelex.automation.api.duedil.FCPAdpaterScreening"/>
  <testcase name="duedilScreeningApiTest" time="2.243" classname="com.travelex.automation.api.duedil.FCPAdpaterScreening"/>
  <testcase name="duedilScreeningApiTest" time="1.946" classname="com.travelex.automation.api.duedil.FCPAdpaterScreening"/>
  <testcase name="duedilScreeningApiTest" time="1.854" classname="com.travelex.automation.api.duedil.FCPAdpaterScreening"/>
  <testcase name="duedilScreeningApiTest" time="2.45" classname="com.travelex.automation.api.duedil.FCPAdpaterScreening"/>
  <testcase name="duedilScreeningApiTest" time="2.237" classname="com.travelex.automation.api.duedil.FCPAdpaterScreening"/>
  <testcase name="duedilScreeningApiTest" time="2.04" classname="com.travelex.automation.api.duedil.FCPAdpaterScreening"/>
  <testcase name="duedilScreeningApiTest" time="2.579" classname="com.travelex.automation.api.duedil.FCPAdpaterScreening"/>
  <testcase name="duedilScreeningApiTest" time="2.326" classname="com.travelex.automation.api.duedil.FCPAdpaterScreening"/>
  <testcase name="duedilScreeningApiTest" time="2.011" classname="com.travelex.automation.api.duedil.FCPAdpaterScreening"/>
  <testcase name="duedilScreeningApiTest" time="1.825" classname="com.travelex.automation.api.duedil.FCPAdpaterScreening"/>
  <testcase name="duedilScreeningApiTest" time="2.258" classname="com.travelex.automation.api.duedil.FCPAdpaterScreening"/>
  <testcase name="duedilScreeningApiTest" time="2.028" classname="com.travelex.automation.api.duedil.FCPAdpaterScreening"/>
  <testcase name="duedilScreeningApiTest" time="2.339" classname="com.travelex.automation.api.duedil.FCPAdpaterScreening"/>
  <testcase name="duedilScreeningApiTest" time="1.852" classname="com.travelex.automation.api.duedil.FCPAdpaterScreening"/>
  <testcase name="duedilScreeningApiTest" time="1.645" classname="com.travelex.automation.api.duedil.FCPAdpaterScreening"/>
  <testcase name="duedilScreeningApiTest" time="2.435" classname="com.travelex.automation.api.duedil.FCPAdpaterScreening"/>
  <testcase name="duedilScreeningApiTest" time="2.434" classname="com.travelex.automation.api.duedil.FCPAdpaterScreening"/>
  <testcase name="duedilScreeningApiTest" time="2.013" classname="com.travelex.automation.api.duedil.FCPAdpaterScreening"/>
  <testcase name="duedilScreeningApiTest" time="2.348" classname="com.travelex.automation.api.duedil.FCPAdpaterScreening"/>
  <testcase name="duedilScreeningApiTest" time="2.413" classname="com.travelex.automation.api.duedil.FCPAdpaterScreening"/>
  <testcase name="duedilScreeningApiTest" time="2.304" classname="com.travelex.automation.api.duedil.FCPAdpaterScreening">
    <failure type="java.lang.AssertionError" message="Hit was expected but NO HIT FOUND expected [true] but found [false]">
      <![CDATA[java.lang.AssertionError: Hit was expected but NO HIT FOUND expected [true] but found [false]
	at com.travelex.automation.api.methods.ExecuteApiMethods_FCP.executePostMethodForFCPAdapter(ExecuteApiMethods_FCP.java:99)
	at com.travelex.automation.api.duedil.FCPAdpaterScreening.duedilScreeningApiTest(FCPAdpaterScreening.java:136)
... Removed 26 stack frames]]>
    </failure>
  </testcase> <!-- duedilScreeningApiTest -->
  <testcase name="duedilScreeningApiTest" time="2.266" classname="com.travelex.automation.api.duedil.FCPAdpaterScreening">
    <failure type="java.lang.AssertionError" message="Hit was expected but NO HIT FOUND expected [true] but found [false]">
      <![CDATA[java.lang.AssertionError: Hit was expected but NO HIT FOUND expected [true] but found [false]
	at com.travelex.automation.api.methods.ExecuteApiMethods_FCP.executePostMethodForFCPAdapter(ExecuteApiMethods_FCP.java:99)
	at com.travelex.automation.api.duedil.FCPAdpaterScreening.duedilScreeningApiTest(FCPAdpaterScreening.java:136)
... Removed 26 stack frames]]>
    </failure>
  </testcase> <!-- duedilScreeningApiTest -->
  <testcase name="duedilScreeningApiTest" time="2.075" classname="com.travelex.automation.api.duedil.FCPAdpaterScreening"/>
  <testcase name="duedilScreeningApiTest" time="2.283" classname="com.travelex.automation.api.duedil.FCPAdpaterScreening"/>
  <testcase name="duedilScreeningApiTest" time="1.985" classname="com.travelex.automation.api.duedil.FCPAdpaterScreening"/>
  <testcase name="duedilScreeningApiTest" time="2.346" classname="com.travelex.automation.api.duedil.FCPAdpaterScreening"/>
  <testcase name="duedilScreeningApiTest" time="2.186" classname="com.travelex.automation.api.duedil.FCPAdpaterScreening"/>
  <testcase name="duedilScreeningApiTest" time="2.356" classname="com.travelex.automation.api.duedil.FCPAdpaterScreening"/>
  <testcase name="duedilScreeningApiTest" time="2.315" classname="com.travelex.automation.api.duedil.FCPAdpaterScreening"/>
  <testcase name="duedilScreeningApiTest" time="2.185" classname="com.travelex.automation.api.duedil.FCPAdpaterScreening">
    <failure type="java.lang.AssertionError" message="Hit was expected but NO HIT FOUND expected [true] but found [false]">
      <![CDATA[java.lang.AssertionError: Hit was expected but NO HIT FOUND expected [true] but found [false]
	at com.travelex.automation.api.methods.ExecuteApiMethods_FCP.executePostMethodForFCPAdapter(ExecuteApiMethods_FCP.java:99)
	at com.travelex.automation.api.duedil.FCPAdpaterScreening.duedilScreeningApiTest(FCPAdpaterScreening.java:136)
... Removed 26 stack frames]]>
    </failure>
  </testcase> <!-- duedilScreeningApiTest -->
  <testcase name="duedilScreeningApiTest" time="3.239" classname="com.travelex.automation.api.duedil.FCPAdpaterScreening"/>
  <testcase name="duedilScreeningApiTest" time="3.105" classname="com.travelex.automation.api.duedil.FCPAdpaterScreening"/>
  <testcase name="duedilScreeningApiTest" time="1.954" classname="com.travelex.automation.api.duedil.FCPAdpaterScreening">
    <failure type="java.lang.AssertionError" message="Hit was expected but NO HIT FOUND expected [true] but found [false]">
      <![CDATA[java.lang.AssertionError: Hit was expected but NO HIT FOUND expected [true] but found [false]
	at com.travelex.automation.api.methods.ExecuteApiMethods_FCP.executePostMethodForFCPAdapter(ExecuteApiMethods_FCP.java:99)
	at com.travelex.automation.api.duedil.FCPAdpaterScreening.duedilScreeningApiTest(FCPAdpaterScreening.java:136)
... Removed 26 stack frames]]>
    </failure>
  </testcase> <!-- duedilScreeningApiTest -->
  <testcase name="duedilScreeningApiTest" time="2.185" classname="com.travelex.automation.api.duedil.FCPAdpaterScreening">
    <failure type="java.lang.AssertionError" message="Hit was expected but NO HIT FOUND expected [true] but found [false]">
      <![CDATA[java.lang.AssertionError: Hit was expected but NO HIT FOUND expected [true] but found [false]
	at com.travelex.automation.api.methods.ExecuteApiMethods_FCP.executePostMethodForFCPAdapter(ExecuteApiMethods_FCP.java:99)
	at com.travelex.automation.api.duedil.FCPAdpaterScreening.duedilScreeningApiTest(FCPAdpaterScreening.java:136)
... Removed 26 stack frames]]>
    </failure>
  </testcase> <!-- duedilScreeningApiTest -->
  <testcase name="duedilScreeningApiTest" time="2.086" classname="com.travelex.automation.api.duedil.FCPAdpaterScreening"/>
  <testcase name="duedilScreeningApiTest" time="2.02" classname="com.travelex.automation.api.duedil.FCPAdpaterScreening"/>
  <testcase name="duedilScreeningApiTest" time="2.451" classname="com.travelex.automation.api.duedil.FCPAdpaterScreening"/>
  <testcase name="duedilScreeningApiTest" time="2.253" classname="com.travelex.automation.api.duedil.FCPAdpaterScreening"/>
  <testcase name="duedilScreeningApiTest" time="2.135" classname="com.travelex.automation.api.duedil.FCPAdpaterScreening"/>
  <testcase name="duedilScreeningApiTest" time="1.731" classname="com.travelex.automation.api.duedil.FCPAdpaterScreening"/>
  <testcase name="duedilScreeningApiTest" time="2.374" classname="com.travelex.automation.api.duedil.FCPAdpaterScreening"/>
  <testcase name="duedilScreeningApiTest" time="2.455" classname="com.travelex.automation.api.duedil.FCPAdpaterScreening"/>
  <testcase name="duedilScreeningApiTest" time="1.884" classname="com.travelex.automation.api.duedil.FCPAdpaterScreening"/>
  <testcase name="duedilScreeningApiTest" time="1.919" classname="com.travelex.automation.api.duedil.FCPAdpaterScreening"/>
  <testcase name="duedilScreeningApiTest" time="2.235" classname="com.travelex.automation.api.duedil.FCPAdpaterScreening"/>
  <testcase name="duedilScreeningApiTest" time="1.831" classname="com.travelex.automation.api.duedil.FCPAdpaterScreening"/>
  <testcase name="duedilScreeningApiTest" time="1.993" classname="com.travelex.automation.api.duedil.FCPAdpaterScreening"/>
  <testcase name="duedilScreeningApiTest" time="1.961" classname="com.travelex.automation.api.duedil.FCPAdpaterScreening"/>
  <testcase name="duedilScreeningApiTest" time="2.214" classname="com.travelex.automation.api.duedil.FCPAdpaterScreening"/>
  <testcase name="duedilScreeningApiTest" time="2.168" classname="com.travelex.automation.api.duedil.FCPAdpaterScreening"/>
  <testcase name="duedilScreeningApiTest" time="2.167" classname="com.travelex.automation.api.duedil.FCPAdpaterScreening"/>
  <testcase name="duedilScreeningApiTest" time="2.228" classname="com.travelex.automation.api.duedil.FCPAdpaterScreening"/>
  <testcase name="duedilScreeningApiTest" time="2.156" classname="com.travelex.automation.api.duedil.FCPAdpaterScreening">
    <failure type="java.lang.AssertionError" message="Hit was expected but NO HIT FOUND expected [true] but found [false]">
      <![CDATA[java.lang.AssertionError: Hit was expected but NO HIT FOUND expected [true] but found [false]
	at com.travelex.automation.api.methods.ExecuteApiMethods_FCP.executePostMethodForFCPAdapter(ExecuteApiMethods_FCP.java:99)
	at com.travelex.automation.api.duedil.FCPAdpaterScreening.duedilScreeningApiTest(FCPAdpaterScreening.java:136)
... Removed 26 stack frames]]>
    </failure>
  </testcase> <!-- duedilScreeningApiTest -->
  <testcase name="duedilScreeningApiTest" time="1.944" classname="com.travelex.automation.api.duedil.FCPAdpaterScreening">
    <failure type="java.lang.AssertionError" message="Hit was expected but NO HIT FOUND expected [true] but found [false]">
      <![CDATA[java.lang.AssertionError: Hit was expected but NO HIT FOUND expected [true] but found [false]
	at com.travelex.automation.api.methods.ExecuteApiMethods_FCP.executePostMethodForFCPAdapter(ExecuteApiMethods_FCP.java:99)
	at com.travelex.automation.api.duedil.FCPAdpaterScreening.duedilScreeningApiTest(FCPAdpaterScreening.java:136)
... Removed 26 stack frames]]>
    </failure>
  </testcase> <!-- duedilScreeningApiTest -->
  <testcase name="duedilScreeningApiTest" time="2.231" classname="com.travelex.automation.api.duedil.FCPAdpaterScreening">
    <failure type="java.lang.AssertionError" message="Hit was expected but NO HIT FOUND expected [true] but found [false]">
      <![CDATA[java.lang.AssertionError: Hit was expected but NO HIT FOUND expected [true] but found [false]
	at com.travelex.automation.api.methods.ExecuteApiMethods_FCP.executePostMethodForFCPAdapter(ExecuteApiMethods_FCP.java:99)
	at com.travelex.automation.api.duedil.FCPAdpaterScreening.duedilScreeningApiTest(FCPAdpaterScreening.java:136)
... Removed 26 stack frames]]>
    </failure>
  </testcase> <!-- duedilScreeningApiTest -->
  <testcase name="duedilScreeningApiTest" time="2.028" classname="com.travelex.automation.api.duedil.FCPAdpaterScreening"/>
  <testcase name="duedilScreeningApiTest" time="1.933" classname="com.travelex.automation.api.duedil.FCPAdpaterScreening"/>
  <testcase name="duedilScreeningApiTest" time="2.215" classname="com.travelex.automation.api.duedil.FCPAdpaterScreening"/>
  <testcase name="duedilScreeningApiTest" time="1.638" classname="com.travelex.automation.api.duedil.FCPAdpaterScreening"/>
  <testcase name="duedilScreeningApiTest" time="1.939" classname="com.travelex.automation.api.duedil.FCPAdpaterScreening"/>
  <testcase name="duedilScreeningApiTest" time="2.303" classname="com.travelex.automation.api.duedil.FCPAdpaterScreening"/>
  <testcase name="duedilScreeningApiTest" time="1.868" classname="com.travelex.automation.api.duedil.FCPAdpaterScreening"/>
  <testcase name="duedilScreeningApiTest" time="1.153" classname="com.travelex.automation.api.duedil.FCPAdpaterScreening">
    <failure type="java.lang.AssertionError" message="No Hit was expected but HIT FOUND expected [true] but found [false]">
      <![CDATA[java.lang.AssertionError: No Hit was expected but HIT FOUND expected [true] but found [false]
	at com.travelex.automation.api.methods.ExecuteApiMethods_FCP.executePostMethodForFCPAdapter(ExecuteApiMethods_FCP.java:140)
	at com.travelex.automation.api.duedil.FCPAdpaterScreening.duedilScreeningApiTest(FCPAdpaterScreening.java:136)
... Removed 26 stack frames]]>
    </failure>
  </testcase> <!-- duedilScreeningApiTest -->
  <testcase name="duedilScreeningApiTest" time="2.38" classname="com.travelex.automation.api.duedil.FCPAdpaterScreening"/>
  <testcase name="duedilScreeningApiTest" time="1.945" classname="com.travelex.automation.api.duedil.FCPAdpaterScreening"/>
  <testcase name="duedilScreeningApiTest" time="2.209" classname="com.travelex.automation.api.duedil.FCPAdpaterScreening"/>
  <testcase name="duedilScreeningApiTest" time="1.932" classname="com.travelex.automation.api.duedil.FCPAdpaterScreening">
    <failure type="java.lang.AssertionError" message="Hit was expected but NO HIT FOUND expected [true] but found [false]">
      <![CDATA[java.lang.AssertionError: Hit was expected but NO HIT FOUND expected [true] but found [false]
	at com.travelex.automation.api.methods.ExecuteApiMethods_FCP.executePostMethodForFCPAdapter(ExecuteApiMethods_FCP.java:99)
	at com.travelex.automation.api.duedil.FCPAdpaterScreening.duedilScreeningApiTest(FCPAdpaterScreening.java:136)
... Removed 26 stack frames]]>
    </failure>
  </testcase> <!-- duedilScreeningApiTest -->
  <testcase name="duedilScreeningApiTest" time="1.66" classname="com.travelex.automation.api.duedil.FCPAdpaterScreening">
    <failure type="java.lang.AssertionError" message="Hit was expected but NO HIT FOUND expected [true] but found [false]">
      <![CDATA[java.lang.AssertionError: Hit was expected but NO HIT FOUND expected [true] but found [false]
	at com.travelex.automation.api.methods.ExecuteApiMethods_FCP.executePostMethodForFCPAdapter(ExecuteApiMethods_FCP.java:99)
	at com.travelex.automation.api.duedil.FCPAdpaterScreening.duedilScreeningApiTest(FCPAdpaterScreening.java:136)
... Removed 26 stack frames]]>
    </failure>
  </testcase> <!-- duedilScreeningApiTest -->
  <testcase name="duedilScreeningApiTest" time="2.074" classname="com.travelex.automation.api.duedil.FCPAdpaterScreening"/>
  <testcase name="duedilScreeningApiTest" time="2.187" classname="com.travelex.automation.api.duedil.FCPAdpaterScreening">
    <failure type="java.lang.AssertionError" message="Hit was expected but NO HIT FOUND expected [true] but found [false]">
      <![CDATA[java.lang.AssertionError: Hit was expected but NO HIT FOUND expected [true] but found [false]
	at com.travelex.automation.api.methods.ExecuteApiMethods_FCP.executePostMethodForFCPAdapter(ExecuteApiMethods_FCP.java:99)
	at com.travelex.automation.api.duedil.FCPAdpaterScreening.duedilScreeningApiTest(FCPAdpaterScreening.java:136)
... Removed 26 stack frames]]>
    </failure>
  </testcase> <!-- duedilScreeningApiTest -->
  <testcase name="duedilScreeningApiTest" time="2.224" classname="com.travelex.automation.api.duedil.FCPAdpaterScreening"/>
  <testcase name="duedilScreeningApiTest" time="2.204" classname="com.travelex.automation.api.duedil.FCPAdpaterScreening">
    <failure type="java.lang.AssertionError" message="Hit was expected but NO HIT FOUND expected [true] but found [false]">
      <![CDATA[java.lang.AssertionError: Hit was expected but NO HIT FOUND expected [true] but found [false]
	at com.travelex.automation.api.methods.ExecuteApiMethods_FCP.executePostMethodForFCPAdapter(ExecuteApiMethods_FCP.java:99)
	at com.travelex.automation.api.duedil.FCPAdpaterScreening.duedilScreeningApiTest(FCPAdpaterScreening.java:136)
... Removed 26 stack frames]]>
    </failure>
  </testcase> <!-- duedilScreeningApiTest -->
  <testcase name="duedilScreeningApiTest" time="2.098" classname="com.travelex.automation.api.duedil.FCPAdpaterScreening"/>
  <testcase name="duedilScreeningApiTest" time="1.927" classname="com.travelex.automation.api.duedil.FCPAdpaterScreening"/>
  <testcase name="duedilScreeningApiTest" time="2.098" classname="com.travelex.automation.api.duedil.FCPAdpaterScreening"/>
  <testcase name="duedilScreeningApiTest" time="1.922" classname="com.travelex.automation.api.duedil.FCPAdpaterScreening"/>
  <testcase name="duedilScreeningApiTest" time="2.221" classname="com.travelex.automation.api.duedil.FCPAdpaterScreening">
    <failure type="java.lang.AssertionError" message="Hit was expected but NO HIT FOUND expected [true] but found [false]">
      <![CDATA[java.lang.AssertionError: Hit was expected but NO HIT FOUND expected [true] but found [false]
	at com.travelex.automation.api.methods.ExecuteApiMethods_FCP.executePostMethodForFCPAdapter(ExecuteApiMethods_FCP.java:99)
	at com.travelex.automation.api.duedil.FCPAdpaterScreening.duedilScreeningApiTest(FCPAdpaterScreening.java:136)
... Removed 26 stack frames]]>
    </failure>
  </testcase> <!-- duedilScreeningApiTest -->
  <testcase name="duedilScreeningApiTest" time="2.215" classname="com.travelex.automation.api.duedil.FCPAdpaterScreening">
    <failure type="java.lang.AssertionError" message="Hit was expected but NO HIT FOUND expected [true] but found [false]">
      <![CDATA[java.lang.AssertionError: Hit was expected but NO HIT FOUND expected [true] but found [false]
	at com.travelex.automation.api.methods.ExecuteApiMethods_FCP.executePostMethodForFCPAdapter(ExecuteApiMethods_FCP.java:99)
	at com.travelex.automation.api.duedil.FCPAdpaterScreening.duedilScreeningApiTest(FCPAdpaterScreening.java:136)
... Removed 26 stack frames]]>
    </failure>
  </testcase> <!-- duedilScreeningApiTest -->
  <testcase name="duedilScreeningApiTest" time="2.013" classname="com.travelex.automation.api.duedil.FCPAdpaterScreening"/>
  <testcase name="duedilScreeningApiTest" time="2.209" classname="com.travelex.automation.api.duedil.FCPAdpaterScreening">
    <failure type="java.lang.AssertionError" message="Hit was expected but NO HIT FOUND expected [true] but found [false]">
      <![CDATA[java.lang.AssertionError: Hit was expected but NO HIT FOUND expected [true] but found [false]
	at com.travelex.automation.api.methods.ExecuteApiMethods_FCP.executePostMethodForFCPAdapter(ExecuteApiMethods_FCP.java:99)
	at com.travelex.automation.api.duedil.FCPAdpaterScreening.duedilScreeningApiTest(FCPAdpaterScreening.java:136)
... Removed 26 stack frames]]>
    </failure>
  </testcase> <!-- duedilScreeningApiTest -->
  <testcase name="duedilScreeningApiTest" time="2.032" classname="com.travelex.automation.api.duedil.FCPAdpaterScreening"/>
  <testcase name="duedilScreeningApiTest" time="2.29" classname="com.travelex.automation.api.duedil.FCPAdpaterScreening">
    <failure type="java.lang.AssertionError" message="Hit was expected but NO HIT FOUND expected [true] but found [false]">
      <![CDATA[java.lang.AssertionError: Hit was expected but NO HIT FOUND expected [true] but found [false]
	at com.travelex.automation.api.methods.ExecuteApiMethods_FCP.executePostMethodForFCPAdapter(ExecuteApiMethods_FCP.java:99)
	at com.travelex.automation.api.duedil.FCPAdpaterScreening.duedilScreeningApiTest(FCPAdpaterScreening.java:136)
... Removed 26 stack frames]]>
    </failure>
  </testcase> <!-- duedilScreeningApiTest -->
  <testcase name="duedilScreeningApiTest" time="2.142" classname="com.travelex.automation.api.duedil.FCPAdpaterScreening"/>
  <testcase name="duedilScreeningApiTest" time="2.275" classname="com.travelex.automation.api.duedil.FCPAdpaterScreening"/>
  <testcase name="duedilScreeningApiTest" time="2.282" classname="com.travelex.automation.api.duedil.FCPAdpaterScreening"/>
  <testcase name="duedilScreeningApiTest" time="2.375" classname="com.travelex.automation.api.duedil.FCPAdpaterScreening">
    <failure type="java.lang.AssertionError" message="No Hit was expected but HIT FOUND expected [true] but found [false]">
      <![CDATA[java.lang.AssertionError: No Hit was expected but HIT FOUND expected [true] but found [false]
	at com.travelex.automation.api.methods.ExecuteApiMethods_FCP.executePostMethodForFCPAdapter(ExecuteApiMethods_FCP.java:140)
	at com.travelex.automation.api.duedil.FCPAdpaterScreening.duedilScreeningApiTest(FCPAdpaterScreening.java:136)
... Removed 26 stack frames]]>
    </failure>
  </testcase> <!-- duedilScreeningApiTest -->
  <testcase name="duedilScreeningApiTest" time="3.039" classname="com.travelex.automation.api.duedil.FCPAdpaterScreening">
    <failure type="java.lang.AssertionError" message="No Hit was expected but HIT FOUND expected [true] but found [false]">
      <![CDATA[java.lang.AssertionError: No Hit was expected but HIT FOUND expected [true] but found [false]
	at com.travelex.automation.api.methods.ExecuteApiMethods_FCP.executePostMethodForFCPAdapter(ExecuteApiMethods_FCP.java:140)
	at com.travelex.automation.api.duedil.FCPAdpaterScreening.duedilScreeningApiTest(FCPAdpaterScreening.java:136)
... Removed 26 stack frames]]>
    </failure>
  </testcase> <!-- duedilScreeningApiTest -->
  <testcase name="duedilScreeningApiTest" time="3.372" classname="com.travelex.automation.api.duedil.FCPAdpaterScreening">
    <failure type="java.lang.AssertionError" message="No Hit was expected but HIT FOUND expected [true] but found [false]">
      <![CDATA[java.lang.AssertionError: No Hit was expected but HIT FOUND expected [true] but found [false]
	at com.travelex.automation.api.methods.ExecuteApiMethods_FCP.executePostMethodForFCPAdapter(ExecuteApiMethods_FCP.java:140)
	at com.travelex.automation.api.duedil.FCPAdpaterScreening.duedilScreeningApiTest(FCPAdpaterScreening.java:136)
... Removed 26 stack frames]]>
    </failure>
  </testcase> <!-- duedilScreeningApiTest -->
  <testcase name="duedilScreeningApiTest" time="2.356" classname="com.travelex.automation.api.duedil.FCPAdpaterScreening"/>
  <testcase name="duedilScreeningApiTest" time="2.271" classname="com.travelex.automation.api.duedil.FCPAdpaterScreening"/>
  <testcase name="duedilScreeningApiTest" time="2.363" classname="com.travelex.automation.api.duedil.FCPAdpaterScreening"/>
  <testcase name="duedilScreeningApiTest" time="2.476" classname="com.travelex.automation.api.duedil.FCPAdpaterScreening">
    <failure type="java.lang.AssertionError" message="Hit was expected but NO HIT FOUND expected [true] but found [false]">
      <![CDATA[java.lang.AssertionError: Hit was expected but NO HIT FOUND expected [true] but found [false]
	at com.travelex.automation.api.methods.ExecuteApiMethods_FCP.executePostMethodForFCPAdapter(ExecuteApiMethods_FCP.java:99)
	at com.travelex.automation.api.duedil.FCPAdpaterScreening.duedilScreeningApiTest(FCPAdpaterScreening.java:136)
... Removed 26 stack frames]]>
    </failure>
  </testcase> <!-- duedilScreeningApiTest -->
  <testcase name="duedilScreeningApiTest" time="2.332" classname="com.travelex.automation.api.duedil.FCPAdpaterScreening"/>
  <testcase name="duedilScreeningApiTest" time="2.015" classname="com.travelex.automation.api.duedil.FCPAdpaterScreening">
    <failure type="java.lang.AssertionError" message="Hit was expected but NO HIT FOUND expected [true] but found [false]">
      <![CDATA[java.lang.AssertionError: Hit was expected but NO HIT FOUND expected [true] but found [false]
	at com.travelex.automation.api.methods.ExecuteApiMethods_FCP.executePostMethodForFCPAdapter(ExecuteApiMethods_FCP.java:99)
	at com.travelex.automation.api.duedil.FCPAdpaterScreening.duedilScreeningApiTest(FCPAdpaterScreening.java:136)
... Removed 26 stack frames]]>
    </failure>
  </testcase> <!-- duedilScreeningApiTest -->
  <testcase name="duedilScreeningApiTest" time="1.927" classname="com.travelex.automation.api.duedil.FCPAdpaterScreening"/>
  <testcase name="duedilScreeningApiTest" time="2.285" classname="com.travelex.automation.api.duedil.FCPAdpaterScreening">
    <failure type="java.lang.AssertionError" message="Hit was expected but NO HIT FOUND expected [true] but found [false]">
      <![CDATA[java.lang.AssertionError: Hit was expected but NO HIT FOUND expected [true] but found [false]
	at com.travelex.automation.api.methods.ExecuteApiMethods_FCP.executePostMethodForFCPAdapter(ExecuteApiMethods_FCP.java:99)
	at com.travelex.automation.api.duedil.FCPAdpaterScreening.duedilScreeningApiTest(FCPAdpaterScreening.java:136)
... Removed 26 stack frames]]>
    </failure>
  </testcase> <!-- duedilScreeningApiTest -->
  <testcase name="duedilScreeningApiTest" time="2.301" classname="com.travelex.automation.api.duedil.FCPAdpaterScreening"/>
  <testcase name="duedilScreeningApiTest" time="2.213" classname="com.travelex.automation.api.duedil.FCPAdpaterScreening"/>
  <testcase name="duedilScreeningApiTest" time="2.256" classname="com.travelex.automation.api.duedil.FCPAdpaterScreening"/>
  <testcase name="duedilScreeningApiTest" time="2.016" classname="com.travelex.automation.api.duedil.FCPAdpaterScreening"/>
  <testcase name="duedilScreeningApiTest" time="1.796" classname="com.travelex.automation.api.duedil.FCPAdpaterScreening"/>
  <testcase name="duedilScreeningApiTest" time="2.013" classname="com.travelex.automation.api.duedil.FCPAdpaterScreening"/>
  <testcase name="duedilScreeningApiTest" time="8.75" classname="com.travelex.automation.api.duedil.FCPAdpaterScreening"/>
  <testcase name="duedilScreeningApiTest" time="2.454" classname="com.travelex.automation.api.duedil.FCPAdpaterScreening">
    <failure type="java.lang.AssertionError" message="Hit was expected but NO HIT FOUND expected [true] but found [false]">
      <![CDATA[java.lang.AssertionError: Hit was expected but NO HIT FOUND expected [true] but found [false]
	at com.travelex.automation.api.methods.ExecuteApiMethods_FCP.executePostMethodForFCPAdapter(ExecuteApiMethods_FCP.java:99)
	at com.travelex.automation.api.duedil.FCPAdpaterScreening.duedilScreeningApiTest(FCPAdpaterScreening.java:136)
... Removed 26 stack frames]]>
    </failure>
  </testcase> <!-- duedilScreeningApiTest -->
  <testcase name="duedilScreeningApiTest" time="2.544" classname="com.travelex.automation.api.duedil.FCPAdpaterScreening">
    <failure type="java.lang.AssertionError" message="Hit was expected but NO HIT FOUND expected [true] but found [false]">
      <![CDATA[java.lang.AssertionError: Hit was expected but NO HIT FOUND expected [true] but found [false]
	at com.travelex.automation.api.methods.ExecuteApiMethods_FCP.executePostMethodForFCPAdapter(ExecuteApiMethods_FCP.java:99)
	at com.travelex.automation.api.duedil.FCPAdpaterScreening.duedilScreeningApiTest(FCPAdpaterScreening.java:136)
... Removed 26 stack frames]]>
    </failure>
  </testcase> <!-- duedilScreeningApiTest -->
  <testcase name="duedilScreeningApiTest" time="3.269" classname="com.travelex.automation.api.duedil.FCPAdpaterScreening">
    <failure type="java.lang.AssertionError" message="Hit was expected but NO HIT FOUND expected [true] but found [false]">
      <![CDATA[java.lang.AssertionError: Hit was expected but NO HIT FOUND expected [true] but found [false]
	at com.travelex.automation.api.methods.ExecuteApiMethods_FCP.executePostMethodForFCPAdapter(ExecuteApiMethods_FCP.java:99)
	at com.travelex.automation.api.duedil.FCPAdpaterScreening.duedilScreeningApiTest(FCPAdpaterScreening.java:136)
... Removed 26 stack frames]]>
    </failure>
  </testcase> <!-- duedilScreeningApiTest -->
  <testcase name="duedilScreeningApiTest" time="2.149" classname="com.travelex.automation.api.duedil.FCPAdpaterScreening"/>
  <testcase name="duedilScreeningApiTest" time="1.942" classname="com.travelex.automation.api.duedil.FCPAdpaterScreening"/>
  <testcase name="duedilScreeningApiTest" time="2.313" classname="com.travelex.automation.api.duedil.FCPAdpaterScreening"/>
  <testcase name="duedilScreeningApiTest" time="2.178" classname="com.travelex.automation.api.duedil.FCPAdpaterScreening"/>
  <testcase name="duedilScreeningApiTest" time="2.246" classname="com.travelex.automation.api.duedil.FCPAdpaterScreening"/>
  <testcase name="duedilScreeningApiTest" time="1.668" classname="com.travelex.automation.api.duedil.FCPAdpaterScreening"/>
  <testcase name="duedilScreeningApiTest" time="2.227" classname="com.travelex.automation.api.duedil.FCPAdpaterScreening"/>
  <testcase name="duedilScreeningApiTest" time="2.216" classname="com.travelex.automation.api.duedil.FCPAdpaterScreening"/>
  <testcase name="duedilScreeningApiTest" time="2.0" classname="com.travelex.automation.api.duedil.FCPAdpaterScreening"/>
  <testcase name="duedilScreeningApiTest" time="2.16" classname="com.travelex.automation.api.duedil.FCPAdpaterScreening"/>
  <testcase name="duedilScreeningApiTest" time="2.166" classname="com.travelex.automation.api.duedil.FCPAdpaterScreening"/>
  <testcase name="duedilScreeningApiTest" time="2.285" classname="com.travelex.automation.api.duedil.FCPAdpaterScreening"/>
  <testcase name="duedilScreeningApiTest" time="2.229" classname="com.travelex.automation.api.duedil.FCPAdpaterScreening"/>
  <testcase name="duedilScreeningApiTest" time="2.198" classname="com.travelex.automation.api.duedil.FCPAdpaterScreening"/>
  <testcase name="duedilScreeningApiTest" time="2.232" classname="com.travelex.automation.api.duedil.FCPAdpaterScreening"/>
  <testcase name="duedilScreeningApiTest" time="1.972" classname="com.travelex.automation.api.duedil.FCPAdpaterScreening"/>
  <testcase name="duedilScreeningApiTest" time="2.224" classname="com.travelex.automation.api.duedil.FCPAdpaterScreening"/>
  <testcase name="duedilScreeningApiTest" time="2.159" classname="com.travelex.automation.api.duedil.FCPAdpaterScreening">
    <failure type="java.lang.AssertionError" message="No Hit was expected but HIT FOUND expected [true] but found [false]">
      <![CDATA[java.lang.AssertionError: No Hit was expected but HIT FOUND expected [true] but found [false]
	at com.travelex.automation.api.methods.ExecuteApiMethods_FCP.executePostMethodForFCPAdapter(ExecuteApiMethods_FCP.java:140)
	at com.travelex.automation.api.duedil.FCPAdpaterScreening.duedilScreeningApiTest(FCPAdpaterScreening.java:136)
... Removed 26 stack frames]]>
    </failure>
  </testcase> <!-- duedilScreeningApiTest -->
  <testcase name="duedilScreeningApiTest" time="2.279" classname="com.travelex.automation.api.duedil.FCPAdpaterScreening">
    <failure type="java.lang.AssertionError" message="Hit was expected but NO HIT FOUND expected [true] but found [false]">
      <![CDATA[java.lang.AssertionError: Hit was expected but NO HIT FOUND expected [true] but found [false]
	at com.travelex.automation.api.methods.ExecuteApiMethods_FCP.executePostMethodForFCPAdapter(ExecuteApiMethods_FCP.java:99)
	at com.travelex.automation.api.duedil.FCPAdpaterScreening.duedilScreeningApiTest(FCPAdpaterScreening.java:136)
... Removed 26 stack frames]]>
    </failure>
  </testcase> <!-- duedilScreeningApiTest -->
  <testcase name="duedilScreeningApiTest" time="2.277" classname="com.travelex.automation.api.duedil.FCPAdpaterScreening"/>
  <testcase name="duedilScreeningApiTest" time="2.266" classname="com.travelex.automation.api.duedil.FCPAdpaterScreening">
    <failure type="java.lang.AssertionError" message="Hit was expected but NO HIT FOUND expected [true] but found [false]">
      <![CDATA[java.lang.AssertionError: Hit was expected but NO HIT FOUND expected [true] but found [false]
	at com.travelex.automation.api.methods.ExecuteApiMethods_FCP.executePostMethodForFCPAdapter(ExecuteApiMethods_FCP.java:99)
	at com.travelex.automation.api.duedil.FCPAdpaterScreening.duedilScreeningApiTest(FCPAdpaterScreening.java:136)
... Removed 26 stack frames]]>
    </failure>
  </testcase> <!-- duedilScreeningApiTest -->
  <testcase name="duedilScreeningApiTest" time="1.563" classname="com.travelex.automation.api.duedil.FCPAdpaterScreening"/>
  <testcase name="duedilScreeningApiTest" time="2.366" classname="com.travelex.automation.api.duedil.FCPAdpaterScreening"/>
  <testcase name="duedilScreeningApiTest" time="3.613" classname="com.travelex.automation.api.duedil.FCPAdpaterScreening">
    <failure type="java.lang.AssertionError" message="Bashar Sabawi Ibrahim Hasan AL-TIKRITI not found in the hit response object expected [true] but found [false]">
      <![CDATA[java.lang.AssertionError: Bashar Sabawi Ibrahim Hasan AL-TIKRITI not found in the hit response object expected [true] but found [false]
	at com.travelex.automation.api.methods.ExecuteApiMethods_FCP.executePostMethodForFCPAdapter(ExecuteApiMethods_FCP.java:129)
	at com.travelex.automation.api.duedil.FCPAdpaterScreening.duedilScreeningApiTest(FCPAdpaterScreening.java:136)
... Removed 26 stack frames]]>
    </failure>
  </testcase> <!-- duedilScreeningApiTest -->
  <testcase name="duedilScreeningApiTest" time="2.362" classname="com.travelex.automation.api.duedil.FCPAdpaterScreening">
    <failure type="java.lang.AssertionError" message="Hit was expected but NO HIT FOUND expected [true] but found [false]">
      <![CDATA[java.lang.AssertionError: Hit was expected but NO HIT FOUND expected [true] but found [false]
	at com.travelex.automation.api.methods.ExecuteApiMethods_FCP.executePostMethodForFCPAdapter(ExecuteApiMethods_FCP.java:99)
	at com.travelex.automation.api.duedil.FCPAdpaterScreening.duedilScreeningApiTest(FCPAdpaterScreening.java:136)
... Removed 26 stack frames]]>
    </failure>
  </testcase> <!-- duedilScreeningApiTest -->
  <testcase name="duedilScreeningApiTest" time="2.415" classname="com.travelex.automation.api.duedil.FCPAdpaterScreening"/>
  <testcase name="duedilScreeningApiTest" time="2.364" classname="com.travelex.automation.api.duedil.FCPAdpaterScreening"/>
  <testcase name="duedilScreeningApiTest" time="2.113" classname="com.travelex.automation.api.duedil.FCPAdpaterScreening"/>
  <testcase name="duedilScreeningApiTest" time="1.97" classname="com.travelex.automation.api.duedil.FCPAdpaterScreening"/>
  <testcase name="duedilScreeningApiTest" time="2.223" classname="com.travelex.automation.api.duedil.FCPAdpaterScreening"/>
  <testcase name="duedilScreeningApiTest" time="2.291" classname="com.travelex.automation.api.duedil.FCPAdpaterScreening"/>
  <testcase name="duedilScreeningApiTest" time="2.102" classname="com.travelex.automation.api.duedil.FCPAdpaterScreening"/>
  <testcase name="duedilScreeningApiTest" time="2.19" classname="com.travelex.automation.api.duedil.FCPAdpaterScreening"/>
  <testcase name="duedilScreeningApiTest" time="2.024" classname="com.travelex.automation.api.duedil.FCPAdpaterScreening"/>
  <testcase name="duedilScreeningApiTest" time="2.262" classname="com.travelex.automation.api.duedil.FCPAdpaterScreening"/>
  <testcase name="duedilScreeningApiTest" time="2.349" classname="com.travelex.automation.api.duedil.FCPAdpaterScreening"/>
  <testcase name="duedilScreeningApiTest" time="2.477" classname="com.travelex.automation.api.duedil.FCPAdpaterScreening"/>
  <testcase name="duedilScreeningApiTest" time="1.74" classname="com.travelex.automation.api.duedil.FCPAdpaterScreening"/>
  <testcase name="duedilScreeningApiTest" time="2.239" classname="com.travelex.automation.api.duedil.FCPAdpaterScreening"/>
  <testcase name="duedilScreeningApiTest" time="2.528" classname="com.travelex.automation.api.duedil.FCPAdpaterScreening"/>
  <testcase name="duedilScreeningApiTest" time="1.884" classname="com.travelex.automation.api.duedil.FCPAdpaterScreening"/>
  <testcase name="duedilScreeningApiTest" time="1.956" classname="com.travelex.automation.api.duedil.FCPAdpaterScreening">
    <failure type="java.lang.AssertionError" message="No Hit was expected but HIT FOUND expected [true] but found [false]">
      <![CDATA[java.lang.AssertionError: No Hit was expected but HIT FOUND expected [true] but found [false]
	at com.travelex.automation.api.methods.ExecuteApiMethods_FCP.executePostMethodForFCPAdapter(ExecuteApiMethods_FCP.java:140)
	at com.travelex.automation.api.duedil.FCPAdpaterScreening.duedilScreeningApiTest(FCPAdpaterScreening.java:136)
... Removed 26 stack frames]]>
    </failure>
  </testcase> <!-- duedilScreeningApiTest -->
  <testcase name="duedilScreeningApiTest" time="3.098" classname="com.travelex.automation.api.duedil.FCPAdpaterScreening"/>
  <testcase name="duedilScreeningApiTest" time="2.047" classname="com.travelex.automation.api.duedil.FCPAdpaterScreening"/>
  <testcase name="duedilScreeningApiTest" time="2.454" classname="com.travelex.automation.api.duedil.FCPAdpaterScreening"/>
  <testcase name="duedilScreeningApiTest" time="2.206" classname="com.travelex.automation.api.duedil.FCPAdpaterScreening"/>
  <testcase name="duedilScreeningApiTest" time="4.587" classname="com.travelex.automation.api.duedil.FCPAdpaterScreening"/>
  <testcase name="duedilScreeningApiTest" time="2.223" classname="com.travelex.automation.api.duedil.FCPAdpaterScreening">
    <failure type="java.lang.AssertionError" message="Hit was expected but NO HIT FOUND expected [true] but found [false]">
      <![CDATA[java.lang.AssertionError: Hit was expected but NO HIT FOUND expected [true] but found [false]
	at com.travelex.automation.api.methods.ExecuteApiMethods_FCP.executePostMethodForFCPAdapter(ExecuteApiMethods_FCP.java:99)
	at com.travelex.automation.api.duedil.FCPAdpaterScreening.duedilScreeningApiTest(FCPAdpaterScreening.java:136)
... Removed 26 stack frames]]>
    </failure>
  </testcase> <!-- duedilScreeningApiTest -->
  <testcase name="duedilScreeningApiTest" time="3.578" classname="com.travelex.automation.api.duedil.FCPAdpaterScreening"/>
  <testcase name="duedilScreeningApiTest" time="2.364" classname="com.travelex.automation.api.duedil.FCPAdpaterScreening"/>
  <testcase name="duedilScreeningApiTest" time="2.67" classname="com.travelex.automation.api.duedil.FCPAdpaterScreening"/>
  <testcase name="duedilScreeningApiTest" time="2.04" classname="com.travelex.automation.api.duedil.FCPAdpaterScreening"/>
  <testcase name="duedilScreeningApiTest" time="2.223" classname="com.travelex.automation.api.duedil.FCPAdpaterScreening"/>
  <testcase name="duedilScreeningApiTest" time="2.069" classname="com.travelex.automation.api.duedil.FCPAdpaterScreening"/>
  <testcase name="duedilScreeningApiTest" time="2.787" classname="com.travelex.automation.api.duedil.FCPAdpaterScreening">
    <failure type="java.lang.AssertionError" message="Sa&amp;apos;ad Muhammad Yunis AL-AHMAD not found in the hit response object expected [true] but found [false]">
      <![CDATA[java.lang.AssertionError: Sa'ad Muhammad Yunis AL-AHMAD not found in the hit response object expected [true] but found [false]
	at com.travelex.automation.api.methods.ExecuteApiMethods_FCP.executePostMethodForFCPAdapter(ExecuteApiMethods_FCP.java:129)
	at com.travelex.automation.api.duedil.FCPAdpaterScreening.duedilScreeningApiTest(FCPAdpaterScreening.java:136)
... Removed 26 stack frames]]>
    </failure>
  </testcase> <!-- duedilScreeningApiTest -->
  <testcase name="duedilScreeningApiTest" time="2.261" classname="com.travelex.automation.api.duedil.FCPAdpaterScreening"/>
  <testcase name="duedilScreeningApiTest" time="2.236" classname="com.travelex.automation.api.duedil.FCPAdpaterScreening"/>
  <testcase name="duedilScreeningApiTest" time="1.827" classname="com.travelex.automation.api.duedil.FCPAdpaterScreening"/>
  <testcase name="duedilScreeningApiTest" time="2.312" classname="com.travelex.automation.api.duedil.FCPAdpaterScreening"/>
  <testcase name="duedilScreeningApiTest" time="2.791" classname="com.travelex.automation.api.duedil.FCPAdpaterScreening"/>
  <testcase name="duedilScreeningApiTest" time="2.462" classname="com.travelex.automation.api.duedil.FCPAdpaterScreening"/>
  <testcase name="duedilScreeningApiTest" time="2.045" classname="com.travelex.automation.api.duedil.FCPAdpaterScreening"/>
  <testcase name="duedilScreeningApiTest" time="2.217" classname="com.travelex.automation.api.duedil.FCPAdpaterScreening"/>
  <testcase name="duedilScreeningApiTest" time="2.056" classname="com.travelex.automation.api.duedil.FCPAdpaterScreening">
    <failure type="java.lang.AssertionError" message="Hit was expected but NO HIT FOUND expected [true] but found [false]">
      <![CDATA[java.lang.AssertionError: Hit was expected but NO HIT FOUND expected [true] but found [false]
	at com.travelex.automation.api.methods.ExecuteApiMethods_FCP.executePostMethodForFCPAdapter(ExecuteApiMethods_FCP.java:99)
	at com.travelex.automation.api.duedil.FCPAdpaterScreening.duedilScreeningApiTest(FCPAdpaterScreening.java:136)
... Removed 26 stack frames]]>
    </failure>
  </testcase> <!-- duedilScreeningApiTest -->
  <testcase name="duedilScreeningApiTest" time="2.034" classname="com.travelex.automation.api.duedil.FCPAdpaterScreening"/>
  <testcase name="duedilScreeningApiTest" time="2.188" classname="com.travelex.automation.api.duedil.FCPAdpaterScreening"/>
  <testcase name="duedilScreeningApiTest" time="2.267" classname="com.travelex.automation.api.duedil.FCPAdpaterScreening"/>
  <testcase name="duedilScreeningApiTest" time="2.14" classname="com.travelex.automation.api.duedil.FCPAdpaterScreening"/>
  <testcase name="duedilScreeningApiTest" time="2.265" classname="com.travelex.automation.api.duedil.FCPAdpaterScreening"/>
  <testcase name="duedilScreeningApiTest" time="2.032" classname="com.travelex.automation.api.duedil.FCPAdpaterScreening"/>
  <testcase name="duedilScreeningApiTest" time="2.061" classname="com.travelex.automation.api.duedil.FCPAdpaterScreening"/>
  <testcase name="duedilScreeningApiTest" time="1.953" classname="com.travelex.automation.api.duedil.FCPAdpaterScreening"/>
  <testcase name="duedilScreeningApiTest" time="1.724" classname="com.travelex.automation.api.duedil.FCPAdpaterScreening"/>
  <testcase name="duedilScreeningApiTest" time="2.285" classname="com.travelex.automation.api.duedil.FCPAdpaterScreening"/>
  <testcase name="duedilScreeningApiTest" time="1.648" classname="com.travelex.automation.api.duedil.FCPAdpaterScreening"/>
  <testcase name="duedilScreeningApiTest" time="2.002" classname="com.travelex.automation.api.duedil.FCPAdpaterScreening"/>
  <testcase name="duedilScreeningApiTest" time="1.901" classname="com.travelex.automation.api.duedil.FCPAdpaterScreening"/>
  <testcase name="duedilScreeningApiTest" time="2.252" classname="com.travelex.automation.api.duedil.FCPAdpaterScreening"/>
  <testcase name="duedilScreeningApiTest" time="1.928" classname="com.travelex.automation.api.duedil.FCPAdpaterScreening"/>
  <testcase name="duedilScreeningApiTest" time="2.132" classname="com.travelex.automation.api.duedil.FCPAdpaterScreening"/>
  <testcase name="duedilScreeningApiTest" time="1.704" classname="com.travelex.automation.api.duedil.FCPAdpaterScreening"/>
  <testcase name="duedilScreeningApiTest" time="2.096" classname="com.travelex.automation.api.duedil.FCPAdpaterScreening"/>
  <testcase name="duedilScreeningApiTest" time="2.279" classname="com.travelex.automation.api.duedil.FCPAdpaterScreening"/>
  <testcase name="duedilScreeningApiTest" time="2.299" classname="com.travelex.automation.api.duedil.FCPAdpaterScreening"/>
  <testcase name="duedilScreeningApiTest" time="1.903" classname="com.travelex.automation.api.duedil.FCPAdpaterScreening"/>
  <testcase name="duedilScreeningApiTest" time="2.208" classname="com.travelex.automation.api.duedil.FCPAdpaterScreening"/>
  <testcase name="duedilScreeningApiTest" time="2.046" classname="com.travelex.automation.api.duedil.FCPAdpaterScreening"/>
  <testcase name="duedilScreeningApiTest" time="6.709" classname="com.travelex.automation.api.duedil.FCPAdpaterScreening"/>
  <testcase name="duedilScreeningApiTest" time="2.362" classname="com.travelex.automation.api.duedil.FCPAdpaterScreening"/>
  <testcase name="duedilScreeningApiTest" time="2.597" classname="com.travelex.automation.api.duedil.FCPAdpaterScreening"/>
  <testcase name="duedilScreeningApiTest" time="2.414" classname="com.travelex.automation.api.duedil.FCPAdpaterScreening"/>
  <testcase name="duedilScreeningApiTest" time="3.114" classname="com.travelex.automation.api.duedil.FCPAdpaterScreening"/>
  <testcase name="duedilScreeningApiTest" time="3.403" classname="com.travelex.automation.api.duedil.FCPAdpaterScreening"/>
  <testcase name="duedilScreeningApiTest" time="2.781" classname="com.travelex.automation.api.duedil.FCPAdpaterScreening"/>
  <testcase name="duedilScreeningApiTest" time="2.024" classname="com.travelex.automation.api.duedil.FCPAdpaterScreening"/>
  <testcase name="duedilScreeningApiTest" time="2.179" classname="com.travelex.automation.api.duedil.FCPAdpaterScreening"/>
  <testcase name="duedilScreeningApiTest" time="2.082" classname="com.travelex.automation.api.duedil.FCPAdpaterScreening"/>
  <testcase name="duedilScreeningApiTest" time="2.329" classname="com.travelex.automation.api.duedil.FCPAdpaterScreening"/>
  <testcase name="duedilScreeningApiTest" time="2.434" classname="com.travelex.automation.api.duedil.FCPAdpaterScreening"/>
  <testcase name="duedilScreeningApiTest" time="2.078" classname="com.travelex.automation.api.duedil.FCPAdpaterScreening"/>
  <testcase name="duedilScreeningApiTest" time="2.326" classname="com.travelex.automation.api.duedil.FCPAdpaterScreening"/>
  <testcase name="duedilScreeningApiTest" time="2.383" classname="com.travelex.automation.api.duedil.FCPAdpaterScreening"/>
  <testcase name="duedilScreeningApiTest" time="2.276" classname="com.travelex.automation.api.duedil.FCPAdpaterScreening"/>
  <testcase name="duedilScreeningApiTest" time="2.364" classname="com.travelex.automation.api.duedil.FCPAdpaterScreening"/>
  <testcase name="duedilScreeningApiTest" time="3.079" classname="com.travelex.automation.api.duedil.FCPAdpaterScreening"/>
  <testcase name="duedilScreeningApiTest" time="1.859" classname="com.travelex.automation.api.duedil.FCPAdpaterScreening"/>
  <testcase name="duedilScreeningApiTest" time="2.275" classname="com.travelex.automation.api.duedil.FCPAdpaterScreening"/>
  <testcase name="duedilScreeningApiTest" time="2.22" classname="com.travelex.automation.api.duedil.FCPAdpaterScreening"/>
  <testcase name="duedilScreeningApiTest" time="2.43" classname="com.travelex.automation.api.duedil.FCPAdpaterScreening"/>
  <testcase name="duedilScreeningApiTest" time="2.27" classname="com.travelex.automation.api.duedil.FCPAdpaterScreening"/>
  <testcase name="duedilScreeningApiTest" time="1.742" classname="com.travelex.automation.api.duedil.FCPAdpaterScreening"/>
  <testcase name="duedilScreeningApiTest" time="2.127" classname="com.travelex.automation.api.duedil.FCPAdpaterScreening"/>
  <testcase name="duedilScreeningApiTest" time="1.94" classname="com.travelex.automation.api.duedil.FCPAdpaterScreening"/>
  <testcase name="duedilScreeningApiTest" time="1.919" classname="com.travelex.automation.api.duedil.FCPAdpaterScreening"/>
  <testcase name="duedilScreeningApiTest" time="2.299" classname="com.travelex.automation.api.duedil.FCPAdpaterScreening"/>
  <testcase name="duedilScreeningApiTest" time="2.297" classname="com.travelex.automation.api.duedil.FCPAdpaterScreening"/>
  <testcase name="duedilScreeningApiTest" time="2.222" classname="com.travelex.automation.api.duedil.FCPAdpaterScreening"/>
  <testcase name="duedilScreeningApiTest" time="2.178" classname="com.travelex.automation.api.duedil.FCPAdpaterScreening"/>
  <testcase name="duedilScreeningApiTest" time="2.211" classname="com.travelex.automation.api.duedil.FCPAdpaterScreening"/>
  <testcase name="duedilScreeningApiTest" time="2.488" classname="com.travelex.automation.api.duedil.FCPAdpaterScreening"/>
  <testcase name="duedilScreeningApiTest" time="2.022" classname="com.travelex.automation.api.duedil.FCPAdpaterScreening"/>
  <testcase name="duedilScreeningApiTest" time="2.225" classname="com.travelex.automation.api.duedil.FCPAdpaterScreening"/>
  <testcase name="duedilScreeningApiTest" time="1.892" classname="com.travelex.automation.api.duedil.FCPAdpaterScreening"/>
  <testcase name="duedilScreeningApiTest" time="1.951" classname="com.travelex.automation.api.duedil.FCPAdpaterScreening"/>
  <testcase name="duedilScreeningApiTest" time="1.872" classname="com.travelex.automation.api.duedil.FCPAdpaterScreening"/>
  <testcase name="duedilScreeningApiTest" time="2.239" classname="com.travelex.automation.api.duedil.FCPAdpaterScreening"/>
  <testcase name="duedilScreeningApiTest" time="1.944" classname="com.travelex.automation.api.duedil.FCPAdpaterScreening"/>
  <testcase name="duedilScreeningApiTest" time="2.121" classname="com.travelex.automation.api.duedil.FCPAdpaterScreening"/>
  <testcase name="duedilScreeningApiTest" time="1.85" classname="com.travelex.automation.api.duedil.FCPAdpaterScreening"/>
  <testcase name="duedilScreeningApiTest" time="1.683" classname="com.travelex.automation.api.duedil.FCPAdpaterScreening"/>
  <testcase name="duedilScreeningApiTest" time="2.329" classname="com.travelex.automation.api.duedil.FCPAdpaterScreening"/>
  <testcase name="duedilScreeningApiTest" time="1.733" classname="com.travelex.automation.api.duedil.FCPAdpaterScreening"/>
  <testcase name="duedilScreeningApiTest" time="2.384" classname="com.travelex.automation.api.duedil.FCPAdpaterScreening"/>
  <testcase name="duedilScreeningApiTest" time="2.183" classname="com.travelex.automation.api.duedil.FCPAdpaterScreening"/>
  <testcase name="duedilScreeningApiTest" time="2.295" classname="com.travelex.automation.api.duedil.FCPAdpaterScreening"/>
  <testcase name="duedilScreeningApiTest" time="2.131" classname="com.travelex.automation.api.duedil.FCPAdpaterScreening"/>
  <testcase name="duedilScreeningApiTest" time="2.494" classname="com.travelex.automation.api.duedil.FCPAdpaterScreening"/>
  <testcase name="duedilScreeningApiTest" time="1.944" classname="com.travelex.automation.api.duedil.FCPAdpaterScreening"/>
  <testcase name="duedilScreeningApiTest" time="2.388" classname="com.travelex.automation.api.duedil.FCPAdpaterScreening"/>
  <testcase name="duedilScreeningApiTest" time="2.386" classname="com.travelex.automation.api.duedil.FCPAdpaterScreening"/>
  <testcase name="duedilScreeningApiTest" time="1.822" classname="com.travelex.automation.api.duedil.FCPAdpaterScreening"/>
  <testcase name="duedilScreeningApiTest" time="2.027" classname="com.travelex.automation.api.duedil.FCPAdpaterScreening"/>
  <testcase name="duedilScreeningApiTest" time="2.115" classname="com.travelex.automation.api.duedil.FCPAdpaterScreening"/>
  <testcase name="duedilScreeningApiTest" time="2.094" classname="com.travelex.automation.api.duedil.FCPAdpaterScreening"/>
  <testcase name="duedilScreeningApiTest" time="1.919" classname="com.travelex.automation.api.duedil.FCPAdpaterScreening">
    <failure type="java.lang.AssertionError" message="Hit was expected but NO HIT FOUND expected [true] but found [false]">
      <![CDATA[java.lang.AssertionError: Hit was expected but NO HIT FOUND expected [true] but found [false]
	at com.travelex.automation.api.methods.ExecuteApiMethods_FCP.executePostMethodForFCPAdapter(ExecuteApiMethods_FCP.java:99)
	at com.travelex.automation.api.duedil.FCPAdpaterScreening.duedilScreeningApiTest(FCPAdpaterScreening.java:136)
... Removed 26 stack frames]]>
    </failure>
  </testcase> <!-- duedilScreeningApiTest -->
  <testcase name="duedilScreeningApiTest" time="2.288" classname="com.travelex.automation.api.duedil.FCPAdpaterScreening">
    <failure type="java.lang.AssertionError" message="Hit was expected but NO HIT FOUND expected [true] but found [false]">
      <![CDATA[java.lang.AssertionError: Hit was expected but NO HIT FOUND expected [true] but found [false]
	at com.travelex.automation.api.methods.ExecuteApiMethods_FCP.executePostMethodForFCPAdapter(ExecuteApiMethods_FCP.java:99)
	at com.travelex.automation.api.duedil.FCPAdpaterScreening.duedilScreeningApiTest(FCPAdpaterScreening.java:136)
... Removed 26 stack frames]]>
    </failure>
  </testcase> <!-- duedilScreeningApiTest -->
  <testcase name="duedilScreeningApiTest" time="2.307" classname="com.travelex.automation.api.duedil.FCPAdpaterScreening"/>
  <testcase name="duedilScreeningApiTest" time="2.048" classname="com.travelex.automation.api.duedil.FCPAdpaterScreening"/>
  <testcase name="duedilScreeningApiTest" time="2.129" classname="com.travelex.automation.api.duedil.FCPAdpaterScreening">
    <failure type="java.lang.AssertionError" message="Hit was expected but NO HIT FOUND expected [true] but found [false]">
      <![CDATA[java.lang.AssertionError: Hit was expected but NO HIT FOUND expected [true] but found [false]
	at com.travelex.automation.api.methods.ExecuteApiMethods_FCP.executePostMethodForFCPAdapter(ExecuteApiMethods_FCP.java:99)
	at com.travelex.automation.api.duedil.FCPAdpaterScreening.duedilScreeningApiTest(FCPAdpaterScreening.java:136)
... Removed 26 stack frames]]>
    </failure>
  </testcase> <!-- duedilScreeningApiTest -->
  <testcase name="duedilScreeningApiTest" time="2.256" classname="com.travelex.automation.api.duedil.FCPAdpaterScreening">
    <failure type="java.lang.AssertionError" message="Hit was expected but NO HIT FOUND expected [true] but found [false]">
      <![CDATA[java.lang.AssertionError: Hit was expected but NO HIT FOUND expected [true] but found [false]
	at com.travelex.automation.api.methods.ExecuteApiMethods_FCP.executePostMethodForFCPAdapter(ExecuteApiMethods_FCP.java:99)
	at com.travelex.automation.api.duedil.FCPAdpaterScreening.duedilScreeningApiTest(FCPAdpaterScreening.java:136)
... Removed 26 stack frames]]>
    </failure>
  </testcase> <!-- duedilScreeningApiTest -->
  <testcase name="duedilScreeningApiTest" time="2.013" classname="com.travelex.automation.api.duedil.FCPAdpaterScreening"/>
  <testcase name="duedilScreeningApiTest" time="2.144" classname="com.travelex.automation.api.duedil.FCPAdpaterScreening"/>
  <testcase name="duedilScreeningApiTest" time="2.28" classname="com.travelex.automation.api.duedil.FCPAdpaterScreening"/>
  <testcase name="duedilScreeningApiTest" time="2.481" classname="com.travelex.automation.api.duedil.FCPAdpaterScreening"/>
  <testcase name="duedilScreeningApiTest" time="2.224" classname="com.travelex.automation.api.duedil.FCPAdpaterScreening"/>
  <testcase name="duedilScreeningApiTest" time="2.026" classname="com.travelex.automation.api.duedil.FCPAdpaterScreening"/>
  <testcase name="duedilScreeningApiTest" time="2.349" classname="com.travelex.automation.api.duedil.FCPAdpaterScreening"/>
  <testcase name="duedilScreeningApiTest" time="2.402" classname="com.travelex.automation.api.duedil.FCPAdpaterScreening"/>
  <testcase name="duedilScreeningApiTest" time="2.322" classname="com.travelex.automation.api.duedil.FCPAdpaterScreening"/>
  <testcase name="duedilScreeningApiTest" time="2.412" classname="com.travelex.automation.api.duedil.FCPAdpaterScreening"/>
  <testcase name="duedilScreeningApiTest" time="2.128" classname="com.travelex.automation.api.duedil.FCPAdpaterScreening"/>
  <testcase name="duedilScreeningApiTest" time="2.224" classname="com.travelex.automation.api.duedil.FCPAdpaterScreening"/>
  <testcase name="duedilScreeningApiTest" time="1.881" classname="com.travelex.automation.api.duedil.FCPAdpaterScreening"/>
  <testcase name="duedilScreeningApiTest" time="1.835" classname="com.travelex.automation.api.duedil.FCPAdpaterScreening"/>
  <testcase name="duedilScreeningApiTest" time="2.145" classname="com.travelex.automation.api.duedil.FCPAdpaterScreening"/>
  <testcase name="duedilScreeningApiTest" time="2.252" classname="com.travelex.automation.api.duedil.FCPAdpaterScreening"/>
  <testcase name="duedilScreeningApiTest" time="2.705" classname="com.travelex.automation.api.duedil.FCPAdpaterScreening"/>
  <testcase name="duedilScreeningApiTest" time="2.033" classname="com.travelex.automation.api.duedil.FCPAdpaterScreening"/>
  <testcase name="duedilScreeningApiTest" time="1.934" classname="com.travelex.automation.api.duedil.FCPAdpaterScreening"/>
  <testcase name="duedilScreeningApiTest" time="1.855" classname="com.travelex.automation.api.duedil.FCPAdpaterScreening"/>
  <testcase name="duedilScreeningApiTest" time="2.254" classname="com.travelex.automation.api.duedil.FCPAdpaterScreening"/>
  <testcase name="duedilScreeningApiTest" time="1.595" classname="com.travelex.automation.api.duedil.FCPAdpaterScreening"/>
  <testcase name="duedilScreeningApiTest" time="1.825" classname="com.travelex.automation.api.duedil.FCPAdpaterScreening"/>
  <testcase name="duedilScreeningApiTest" time="2.241" classname="com.travelex.automation.api.duedil.FCPAdpaterScreening"/>
  <testcase name="duedilScreeningApiTest" time="2.163" classname="com.travelex.automation.api.duedil.FCPAdpaterScreening"/>
  <testcase name="duedilScreeningApiTest" time="1.821" classname="com.travelex.automation.api.duedil.FCPAdpaterScreening"/>
  <testcase name="duedilScreeningApiTest" time="2.155" classname="com.travelex.automation.api.duedil.FCPAdpaterScreening"/>
  <testcase name="duedilScreeningApiTest" time="2.024" classname="com.travelex.automation.api.duedil.FCPAdpaterScreening"/>
  <testcase name="duedilScreeningApiTest" time="2.215" classname="com.travelex.automation.api.duedil.FCPAdpaterScreening"/>
  <testcase name="duedilScreeningApiTest" time="2.811" classname="com.travelex.automation.api.duedil.FCPAdpaterScreening"/>
  <testcase name="duedilScreeningApiTest" time="2.254" classname="com.travelex.automation.api.duedil.FCPAdpaterScreening"/>
  <testcase name="duedilScreeningApiTest" time="2.84" classname="com.travelex.automation.api.duedil.FCPAdpaterScreening"/>
  <testcase name="duedilScreeningApiTest" time="2.151" classname="com.travelex.automation.api.duedil.FCPAdpaterScreening"/>
  <testcase name="duedilScreeningApiTest" time="2.25" classname="com.travelex.automation.api.duedil.FCPAdpaterScreening"/>
</testsuite> <!-- FCP_Adapter -->
