<html>
<head>
<title>TestNG:  Default test</title>
<link href="../testng.css" rel="stylesheet" type="text/css" />
<link href="../my-testng.css" rel="stylesheet" type="text/css" />

<style type="text/css">
.log { display: none;} 
.stack-trace { display: none;} 
</style>
<script type="text/javascript">
<!--
function flip(e) {
  current = e.style.display;
  if (current == 'block') {
    e.style.display = 'none';
    return 0;
  }
  else {
    e.style.display = 'block';
    return 1;
  }
}

function toggleBox(szDivId, elem, msg1, msg2)
{
  var res = -1;  if (document.getElementById) {
    res = flip(document.getElementById(szDivId));
  }
  else if (document.all) {
    // this is the way old msie versions work
    res = flip(document.all[szDivId]);
  }
  if(elem) {
    if(res == 0) elem.innerHTML = msg1; else elem.innerHTML = msg2;
  }

}

function toggleAllBoxes() {
  if (document.getElementsByTagName) {
    d = document.getElementsByTagName('div');
    for (i = 0; i < d.length; i++) {
      if (d[i].className == 'log') {
        flip(d[i]);
      }
    }
  }
}

// -->
</script>

</head>
<body>
<h2 align='center'>Default test</h2><table border='1' align="center">
<tr>
<td>Tests passed/Failed/Skipped:</td><td>164/24/0</td>
</tr><tr>
<td>Started on:</td><td>Tue May 07 14:54:06 IST 2019</td>
</tr>
<tr><td>Total time:</td><td>457 seconds (457708 ms)</td>
</tr><tr>
<td>Included groups:</td><td></td>
</tr><tr>
<td>Excluded groups:</td><td></td>
</tr>
</table><p/>
<small><i>(Hover the method name to see the test class name)</i></small><p/>
<table width='100%' border='1' class='invocation-failed'>
<tr><td colspan='4' align='center'><b>FAILED TESTS</b></td></tr>
<tr><td><b>Test method</b></td>
<td width="30%"><b>Exception</b></td>
<td width="10%"><b>Time (seconds)</b></td>
<td><b>Instance</b></td>
</tr>
<tr>
<td title='com.travelex.automation.api.duedil.FCPAdpaterScreening.duedilScreeningApiTest()'><b>duedilScreeningApiTest</b><br>Test class: com.travelex.automation.api.duedil.FCPAdpaterScreening<br>Parameters: 13.0, Sergey BELODOV, NULL, Ulan-Ude, Buryatia Republic, RUSSIAN FEDERATION, 08/29/1961, NULL, PEPSD, HIT, Sergey BELOKOLODOV</td>
<td><div><pre>java.lang.AssertionError: Sergey BELOKOLODOV not found in the hit response object expected [true] but found [false]
	at org.testng.Assert.fail(Assert.java:94)
	at org.testng.Assert.failNotEquals(Assert.java:494)
	at org.testng.Assert.assertTrue(Assert.java:42)
	at com.travelex.automation.api.methods.ExecuteApiMethods_FCP.executePostMethodForFCPAdapter(ExecuteApiMethods_FCP.java:129)
	at com.travelex.automation.api.duedil.FCPAdpaterScreening.duedilScreeningApiTest(FCPAdpaterScreening.java:136)
	at sun.reflect.NativeMethodAccessorImpl.invoke0(Native Method)
	at sun.reflect.NativeMethodAccessorImpl.invoke(Unknown Source)
	at sun.reflect.DelegatingMethodAccessorImpl.invoke(Unknown Source)
	at java.lang.reflect.Method.invoke(Unknown Source)
	at org.testng.internal.MethodInvocationHelper.invokeMethod(MethodInvocationHelper.java:85)
	at org.testng.internal.Invoker.invokeMethod(Invoker.java:696)
	at org.testng.internal.Invoker.invokeTestMethod(Invoker.java:882)
	at org.testng.internal.Invoker.invokeTestMethods(Invoker.java:1189)
	at org.testng.internal.TestMethodWorker.invokeTestMethods(TestMethodWorker.java:124)
	at org.testng.internal.TestMethodWorker.run(TestMethodWorker.java:108)
	at org.testng.TestRunner.privateRun(TestRunner.java:767)
	at org.testng.TestRunner.run(TestRunner.java:617)
	at org.testng.SuiteRunner.runTest(SuiteRunner.java:348)
	at org.testng.SuiteRunner.runSequentially(SuiteRunner.java:343)
	at org.testng.SuiteRunner.privateRun(SuiteRunner.java:305)
	at org.testng.SuiteRunner.run(SuiteRunner.java:254)
	at org.testng.SuiteRunnerWorker.runSuite(SuiteRunnerWorker.java:52)
	at org.testng.SuiteRunnerWorker.run(SuiteRunnerWorker.java:86)
	at org.testng.TestNG.runSuitesSequentially(TestNG.java:1224)
	at org.testng.TestNG.runSuitesLocally(TestNG.java:1149)
	at org.testng.TestNG.run(TestNG.java:1057)
	at org.testng.remote.AbstractRemoteTestNG.run(AbstractRemoteTestNG.java:114)
	at org.testng.remote.RemoteTestNG.initAndRun(RemoteTestNG.java:251)
	at org.testng.remote.RemoteTestNG.main(RemoteTestNG.java:77)
</pre></div><a href='#' onClick='toggleBox("stack-trace115939475", this, "Click to show all stack frames", "Click to hide stack frames")'>Click to show all stack frames</a>
<div class='stack-trace' id='stack-trace115939475'><pre>java.lang.AssertionError: Sergey BELOKOLODOV not found in the hit response object expected [true] but found [false]
	at org.testng.Assert.fail(Assert.java:94)
	at org.testng.Assert.failNotEquals(Assert.java:494)
	at org.testng.Assert.assertTrue(Assert.java:42)
	at com.travelex.automation.api.methods.ExecuteApiMethods_FCP.executePostMethodForFCPAdapter(ExecuteApiMethods_FCP.java:129)
	at com.travelex.automation.api.duedil.FCPAdpaterScreening.duedilScreeningApiTest(FCPAdpaterScreening.java:136)
	at sun.reflect.NativeMethodAccessorImpl.invoke0(Native Method)
	at sun.reflect.NativeMethodAccessorImpl.invoke(Unknown Source)
	at sun.reflect.DelegatingMethodAccessorImpl.invoke(Unknown Source)
	at java.lang.reflect.Method.invoke(Unknown Source)
	at org.testng.internal.MethodInvocationHelper.invokeMethod(MethodInvocationHelper.java:85)
	at org.testng.internal.Invoker.invokeMethod(Invoker.java:696)
	at org.testng.internal.Invoker.invokeTestMethod(Invoker.java:882)
	at org.testng.internal.Invoker.invokeTestMethods(Invoker.java:1189)
	at org.testng.internal.TestMethodWorker.invokeTestMethods(TestMethodWorker.java:124)
	at org.testng.internal.TestMethodWorker.run(TestMethodWorker.java:108)
	at org.testng.TestRunner.privateRun(TestRunner.java:767)
	at org.testng.TestRunner.run(TestRunner.java:617)
	at org.testng.SuiteRunner.runTest(SuiteRunner.java:348)
	at org.testng.SuiteRunner.runSequentially(SuiteRunner.java:343)
	at org.testng.SuiteRunner.privateRun(SuiteRunner.java:305)
	at org.testng.SuiteRunner.run(SuiteRunner.java:254)
	at org.testng.SuiteRunnerWorker.runSuite(SuiteRunnerWorker.java:52)
	at org.testng.SuiteRunnerWorker.run(SuiteRunnerWorker.java:86)
	at org.testng.TestNG.runSuitesSequentially(TestNG.java:1224)
	at org.testng.TestNG.runSuitesLocally(TestNG.java:1149)
	at org.testng.TestNG.run(TestNG.java:1057)
	at org.testng.remote.AbstractRemoteTestNG.run(AbstractRemoteTestNG.java:114)
	at org.testng.remote.RemoteTestNG.initAndRun(RemoteTestNG.java:251)
	at org.testng.remote.RemoteTestNG.main(RemoteTestNG.java:77)
</pre></div></td>
<td>2</td>
<td>com.travelex.automation.api.duedil.FCPAdpaterScreening@e45f292</td></tr>
<tr>
<td title='com.travelex.automation.api.duedil.FCPAdpaterScreening.duedilScreeningApiTest()'><b>duedilScreeningApiTest</b><br>Test class: com.travelex.automation.api.duedil.FCPAdpaterScreening<br>Parameters: 40.0, Jen FOOKS, NULL, Oxford, Oxfordshire, UNITED KINGDOM, 06/16/1939, NULL, PEPSD, NO HIT, Jean FOOKS</td>
<td><div><pre>java.lang.AssertionError: No Hit was expected but HIT FOUND expected [true] but found [false]
	at org.testng.Assert.fail(Assert.java:94)
	at org.testng.Assert.failNotEquals(Assert.java:494)
	at org.testng.Assert.assertTrue(Assert.java:42)
	at com.travelex.automation.api.methods.ExecuteApiMethods_FCP.executePostMethodForFCPAdapter(ExecuteApiMethods_FCP.java:140)
	at com.travelex.automation.api.duedil.FCPAdpaterScreening.duedilScreeningApiTest(FCPAdpaterScreening.java:136)
	at sun.reflect.GeneratedMethodAccessor59.invoke(Unknown Source)
	at sun.reflect.DelegatingMethodAccessorImpl.invoke(Unknown Source)
	at java.lang.reflect.Method.invoke(Unknown Source)
	at org.testng.internal.MethodInvocationHelper.invokeMethod(MethodInvocationHelper.java:85)
	at org.testng.internal.Invoker.invokeMethod(Invoker.java:696)
	at org.testng.internal.Invoker.invokeTestMethod(Invoker.java:882)
	at org.testng.internal.Invoker.invokeTestMethods(Invoker.java:1189)
	at org.testng.internal.TestMethodWorker.invokeTestMethods(TestMethodWorker.java:124)
	at org.testng.internal.TestMethodWorker.run(TestMethodWorker.java:108)
	at org.testng.TestRunner.privateRun(TestRunner.java:767)
	at org.testng.TestRunner.run(TestRunner.java:617)
	at org.testng.SuiteRunner.runTest(SuiteRunner.java:348)
	at org.testng.SuiteRunner.runSequentially(SuiteRunner.java:343)
	at org.testng.SuiteRunner.privateRun(SuiteRunner.java:305)
	at org.testng.SuiteRunner.run(SuiteRunner.java:254)
	at org.testng.SuiteRunnerWorker.runSuite(SuiteRunnerWorker.java:52)
	at org.testng.SuiteRunnerWorker.run(SuiteRunnerWorker.java:86)
	at org.testng.TestNG.runSuitesSequentially(TestNG.java:1224)
	at org.testng.TestNG.runSuitesLocally(TestNG.java:1149)
	at org.testng.TestNG.run(TestNG.java:1057)
	at org.testng.remote.AbstractRemoteTestNG.run(AbstractRemoteTestNG.java:114)
	at org.testng.remote.RemoteTestNG.initAndRun(RemoteTestNG.java:251)
	at org.testng.remote.RemoteTestNG.main(RemoteTestNG.java:77)
</pre></div><a href='#' onClick='toggleBox("stack-trace141154428", this, "Click to show all stack frames", "Click to hide stack frames")'>Click to show all stack frames</a>
<div class='stack-trace' id='stack-trace141154428'><pre>java.lang.AssertionError: No Hit was expected but HIT FOUND expected [true] but found [false]
	at org.testng.Assert.fail(Assert.java:94)
	at org.testng.Assert.failNotEquals(Assert.java:494)
	at org.testng.Assert.assertTrue(Assert.java:42)
	at com.travelex.automation.api.methods.ExecuteApiMethods_FCP.executePostMethodForFCPAdapter(ExecuteApiMethods_FCP.java:140)
	at com.travelex.automation.api.duedil.FCPAdpaterScreening.duedilScreeningApiTest(FCPAdpaterScreening.java:136)
	at sun.reflect.GeneratedMethodAccessor59.invoke(Unknown Source)
	at sun.reflect.DelegatingMethodAccessorImpl.invoke(Unknown Source)
	at java.lang.reflect.Method.invoke(Unknown Source)
	at org.testng.internal.MethodInvocationHelper.invokeMethod(MethodInvocationHelper.java:85)
	at org.testng.internal.Invoker.invokeMethod(Invoker.java:696)
	at org.testng.internal.Invoker.invokeTestMethod(Invoker.java:882)
	at org.testng.internal.Invoker.invokeTestMethods(Invoker.java:1189)
	at org.testng.internal.TestMethodWorker.invokeTestMethods(TestMethodWorker.java:124)
	at org.testng.internal.TestMethodWorker.run(TestMethodWorker.java:108)
	at org.testng.TestRunner.privateRun(TestRunner.java:767)
	at org.testng.TestRunner.run(TestRunner.java:617)
	at org.testng.SuiteRunner.runTest(SuiteRunner.java:348)
	at org.testng.SuiteRunner.runSequentially(SuiteRunner.java:343)
	at org.testng.SuiteRunner.privateRun(SuiteRunner.java:305)
	at org.testng.SuiteRunner.run(SuiteRunner.java:254)
	at org.testng.SuiteRunnerWorker.runSuite(SuiteRunnerWorker.java:52)
	at org.testng.SuiteRunnerWorker.run(SuiteRunnerWorker.java:86)
	at org.testng.TestNG.runSuitesSequentially(TestNG.java:1224)
	at org.testng.TestNG.runSuitesLocally(TestNG.java:1149)
	at org.testng.TestNG.run(TestNG.java:1057)
	at org.testng.remote.AbstractRemoteTestNG.run(AbstractRemoteTestNG.java:114)
	at org.testng.remote.RemoteTestNG.initAndRun(RemoteTestNG.java:251)
	at org.testng.remote.RemoteTestNG.main(RemoteTestNG.java:77)
</pre></div></td>
<td>1</td>
<td>com.travelex.automation.api.duedil.FCPAdpaterScreening@e45f292</td></tr>
<tr>
<td title='com.travelex.automation.api.duedil.FCPAdpaterScreening.duedilScreeningApiTest()'><b>duedilScreeningApiTest</b><br>Test class: com.travelex.automation.api.duedil.FCPAdpaterScreening<br>Parameters: 41.0, Iin BROWN, NULL, Wantage, Oxfordshire, UNITED KINGDOM, 04/27/1964, NULL, PEPSD, NO HIT, Iain BROWN</td>
<td><div><pre>java.lang.AssertionError: No Hit was expected but HIT FOUND expected [true] but found [false]
	at org.testng.Assert.fail(Assert.java:94)
	at org.testng.Assert.failNotEquals(Assert.java:494)
	at org.testng.Assert.assertTrue(Assert.java:42)
	at com.travelex.automation.api.methods.ExecuteApiMethods_FCP.executePostMethodForFCPAdapter(ExecuteApiMethods_FCP.java:140)
	at com.travelex.automation.api.duedil.FCPAdpaterScreening.duedilScreeningApiTest(FCPAdpaterScreening.java:136)
	at sun.reflect.GeneratedMethodAccessor59.invoke(Unknown Source)
	at sun.reflect.DelegatingMethodAccessorImpl.invoke(Unknown Source)
	at java.lang.reflect.Method.invoke(Unknown Source)
	at org.testng.internal.MethodInvocationHelper.invokeMethod(MethodInvocationHelper.java:85)
	at org.testng.internal.Invoker.invokeMethod(Invoker.java:696)
	at org.testng.internal.Invoker.invokeTestMethod(Invoker.java:882)
	at org.testng.internal.Invoker.invokeTestMethods(Invoker.java:1189)
	at org.testng.internal.TestMethodWorker.invokeTestMethods(TestMethodWorker.java:124)
	at org.testng.internal.TestMethodWorker.run(TestMethodWorker.java:108)
	at org.testng.TestRunner.privateRun(TestRunner.java:767)
	at org.testng.TestRunner.run(TestRunner.java:617)
	at org.testng.SuiteRunner.runTest(SuiteRunner.java:348)
	at org.testng.SuiteRunner.runSequentially(SuiteRunner.java:343)
	at org.testng.SuiteRunner.privateRun(SuiteRunner.java:305)
	at org.testng.SuiteRunner.run(SuiteRunner.java:254)
	at org.testng.SuiteRunnerWorker.runSuite(SuiteRunnerWorker.java:52)
	at org.testng.SuiteRunnerWorker.run(SuiteRunnerWorker.java:86)
	at org.testng.TestNG.runSuitesSequentially(TestNG.java:1224)
	at org.testng.TestNG.runSuitesLocally(TestNG.java:1149)
	at org.testng.TestNG.run(TestNG.java:1057)
	at org.testng.remote.AbstractRemoteTestNG.run(AbstractRemoteTestNG.java:114)
	at org.testng.remote.RemoteTestNG.initAndRun(RemoteTestNG.java:251)
	at org.testng.remote.RemoteTestNG.main(RemoteTestNG.java:77)
</pre></div><a href='#' onClick='toggleBox("stack-trace789502290", this, "Click to show all stack frames", "Click to hide stack frames")'>Click to show all stack frames</a>
<div class='stack-trace' id='stack-trace789502290'><pre>java.lang.AssertionError: No Hit was expected but HIT FOUND expected [true] but found [false]
	at org.testng.Assert.fail(Assert.java:94)
	at org.testng.Assert.failNotEquals(Assert.java:494)
	at org.testng.Assert.assertTrue(Assert.java:42)
	at com.travelex.automation.api.methods.ExecuteApiMethods_FCP.executePostMethodForFCPAdapter(ExecuteApiMethods_FCP.java:140)
	at com.travelex.automation.api.duedil.FCPAdpaterScreening.duedilScreeningApiTest(FCPAdpaterScreening.java:136)
	at sun.reflect.GeneratedMethodAccessor59.invoke(Unknown Source)
	at sun.reflect.DelegatingMethodAccessorImpl.invoke(Unknown Source)
	at java.lang.reflect.Method.invoke(Unknown Source)
	at org.testng.internal.MethodInvocationHelper.invokeMethod(MethodInvocationHelper.java:85)
	at org.testng.internal.Invoker.invokeMethod(Invoker.java:696)
	at org.testng.internal.Invoker.invokeTestMethod(Invoker.java:882)
	at org.testng.internal.Invoker.invokeTestMethods(Invoker.java:1189)
	at org.testng.internal.TestMethodWorker.invokeTestMethods(TestMethodWorker.java:124)
	at org.testng.internal.TestMethodWorker.run(TestMethodWorker.java:108)
	at org.testng.TestRunner.privateRun(TestRunner.java:767)
	at org.testng.TestRunner.run(TestRunner.java:617)
	at org.testng.SuiteRunner.runTest(SuiteRunner.java:348)
	at org.testng.SuiteRunner.runSequentially(SuiteRunner.java:343)
	at org.testng.SuiteRunner.privateRun(SuiteRunner.java:305)
	at org.testng.SuiteRunner.run(SuiteRunner.java:254)
	at org.testng.SuiteRunnerWorker.runSuite(SuiteRunnerWorker.java:52)
	at org.testng.SuiteRunnerWorker.run(SuiteRunnerWorker.java:86)
	at org.testng.TestNG.runSuitesSequentially(TestNG.java:1224)
	at org.testng.TestNG.runSuitesLocally(TestNG.java:1149)
	at org.testng.TestNG.run(TestNG.java:1057)
	at org.testng.remote.AbstractRemoteTestNG.run(AbstractRemoteTestNG.java:114)
	at org.testng.remote.RemoteTestNG.initAndRun(RemoteTestNG.java:251)
	at org.testng.remote.RemoteTestNG.main(RemoteTestNG.java:77)
</pre></div></td>
<td>2</td>
<td>com.travelex.automation.api.duedil.FCPAdpaterScreening@e45f292</td></tr>
<tr>
<td title='com.travelex.automation.api.duedil.FCPAdpaterScreening.duedilScreeningApiTest()'><b>duedilScreeningApiTest</b><br>Test class: com.travelex.automation.api.duedil.FCPAdpaterScreening<br>Parameters: 42.0, Dianne Elizabeth FARM, NULL, Brisbane, Queensland, AUSTRALIA, 02/12/1961, NULL, PEPSD, NO HIT, Dianne Elizabeth FARMER</td>
<td><div><pre>java.lang.AssertionError: No Hit was expected but HIT FOUND expected [true] but found [false]
	at org.testng.Assert.fail(Assert.java:94)
	at org.testng.Assert.failNotEquals(Assert.java:494)
	at org.testng.Assert.assertTrue(Assert.java:42)
	at com.travelex.automation.api.methods.ExecuteApiMethods_FCP.executePostMethodForFCPAdapter(ExecuteApiMethods_FCP.java:140)
	at com.travelex.automation.api.duedil.FCPAdpaterScreening.duedilScreeningApiTest(FCPAdpaterScreening.java:136)
	at sun.reflect.GeneratedMethodAccessor59.invoke(Unknown Source)
	at sun.reflect.DelegatingMethodAccessorImpl.invoke(Unknown Source)
	at java.lang.reflect.Method.invoke(Unknown Source)
	at org.testng.internal.MethodInvocationHelper.invokeMethod(MethodInvocationHelper.java:85)
	at org.testng.internal.Invoker.invokeMethod(Invoker.java:696)
	at org.testng.internal.Invoker.invokeTestMethod(Invoker.java:882)
	at org.testng.internal.Invoker.invokeTestMethods(Invoker.java:1189)
	at org.testng.internal.TestMethodWorker.invokeTestMethods(TestMethodWorker.java:124)
	at org.testng.internal.TestMethodWorker.run(TestMethodWorker.java:108)
	at org.testng.TestRunner.privateRun(TestRunner.java:767)
	at org.testng.TestRunner.run(TestRunner.java:617)
	at org.testng.SuiteRunner.runTest(SuiteRunner.java:348)
	at org.testng.SuiteRunner.runSequentially(SuiteRunner.java:343)
	at org.testng.SuiteRunner.privateRun(SuiteRunner.java:305)
	at org.testng.SuiteRunner.run(SuiteRunner.java:254)
	at org.testng.SuiteRunnerWorker.runSuite(SuiteRunnerWorker.java:52)
	at org.testng.SuiteRunnerWorker.run(SuiteRunnerWorker.java:86)
	at org.testng.TestNG.runSuitesSequentially(TestNG.java:1224)
	at org.testng.TestNG.runSuitesLocally(TestNG.java:1149)
	at org.testng.TestNG.run(TestNG.java:1057)
	at org.testng.remote.AbstractRemoteTestNG.run(AbstractRemoteTestNG.java:114)
	at org.testng.remote.RemoteTestNG.initAndRun(RemoteTestNG.java:251)
	at org.testng.remote.RemoteTestNG.main(RemoteTestNG.java:77)
</pre></div><a href='#' onClick='toggleBox("stack-trace2024084964", this, "Click to show all stack frames", "Click to hide stack frames")'>Click to show all stack frames</a>
<div class='stack-trace' id='stack-trace2024084964'><pre>java.lang.AssertionError: No Hit was expected but HIT FOUND expected [true] but found [false]
	at org.testng.Assert.fail(Assert.java:94)
	at org.testng.Assert.failNotEquals(Assert.java:494)
	at org.testng.Assert.assertTrue(Assert.java:42)
	at com.travelex.automation.api.methods.ExecuteApiMethods_FCP.executePostMethodForFCPAdapter(ExecuteApiMethods_FCP.java:140)
	at com.travelex.automation.api.duedil.FCPAdpaterScreening.duedilScreeningApiTest(FCPAdpaterScreening.java:136)
	at sun.reflect.GeneratedMethodAccessor59.invoke(Unknown Source)
	at sun.reflect.DelegatingMethodAccessorImpl.invoke(Unknown Source)
	at java.lang.reflect.Method.invoke(Unknown Source)
	at org.testng.internal.MethodInvocationHelper.invokeMethod(MethodInvocationHelper.java:85)
	at org.testng.internal.Invoker.invokeMethod(Invoker.java:696)
	at org.testng.internal.Invoker.invokeTestMethod(Invoker.java:882)
	at org.testng.internal.Invoker.invokeTestMethods(Invoker.java:1189)
	at org.testng.internal.TestMethodWorker.invokeTestMethods(TestMethodWorker.java:124)
	at org.testng.internal.TestMethodWorker.run(TestMethodWorker.java:108)
	at org.testng.TestRunner.privateRun(TestRunner.java:767)
	at org.testng.TestRunner.run(TestRunner.java:617)
	at org.testng.SuiteRunner.runTest(SuiteRunner.java:348)
	at org.testng.SuiteRunner.runSequentially(SuiteRunner.java:343)
	at org.testng.SuiteRunner.privateRun(SuiteRunner.java:305)
	at org.testng.SuiteRunner.run(SuiteRunner.java:254)
	at org.testng.SuiteRunnerWorker.runSuite(SuiteRunnerWorker.java:52)
	at org.testng.SuiteRunnerWorker.run(SuiteRunnerWorker.java:86)
	at org.testng.TestNG.runSuitesSequentially(TestNG.java:1224)
	at org.testng.TestNG.runSuitesLocally(TestNG.java:1149)
	at org.testng.TestNG.run(TestNG.java:1057)
	at org.testng.remote.AbstractRemoteTestNG.run(AbstractRemoteTestNG.java:114)
	at org.testng.remote.RemoteTestNG.initAndRun(RemoteTestNG.java:251)
	at org.testng.remote.RemoteTestNG.main(RemoteTestNG.java:77)
</pre></div></td>
<td>2</td>
<td>com.travelex.automation.api.duedil.FCPAdpaterScreening@e45f292</td></tr>
<tr>
<td title='com.travelex.automation.api.duedil.FCPAdpaterScreening.duedilScreeningApiTest()'><b>duedilScreeningApiTest</b><br>Test class: com.travelex.automation.api.duedil.FCPAdpaterScreening<br>Parameters: 46.0, Mark Thoomas RYAN, NULL, Brisbane, Queensland, AUSTRALIA, 05/05/1987, NULL, PEPSD, HIT, Mark Thomas RYAN</td>
<td><div><pre>java.lang.AssertionError: Mark Thomas RYAN not found in the hit response object expected [true] but found [false]
	at org.testng.Assert.fail(Assert.java:94)
	at org.testng.Assert.failNotEquals(Assert.java:494)
	at org.testng.Assert.assertTrue(Assert.java:42)
	at com.travelex.automation.api.methods.ExecuteApiMethods_FCP.executePostMethodForFCPAdapter(ExecuteApiMethods_FCP.java:129)
	at com.travelex.automation.api.duedil.FCPAdpaterScreening.duedilScreeningApiTest(FCPAdpaterScreening.java:136)
	at sun.reflect.GeneratedMethodAccessor59.invoke(Unknown Source)
	at sun.reflect.DelegatingMethodAccessorImpl.invoke(Unknown Source)
	at java.lang.reflect.Method.invoke(Unknown Source)
	at org.testng.internal.MethodInvocationHelper.invokeMethod(MethodInvocationHelper.java:85)
	at org.testng.internal.Invoker.invokeMethod(Invoker.java:696)
	at org.testng.internal.Invoker.invokeTestMethod(Invoker.java:882)
	at org.testng.internal.Invoker.invokeTestMethods(Invoker.java:1189)
	at org.testng.internal.TestMethodWorker.invokeTestMethods(TestMethodWorker.java:124)
	at org.testng.internal.TestMethodWorker.run(TestMethodWorker.java:108)
	at org.testng.TestRunner.privateRun(TestRunner.java:767)
	at org.testng.TestRunner.run(TestRunner.java:617)
	at org.testng.SuiteRunner.runTest(SuiteRunner.java:348)
	at org.testng.SuiteRunner.runSequentially(SuiteRunner.java:343)
	at org.testng.SuiteRunner.privateRun(SuiteRunner.java:305)
	at org.testng.SuiteRunner.run(SuiteRunner.java:254)
	at org.testng.SuiteRunnerWorker.runSuite(SuiteRunnerWorker.java:52)
	at org.testng.SuiteRunnerWorker.run(SuiteRunnerWorker.java:86)
	at org.testng.TestNG.runSuitesSequentially(TestNG.java:1224)
	at org.testng.TestNG.runSuitesLocally(TestNG.java:1149)
	at org.testng.TestNG.run(TestNG.java:1057)
	at org.testng.remote.AbstractRemoteTestNG.run(AbstractRemoteTestNG.java:114)
	at org.testng.remote.RemoteTestNG.initAndRun(RemoteTestNG.java:251)
	at org.testng.remote.RemoteTestNG.main(RemoteTestNG.java:77)
</pre></div><a href='#' onClick='toggleBox("stack-trace166710672", this, "Click to show all stack frames", "Click to hide stack frames")'>Click to show all stack frames</a>
<div class='stack-trace' id='stack-trace166710672'><pre>java.lang.AssertionError: Mark Thomas RYAN not found in the hit response object expected [true] but found [false]
	at org.testng.Assert.fail(Assert.java:94)
	at org.testng.Assert.failNotEquals(Assert.java:494)
	at org.testng.Assert.assertTrue(Assert.java:42)
	at com.travelex.automation.api.methods.ExecuteApiMethods_FCP.executePostMethodForFCPAdapter(ExecuteApiMethods_FCP.java:129)
	at com.travelex.automation.api.duedil.FCPAdpaterScreening.duedilScreeningApiTest(FCPAdpaterScreening.java:136)
	at sun.reflect.GeneratedMethodAccessor59.invoke(Unknown Source)
	at sun.reflect.DelegatingMethodAccessorImpl.invoke(Unknown Source)
	at java.lang.reflect.Method.invoke(Unknown Source)
	at org.testng.internal.MethodInvocationHelper.invokeMethod(MethodInvocationHelper.java:85)
	at org.testng.internal.Invoker.invokeMethod(Invoker.java:696)
	at org.testng.internal.Invoker.invokeTestMethod(Invoker.java:882)
	at org.testng.internal.Invoker.invokeTestMethods(Invoker.java:1189)
	at org.testng.internal.TestMethodWorker.invokeTestMethods(TestMethodWorker.java:124)
	at org.testng.internal.TestMethodWorker.run(TestMethodWorker.java:108)
	at org.testng.TestRunner.privateRun(TestRunner.java:767)
	at org.testng.TestRunner.run(TestRunner.java:617)
	at org.testng.SuiteRunner.runTest(SuiteRunner.java:348)
	at org.testng.SuiteRunner.runSequentially(SuiteRunner.java:343)
	at org.testng.SuiteRunner.privateRun(SuiteRunner.java:305)
	at org.testng.SuiteRunner.run(SuiteRunner.java:254)
	at org.testng.SuiteRunnerWorker.runSuite(SuiteRunnerWorker.java:52)
	at org.testng.SuiteRunnerWorker.run(SuiteRunnerWorker.java:86)
	at org.testng.TestNG.runSuitesSequentially(TestNG.java:1224)
	at org.testng.TestNG.runSuitesLocally(TestNG.java:1149)
	at org.testng.TestNG.run(TestNG.java:1057)
	at org.testng.remote.AbstractRemoteTestNG.run(AbstractRemoteTestNG.java:114)
	at org.testng.remote.RemoteTestNG.initAndRun(RemoteTestNG.java:251)
	at org.testng.remote.RemoteTestNG.main(RemoteTestNG.java:77)
</pre></div></td>
<td>2</td>
<td>com.travelex.automation.api.duedil.FCPAdpaterScreening@e45f292</td></tr>
<tr>
<td title='com.travelex.automation.api.duedil.FCPAdpaterScreening.duedilScreeningApiTest()'><b>duedilScreeningApiTest</b><br>Test class: com.travelex.automation.api.duedil.FCPAdpaterScreening<br>Parameters: 64.0, Ibrahiim SULIM HAMED AL, HAABLAI, NULL, NULL, SAUDI ARABIA, 11/10/1984, NULL, UKSANCTIONSD, HIT, Ibrahim SULEIMAN HAMAD AL-HABLAIN</td>
<td><div><pre>java.lang.AssertionError: Hit was expected but NO HIT FOUND expected [true] but found [false]
	at org.testng.Assert.fail(Assert.java:94)
	at org.testng.Assert.failNotEquals(Assert.java:494)
	at org.testng.Assert.assertTrue(Assert.java:42)
	at com.travelex.automation.api.methods.ExecuteApiMethods_FCP.executePostMethodForFCPAdapter(ExecuteApiMethods_FCP.java:99)
	at com.travelex.automation.api.duedil.FCPAdpaterScreening.duedilScreeningApiTest(FCPAdpaterScreening.java:136)
	at sun.reflect.GeneratedMethodAccessor59.invoke(Unknown Source)
	at sun.reflect.DelegatingMethodAccessorImpl.invoke(Unknown Source)
	at java.lang.reflect.Method.invoke(Unknown Source)
	at org.testng.internal.MethodInvocationHelper.invokeMethod(MethodInvocationHelper.java:85)
	at org.testng.internal.Invoker.invokeMethod(Invoker.java:696)
	at org.testng.internal.Invoker.invokeTestMethod(Invoker.java:882)
	at org.testng.internal.Invoker.invokeTestMethods(Invoker.java:1189)
	at org.testng.internal.TestMethodWorker.invokeTestMethods(TestMethodWorker.java:124)
	at org.testng.internal.TestMethodWorker.run(TestMethodWorker.java:108)
	at org.testng.TestRunner.privateRun(TestRunner.java:767)
	at org.testng.TestRunner.run(TestRunner.java:617)
	at org.testng.SuiteRunner.runTest(SuiteRunner.java:348)
	at org.testng.SuiteRunner.runSequentially(SuiteRunner.java:343)
	at org.testng.SuiteRunner.privateRun(SuiteRunner.java:305)
	at org.testng.SuiteRunner.run(SuiteRunner.java:254)
	at org.testng.SuiteRunnerWorker.runSuite(SuiteRunnerWorker.java:52)
	at org.testng.SuiteRunnerWorker.run(SuiteRunnerWorker.java:86)
	at org.testng.TestNG.runSuitesSequentially(TestNG.java:1224)
	at org.testng.TestNG.runSuitesLocally(TestNG.java:1149)
	at org.testng.TestNG.run(TestNG.java:1057)
	at org.testng.remote.AbstractRemoteTestNG.run(AbstractRemoteTestNG.java:114)
	at org.testng.remote.RemoteTestNG.initAndRun(RemoteTestNG.java:251)
	at org.testng.remote.RemoteTestNG.main(RemoteTestNG.java:77)
</pre></div><a href='#' onClick='toggleBox("stack-trace1591063329", this, "Click to show all stack frames", "Click to hide stack frames")'>Click to show all stack frames</a>
<div class='stack-trace' id='stack-trace1591063329'><pre>java.lang.AssertionError: Hit was expected but NO HIT FOUND expected [true] but found [false]
	at org.testng.Assert.fail(Assert.java:94)
	at org.testng.Assert.failNotEquals(Assert.java:494)
	at org.testng.Assert.assertTrue(Assert.java:42)
	at com.travelex.automation.api.methods.ExecuteApiMethods_FCP.executePostMethodForFCPAdapter(ExecuteApiMethods_FCP.java:99)
	at com.travelex.automation.api.duedil.FCPAdpaterScreening.duedilScreeningApiTest(FCPAdpaterScreening.java:136)
	at sun.reflect.GeneratedMethodAccessor59.invoke(Unknown Source)
	at sun.reflect.DelegatingMethodAccessorImpl.invoke(Unknown Source)
	at java.lang.reflect.Method.invoke(Unknown Source)
	at org.testng.internal.MethodInvocationHelper.invokeMethod(MethodInvocationHelper.java:85)
	at org.testng.internal.Invoker.invokeMethod(Invoker.java:696)
	at org.testng.internal.Invoker.invokeTestMethod(Invoker.java:882)
	at org.testng.internal.Invoker.invokeTestMethods(Invoker.java:1189)
	at org.testng.internal.TestMethodWorker.invokeTestMethods(TestMethodWorker.java:124)
	at org.testng.internal.TestMethodWorker.run(TestMethodWorker.java:108)
	at org.testng.TestRunner.privateRun(TestRunner.java:767)
	at org.testng.TestRunner.run(TestRunner.java:617)
	at org.testng.SuiteRunner.runTest(SuiteRunner.java:348)
	at org.testng.SuiteRunner.runSequentially(SuiteRunner.java:343)
	at org.testng.SuiteRunner.privateRun(SuiteRunner.java:305)
	at org.testng.SuiteRunner.run(SuiteRunner.java:254)
	at org.testng.SuiteRunnerWorker.runSuite(SuiteRunnerWorker.java:52)
	at org.testng.SuiteRunnerWorker.run(SuiteRunnerWorker.java:86)
	at org.testng.TestNG.runSuitesSequentially(TestNG.java:1224)
	at org.testng.TestNG.runSuitesLocally(TestNG.java:1149)
	at org.testng.TestNG.run(TestNG.java:1057)
	at org.testng.remote.AbstractRemoteTestNG.run(AbstractRemoteTestNG.java:114)
	at org.testng.remote.RemoteTestNG.initAndRun(RemoteTestNG.java:251)
	at org.testng.remote.RemoteTestNG.main(RemoteTestNG.java:77)
</pre></div></td>
<td>1</td>
<td>com.travelex.automation.api.duedil.FCPAdpaterScreening@e45f292</td></tr>
<tr>
<td title='com.travelex.automation.api.duedil.FCPAdpaterScreening.duedilScreeningApiTest()'><b>duedilScreeningApiTest</b><br>Test class: com.travelex.automation.api.duedil.FCPAdpaterScreening<br>Parameters: 65.0, Ahmeedd Abdul Saleh Khazmri ZAHNI, Syrian Arab Republic, NULL, NULL, SYRIA, 10/25/1978, NULL, UKSANCTIONSD, HIT, Ahmed Abdullah Saleh al-Khazmari AL-ZAHRANI</td>
<td><div><pre>java.lang.AssertionError: Hit was expected but NO HIT FOUND expected [true] but found [false]
	at org.testng.Assert.fail(Assert.java:94)
	at org.testng.Assert.failNotEquals(Assert.java:494)
	at org.testng.Assert.assertTrue(Assert.java:42)
	at com.travelex.automation.api.methods.ExecuteApiMethods_FCP.executePostMethodForFCPAdapter(ExecuteApiMethods_FCP.java:99)
	at com.travelex.automation.api.duedil.FCPAdpaterScreening.duedilScreeningApiTest(FCPAdpaterScreening.java:136)
	at sun.reflect.GeneratedMethodAccessor59.invoke(Unknown Source)
	at sun.reflect.DelegatingMethodAccessorImpl.invoke(Unknown Source)
	at java.lang.reflect.Method.invoke(Unknown Source)
	at org.testng.internal.MethodInvocationHelper.invokeMethod(MethodInvocationHelper.java:85)
	at org.testng.internal.Invoker.invokeMethod(Invoker.java:696)
	at org.testng.internal.Invoker.invokeTestMethod(Invoker.java:882)
	at org.testng.internal.Invoker.invokeTestMethods(Invoker.java:1189)
	at org.testng.internal.TestMethodWorker.invokeTestMethods(TestMethodWorker.java:124)
	at org.testng.internal.TestMethodWorker.run(TestMethodWorker.java:108)
	at org.testng.TestRunner.privateRun(TestRunner.java:767)
	at org.testng.TestRunner.run(TestRunner.java:617)
	at org.testng.SuiteRunner.runTest(SuiteRunner.java:348)
	at org.testng.SuiteRunner.runSequentially(SuiteRunner.java:343)
	at org.testng.SuiteRunner.privateRun(SuiteRunner.java:305)
	at org.testng.SuiteRunner.run(SuiteRunner.java:254)
	at org.testng.SuiteRunnerWorker.runSuite(SuiteRunnerWorker.java:52)
	at org.testng.SuiteRunnerWorker.run(SuiteRunnerWorker.java:86)
	at org.testng.TestNG.runSuitesSequentially(TestNG.java:1224)
	at org.testng.TestNG.runSuitesLocally(TestNG.java:1149)
	at org.testng.TestNG.run(TestNG.java:1057)
	at org.testng.remote.AbstractRemoteTestNG.run(AbstractRemoteTestNG.java:114)
	at org.testng.remote.RemoteTestNG.initAndRun(RemoteTestNG.java:251)
	at org.testng.remote.RemoteTestNG.main(RemoteTestNG.java:77)
</pre></div><a href='#' onClick='toggleBox("stack-trace1984134811", this, "Click to show all stack frames", "Click to hide stack frames")'>Click to show all stack frames</a>
<div class='stack-trace' id='stack-trace1984134811'><pre>java.lang.AssertionError: Hit was expected but NO HIT FOUND expected [true] but found [false]
	at org.testng.Assert.fail(Assert.java:94)
	at org.testng.Assert.failNotEquals(Assert.java:494)
	at org.testng.Assert.assertTrue(Assert.java:42)
	at com.travelex.automation.api.methods.ExecuteApiMethods_FCP.executePostMethodForFCPAdapter(ExecuteApiMethods_FCP.java:99)
	at com.travelex.automation.api.duedil.FCPAdpaterScreening.duedilScreeningApiTest(FCPAdpaterScreening.java:136)
	at sun.reflect.GeneratedMethodAccessor59.invoke(Unknown Source)
	at sun.reflect.DelegatingMethodAccessorImpl.invoke(Unknown Source)
	at java.lang.reflect.Method.invoke(Unknown Source)
	at org.testng.internal.MethodInvocationHelper.invokeMethod(MethodInvocationHelper.java:85)
	at org.testng.internal.Invoker.invokeMethod(Invoker.java:696)
	at org.testng.internal.Invoker.invokeTestMethod(Invoker.java:882)
	at org.testng.internal.Invoker.invokeTestMethods(Invoker.java:1189)
	at org.testng.internal.TestMethodWorker.invokeTestMethods(TestMethodWorker.java:124)
	at org.testng.internal.TestMethodWorker.run(TestMethodWorker.java:108)
	at org.testng.TestRunner.privateRun(TestRunner.java:767)
	at org.testng.TestRunner.run(TestRunner.java:617)
	at org.testng.SuiteRunner.runTest(SuiteRunner.java:348)
	at org.testng.SuiteRunner.runSequentially(SuiteRunner.java:343)
	at org.testng.SuiteRunner.privateRun(SuiteRunner.java:305)
	at org.testng.SuiteRunner.run(SuiteRunner.java:254)
	at org.testng.SuiteRunnerWorker.runSuite(SuiteRunnerWorker.java:52)
	at org.testng.SuiteRunnerWorker.run(SuiteRunnerWorker.java:86)
	at org.testng.TestNG.runSuitesSequentially(TestNG.java:1224)
	at org.testng.TestNG.runSuitesLocally(TestNG.java:1149)
	at org.testng.TestNG.run(TestNG.java:1057)
	at org.testng.remote.AbstractRemoteTestNG.run(AbstractRemoteTestNG.java:114)
	at org.testng.remote.RemoteTestNG.initAndRun(RemoteTestNG.java:251)
	at org.testng.remote.RemoteTestNG.main(RemoteTestNG.java:77)
</pre></div></td>
<td>2</td>
<td>com.travelex.automation.api.duedil.FCPAdpaterScreening@e45f292</td></tr>
<tr>
<td title='com.travelex.automation.api.duedil.FCPAdpaterScreening.duedilScreeningApiTest()'><b>duedilScreeningApiTest</b><br>Test class: com.travelex.automation.api.duedil.FCPAdpaterScreening<br>Parameters: 66.0, Abdul Mohs Abdul Ibrahm SHAREIKH, Latakia, NULL, NULL, SYRIA, 12/18/1985, NULL, UKSANCTIONSD, HIT, Abdul Mohsen Abdullah Ibrahim AL-SHARIKH</td>
<td><div><pre>java.lang.AssertionError: Hit was expected but NO HIT FOUND expected [true] but found [false]
	at org.testng.Assert.fail(Assert.java:94)
	at org.testng.Assert.failNotEquals(Assert.java:494)
	at org.testng.Assert.assertTrue(Assert.java:42)
	at com.travelex.automation.api.methods.ExecuteApiMethods_FCP.executePostMethodForFCPAdapter(ExecuteApiMethods_FCP.java:99)
	at com.travelex.automation.api.duedil.FCPAdpaterScreening.duedilScreeningApiTest(FCPAdpaterScreening.java:136)
	at sun.reflect.GeneratedMethodAccessor59.invoke(Unknown Source)
	at sun.reflect.DelegatingMethodAccessorImpl.invoke(Unknown Source)
	at java.lang.reflect.Method.invoke(Unknown Source)
	at org.testng.internal.MethodInvocationHelper.invokeMethod(MethodInvocationHelper.java:85)
	at org.testng.internal.Invoker.invokeMethod(Invoker.java:696)
	at org.testng.internal.Invoker.invokeTestMethod(Invoker.java:882)
	at org.testng.internal.Invoker.invokeTestMethods(Invoker.java:1189)
	at org.testng.internal.TestMethodWorker.invokeTestMethods(TestMethodWorker.java:124)
	at org.testng.internal.TestMethodWorker.run(TestMethodWorker.java:108)
	at org.testng.TestRunner.privateRun(TestRunner.java:767)
	at org.testng.TestRunner.run(TestRunner.java:617)
	at org.testng.SuiteRunner.runTest(SuiteRunner.java:348)
	at org.testng.SuiteRunner.runSequentially(SuiteRunner.java:343)
	at org.testng.SuiteRunner.privateRun(SuiteRunner.java:305)
	at org.testng.SuiteRunner.run(SuiteRunner.java:254)
	at org.testng.SuiteRunnerWorker.runSuite(SuiteRunnerWorker.java:52)
	at org.testng.SuiteRunnerWorker.run(SuiteRunnerWorker.java:86)
	at org.testng.TestNG.runSuitesSequentially(TestNG.java:1224)
	at org.testng.TestNG.runSuitesLocally(TestNG.java:1149)
	at org.testng.TestNG.run(TestNG.java:1057)
	at org.testng.remote.AbstractRemoteTestNG.run(AbstractRemoteTestNG.java:114)
	at org.testng.remote.RemoteTestNG.initAndRun(RemoteTestNG.java:251)
	at org.testng.remote.RemoteTestNG.main(RemoteTestNG.java:77)
</pre></div><a href='#' onClick='toggleBox("stack-trace44627686", this, "Click to show all stack frames", "Click to hide stack frames")'>Click to show all stack frames</a>
<div class='stack-trace' id='stack-trace44627686'><pre>java.lang.AssertionError: Hit was expected but NO HIT FOUND expected [true] but found [false]
	at org.testng.Assert.fail(Assert.java:94)
	at org.testng.Assert.failNotEquals(Assert.java:494)
	at org.testng.Assert.assertTrue(Assert.java:42)
	at com.travelex.automation.api.methods.ExecuteApiMethods_FCP.executePostMethodForFCPAdapter(ExecuteApiMethods_FCP.java:99)
	at com.travelex.automation.api.duedil.FCPAdpaterScreening.duedilScreeningApiTest(FCPAdpaterScreening.java:136)
	at sun.reflect.GeneratedMethodAccessor59.invoke(Unknown Source)
	at sun.reflect.DelegatingMethodAccessorImpl.invoke(Unknown Source)
	at java.lang.reflect.Method.invoke(Unknown Source)
	at org.testng.internal.MethodInvocationHelper.invokeMethod(MethodInvocationHelper.java:85)
	at org.testng.internal.Invoker.invokeMethod(Invoker.java:696)
	at org.testng.internal.Invoker.invokeTestMethod(Invoker.java:882)
	at org.testng.internal.Invoker.invokeTestMethods(Invoker.java:1189)
	at org.testng.internal.TestMethodWorker.invokeTestMethods(TestMethodWorker.java:124)
	at org.testng.internal.TestMethodWorker.run(TestMethodWorker.java:108)
	at org.testng.TestRunner.privateRun(TestRunner.java:767)
	at org.testng.TestRunner.run(TestRunner.java:617)
	at org.testng.SuiteRunner.runTest(SuiteRunner.java:348)
	at org.testng.SuiteRunner.runSequentially(SuiteRunner.java:343)
	at org.testng.SuiteRunner.privateRun(SuiteRunner.java:305)
	at org.testng.SuiteRunner.run(SuiteRunner.java:254)
	at org.testng.SuiteRunnerWorker.runSuite(SuiteRunnerWorker.java:52)
	at org.testng.SuiteRunnerWorker.run(SuiteRunnerWorker.java:86)
	at org.testng.TestNG.runSuitesSequentially(TestNG.java:1224)
	at org.testng.TestNG.runSuitesLocally(TestNG.java:1149)
	at org.testng.TestNG.run(TestNG.java:1057)
	at org.testng.remote.AbstractRemoteTestNG.run(AbstractRemoteTestNG.java:114)
	at org.testng.remote.RemoteTestNG.initAndRun(RemoteTestNG.java:251)
	at org.testng.remote.RemoteTestNG.main(RemoteTestNG.java:77)
</pre></div></td>
<td>2</td>
<td>com.travelex.automation.api.duedil.FCPAdpaterScreening@e45f292</td></tr>
<tr>
<td title='com.travelex.automation.api.duedil.FCPAdpaterScreening.duedilScreeningApiTest()'><b>duedilScreeningApiTest</b><br>Test class: com.travelex.automation.api.duedil.FCPAdpaterScreening<br>Parameters: 74.0, Denis Mamdu CUSPAR, Karl-Marx-Str. 210, 12055, NULL, Berlin, GERMANY, 10/18/1975, NULL, UKSANCTIONSD, HIT, Denis Mamadou CUSPERT</td>
<td><div><pre>java.lang.AssertionError: Hit was expected but NO HIT FOUND expected [true] but found [false]
	at org.testng.Assert.fail(Assert.java:94)
	at org.testng.Assert.failNotEquals(Assert.java:494)
	at org.testng.Assert.assertTrue(Assert.java:42)
	at com.travelex.automation.api.methods.ExecuteApiMethods_FCP.executePostMethodForFCPAdapter(ExecuteApiMethods_FCP.java:99)
	at com.travelex.automation.api.duedil.FCPAdpaterScreening.duedilScreeningApiTest(FCPAdpaterScreening.java:136)
	at sun.reflect.GeneratedMethodAccessor59.invoke(Unknown Source)
	at sun.reflect.DelegatingMethodAccessorImpl.invoke(Unknown Source)
	at java.lang.reflect.Method.invoke(Unknown Source)
	at org.testng.internal.MethodInvocationHelper.invokeMethod(MethodInvocationHelper.java:85)
	at org.testng.internal.Invoker.invokeMethod(Invoker.java:696)
	at org.testng.internal.Invoker.invokeTestMethod(Invoker.java:882)
	at org.testng.internal.Invoker.invokeTestMethods(Invoker.java:1189)
	at org.testng.internal.TestMethodWorker.invokeTestMethods(TestMethodWorker.java:124)
	at org.testng.internal.TestMethodWorker.run(TestMethodWorker.java:108)
	at org.testng.TestRunner.privateRun(TestRunner.java:767)
	at org.testng.TestRunner.run(TestRunner.java:617)
	at org.testng.SuiteRunner.runTest(SuiteRunner.java:348)
	at org.testng.SuiteRunner.runSequentially(SuiteRunner.java:343)
	at org.testng.SuiteRunner.privateRun(SuiteRunner.java:305)
	at org.testng.SuiteRunner.run(SuiteRunner.java:254)
	at org.testng.SuiteRunnerWorker.runSuite(SuiteRunnerWorker.java:52)
	at org.testng.SuiteRunnerWorker.run(SuiteRunnerWorker.java:86)
	at org.testng.TestNG.runSuitesSequentially(TestNG.java:1224)
	at org.testng.TestNG.runSuitesLocally(TestNG.java:1149)
	at org.testng.TestNG.run(TestNG.java:1057)
	at org.testng.remote.AbstractRemoteTestNG.run(AbstractRemoteTestNG.java:114)
	at org.testng.remote.RemoteTestNG.initAndRun(RemoteTestNG.java:251)
	at org.testng.remote.RemoteTestNG.main(RemoteTestNG.java:77)
</pre></div><a href='#' onClick='toggleBox("stack-trace382441865", this, "Click to show all stack frames", "Click to hide stack frames")'>Click to show all stack frames</a>
<div class='stack-trace' id='stack-trace382441865'><pre>java.lang.AssertionError: Hit was expected but NO HIT FOUND expected [true] but found [false]
	at org.testng.Assert.fail(Assert.java:94)
	at org.testng.Assert.failNotEquals(Assert.java:494)
	at org.testng.Assert.assertTrue(Assert.java:42)
	at com.travelex.automation.api.methods.ExecuteApiMethods_FCP.executePostMethodForFCPAdapter(ExecuteApiMethods_FCP.java:99)
	at com.travelex.automation.api.duedil.FCPAdpaterScreening.duedilScreeningApiTest(FCPAdpaterScreening.java:136)
	at sun.reflect.GeneratedMethodAccessor59.invoke(Unknown Source)
	at sun.reflect.DelegatingMethodAccessorImpl.invoke(Unknown Source)
	at java.lang.reflect.Method.invoke(Unknown Source)
	at org.testng.internal.MethodInvocationHelper.invokeMethod(MethodInvocationHelper.java:85)
	at org.testng.internal.Invoker.invokeMethod(Invoker.java:696)
	at org.testng.internal.Invoker.invokeTestMethod(Invoker.java:882)
	at org.testng.internal.Invoker.invokeTestMethods(Invoker.java:1189)
	at org.testng.internal.TestMethodWorker.invokeTestMethods(TestMethodWorker.java:124)
	at org.testng.internal.TestMethodWorker.run(TestMethodWorker.java:108)
	at org.testng.TestRunner.privateRun(TestRunner.java:767)
	at org.testng.TestRunner.run(TestRunner.java:617)
	at org.testng.SuiteRunner.runTest(SuiteRunner.java:348)
	at org.testng.SuiteRunner.runSequentially(SuiteRunner.java:343)
	at org.testng.SuiteRunner.privateRun(SuiteRunner.java:305)
	at org.testng.SuiteRunner.run(SuiteRunner.java:254)
	at org.testng.SuiteRunnerWorker.runSuite(SuiteRunnerWorker.java:52)
	at org.testng.SuiteRunnerWorker.run(SuiteRunnerWorker.java:86)
	at org.testng.TestNG.runSuitesSequentially(TestNG.java:1224)
	at org.testng.TestNG.runSuitesLocally(TestNG.java:1149)
	at org.testng.TestNG.run(TestNG.java:1057)
	at org.testng.remote.AbstractRemoteTestNG.run(AbstractRemoteTestNG.java:114)
	at org.testng.remote.RemoteTestNG.initAndRun(RemoteTestNG.java:251)
	at org.testng.remote.RemoteTestNG.main(RemoteTestNG.java:77)
</pre></div></td>
<td>2</td>
<td>com.travelex.automation.api.duedil.FCPAdpaterScreening@e45f292</td></tr>
<tr>
<td title='com.travelex.automation.api.duedil.FCPAdpaterScreening.duedilScreeningApiTest()'><b>duedilScreeningApiTest</b><br>Test class: com.travelex.automation.api.duedil.FCPAdpaterScreening<br>Parameters: 76.0, Anwa AL-AUAQII, NULL, Mumbai, Maharashtra, INDIA, 04/21/1971, NULL, UKSANCTIONSD, HIT, Anwar AL-AULAQI</td>
<td><div><pre>java.lang.AssertionError: Hit was expected but NO HIT FOUND expected [true] but found [false]
	at org.testng.Assert.fail(Assert.java:94)
	at org.testng.Assert.failNotEquals(Assert.java:494)
	at org.testng.Assert.assertTrue(Assert.java:42)
	at com.travelex.automation.api.methods.ExecuteApiMethods_FCP.executePostMethodForFCPAdapter(ExecuteApiMethods_FCP.java:99)
	at com.travelex.automation.api.duedil.FCPAdpaterScreening.duedilScreeningApiTest(FCPAdpaterScreening.java:136)
	at sun.reflect.GeneratedMethodAccessor59.invoke(Unknown Source)
	at sun.reflect.DelegatingMethodAccessorImpl.invoke(Unknown Source)
	at java.lang.reflect.Method.invoke(Unknown Source)
	at org.testng.internal.MethodInvocationHelper.invokeMethod(MethodInvocationHelper.java:85)
	at org.testng.internal.Invoker.invokeMethod(Invoker.java:696)
	at org.testng.internal.Invoker.invokeTestMethod(Invoker.java:882)
	at org.testng.internal.Invoker.invokeTestMethods(Invoker.java:1189)
	at org.testng.internal.TestMethodWorker.invokeTestMethods(TestMethodWorker.java:124)
	at org.testng.internal.TestMethodWorker.run(TestMethodWorker.java:108)
	at org.testng.TestRunner.privateRun(TestRunner.java:767)
	at org.testng.TestRunner.run(TestRunner.java:617)
	at org.testng.SuiteRunner.runTest(SuiteRunner.java:348)
	at org.testng.SuiteRunner.runSequentially(SuiteRunner.java:343)
	at org.testng.SuiteRunner.privateRun(SuiteRunner.java:305)
	at org.testng.SuiteRunner.run(SuiteRunner.java:254)
	at org.testng.SuiteRunnerWorker.runSuite(SuiteRunnerWorker.java:52)
	at org.testng.SuiteRunnerWorker.run(SuiteRunnerWorker.java:86)
	at org.testng.TestNG.runSuitesSequentially(TestNG.java:1224)
	at org.testng.TestNG.runSuitesLocally(TestNG.java:1149)
	at org.testng.TestNG.run(TestNG.java:1057)
	at org.testng.remote.AbstractRemoteTestNG.run(AbstractRemoteTestNG.java:114)
	at org.testng.remote.RemoteTestNG.initAndRun(RemoteTestNG.java:251)
	at org.testng.remote.RemoteTestNG.main(RemoteTestNG.java:77)
</pre></div><a href='#' onClick='toggleBox("stack-trace73689328", this, "Click to show all stack frames", "Click to hide stack frames")'>Click to show all stack frames</a>
<div class='stack-trace' id='stack-trace73689328'><pre>java.lang.AssertionError: Hit was expected but NO HIT FOUND expected [true] but found [false]
	at org.testng.Assert.fail(Assert.java:94)
	at org.testng.Assert.failNotEquals(Assert.java:494)
	at org.testng.Assert.assertTrue(Assert.java:42)
	at com.travelex.automation.api.methods.ExecuteApiMethods_FCP.executePostMethodForFCPAdapter(ExecuteApiMethods_FCP.java:99)
	at com.travelex.automation.api.duedil.FCPAdpaterScreening.duedilScreeningApiTest(FCPAdpaterScreening.java:136)
	at sun.reflect.GeneratedMethodAccessor59.invoke(Unknown Source)
	at sun.reflect.DelegatingMethodAccessorImpl.invoke(Unknown Source)
	at java.lang.reflect.Method.invoke(Unknown Source)
	at org.testng.internal.MethodInvocationHelper.invokeMethod(MethodInvocationHelper.java:85)
	at org.testng.internal.Invoker.invokeMethod(Invoker.java:696)
	at org.testng.internal.Invoker.invokeTestMethod(Invoker.java:882)
	at org.testng.internal.Invoker.invokeTestMethods(Invoker.java:1189)
	at org.testng.internal.TestMethodWorker.invokeTestMethods(TestMethodWorker.java:124)
	at org.testng.internal.TestMethodWorker.run(TestMethodWorker.java:108)
	at org.testng.TestRunner.privateRun(TestRunner.java:767)
	at org.testng.TestRunner.run(TestRunner.java:617)
	at org.testng.SuiteRunner.runTest(SuiteRunner.java:348)
	at org.testng.SuiteRunner.runSequentially(SuiteRunner.java:343)
	at org.testng.SuiteRunner.privateRun(SuiteRunner.java:305)
	at org.testng.SuiteRunner.run(SuiteRunner.java:254)
	at org.testng.SuiteRunnerWorker.runSuite(SuiteRunnerWorker.java:52)
	at org.testng.SuiteRunnerWorker.run(SuiteRunnerWorker.java:86)
	at org.testng.TestNG.runSuitesSequentially(TestNG.java:1224)
	at org.testng.TestNG.runSuitesLocally(TestNG.java:1149)
	at org.testng.TestNG.run(TestNG.java:1057)
	at org.testng.remote.AbstractRemoteTestNG.run(AbstractRemoteTestNG.java:114)
	at org.testng.remote.RemoteTestNG.initAndRun(RemoteTestNG.java:251)
	at org.testng.remote.RemoteTestNG.main(RemoteTestNG.java:77)
</pre></div></td>
<td>2</td>
<td>com.travelex.automation.api.duedil.FCPAdpaterScreening@e45f292</td></tr>
<tr>
<td title='com.travelex.automation.api.duedil.FCPAdpaterScreening.duedilScreeningApiTest()'><b>duedilScreeningApiTest</b><br>Test class: com.travelex.automation.api.duedil.FCPAdpaterScreening<br>Parameters: 81.0, Melliiad FAARRAAHH, NULL, Beirut, Beyrouth, LEBANON, 01/15/1980, NULL, UKSANCTIONSD, HIT, Meliad FARAH</td>
<td><div><pre>java.lang.AssertionError: Hit was expected but NO HIT FOUND expected [true] but found [false]
	at org.testng.Assert.fail(Assert.java:94)
	at org.testng.Assert.failNotEquals(Assert.java:494)
	at org.testng.Assert.assertTrue(Assert.java:42)
	at com.travelex.automation.api.methods.ExecuteApiMethods_FCP.executePostMethodForFCPAdapter(ExecuteApiMethods_FCP.java:99)
	at com.travelex.automation.api.duedil.FCPAdpaterScreening.duedilScreeningApiTest(FCPAdpaterScreening.java:136)
	at sun.reflect.GeneratedMethodAccessor59.invoke(Unknown Source)
	at sun.reflect.DelegatingMethodAccessorImpl.invoke(Unknown Source)
	at java.lang.reflect.Method.invoke(Unknown Source)
	at org.testng.internal.MethodInvocationHelper.invokeMethod(MethodInvocationHelper.java:85)
	at org.testng.internal.Invoker.invokeMethod(Invoker.java:696)
	at org.testng.internal.Invoker.invokeTestMethod(Invoker.java:882)
	at org.testng.internal.Invoker.invokeTestMethods(Invoker.java:1189)
	at org.testng.internal.TestMethodWorker.invokeTestMethods(TestMethodWorker.java:124)
	at org.testng.internal.TestMethodWorker.run(TestMethodWorker.java:108)
	at org.testng.TestRunner.privateRun(TestRunner.java:767)
	at org.testng.TestRunner.run(TestRunner.java:617)
	at org.testng.SuiteRunner.runTest(SuiteRunner.java:348)
	at org.testng.SuiteRunner.runSequentially(SuiteRunner.java:343)
	at org.testng.SuiteRunner.privateRun(SuiteRunner.java:305)
	at org.testng.SuiteRunner.run(SuiteRunner.java:254)
	at org.testng.SuiteRunnerWorker.runSuite(SuiteRunnerWorker.java:52)
	at org.testng.SuiteRunnerWorker.run(SuiteRunnerWorker.java:86)
	at org.testng.TestNG.runSuitesSequentially(TestNG.java:1224)
	at org.testng.TestNG.runSuitesLocally(TestNG.java:1149)
	at org.testng.TestNG.run(TestNG.java:1057)
	at org.testng.remote.AbstractRemoteTestNG.run(AbstractRemoteTestNG.java:114)
	at org.testng.remote.RemoteTestNG.initAndRun(RemoteTestNG.java:251)
	at org.testng.remote.RemoteTestNG.main(RemoteTestNG.java:77)
</pre></div><a href='#' onClick='toggleBox("stack-trace2016400644", this, "Click to show all stack frames", "Click to hide stack frames")'>Click to show all stack frames</a>
<div class='stack-trace' id='stack-trace2016400644'><pre>java.lang.AssertionError: Hit was expected but NO HIT FOUND expected [true] but found [false]
	at org.testng.Assert.fail(Assert.java:94)
	at org.testng.Assert.failNotEquals(Assert.java:494)
	at org.testng.Assert.assertTrue(Assert.java:42)
	at com.travelex.automation.api.methods.ExecuteApiMethods_FCP.executePostMethodForFCPAdapter(ExecuteApiMethods_FCP.java:99)
	at com.travelex.automation.api.duedil.FCPAdpaterScreening.duedilScreeningApiTest(FCPAdpaterScreening.java:136)
	at sun.reflect.GeneratedMethodAccessor59.invoke(Unknown Source)
	at sun.reflect.DelegatingMethodAccessorImpl.invoke(Unknown Source)
	at java.lang.reflect.Method.invoke(Unknown Source)
	at org.testng.internal.MethodInvocationHelper.invokeMethod(MethodInvocationHelper.java:85)
	at org.testng.internal.Invoker.invokeMethod(Invoker.java:696)
	at org.testng.internal.Invoker.invokeTestMethod(Invoker.java:882)
	at org.testng.internal.Invoker.invokeTestMethods(Invoker.java:1189)
	at org.testng.internal.TestMethodWorker.invokeTestMethods(TestMethodWorker.java:124)
	at org.testng.internal.TestMethodWorker.run(TestMethodWorker.java:108)
	at org.testng.TestRunner.privateRun(TestRunner.java:767)
	at org.testng.TestRunner.run(TestRunner.java:617)
	at org.testng.SuiteRunner.runTest(SuiteRunner.java:348)
	at org.testng.SuiteRunner.runSequentially(SuiteRunner.java:343)
	at org.testng.SuiteRunner.privateRun(SuiteRunner.java:305)
	at org.testng.SuiteRunner.run(SuiteRunner.java:254)
	at org.testng.SuiteRunnerWorker.runSuite(SuiteRunnerWorker.java:52)
	at org.testng.SuiteRunnerWorker.run(SuiteRunnerWorker.java:86)
	at org.testng.TestNG.runSuitesSequentially(TestNG.java:1224)
	at org.testng.TestNG.runSuitesLocally(TestNG.java:1149)
	at org.testng.TestNG.run(TestNG.java:1057)
	at org.testng.remote.AbstractRemoteTestNG.run(AbstractRemoteTestNG.java:114)
	at org.testng.remote.RemoteTestNG.initAndRun(RemoteTestNG.java:251)
	at org.testng.remote.RemoteTestNG.main(RemoteTestNG.java:77)
</pre></div></td>
<td>2</td>
<td>com.travelex.automation.api.duedil.FCPAdpaterScreening@e45f292</td></tr>
<tr>
<td title='com.travelex.automation.api.duedil.FCPAdpaterScreening.duedilScreeningApiTest()'><b>duedilScreeningApiTest</b><br>Test class: com.travelex.automation.api.duedil.FCPAdpaterScreening<br>Parameters: 82.0, Jiccheengg ZHHAANGG, NULL, Warrington, Cheshire, UNITED KINGDOM, 01/19/1973, NULL, UKSANCTIONSD, HIT, Jicheng ZHANG</td>
<td><div><pre>java.lang.AssertionError: Hit was expected but NO HIT FOUND expected [true] but found [false]
	at org.testng.Assert.fail(Assert.java:94)
	at org.testng.Assert.failNotEquals(Assert.java:494)
	at org.testng.Assert.assertTrue(Assert.java:42)
	at com.travelex.automation.api.methods.ExecuteApiMethods_FCP.executePostMethodForFCPAdapter(ExecuteApiMethods_FCP.java:99)
	at com.travelex.automation.api.duedil.FCPAdpaterScreening.duedilScreeningApiTest(FCPAdpaterScreening.java:136)
	at sun.reflect.GeneratedMethodAccessor59.invoke(Unknown Source)
	at sun.reflect.DelegatingMethodAccessorImpl.invoke(Unknown Source)
	at java.lang.reflect.Method.invoke(Unknown Source)
	at org.testng.internal.MethodInvocationHelper.invokeMethod(MethodInvocationHelper.java:85)
	at org.testng.internal.Invoker.invokeMethod(Invoker.java:696)
	at org.testng.internal.Invoker.invokeTestMethod(Invoker.java:882)
	at org.testng.internal.Invoker.invokeTestMethods(Invoker.java:1189)
	at org.testng.internal.TestMethodWorker.invokeTestMethods(TestMethodWorker.java:124)
	at org.testng.internal.TestMethodWorker.run(TestMethodWorker.java:108)
	at org.testng.TestRunner.privateRun(TestRunner.java:767)
	at org.testng.TestRunner.run(TestRunner.java:617)
	at org.testng.SuiteRunner.runTest(SuiteRunner.java:348)
	at org.testng.SuiteRunner.runSequentially(SuiteRunner.java:343)
	at org.testng.SuiteRunner.privateRun(SuiteRunner.java:305)
	at org.testng.SuiteRunner.run(SuiteRunner.java:254)
	at org.testng.SuiteRunnerWorker.runSuite(SuiteRunnerWorker.java:52)
	at org.testng.SuiteRunnerWorker.run(SuiteRunnerWorker.java:86)
	at org.testng.TestNG.runSuitesSequentially(TestNG.java:1224)
	at org.testng.TestNG.runSuitesLocally(TestNG.java:1149)
	at org.testng.TestNG.run(TestNG.java:1057)
	at org.testng.remote.AbstractRemoteTestNG.run(AbstractRemoteTestNG.java:114)
	at org.testng.remote.RemoteTestNG.initAndRun(RemoteTestNG.java:251)
	at org.testng.remote.RemoteTestNG.main(RemoteTestNG.java:77)
</pre></div><a href='#' onClick='toggleBox("stack-trace415793386", this, "Click to show all stack frames", "Click to hide stack frames")'>Click to show all stack frames</a>
<div class='stack-trace' id='stack-trace415793386'><pre>java.lang.AssertionError: Hit was expected but NO HIT FOUND expected [true] but found [false]
	at org.testng.Assert.fail(Assert.java:94)
	at org.testng.Assert.failNotEquals(Assert.java:494)
	at org.testng.Assert.assertTrue(Assert.java:42)
	at com.travelex.automation.api.methods.ExecuteApiMethods_FCP.executePostMethodForFCPAdapter(ExecuteApiMethods_FCP.java:99)
	at com.travelex.automation.api.duedil.FCPAdpaterScreening.duedilScreeningApiTest(FCPAdpaterScreening.java:136)
	at sun.reflect.GeneratedMethodAccessor59.invoke(Unknown Source)
	at sun.reflect.DelegatingMethodAccessorImpl.invoke(Unknown Source)
	at java.lang.reflect.Method.invoke(Unknown Source)
	at org.testng.internal.MethodInvocationHelper.invokeMethod(MethodInvocationHelper.java:85)
	at org.testng.internal.Invoker.invokeMethod(Invoker.java:696)
	at org.testng.internal.Invoker.invokeTestMethod(Invoker.java:882)
	at org.testng.internal.Invoker.invokeTestMethods(Invoker.java:1189)
	at org.testng.internal.TestMethodWorker.invokeTestMethods(TestMethodWorker.java:124)
	at org.testng.internal.TestMethodWorker.run(TestMethodWorker.java:108)
	at org.testng.TestRunner.privateRun(TestRunner.java:767)
	at org.testng.TestRunner.run(TestRunner.java:617)
	at org.testng.SuiteRunner.runTest(SuiteRunner.java:348)
	at org.testng.SuiteRunner.runSequentially(SuiteRunner.java:343)
	at org.testng.SuiteRunner.privateRun(SuiteRunner.java:305)
	at org.testng.SuiteRunner.run(SuiteRunner.java:254)
	at org.testng.SuiteRunnerWorker.runSuite(SuiteRunnerWorker.java:52)
	at org.testng.SuiteRunnerWorker.run(SuiteRunnerWorker.java:86)
	at org.testng.TestNG.runSuitesSequentially(TestNG.java:1224)
	at org.testng.TestNG.runSuitesLocally(TestNG.java:1149)
	at org.testng.TestNG.run(TestNG.java:1057)
	at org.testng.remote.AbstractRemoteTestNG.run(AbstractRemoteTestNG.java:114)
	at org.testng.remote.RemoteTestNG.initAndRun(RemoteTestNG.java:251)
	at org.testng.remote.RemoteTestNG.main(RemoteTestNG.java:77)
</pre></div></td>
<td>2</td>
<td>com.travelex.automation.api.duedil.FCPAdpaterScreening@e45f292</td></tr>
<tr>
<td title='com.travelex.automation.api.duedil.FCPAdpaterScreening.duedilScreeningApiTest()'><b>duedilScreeningApiTest</b><br>Test class: com.travelex.automation.api.duedil.FCPAdpaterScreening<br>Parameters: 86.0, Hussan Hussan EL HAJJI, NULL, Mumbai, Maharashtra, INDIA, 12/02/1988, NULL, UKSANCTIONSD, NO HIT, Hassan Hassan EL HAJJ</td>
<td><div><pre>java.lang.AssertionError: No Hit was expected but HIT FOUND expected [true] but found [false]
	at org.testng.Assert.fail(Assert.java:94)
	at org.testng.Assert.failNotEquals(Assert.java:494)
	at org.testng.Assert.assertTrue(Assert.java:42)
	at com.travelex.automation.api.methods.ExecuteApiMethods_FCP.executePostMethodForFCPAdapter(ExecuteApiMethods_FCP.java:140)
	at com.travelex.automation.api.duedil.FCPAdpaterScreening.duedilScreeningApiTest(FCPAdpaterScreening.java:136)
	at sun.reflect.GeneratedMethodAccessor59.invoke(Unknown Source)
	at sun.reflect.DelegatingMethodAccessorImpl.invoke(Unknown Source)
	at java.lang.reflect.Method.invoke(Unknown Source)
	at org.testng.internal.MethodInvocationHelper.invokeMethod(MethodInvocationHelper.java:85)
	at org.testng.internal.Invoker.invokeMethod(Invoker.java:696)
	at org.testng.internal.Invoker.invokeTestMethod(Invoker.java:882)
	at org.testng.internal.Invoker.invokeTestMethods(Invoker.java:1189)
	at org.testng.internal.TestMethodWorker.invokeTestMethods(TestMethodWorker.java:124)
	at org.testng.internal.TestMethodWorker.run(TestMethodWorker.java:108)
	at org.testng.TestRunner.privateRun(TestRunner.java:767)
	at org.testng.TestRunner.run(TestRunner.java:617)
	at org.testng.SuiteRunner.runTest(SuiteRunner.java:348)
	at org.testng.SuiteRunner.runSequentially(SuiteRunner.java:343)
	at org.testng.SuiteRunner.privateRun(SuiteRunner.java:305)
	at org.testng.SuiteRunner.run(SuiteRunner.java:254)
	at org.testng.SuiteRunnerWorker.runSuite(SuiteRunnerWorker.java:52)
	at org.testng.SuiteRunnerWorker.run(SuiteRunnerWorker.java:86)
	at org.testng.TestNG.runSuitesSequentially(TestNG.java:1224)
	at org.testng.TestNG.runSuitesLocally(TestNG.java:1149)
	at org.testng.TestNG.run(TestNG.java:1057)
	at org.testng.remote.AbstractRemoteTestNG.run(AbstractRemoteTestNG.java:114)
	at org.testng.remote.RemoteTestNG.initAndRun(RemoteTestNG.java:251)
	at org.testng.remote.RemoteTestNG.main(RemoteTestNG.java:77)
</pre></div><a href='#' onClick='toggleBox("stack-trace2089816579", this, "Click to show all stack frames", "Click to hide stack frames")'>Click to show all stack frames</a>
<div class='stack-trace' id='stack-trace2089816579'><pre>java.lang.AssertionError: No Hit was expected but HIT FOUND expected [true] but found [false]
	at org.testng.Assert.fail(Assert.java:94)
	at org.testng.Assert.failNotEquals(Assert.java:494)
	at org.testng.Assert.assertTrue(Assert.java:42)
	at com.travelex.automation.api.methods.ExecuteApiMethods_FCP.executePostMethodForFCPAdapter(ExecuteApiMethods_FCP.java:140)
	at com.travelex.automation.api.duedil.FCPAdpaterScreening.duedilScreeningApiTest(FCPAdpaterScreening.java:136)
	at sun.reflect.GeneratedMethodAccessor59.invoke(Unknown Source)
	at sun.reflect.DelegatingMethodAccessorImpl.invoke(Unknown Source)
	at java.lang.reflect.Method.invoke(Unknown Source)
	at org.testng.internal.MethodInvocationHelper.invokeMethod(MethodInvocationHelper.java:85)
	at org.testng.internal.Invoker.invokeMethod(Invoker.java:696)
	at org.testng.internal.Invoker.invokeTestMethod(Invoker.java:882)
	at org.testng.internal.Invoker.invokeTestMethods(Invoker.java:1189)
	at org.testng.internal.TestMethodWorker.invokeTestMethods(TestMethodWorker.java:124)
	at org.testng.internal.TestMethodWorker.run(TestMethodWorker.java:108)
	at org.testng.TestRunner.privateRun(TestRunner.java:767)
	at org.testng.TestRunner.run(TestRunner.java:617)
	at org.testng.SuiteRunner.runTest(SuiteRunner.java:348)
	at org.testng.SuiteRunner.runSequentially(SuiteRunner.java:343)
	at org.testng.SuiteRunner.privateRun(SuiteRunner.java:305)
	at org.testng.SuiteRunner.run(SuiteRunner.java:254)
	at org.testng.SuiteRunnerWorker.runSuite(SuiteRunnerWorker.java:52)
	at org.testng.SuiteRunnerWorker.run(SuiteRunnerWorker.java:86)
	at org.testng.TestNG.runSuitesSequentially(TestNG.java:1224)
	at org.testng.TestNG.runSuitesLocally(TestNG.java:1149)
	at org.testng.TestNG.run(TestNG.java:1057)
	at org.testng.remote.AbstractRemoteTestNG.run(AbstractRemoteTestNG.java:114)
	at org.testng.remote.RemoteTestNG.initAndRun(RemoteTestNG.java:251)
	at org.testng.remote.RemoteTestNG.main(RemoteTestNG.java:77)
</pre></div></td>
<td>3</td>
<td>com.travelex.automation.api.duedil.FCPAdpaterScreening@e45f292</td></tr>
<tr>
<td title='com.travelex.automation.api.duedil.FCPAdpaterScreening.duedilScreeningApiTest()'><b>duedilScreeningApiTest</b><br>Test class: com.travelex.automation.api.duedil.FCPAdpaterScreening<br>Parameters: 87.0, Nayff Salamm Mahammadd Ujaayam AL-HABBABII, NULL, Mumbai, Maharashtra, INDIA, 11/11/1979, NULL, UKSANCTIONSD, NO HIT, Nayf Salam Muhammad Ujaym AL-HABABI</td>
<td><div><pre>java.lang.AssertionError: No Hit was expected but HIT FOUND expected [true] but found [false]
	at org.testng.Assert.fail(Assert.java:94)
	at org.testng.Assert.failNotEquals(Assert.java:494)
	at org.testng.Assert.assertTrue(Assert.java:42)
	at com.travelex.automation.api.methods.ExecuteApiMethods_FCP.executePostMethodForFCPAdapter(ExecuteApiMethods_FCP.java:140)
	at com.travelex.automation.api.duedil.FCPAdpaterScreening.duedilScreeningApiTest(FCPAdpaterScreening.java:136)
	at sun.reflect.GeneratedMethodAccessor59.invoke(Unknown Source)
	at sun.reflect.DelegatingMethodAccessorImpl.invoke(Unknown Source)
	at java.lang.reflect.Method.invoke(Unknown Source)
	at org.testng.internal.MethodInvocationHelper.invokeMethod(MethodInvocationHelper.java:85)
	at org.testng.internal.Invoker.invokeMethod(Invoker.java:696)
	at org.testng.internal.Invoker.invokeTestMethod(Invoker.java:882)
	at org.testng.internal.Invoker.invokeTestMethods(Invoker.java:1189)
	at org.testng.internal.TestMethodWorker.invokeTestMethods(TestMethodWorker.java:124)
	at org.testng.internal.TestMethodWorker.run(TestMethodWorker.java:108)
	at org.testng.TestRunner.privateRun(TestRunner.java:767)
	at org.testng.TestRunner.run(TestRunner.java:617)
	at org.testng.SuiteRunner.runTest(SuiteRunner.java:348)
	at org.testng.SuiteRunner.runSequentially(SuiteRunner.java:343)
	at org.testng.SuiteRunner.privateRun(SuiteRunner.java:305)
	at org.testng.SuiteRunner.run(SuiteRunner.java:254)
	at org.testng.SuiteRunnerWorker.runSuite(SuiteRunnerWorker.java:52)
	at org.testng.SuiteRunnerWorker.run(SuiteRunnerWorker.java:86)
	at org.testng.TestNG.runSuitesSequentially(TestNG.java:1224)
	at org.testng.TestNG.runSuitesLocally(TestNG.java:1149)
	at org.testng.TestNG.run(TestNG.java:1057)
	at org.testng.remote.AbstractRemoteTestNG.run(AbstractRemoteTestNG.java:114)
	at org.testng.remote.RemoteTestNG.initAndRun(RemoteTestNG.java:251)
	at org.testng.remote.RemoteTestNG.main(RemoteTestNG.java:77)
</pre></div><a href='#' onClick='toggleBox("stack-trace349270906", this, "Click to show all stack frames", "Click to hide stack frames")'>Click to show all stack frames</a>
<div class='stack-trace' id='stack-trace349270906'><pre>java.lang.AssertionError: No Hit was expected but HIT FOUND expected [true] but found [false]
	at org.testng.Assert.fail(Assert.java:94)
	at org.testng.Assert.failNotEquals(Assert.java:494)
	at org.testng.Assert.assertTrue(Assert.java:42)
	at com.travelex.automation.api.methods.ExecuteApiMethods_FCP.executePostMethodForFCPAdapter(ExecuteApiMethods_FCP.java:140)
	at com.travelex.automation.api.duedil.FCPAdpaterScreening.duedilScreeningApiTest(FCPAdpaterScreening.java:136)
	at sun.reflect.GeneratedMethodAccessor59.invoke(Unknown Source)
	at sun.reflect.DelegatingMethodAccessorImpl.invoke(Unknown Source)
	at java.lang.reflect.Method.invoke(Unknown Source)
	at org.testng.internal.MethodInvocationHelper.invokeMethod(MethodInvocationHelper.java:85)
	at org.testng.internal.Invoker.invokeMethod(Invoker.java:696)
	at org.testng.internal.Invoker.invokeTestMethod(Invoker.java:882)
	at org.testng.internal.Invoker.invokeTestMethods(Invoker.java:1189)
	at org.testng.internal.TestMethodWorker.invokeTestMethods(TestMethodWorker.java:124)
	at org.testng.internal.TestMethodWorker.run(TestMethodWorker.java:108)
	at org.testng.TestRunner.privateRun(TestRunner.java:767)
	at org.testng.TestRunner.run(TestRunner.java:617)
	at org.testng.SuiteRunner.runTest(SuiteRunner.java:348)
	at org.testng.SuiteRunner.runSequentially(SuiteRunner.java:343)
	at org.testng.SuiteRunner.privateRun(SuiteRunner.java:305)
	at org.testng.SuiteRunner.run(SuiteRunner.java:254)
	at org.testng.SuiteRunnerWorker.runSuite(SuiteRunnerWorker.java:52)
	at org.testng.SuiteRunnerWorker.run(SuiteRunnerWorker.java:86)
	at org.testng.TestNG.runSuitesSequentially(TestNG.java:1224)
	at org.testng.TestNG.runSuitesLocally(TestNG.java:1149)
	at org.testng.TestNG.run(TestNG.java:1057)
	at org.testng.remote.AbstractRemoteTestNG.run(AbstractRemoteTestNG.java:114)
	at org.testng.remote.RemoteTestNG.initAndRun(RemoteTestNG.java:251)
	at org.testng.remote.RemoteTestNG.main(RemoteTestNG.java:77)
</pre></div></td>
<td>2</td>
<td>com.travelex.automation.api.duedil.FCPAdpaterScreening@e45f292</td></tr>
<tr>
<td title='com.travelex.automation.api.duedil.FCPAdpaterScreening.duedilScreeningApiTest()'><b>duedilScreeningApiTest</b><br>Test class: com.travelex.automation.api.duedil.FCPAdpaterScreening<br>Parameters: 92.0, Fraancine Deeniise LOUIEE, NULL, Mumbai, Maharashtra, INDIA, 12/23/1955, NULL, UKSANCTIONSD, HIT, Daniel Maurice LOUIE</td>
<td><div><pre>java.lang.AssertionError: Hit was expected but NO HIT FOUND expected [true] but found [false]
	at org.testng.Assert.fail(Assert.java:94)
	at org.testng.Assert.failNotEquals(Assert.java:494)
	at org.testng.Assert.assertTrue(Assert.java:42)
	at com.travelex.automation.api.methods.ExecuteApiMethods_FCP.executePostMethodForFCPAdapter(ExecuteApiMethods_FCP.java:99)
	at com.travelex.automation.api.duedil.FCPAdpaterScreening.duedilScreeningApiTest(FCPAdpaterScreening.java:136)
	at sun.reflect.GeneratedMethodAccessor59.invoke(Unknown Source)
	at sun.reflect.DelegatingMethodAccessorImpl.invoke(Unknown Source)
	at java.lang.reflect.Method.invoke(Unknown Source)
	at org.testng.internal.MethodInvocationHelper.invokeMethod(MethodInvocationHelper.java:85)
	at org.testng.internal.Invoker.invokeMethod(Invoker.java:696)
	at org.testng.internal.Invoker.invokeTestMethod(Invoker.java:882)
	at org.testng.internal.Invoker.invokeTestMethods(Invoker.java:1189)
	at org.testng.internal.TestMethodWorker.invokeTestMethods(TestMethodWorker.java:124)
	at org.testng.internal.TestMethodWorker.run(TestMethodWorker.java:108)
	at org.testng.TestRunner.privateRun(TestRunner.java:767)
	at org.testng.TestRunner.run(TestRunner.java:617)
	at org.testng.SuiteRunner.runTest(SuiteRunner.java:348)
	at org.testng.SuiteRunner.runSequentially(SuiteRunner.java:343)
	at org.testng.SuiteRunner.privateRun(SuiteRunner.java:305)
	at org.testng.SuiteRunner.run(SuiteRunner.java:254)
	at org.testng.SuiteRunnerWorker.runSuite(SuiteRunnerWorker.java:52)
	at org.testng.SuiteRunnerWorker.run(SuiteRunnerWorker.java:86)
	at org.testng.TestNG.runSuitesSequentially(TestNG.java:1224)
	at org.testng.TestNG.runSuitesLocally(TestNG.java:1149)
	at org.testng.TestNG.run(TestNG.java:1057)
	at org.testng.remote.AbstractRemoteTestNG.run(AbstractRemoteTestNG.java:114)
	at org.testng.remote.RemoteTestNG.initAndRun(RemoteTestNG.java:251)
	at org.testng.remote.RemoteTestNG.main(RemoteTestNG.java:77)
</pre></div><a href='#' onClick='toggleBox("stack-trace140163428", this, "Click to show all stack frames", "Click to hide stack frames")'>Click to show all stack frames</a>
<div class='stack-trace' id='stack-trace140163428'><pre>java.lang.AssertionError: Hit was expected but NO HIT FOUND expected [true] but found [false]
	at org.testng.Assert.fail(Assert.java:94)
	at org.testng.Assert.failNotEquals(Assert.java:494)
	at org.testng.Assert.assertTrue(Assert.java:42)
	at com.travelex.automation.api.methods.ExecuteApiMethods_FCP.executePostMethodForFCPAdapter(ExecuteApiMethods_FCP.java:99)
	at com.travelex.automation.api.duedil.FCPAdpaterScreening.duedilScreeningApiTest(FCPAdpaterScreening.java:136)
	at sun.reflect.GeneratedMethodAccessor59.invoke(Unknown Source)
	at sun.reflect.DelegatingMethodAccessorImpl.invoke(Unknown Source)
	at java.lang.reflect.Method.invoke(Unknown Source)
	at org.testng.internal.MethodInvocationHelper.invokeMethod(MethodInvocationHelper.java:85)
	at org.testng.internal.Invoker.invokeMethod(Invoker.java:696)
	at org.testng.internal.Invoker.invokeTestMethod(Invoker.java:882)
	at org.testng.internal.Invoker.invokeTestMethods(Invoker.java:1189)
	at org.testng.internal.TestMethodWorker.invokeTestMethods(TestMethodWorker.java:124)
	at org.testng.internal.TestMethodWorker.run(TestMethodWorker.java:108)
	at org.testng.TestRunner.privateRun(TestRunner.java:767)
	at org.testng.TestRunner.run(TestRunner.java:617)
	at org.testng.SuiteRunner.runTest(SuiteRunner.java:348)
	at org.testng.SuiteRunner.runSequentially(SuiteRunner.java:343)
	at org.testng.SuiteRunner.privateRun(SuiteRunner.java:305)
	at org.testng.SuiteRunner.run(SuiteRunner.java:254)
	at org.testng.SuiteRunnerWorker.runSuite(SuiteRunnerWorker.java:52)
	at org.testng.SuiteRunnerWorker.run(SuiteRunnerWorker.java:86)
	at org.testng.TestNG.runSuitesSequentially(TestNG.java:1224)
	at org.testng.TestNG.runSuitesLocally(TestNG.java:1149)
	at org.testng.TestNG.run(TestNG.java:1057)
	at org.testng.remote.AbstractRemoteTestNG.run(AbstractRemoteTestNG.java:114)
	at org.testng.remote.RemoteTestNG.initAndRun(RemoteTestNG.java:251)
	at org.testng.remote.RemoteTestNG.main(RemoteTestNG.java:77)
</pre></div></td>
<td>2</td>
<td>com.travelex.automation.api.duedil.FCPAdpaterScreening@e45f292</td></tr>
<tr>
<td title='com.travelex.automation.api.duedil.FCPAdpaterScreening.duedilScreeningApiTest()'><b>duedilScreeningApiTest</b><br>Test class: com.travelex.automation.api.duedil.FCPAdpaterScreening<br>Parameters: 100.0, Chun Il PARK, NULL, Cairo, Al Qahirah, EGYPT, 01/16/1987, NULL, UKSANCTIONSD, HIT, Chun Il PAK</td>
<td><div><pre>java.lang.AssertionError: Hit was expected but NO HIT FOUND expected [true] but found [false]
	at org.testng.Assert.fail(Assert.java:94)
	at org.testng.Assert.failNotEquals(Assert.java:494)
	at org.testng.Assert.assertTrue(Assert.java:42)
	at com.travelex.automation.api.methods.ExecuteApiMethods_FCP.executePostMethodForFCPAdapter(ExecuteApiMethods_FCP.java:99)
	at com.travelex.automation.api.duedil.FCPAdpaterScreening.duedilScreeningApiTest(FCPAdpaterScreening.java:136)
	at sun.reflect.GeneratedMethodAccessor59.invoke(Unknown Source)
	at sun.reflect.DelegatingMethodAccessorImpl.invoke(Unknown Source)
	at java.lang.reflect.Method.invoke(Unknown Source)
	at org.testng.internal.MethodInvocationHelper.invokeMethod(MethodInvocationHelper.java:85)
	at org.testng.internal.Invoker.invokeMethod(Invoker.java:696)
	at org.testng.internal.Invoker.invokeTestMethod(Invoker.java:882)
	at org.testng.internal.Invoker.invokeTestMethods(Invoker.java:1189)
	at org.testng.internal.TestMethodWorker.invokeTestMethods(TestMethodWorker.java:124)
	at org.testng.internal.TestMethodWorker.run(TestMethodWorker.java:108)
	at org.testng.TestRunner.privateRun(TestRunner.java:767)
	at org.testng.TestRunner.run(TestRunner.java:617)
	at org.testng.SuiteRunner.runTest(SuiteRunner.java:348)
	at org.testng.SuiteRunner.runSequentially(SuiteRunner.java:343)
	at org.testng.SuiteRunner.privateRun(SuiteRunner.java:305)
	at org.testng.SuiteRunner.run(SuiteRunner.java:254)
	at org.testng.SuiteRunnerWorker.runSuite(SuiteRunnerWorker.java:52)
	at org.testng.SuiteRunnerWorker.run(SuiteRunnerWorker.java:86)
	at org.testng.TestNG.runSuitesSequentially(TestNG.java:1224)
	at org.testng.TestNG.runSuitesLocally(TestNG.java:1149)
	at org.testng.TestNG.run(TestNG.java:1057)
	at org.testng.remote.AbstractRemoteTestNG.run(AbstractRemoteTestNG.java:114)
	at org.testng.remote.RemoteTestNG.initAndRun(RemoteTestNG.java:251)
	at org.testng.remote.RemoteTestNG.main(RemoteTestNG.java:77)
</pre></div><a href='#' onClick='toggleBox("stack-trace1214459753", this, "Click to show all stack frames", "Click to hide stack frames")'>Click to show all stack frames</a>
<div class='stack-trace' id='stack-trace1214459753'><pre>java.lang.AssertionError: Hit was expected but NO HIT FOUND expected [true] but found [false]
	at org.testng.Assert.fail(Assert.java:94)
	at org.testng.Assert.failNotEquals(Assert.java:494)
	at org.testng.Assert.assertTrue(Assert.java:42)
	at com.travelex.automation.api.methods.ExecuteApiMethods_FCP.executePostMethodForFCPAdapter(ExecuteApiMethods_FCP.java:99)
	at com.travelex.automation.api.duedil.FCPAdpaterScreening.duedilScreeningApiTest(FCPAdpaterScreening.java:136)
	at sun.reflect.GeneratedMethodAccessor59.invoke(Unknown Source)
	at sun.reflect.DelegatingMethodAccessorImpl.invoke(Unknown Source)
	at java.lang.reflect.Method.invoke(Unknown Source)
	at org.testng.internal.MethodInvocationHelper.invokeMethod(MethodInvocationHelper.java:85)
	at org.testng.internal.Invoker.invokeMethod(Invoker.java:696)
	at org.testng.internal.Invoker.invokeTestMethod(Invoker.java:882)
	at org.testng.internal.Invoker.invokeTestMethods(Invoker.java:1189)
	at org.testng.internal.TestMethodWorker.invokeTestMethods(TestMethodWorker.java:124)
	at org.testng.internal.TestMethodWorker.run(TestMethodWorker.java:108)
	at org.testng.TestRunner.privateRun(TestRunner.java:767)
	at org.testng.TestRunner.run(TestRunner.java:617)
	at org.testng.SuiteRunner.runTest(SuiteRunner.java:348)
	at org.testng.SuiteRunner.runSequentially(SuiteRunner.java:343)
	at org.testng.SuiteRunner.privateRun(SuiteRunner.java:305)
	at org.testng.SuiteRunner.run(SuiteRunner.java:254)
	at org.testng.SuiteRunnerWorker.runSuite(SuiteRunnerWorker.java:52)
	at org.testng.SuiteRunnerWorker.run(SuiteRunnerWorker.java:86)
	at org.testng.TestNG.runSuitesSequentially(TestNG.java:1224)
	at org.testng.TestNG.runSuitesLocally(TestNG.java:1149)
	at org.testng.TestNG.run(TestNG.java:1057)
	at org.testng.remote.AbstractRemoteTestNG.run(AbstractRemoteTestNG.java:114)
	at org.testng.remote.RemoteTestNG.initAndRun(RemoteTestNG.java:251)
	at org.testng.remote.RemoteTestNG.main(RemoteTestNG.java:77)
</pre></div></td>
<td>2</td>
<td>com.travelex.automation.api.duedil.FCPAdpaterScreening@e45f292</td></tr>
<tr>
<td title='com.travelex.automation.api.duedil.FCPAdpaterScreening.duedilScreeningApiTest()'><b>duedilScreeningApiTest</b><br>Test class: com.travelex.automation.api.duedil.FCPAdpaterScreening<br>Parameters: 101.0, Sa'd bi Sa' Muhamad Shariyann AL-KA'BII, NULL, NULL, NULL, QATAR, 01/16/1987, NULL, UKSANCTIONSD, HIT, Sa'd bin Sa'd Muhammad Shariyan AL-KA'BI</td>
<td><div><pre>java.lang.AssertionError: Hit was expected but NO HIT FOUND expected [true] but found [false]
	at org.testng.Assert.fail(Assert.java:94)
	at org.testng.Assert.failNotEquals(Assert.java:494)
	at org.testng.Assert.assertTrue(Assert.java:42)
	at com.travelex.automation.api.methods.ExecuteApiMethods_FCP.executePostMethodForFCPAdapter(ExecuteApiMethods_FCP.java:99)
	at com.travelex.automation.api.duedil.FCPAdpaterScreening.duedilScreeningApiTest(FCPAdpaterScreening.java:136)
	at sun.reflect.GeneratedMethodAccessor59.invoke(Unknown Source)
	at sun.reflect.DelegatingMethodAccessorImpl.invoke(Unknown Source)
	at java.lang.reflect.Method.invoke(Unknown Source)
	at org.testng.internal.MethodInvocationHelper.invokeMethod(MethodInvocationHelper.java:85)
	at org.testng.internal.Invoker.invokeMethod(Invoker.java:696)
	at org.testng.internal.Invoker.invokeTestMethod(Invoker.java:882)
	at org.testng.internal.Invoker.invokeTestMethods(Invoker.java:1189)
	at org.testng.internal.TestMethodWorker.invokeTestMethods(TestMethodWorker.java:124)
	at org.testng.internal.TestMethodWorker.run(TestMethodWorker.java:108)
	at org.testng.TestRunner.privateRun(TestRunner.java:767)
	at org.testng.TestRunner.run(TestRunner.java:617)
	at org.testng.SuiteRunner.runTest(SuiteRunner.java:348)
	at org.testng.SuiteRunner.runSequentially(SuiteRunner.java:343)
	at org.testng.SuiteRunner.privateRun(SuiteRunner.java:305)
	at org.testng.SuiteRunner.run(SuiteRunner.java:254)
	at org.testng.SuiteRunnerWorker.runSuite(SuiteRunnerWorker.java:52)
	at org.testng.SuiteRunnerWorker.run(SuiteRunnerWorker.java:86)
	at org.testng.TestNG.runSuitesSequentially(TestNG.java:1224)
	at org.testng.TestNG.runSuitesLocally(TestNG.java:1149)
	at org.testng.TestNG.run(TestNG.java:1057)
	at org.testng.remote.AbstractRemoteTestNG.run(AbstractRemoteTestNG.java:114)
	at org.testng.remote.RemoteTestNG.initAndRun(RemoteTestNG.java:251)
	at org.testng.remote.RemoteTestNG.main(RemoteTestNG.java:77)
</pre></div><a href='#' onClick='toggleBox("stack-trace405587614", this, "Click to show all stack frames", "Click to hide stack frames")'>Click to show all stack frames</a>
<div class='stack-trace' id='stack-trace405587614'><pre>java.lang.AssertionError: Hit was expected but NO HIT FOUND expected [true] but found [false]
	at org.testng.Assert.fail(Assert.java:94)
	at org.testng.Assert.failNotEquals(Assert.java:494)
	at org.testng.Assert.assertTrue(Assert.java:42)
	at com.travelex.automation.api.methods.ExecuteApiMethods_FCP.executePostMethodForFCPAdapter(ExecuteApiMethods_FCP.java:99)
	at com.travelex.automation.api.duedil.FCPAdpaterScreening.duedilScreeningApiTest(FCPAdpaterScreening.java:136)
	at sun.reflect.GeneratedMethodAccessor59.invoke(Unknown Source)
	at sun.reflect.DelegatingMethodAccessorImpl.invoke(Unknown Source)
	at java.lang.reflect.Method.invoke(Unknown Source)
	at org.testng.internal.MethodInvocationHelper.invokeMethod(MethodInvocationHelper.java:85)
	at org.testng.internal.Invoker.invokeMethod(Invoker.java:696)
	at org.testng.internal.Invoker.invokeTestMethod(Invoker.java:882)
	at org.testng.internal.Invoker.invokeTestMethods(Invoker.java:1189)
	at org.testng.internal.TestMethodWorker.invokeTestMethods(TestMethodWorker.java:124)
	at org.testng.internal.TestMethodWorker.run(TestMethodWorker.java:108)
	at org.testng.TestRunner.privateRun(TestRunner.java:767)
	at org.testng.TestRunner.run(TestRunner.java:617)
	at org.testng.SuiteRunner.runTest(SuiteRunner.java:348)
	at org.testng.SuiteRunner.runSequentially(SuiteRunner.java:343)
	at org.testng.SuiteRunner.privateRun(SuiteRunner.java:305)
	at org.testng.SuiteRunner.run(SuiteRunner.java:254)
	at org.testng.SuiteRunnerWorker.runSuite(SuiteRunnerWorker.java:52)
	at org.testng.SuiteRunnerWorker.run(SuiteRunnerWorker.java:86)
	at org.testng.TestNG.runSuitesSequentially(TestNG.java:1224)
	at org.testng.TestNG.runSuitesLocally(TestNG.java:1149)
	at org.testng.TestNG.run(TestNG.java:1057)
	at org.testng.remote.AbstractRemoteTestNG.run(AbstractRemoteTestNG.java:114)
	at org.testng.remote.RemoteTestNG.initAndRun(RemoteTestNG.java:251)
	at org.testng.remote.RemoteTestNG.main(RemoteTestNG.java:77)
</pre></div></td>
<td>3</td>
<td>com.travelex.automation.api.duedil.FCPAdpaterScreening@e45f292</td></tr>
<tr>
<td title='com.travelex.automation.api.duedil.FCPAdpaterScreening.duedilScreeningApiTest()'><b>duedilScreeningApiTest</b><br>Test class: com.travelex.automation.api.duedil.FCPAdpaterScreening<br>Parameters: 115.0, Sayed S Abdal-Rabuh AL-OMGY, Mahal, Al Mukalla, NULL, NULL, YEMEN, 11/11/1956, NULL, UKSANCTIONSD, HIT, Said Salih Abd-Rabbuh AL-OMGY</td>
<td><div><pre>java.lang.AssertionError: Hit was expected but NO HIT FOUND expected [true] but found [false]
	at org.testng.Assert.fail(Assert.java:94)
	at org.testng.Assert.failNotEquals(Assert.java:494)
	at org.testng.Assert.assertTrue(Assert.java:42)
	at com.travelex.automation.api.methods.ExecuteApiMethods_FCP.executePostMethodForFCPAdapter(ExecuteApiMethods_FCP.java:99)
	at com.travelex.automation.api.duedil.FCPAdpaterScreening.duedilScreeningApiTest(FCPAdpaterScreening.java:136)
	at sun.reflect.GeneratedMethodAccessor59.invoke(Unknown Source)
	at sun.reflect.DelegatingMethodAccessorImpl.invoke(Unknown Source)
	at java.lang.reflect.Method.invoke(Unknown Source)
	at org.testng.internal.MethodInvocationHelper.invokeMethod(MethodInvocationHelper.java:85)
	at org.testng.internal.Invoker.invokeMethod(Invoker.java:696)
	at org.testng.internal.Invoker.invokeTestMethod(Invoker.java:882)
	at org.testng.internal.Invoker.invokeTestMethods(Invoker.java:1189)
	at org.testng.internal.TestMethodWorker.invokeTestMethods(TestMethodWorker.java:124)
	at org.testng.internal.TestMethodWorker.run(TestMethodWorker.java:108)
	at org.testng.TestRunner.privateRun(TestRunner.java:767)
	at org.testng.TestRunner.run(TestRunner.java:617)
	at org.testng.SuiteRunner.runTest(SuiteRunner.java:348)
	at org.testng.SuiteRunner.runSequentially(SuiteRunner.java:343)
	at org.testng.SuiteRunner.privateRun(SuiteRunner.java:305)
	at org.testng.SuiteRunner.run(SuiteRunner.java:254)
	at org.testng.SuiteRunnerWorker.runSuite(SuiteRunnerWorker.java:52)
	at org.testng.SuiteRunnerWorker.run(SuiteRunnerWorker.java:86)
	at org.testng.TestNG.runSuitesSequentially(TestNG.java:1224)
	at org.testng.TestNG.runSuitesLocally(TestNG.java:1149)
	at org.testng.TestNG.run(TestNG.java:1057)
	at org.testng.remote.AbstractRemoteTestNG.run(AbstractRemoteTestNG.java:114)
	at org.testng.remote.RemoteTestNG.initAndRun(RemoteTestNG.java:251)
	at org.testng.remote.RemoteTestNG.main(RemoteTestNG.java:77)
</pre></div><a href='#' onClick='toggleBox("stack-trace137983327", this, "Click to show all stack frames", "Click to hide stack frames")'>Click to show all stack frames</a>
<div class='stack-trace' id='stack-trace137983327'><pre>java.lang.AssertionError: Hit was expected but NO HIT FOUND expected [true] but found [false]
	at org.testng.Assert.fail(Assert.java:94)
	at org.testng.Assert.failNotEquals(Assert.java:494)
	at org.testng.Assert.assertTrue(Assert.java:42)
	at com.travelex.automation.api.methods.ExecuteApiMethods_FCP.executePostMethodForFCPAdapter(ExecuteApiMethods_FCP.java:99)
	at com.travelex.automation.api.duedil.FCPAdpaterScreening.duedilScreeningApiTest(FCPAdpaterScreening.java:136)
	at sun.reflect.GeneratedMethodAccessor59.invoke(Unknown Source)
	at sun.reflect.DelegatingMethodAccessorImpl.invoke(Unknown Source)
	at java.lang.reflect.Method.invoke(Unknown Source)
	at org.testng.internal.MethodInvocationHelper.invokeMethod(MethodInvocationHelper.java:85)
	at org.testng.internal.Invoker.invokeMethod(Invoker.java:696)
	at org.testng.internal.Invoker.invokeTestMethod(Invoker.java:882)
	at org.testng.internal.Invoker.invokeTestMethods(Invoker.java:1189)
	at org.testng.internal.TestMethodWorker.invokeTestMethods(TestMethodWorker.java:124)
	at org.testng.internal.TestMethodWorker.run(TestMethodWorker.java:108)
	at org.testng.TestRunner.privateRun(TestRunner.java:767)
	at org.testng.TestRunner.run(TestRunner.java:617)
	at org.testng.SuiteRunner.runTest(SuiteRunner.java:348)
	at org.testng.SuiteRunner.runSequentially(SuiteRunner.java:343)
	at org.testng.SuiteRunner.privateRun(SuiteRunner.java:305)
	at org.testng.SuiteRunner.run(SuiteRunner.java:254)
	at org.testng.SuiteRunnerWorker.runSuite(SuiteRunnerWorker.java:52)
	at org.testng.SuiteRunnerWorker.run(SuiteRunnerWorker.java:86)
	at org.testng.TestNG.runSuitesSequentially(TestNG.java:1224)
	at org.testng.TestNG.runSuitesLocally(TestNG.java:1149)
	at org.testng.TestNG.run(TestNG.java:1057)
	at org.testng.remote.AbstractRemoteTestNG.run(AbstractRemoteTestNG.java:114)
	at org.testng.remote.RemoteTestNG.initAndRun(RemoteTestNG.java:251)
	at org.testng.remote.RemoteTestNG.main(RemoteTestNG.java:77)
</pre></div></td>
<td>1</td>
<td>com.travelex.automation.api.duedil.FCPAdpaterScreening@e45f292</td></tr>
<tr>
<td title='com.travelex.automation.api.duedil.FCPAdpaterScreening.duedilScreeningApiTest()'><b>duedilScreeningApiTest</b><br>Test class: com.travelex.automation.api.duedil.FCPAdpaterScreening<br>Parameters: 117.0, Mohammed Mehmood MEHALLAH, NULL, NULL, NULL, SYRIA, 11/14/1959, NULL, UKSANCTIONSD, HIT, Muhammad Mahmud MAHALLA</td>
<td><div><pre>java.lang.AssertionError: Hit was expected but NO HIT FOUND expected [true] but found [false]
	at org.testng.Assert.fail(Assert.java:94)
	at org.testng.Assert.failNotEquals(Assert.java:494)
	at org.testng.Assert.assertTrue(Assert.java:42)
	at com.travelex.automation.api.methods.ExecuteApiMethods_FCP.executePostMethodForFCPAdapter(ExecuteApiMethods_FCP.java:99)
	at com.travelex.automation.api.duedil.FCPAdpaterScreening.duedilScreeningApiTest(FCPAdpaterScreening.java:136)
	at sun.reflect.GeneratedMethodAccessor59.invoke(Unknown Source)
	at sun.reflect.DelegatingMethodAccessorImpl.invoke(Unknown Source)
	at java.lang.reflect.Method.invoke(Unknown Source)
	at org.testng.internal.MethodInvocationHelper.invokeMethod(MethodInvocationHelper.java:85)
	at org.testng.internal.Invoker.invokeMethod(Invoker.java:696)
	at org.testng.internal.Invoker.invokeTestMethod(Invoker.java:882)
	at org.testng.internal.Invoker.invokeTestMethods(Invoker.java:1189)
	at org.testng.internal.TestMethodWorker.invokeTestMethods(TestMethodWorker.java:124)
	at org.testng.internal.TestMethodWorker.run(TestMethodWorker.java:108)
	at org.testng.TestRunner.privateRun(TestRunner.java:767)
	at org.testng.TestRunner.run(TestRunner.java:617)
	at org.testng.SuiteRunner.runTest(SuiteRunner.java:348)
	at org.testng.SuiteRunner.runSequentially(SuiteRunner.java:343)
	at org.testng.SuiteRunner.privateRun(SuiteRunner.java:305)
	at org.testng.SuiteRunner.run(SuiteRunner.java:254)
	at org.testng.SuiteRunnerWorker.runSuite(SuiteRunnerWorker.java:52)
	at org.testng.SuiteRunnerWorker.run(SuiteRunnerWorker.java:86)
	at org.testng.TestNG.runSuitesSequentially(TestNG.java:1224)
	at org.testng.TestNG.runSuitesLocally(TestNG.java:1149)
	at org.testng.TestNG.run(TestNG.java:1057)
	at org.testng.remote.AbstractRemoteTestNG.run(AbstractRemoteTestNG.java:114)
	at org.testng.remote.RemoteTestNG.initAndRun(RemoteTestNG.java:251)
	at org.testng.remote.RemoteTestNG.main(RemoteTestNG.java:77)
</pre></div><a href='#' onClick='toggleBox("stack-trace1428942383", this, "Click to show all stack frames", "Click to hide stack frames")'>Click to show all stack frames</a>
<div class='stack-trace' id='stack-trace1428942383'><pre>java.lang.AssertionError: Hit was expected but NO HIT FOUND expected [true] but found [false]
	at org.testng.Assert.fail(Assert.java:94)
	at org.testng.Assert.failNotEquals(Assert.java:494)
	at org.testng.Assert.assertTrue(Assert.java:42)
	at com.travelex.automation.api.methods.ExecuteApiMethods_FCP.executePostMethodForFCPAdapter(ExecuteApiMethods_FCP.java:99)
	at com.travelex.automation.api.duedil.FCPAdpaterScreening.duedilScreeningApiTest(FCPAdpaterScreening.java:136)
	at sun.reflect.GeneratedMethodAccessor59.invoke(Unknown Source)
	at sun.reflect.DelegatingMethodAccessorImpl.invoke(Unknown Source)
	at java.lang.reflect.Method.invoke(Unknown Source)
	at org.testng.internal.MethodInvocationHelper.invokeMethod(MethodInvocationHelper.java:85)
	at org.testng.internal.Invoker.invokeMethod(Invoker.java:696)
	at org.testng.internal.Invoker.invokeTestMethod(Invoker.java:882)
	at org.testng.internal.Invoker.invokeTestMethods(Invoker.java:1189)
	at org.testng.internal.TestMethodWorker.invokeTestMethods(TestMethodWorker.java:124)
	at org.testng.internal.TestMethodWorker.run(TestMethodWorker.java:108)
	at org.testng.TestRunner.privateRun(TestRunner.java:767)
	at org.testng.TestRunner.run(TestRunner.java:617)
	at org.testng.SuiteRunner.runTest(SuiteRunner.java:348)
	at org.testng.SuiteRunner.runSequentially(SuiteRunner.java:343)
	at org.testng.SuiteRunner.privateRun(SuiteRunner.java:305)
	at org.testng.SuiteRunner.run(SuiteRunner.java:254)
	at org.testng.SuiteRunnerWorker.runSuite(SuiteRunnerWorker.java:52)
	at org.testng.SuiteRunnerWorker.run(SuiteRunnerWorker.java:86)
	at org.testng.TestNG.runSuitesSequentially(TestNG.java:1224)
	at org.testng.TestNG.runSuitesLocally(TestNG.java:1149)
	at org.testng.TestNG.run(TestNG.java:1057)
	at org.testng.remote.AbstractRemoteTestNG.run(AbstractRemoteTestNG.java:114)
	at org.testng.remote.RemoteTestNG.initAndRun(RemoteTestNG.java:251)
	at org.testng.remote.RemoteTestNG.main(RemoteTestNG.java:77)
</pre></div></td>
<td>2</td>
<td>com.travelex.automation.api.duedil.FCPAdpaterScreening@e45f292</td></tr>
<tr>
<td title='com.travelex.automation.api.duedil.FCPAdpaterScreening.duedilScreeningApiTest()'><b>duedilScreeningApiTest</b><br>Test class: com.travelex.automation.api.duedil.FCPAdpaterScreening<br>Parameters: 119.0, Basar S Ibrahim Hasan AL-TIKRITI, Beirut, NULL, NULL, LEBANON, 01/16/1987, NULL, UKSANCTIONSD, HIT, Bashar Sabawi Ibrahim Hasan AL-TIKRITI</td>
<td><div><pre>java.lang.AssertionError: Bashar Sabawi Ibrahim Hasan AL-TIKRITI not found in the hit response object expected [true] but found [false]
	at org.testng.Assert.fail(Assert.java:94)
	at org.testng.Assert.failNotEquals(Assert.java:494)
	at org.testng.Assert.assertTrue(Assert.java:42)
	at com.travelex.automation.api.methods.ExecuteApiMethods_FCP.executePostMethodForFCPAdapter(ExecuteApiMethods_FCP.java:129)
	at com.travelex.automation.api.duedil.FCPAdpaterScreening.duedilScreeningApiTest(FCPAdpaterScreening.java:136)
	at sun.reflect.GeneratedMethodAccessor59.invoke(Unknown Source)
	at sun.reflect.DelegatingMethodAccessorImpl.invoke(Unknown Source)
	at java.lang.reflect.Method.invoke(Unknown Source)
	at org.testng.internal.MethodInvocationHelper.invokeMethod(MethodInvocationHelper.java:85)
	at org.testng.internal.Invoker.invokeMethod(Invoker.java:696)
	at org.testng.internal.Invoker.invokeTestMethod(Invoker.java:882)
	at org.testng.internal.Invoker.invokeTestMethods(Invoker.java:1189)
	at org.testng.internal.TestMethodWorker.invokeTestMethods(TestMethodWorker.java:124)
	at org.testng.internal.TestMethodWorker.run(TestMethodWorker.java:108)
	at org.testng.TestRunner.privateRun(TestRunner.java:767)
	at org.testng.TestRunner.run(TestRunner.java:617)
	at org.testng.SuiteRunner.runTest(SuiteRunner.java:348)
	at org.testng.SuiteRunner.runSequentially(SuiteRunner.java:343)
	at org.testng.SuiteRunner.privateRun(SuiteRunner.java:305)
	at org.testng.SuiteRunner.run(SuiteRunner.java:254)
	at org.testng.SuiteRunnerWorker.runSuite(SuiteRunnerWorker.java:52)
	at org.testng.SuiteRunnerWorker.run(SuiteRunnerWorker.java:86)
	at org.testng.TestNG.runSuitesSequentially(TestNG.java:1224)
	at org.testng.TestNG.runSuitesLocally(TestNG.java:1149)
	at org.testng.TestNG.run(TestNG.java:1057)
	at org.testng.remote.AbstractRemoteTestNG.run(AbstractRemoteTestNG.java:114)
	at org.testng.remote.RemoteTestNG.initAndRun(RemoteTestNG.java:251)
	at org.testng.remote.RemoteTestNG.main(RemoteTestNG.java:77)
</pre></div><a href='#' onClick='toggleBox("stack-trace385131456", this, "Click to show all stack frames", "Click to hide stack frames")'>Click to show all stack frames</a>
<div class='stack-trace' id='stack-trace385131456'><pre>java.lang.AssertionError: Bashar Sabawi Ibrahim Hasan AL-TIKRITI not found in the hit response object expected [true] but found [false]
	at org.testng.Assert.fail(Assert.java:94)
	at org.testng.Assert.failNotEquals(Assert.java:494)
	at org.testng.Assert.assertTrue(Assert.java:42)
	at com.travelex.automation.api.methods.ExecuteApiMethods_FCP.executePostMethodForFCPAdapter(ExecuteApiMethods_FCP.java:129)
	at com.travelex.automation.api.duedil.FCPAdpaterScreening.duedilScreeningApiTest(FCPAdpaterScreening.java:136)
	at sun.reflect.GeneratedMethodAccessor59.invoke(Unknown Source)
	at sun.reflect.DelegatingMethodAccessorImpl.invoke(Unknown Source)
	at java.lang.reflect.Method.invoke(Unknown Source)
	at org.testng.internal.MethodInvocationHelper.invokeMethod(MethodInvocationHelper.java:85)
	at org.testng.internal.Invoker.invokeMethod(Invoker.java:696)
	at org.testng.internal.Invoker.invokeTestMethod(Invoker.java:882)
	at org.testng.internal.Invoker.invokeTestMethods(Invoker.java:1189)
	at org.testng.internal.TestMethodWorker.invokeTestMethods(TestMethodWorker.java:124)
	at org.testng.internal.TestMethodWorker.run(TestMethodWorker.java:108)
	at org.testng.TestRunner.privateRun(TestRunner.java:767)
	at org.testng.TestRunner.run(TestRunner.java:617)
	at org.testng.SuiteRunner.runTest(SuiteRunner.java:348)
	at org.testng.SuiteRunner.runSequentially(SuiteRunner.java:343)
	at org.testng.SuiteRunner.privateRun(SuiteRunner.java:305)
	at org.testng.SuiteRunner.run(SuiteRunner.java:254)
	at org.testng.SuiteRunnerWorker.runSuite(SuiteRunnerWorker.java:52)
	at org.testng.SuiteRunnerWorker.run(SuiteRunnerWorker.java:86)
	at org.testng.TestNG.runSuitesSequentially(TestNG.java:1224)
	at org.testng.TestNG.runSuitesLocally(TestNG.java:1149)
	at org.testng.TestNG.run(TestNG.java:1057)
	at org.testng.remote.AbstractRemoteTestNG.run(AbstractRemoteTestNG.java:114)
	at org.testng.remote.RemoteTestNG.initAndRun(RemoteTestNG.java:251)
	at org.testng.remote.RemoteTestNG.main(RemoteTestNG.java:77)
</pre></div></td>
<td>3</td>
<td>com.travelex.automation.api.duedil.FCPAdpaterScreening@e45f292</td></tr>
<tr>
<td title='com.travelex.automation.api.duedil.FCPAdpaterScreening.duedilScreeningApiTest()'><b>duedilScreeningApiTest</b><br>Test class: com.travelex.automation.api.duedil.FCPAdpaterScreening<br>Parameters: 120.0, Ibrahim S Ibrahim Hussan AL-TIKRITI, Al-Shahid Street, Al-Mahata Neighborhood, Az Zabadani, NULL, NULL, SYRIA, 01/16/1987, NULL, UKSANCTIONSD, HIT, Ibrahim Sabawi Ibrahim Hasan AL-TIKRITI</td>
<td><div><pre>java.lang.AssertionError: Hit was expected but NO HIT FOUND expected [true] but found [false]
	at org.testng.Assert.fail(Assert.java:94)
	at org.testng.Assert.failNotEquals(Assert.java:494)
	at org.testng.Assert.assertTrue(Assert.java:42)
	at com.travelex.automation.api.methods.ExecuteApiMethods_FCP.executePostMethodForFCPAdapter(ExecuteApiMethods_FCP.java:99)
	at com.travelex.automation.api.duedil.FCPAdpaterScreening.duedilScreeningApiTest(FCPAdpaterScreening.java:136)
	at sun.reflect.GeneratedMethodAccessor59.invoke(Unknown Source)
	at sun.reflect.DelegatingMethodAccessorImpl.invoke(Unknown Source)
	at java.lang.reflect.Method.invoke(Unknown Source)
	at org.testng.internal.MethodInvocationHelper.invokeMethod(MethodInvocationHelper.java:85)
	at org.testng.internal.Invoker.invokeMethod(Invoker.java:696)
	at org.testng.internal.Invoker.invokeTestMethod(Invoker.java:882)
	at org.testng.internal.Invoker.invokeTestMethods(Invoker.java:1189)
	at org.testng.internal.TestMethodWorker.invokeTestMethods(TestMethodWorker.java:124)
	at org.testng.internal.TestMethodWorker.run(TestMethodWorker.java:108)
	at org.testng.TestRunner.privateRun(TestRunner.java:767)
	at org.testng.TestRunner.run(TestRunner.java:617)
	at org.testng.SuiteRunner.runTest(SuiteRunner.java:348)
	at org.testng.SuiteRunner.runSequentially(SuiteRunner.java:343)
	at org.testng.SuiteRunner.privateRun(SuiteRunner.java:305)
	at org.testng.SuiteRunner.run(SuiteRunner.java:254)
	at org.testng.SuiteRunnerWorker.runSuite(SuiteRunnerWorker.java:52)
	at org.testng.SuiteRunnerWorker.run(SuiteRunnerWorker.java:86)
	at org.testng.TestNG.runSuitesSequentially(TestNG.java:1224)
	at org.testng.TestNG.runSuitesLocally(TestNG.java:1149)
	at org.testng.TestNG.run(TestNG.java:1057)
	at org.testng.remote.AbstractRemoteTestNG.run(AbstractRemoteTestNG.java:114)
	at org.testng.remote.RemoteTestNG.initAndRun(RemoteTestNG.java:251)
	at org.testng.remote.RemoteTestNG.main(RemoteTestNG.java:77)
</pre></div><a href='#' onClick='toggleBox("stack-trace1664738820", this, "Click to show all stack frames", "Click to hide stack frames")'>Click to show all stack frames</a>
<div class='stack-trace' id='stack-trace1664738820'><pre>java.lang.AssertionError: Hit was expected but NO HIT FOUND expected [true] but found [false]
	at org.testng.Assert.fail(Assert.java:94)
	at org.testng.Assert.failNotEquals(Assert.java:494)
	at org.testng.Assert.assertTrue(Assert.java:42)
	at com.travelex.automation.api.methods.ExecuteApiMethods_FCP.executePostMethodForFCPAdapter(ExecuteApiMethods_FCP.java:99)
	at com.travelex.automation.api.duedil.FCPAdpaterScreening.duedilScreeningApiTest(FCPAdpaterScreening.java:136)
	at sun.reflect.GeneratedMethodAccessor59.invoke(Unknown Source)
	at sun.reflect.DelegatingMethodAccessorImpl.invoke(Unknown Source)
	at java.lang.reflect.Method.invoke(Unknown Source)
	at org.testng.internal.MethodInvocationHelper.invokeMethod(MethodInvocationHelper.java:85)
	at org.testng.internal.Invoker.invokeMethod(Invoker.java:696)
	at org.testng.internal.Invoker.invokeTestMethod(Invoker.java:882)
	at org.testng.internal.Invoker.invokeTestMethods(Invoker.java:1189)
	at org.testng.internal.TestMethodWorker.invokeTestMethods(TestMethodWorker.java:124)
	at org.testng.internal.TestMethodWorker.run(TestMethodWorker.java:108)
	at org.testng.TestRunner.privateRun(TestRunner.java:767)
	at org.testng.TestRunner.run(TestRunner.java:617)
	at org.testng.SuiteRunner.runTest(SuiteRunner.java:348)
	at org.testng.SuiteRunner.runSequentially(SuiteRunner.java:343)
	at org.testng.SuiteRunner.privateRun(SuiteRunner.java:305)
	at org.testng.SuiteRunner.run(SuiteRunner.java:254)
	at org.testng.SuiteRunnerWorker.runSuite(SuiteRunnerWorker.java:52)
	at org.testng.SuiteRunnerWorker.run(SuiteRunnerWorker.java:86)
	at org.testng.TestNG.runSuitesSequentially(TestNG.java:1224)
	at org.testng.TestNG.runSuitesLocally(TestNG.java:1149)
	at org.testng.TestNG.run(TestNG.java:1057)
	at org.testng.remote.AbstractRemoteTestNG.run(AbstractRemoteTestNG.java:114)
	at org.testng.remote.RemoteTestNG.initAndRun(RemoteTestNG.java:251)
	at org.testng.remote.RemoteTestNG.main(RemoteTestNG.java:77)
</pre></div></td>
<td>2</td>
<td>com.travelex.automation.api.duedil.FCPAdpaterScreening@e45f292</td></tr>
<tr>
<td title='com.travelex.automation.api.duedil.FCPAdpaterScreening.duedilScreeningApiTest()'><b>duedilScreeningApiTest</b><br>Test class: com.travelex.automation.api.duedil.FCPAdpaterScreening<br>Parameters: 137.0, Mehrdaada Akhlaaghi KETABAaCHI, c/o AIO, Langare Street, Nobonyad Square, NULL, Tehran, IRAN, 01/16/1987, NULL, UKSANCTIONSD, HIT, Mehrdada Akhlaghi KETABACHI</td>
<td><div><pre>java.lang.AssertionError: Hit was expected but NO HIT FOUND expected [true] but found [false]
	at org.testng.Assert.fail(Assert.java:94)
	at org.testng.Assert.failNotEquals(Assert.java:494)
	at org.testng.Assert.assertTrue(Assert.java:42)
	at com.travelex.automation.api.methods.ExecuteApiMethods_FCP.executePostMethodForFCPAdapter(ExecuteApiMethods_FCP.java:99)
	at com.travelex.automation.api.duedil.FCPAdpaterScreening.duedilScreeningApiTest(FCPAdpaterScreening.java:136)
	at sun.reflect.GeneratedMethodAccessor59.invoke(Unknown Source)
	at sun.reflect.DelegatingMethodAccessorImpl.invoke(Unknown Source)
	at java.lang.reflect.Method.invoke(Unknown Source)
	at org.testng.internal.MethodInvocationHelper.invokeMethod(MethodInvocationHelper.java:85)
	at org.testng.internal.Invoker.invokeMethod(Invoker.java:696)
	at org.testng.internal.Invoker.invokeTestMethod(Invoker.java:882)
	at org.testng.internal.Invoker.invokeTestMethods(Invoker.java:1189)
	at org.testng.internal.TestMethodWorker.invokeTestMethods(TestMethodWorker.java:124)
	at org.testng.internal.TestMethodWorker.run(TestMethodWorker.java:108)
	at org.testng.TestRunner.privateRun(TestRunner.java:767)
	at org.testng.TestRunner.run(TestRunner.java:617)
	at org.testng.SuiteRunner.runTest(SuiteRunner.java:348)
	at org.testng.SuiteRunner.runSequentially(SuiteRunner.java:343)
	at org.testng.SuiteRunner.privateRun(SuiteRunner.java:305)
	at org.testng.SuiteRunner.run(SuiteRunner.java:254)
	at org.testng.SuiteRunnerWorker.runSuite(SuiteRunnerWorker.java:52)
	at org.testng.SuiteRunnerWorker.run(SuiteRunnerWorker.java:86)
	at org.testng.TestNG.runSuitesSequentially(TestNG.java:1224)
	at org.testng.TestNG.runSuitesLocally(TestNG.java:1149)
	at org.testng.TestNG.run(TestNG.java:1057)
	at org.testng.remote.AbstractRemoteTestNG.run(AbstractRemoteTestNG.java:114)
	at org.testng.remote.RemoteTestNG.initAndRun(RemoteTestNG.java:251)
	at org.testng.remote.RemoteTestNG.main(RemoteTestNG.java:77)
</pre></div><a href='#' onClick='toggleBox("stack-trace725270251", this, "Click to show all stack frames", "Click to hide stack frames")'>Click to show all stack frames</a>
<div class='stack-trace' id='stack-trace725270251'><pre>java.lang.AssertionError: Hit was expected but NO HIT FOUND expected [true] but found [false]
	at org.testng.Assert.fail(Assert.java:94)
	at org.testng.Assert.failNotEquals(Assert.java:494)
	at org.testng.Assert.assertTrue(Assert.java:42)
	at com.travelex.automation.api.methods.ExecuteApiMethods_FCP.executePostMethodForFCPAdapter(ExecuteApiMethods_FCP.java:99)
	at com.travelex.automation.api.duedil.FCPAdpaterScreening.duedilScreeningApiTest(FCPAdpaterScreening.java:136)
	at sun.reflect.GeneratedMethodAccessor59.invoke(Unknown Source)
	at sun.reflect.DelegatingMethodAccessorImpl.invoke(Unknown Source)
	at java.lang.reflect.Method.invoke(Unknown Source)
	at org.testng.internal.MethodInvocationHelper.invokeMethod(MethodInvocationHelper.java:85)
	at org.testng.internal.Invoker.invokeMethod(Invoker.java:696)
	at org.testng.internal.Invoker.invokeTestMethod(Invoker.java:882)
	at org.testng.internal.Invoker.invokeTestMethods(Invoker.java:1189)
	at org.testng.internal.TestMethodWorker.invokeTestMethods(TestMethodWorker.java:124)
	at org.testng.internal.TestMethodWorker.run(TestMethodWorker.java:108)
	at org.testng.TestRunner.privateRun(TestRunner.java:767)
	at org.testng.TestRunner.run(TestRunner.java:617)
	at org.testng.SuiteRunner.runTest(SuiteRunner.java:348)
	at org.testng.SuiteRunner.runSequentially(SuiteRunner.java:343)
	at org.testng.SuiteRunner.privateRun(SuiteRunner.java:305)
	at org.testng.SuiteRunner.run(SuiteRunner.java:254)
	at org.testng.SuiteRunnerWorker.runSuite(SuiteRunnerWorker.java:52)
	at org.testng.SuiteRunnerWorker.run(SuiteRunnerWorker.java:86)
	at org.testng.TestNG.runSuitesSequentially(TestNG.java:1224)
	at org.testng.TestNG.runSuitesLocally(TestNG.java:1149)
	at org.testng.TestNG.run(TestNG.java:1057)
	at org.testng.remote.AbstractRemoteTestNG.run(AbstractRemoteTestNG.java:114)
	at org.testng.remote.RemoteTestNG.initAndRun(RemoteTestNG.java:251)
	at org.testng.remote.RemoteTestNG.main(RemoteTestNG.java:77)
</pre></div></td>
<td>2</td>
<td>com.travelex.automation.api.duedil.FCPAdpaterScreening@e45f292</td></tr>
<tr>
<td title='com.travelex.automation.api.duedil.FCPAdpaterScreening.duedilScreeningApiTest()'><b>duedilScreeningApiTest</b><br>Test class: com.travelex.automation.api.duedil.FCPAdpaterScreening<br>Parameters: 142.0, Sa'ad Mohamad Yuniis AL-AHMAD, NULL, Damascus, NULL, SYRIA, 01/01/1981, NULL, UKSANCTIONSD, HIT, Sa'ad Muhammad Yunis AL-AHMAD</td>
<td><div><pre>java.lang.AssertionError: Sa&apos;ad Muhammad Yunis AL-AHMAD not found in the hit response object expected [true] but found [false]
	at org.testng.Assert.fail(Assert.java:94)
	at org.testng.Assert.failNotEquals(Assert.java:494)
	at org.testng.Assert.assertTrue(Assert.java:42)
	at com.travelex.automation.api.methods.ExecuteApiMethods_FCP.executePostMethodForFCPAdapter(ExecuteApiMethods_FCP.java:129)
	at com.travelex.automation.api.duedil.FCPAdpaterScreening.duedilScreeningApiTest(FCPAdpaterScreening.java:136)
	at sun.reflect.GeneratedMethodAccessor59.invoke(Unknown Source)
	at sun.reflect.DelegatingMethodAccessorImpl.invoke(Unknown Source)
	at java.lang.reflect.Method.invoke(Unknown Source)
	at org.testng.internal.MethodInvocationHelper.invokeMethod(MethodInvocationHelper.java:85)
	at org.testng.internal.Invoker.invokeMethod(Invoker.java:696)
	at org.testng.internal.Invoker.invokeTestMethod(Invoker.java:882)
	at org.testng.internal.Invoker.invokeTestMethods(Invoker.java:1189)
	at org.testng.internal.TestMethodWorker.invokeTestMethods(TestMethodWorker.java:124)
	at org.testng.internal.TestMethodWorker.run(TestMethodWorker.java:108)
	at org.testng.TestRunner.privateRun(TestRunner.java:767)
	at org.testng.TestRunner.run(TestRunner.java:617)
	at org.testng.SuiteRunner.runTest(SuiteRunner.java:348)
	at org.testng.SuiteRunner.runSequentially(SuiteRunner.java:343)
	at org.testng.SuiteRunner.privateRun(SuiteRunner.java:305)
	at org.testng.SuiteRunner.run(SuiteRunner.java:254)
	at org.testng.SuiteRunnerWorker.runSuite(SuiteRunnerWorker.java:52)
	at org.testng.SuiteRunnerWorker.run(SuiteRunnerWorker.java:86)
	at org.testng.TestNG.runSuitesSequentially(TestNG.java:1224)
	at org.testng.TestNG.runSuitesLocally(TestNG.java:1149)
	at org.testng.TestNG.run(TestNG.java:1057)
	at org.testng.remote.AbstractRemoteTestNG.run(AbstractRemoteTestNG.java:114)
	at org.testng.remote.RemoteTestNG.initAndRun(RemoteTestNG.java:251)
	at org.testng.remote.RemoteTestNG.main(RemoteTestNG.java:77)
</pre></div><a href='#' onClick='toggleBox("stack-trace1285879650", this, "Click to show all stack frames", "Click to hide stack frames")'>Click to show all stack frames</a>
<div class='stack-trace' id='stack-trace1285879650'><pre>java.lang.AssertionError: Sa&apos;ad Muhammad Yunis AL-AHMAD not found in the hit response object expected [true] but found [false]
	at org.testng.Assert.fail(Assert.java:94)
	at org.testng.Assert.failNotEquals(Assert.java:494)
	at org.testng.Assert.assertTrue(Assert.java:42)
	at com.travelex.automation.api.methods.ExecuteApiMethods_FCP.executePostMethodForFCPAdapter(ExecuteApiMethods_FCP.java:129)
	at com.travelex.automation.api.duedil.FCPAdpaterScreening.duedilScreeningApiTest(FCPAdpaterScreening.java:136)
	at sun.reflect.GeneratedMethodAccessor59.invoke(Unknown Source)
	at sun.reflect.DelegatingMethodAccessorImpl.invoke(Unknown Source)
	at java.lang.reflect.Method.invoke(Unknown Source)
	at org.testng.internal.MethodInvocationHelper.invokeMethod(MethodInvocationHelper.java:85)
	at org.testng.internal.Invoker.invokeMethod(Invoker.java:696)
	at org.testng.internal.Invoker.invokeTestMethod(Invoker.java:882)
	at org.testng.internal.Invoker.invokeTestMethods(Invoker.java:1189)
	at org.testng.internal.TestMethodWorker.invokeTestMethods(TestMethodWorker.java:124)
	at org.testng.internal.TestMethodWorker.run(TestMethodWorker.java:108)
	at org.testng.TestRunner.privateRun(TestRunner.java:767)
	at org.testng.TestRunner.run(TestRunner.java:617)
	at org.testng.SuiteRunner.runTest(SuiteRunner.java:348)
	at org.testng.SuiteRunner.runSequentially(SuiteRunner.java:343)
	at org.testng.SuiteRunner.privateRun(SuiteRunner.java:305)
	at org.testng.SuiteRunner.run(SuiteRunner.java:254)
	at org.testng.SuiteRunnerWorker.runSuite(SuiteRunnerWorker.java:52)
	at org.testng.SuiteRunnerWorker.run(SuiteRunnerWorker.java:86)
	at org.testng.TestNG.runSuitesSequentially(TestNG.java:1224)
	at org.testng.TestNG.runSuitesLocally(TestNG.java:1149)
	at org.testng.TestNG.run(TestNG.java:1057)
	at org.testng.remote.AbstractRemoteTestNG.run(AbstractRemoteTestNG.java:114)
	at org.testng.remote.RemoteTestNG.initAndRun(RemoteTestNG.java:251)
	at org.testng.remote.RemoteTestNG.main(RemoteTestNG.java:77)
</pre></div></td>
<td>2</td>
<td>com.travelex.automation.api.duedil.FCPAdpaterScreening@e45f292</td></tr>
<tr>
<td title='com.travelex.automation.api.duedil.FCPAdpaterScreening.duedilScreeningApiTest()'><b>duedilScreeningApiTest</b><br>Test class: com.travelex.automation.api.duedil.FCPAdpaterScreening<br>Parameters: 149.0, Nikol Ivanovich RYZHKOV, NULL, Mumbai, Maharashtra, INDIA, 01/16/1987, NULL, UKSANCTIONSD, HIT, Nikolai Ivanovich RYZHKOV</td>
<td><div><pre>java.lang.AssertionError: Hit was expected but NO HIT FOUND expected [true] but found [false]
	at org.testng.Assert.fail(Assert.java:94)
	at org.testng.Assert.failNotEquals(Assert.java:494)
	at org.testng.Assert.assertTrue(Assert.java:42)
	at com.travelex.automation.api.methods.ExecuteApiMethods_FCP.executePostMethodForFCPAdapter(ExecuteApiMethods_FCP.java:99)
	at com.travelex.automation.api.duedil.FCPAdpaterScreening.duedilScreeningApiTest(FCPAdpaterScreening.java:136)
	at sun.reflect.GeneratedMethodAccessor59.invoke(Unknown Source)
	at sun.reflect.DelegatingMethodAccessorImpl.invoke(Unknown Source)
	at java.lang.reflect.Method.invoke(Unknown Source)
	at org.testng.internal.MethodInvocationHelper.invokeMethod(MethodInvocationHelper.java:85)
	at org.testng.internal.Invoker.invokeMethod(Invoker.java:696)
	at org.testng.internal.Invoker.invokeTestMethod(Invoker.java:882)
	at org.testng.internal.Invoker.invokeTestMethods(Invoker.java:1189)
	at org.testng.internal.TestMethodWorker.invokeTestMethods(TestMethodWorker.java:124)
	at org.testng.internal.TestMethodWorker.run(TestMethodWorker.java:108)
	at org.testng.TestRunner.privateRun(TestRunner.java:767)
	at org.testng.TestRunner.run(TestRunner.java:617)
	at org.testng.SuiteRunner.runTest(SuiteRunner.java:348)
	at org.testng.SuiteRunner.runSequentially(SuiteRunner.java:343)
	at org.testng.SuiteRunner.privateRun(SuiteRunner.java:305)
	at org.testng.SuiteRunner.run(SuiteRunner.java:254)
	at org.testng.SuiteRunnerWorker.runSuite(SuiteRunnerWorker.java:52)
	at org.testng.SuiteRunnerWorker.run(SuiteRunnerWorker.java:86)
	at org.testng.TestNG.runSuitesSequentially(TestNG.java:1224)
	at org.testng.TestNG.runSuitesLocally(TestNG.java:1149)
	at org.testng.TestNG.run(TestNG.java:1057)
	at org.testng.remote.AbstractRemoteTestNG.run(AbstractRemoteTestNG.java:114)
	at org.testng.remote.RemoteTestNG.initAndRun(RemoteTestNG.java:251)
	at org.testng.remote.RemoteTestNG.main(RemoteTestNG.java:77)
</pre></div><a href='#' onClick='toggleBox("stack-trace1672524765", this, "Click to show all stack frames", "Click to hide stack frames")'>Click to show all stack frames</a>
<div class='stack-trace' id='stack-trace1672524765'><pre>java.lang.AssertionError: Hit was expected but NO HIT FOUND expected [true] but found [false]
	at org.testng.Assert.fail(Assert.java:94)
	at org.testng.Assert.failNotEquals(Assert.java:494)
	at org.testng.Assert.assertTrue(Assert.java:42)
	at com.travelex.automation.api.methods.ExecuteApiMethods_FCP.executePostMethodForFCPAdapter(ExecuteApiMethods_FCP.java:99)
	at com.travelex.automation.api.duedil.FCPAdpaterScreening.duedilScreeningApiTest(FCPAdpaterScreening.java:136)
	at sun.reflect.GeneratedMethodAccessor59.invoke(Unknown Source)
	at sun.reflect.DelegatingMethodAccessorImpl.invoke(Unknown Source)
	at java.lang.reflect.Method.invoke(Unknown Source)
	at org.testng.internal.MethodInvocationHelper.invokeMethod(MethodInvocationHelper.java:85)
	at org.testng.internal.Invoker.invokeMethod(Invoker.java:696)
	at org.testng.internal.Invoker.invokeTestMethod(Invoker.java:882)
	at org.testng.internal.Invoker.invokeTestMethods(Invoker.java:1189)
	at org.testng.internal.TestMethodWorker.invokeTestMethods(TestMethodWorker.java:124)
	at org.testng.internal.TestMethodWorker.run(TestMethodWorker.java:108)
	at org.testng.TestRunner.privateRun(TestRunner.java:767)
	at org.testng.TestRunner.run(TestRunner.java:617)
	at org.testng.SuiteRunner.runTest(SuiteRunner.java:348)
	at org.testng.SuiteRunner.runSequentially(SuiteRunner.java:343)
	at org.testng.SuiteRunner.privateRun(SuiteRunner.java:305)
	at org.testng.SuiteRunner.run(SuiteRunner.java:254)
	at org.testng.SuiteRunnerWorker.runSuite(SuiteRunnerWorker.java:52)
	at org.testng.SuiteRunnerWorker.run(SuiteRunnerWorker.java:86)
	at org.testng.TestNG.runSuitesSequentially(TestNG.java:1224)
	at org.testng.TestNG.runSuitesLocally(TestNG.java:1149)
	at org.testng.TestNG.run(TestNG.java:1057)
	at org.testng.remote.AbstractRemoteTestNG.run(AbstractRemoteTestNG.java:114)
	at org.testng.remote.RemoteTestNG.initAndRun(RemoteTestNG.java:251)
	at org.testng.remote.RemoteTestNG.main(RemoteTestNG.java:77)
</pre></div></td>
<td>2</td>
<td>com.travelex.automation.api.duedil.FCPAdpaterScreening@e45f292</td></tr>
</table><p>
<table width='100%' border='1' class='invocation-passed'>
<tr><td colspan='4' align='center'><b>PASSED TESTS</b></td></tr>
<tr><td><b>Test method</b></td>
<td width="30%"><b>Exception</b></td>
<td width="10%"><b>Time (seconds)</b></td>
<td><b>Instance</b></td>
</tr>
<tr>
<td title='com.travelex.automation.api.duedil.FCPAdpaterScreening.duedilScreeningApiTest()'><b>duedilScreeningApiTest</b><br>Test class: com.travelex.automation.api.duedil.FCPAdpaterScreening<br>Parameters: 1.0, Brent HUSMAN, NULL, Frankfort, Kentucky, USA, 05/05/1987, NULL, PEPSD, NO HIT, Brent HOUSMAN</td>
<td></td>
<td>6</td>
<td>com.travelex.automation.api.duedil.FCPAdpaterScreening@e45f292</td></tr>
<tr>
<td title='com.travelex.automation.api.duedil.FCPAdpaterScreening.duedilScreeningApiTest()'><b>duedilScreeningApiTest</b><br>Test class: com.travelex.automation.api.duedil.FCPAdpaterScreening<br>Parameters: 2.0, Matthew Louis II GAETZEL, NULL, Fort Walton Beach, Florida, USA, 05/05/1987, NULL, PEPSD, NO HIT, Matthew Louis II GAETZ</td>
<td></td>
<td>2</td>
<td>com.travelex.automation.api.duedil.FCPAdpaterScreening@e45f292</td></tr>
<tr>
<td title='com.travelex.automation.api.duedil.FCPAdpaterScreening.duedilScreeningApiTest()'><b>duedilScreeningApiTest</b><br>Test class: com.travelex.automation.api.duedil.FCPAdpaterScreening<br>Parameters: 3.0, Dwight BUARD, NULL, Miami, Florida, USA, 05/05/1987, NULL, PEPSD, NO HIT, Dwight BULLARD</td>
<td></td>
<td>2</td>
<td>com.travelex.automation.api.duedil.FCPAdpaterScreening@e45f292</td></tr>
<tr>
<td title='com.travelex.automation.api.duedil.FCPAdpaterScreening.duedilScreeningApiTest()'><b>duedilScreeningApiTest</b><br>Test class: com.travelex.automation.api.duedil.FCPAdpaterScreening<br>Parameters: 4.0, Muriel BOWER, NULL, Washington, District of Columbia, USA, 05/05/1987, NULL, PEPSD, NO HIT, Muriel BOWSER</td>
<td></td>
<td>2</td>
<td>com.travelex.automation.api.duedil.FCPAdpaterScreening@e45f292</td></tr>
<tr>
<td title='com.travelex.automation.api.duedil.FCPAdpaterScreening.duedilScreeningApiTest()'><b>duedilScreeningApiTest</b><br>Test class: com.travelex.automation.api.duedil.FCPAdpaterScreening<br>Parameters: 5.0, Leon Edward PAN, NULL, Carmel Valley, California, USA, 05/05/1987, NULL, PEPSD, NO HIT, Leon Edward PANETTA</td>
<td></td>
<td>2</td>
<td>com.travelex.automation.api.duedil.FCPAdpaterScreening@e45f292</td></tr>
<tr>
<td title='com.travelex.automation.api.duedil.FCPAdpaterScreening.duedilScreeningApiTest()'><b>duedilScreeningApiTest</b><br>Test class: com.travelex.automation.api.duedil.FCPAdpaterScreening<br>Parameters: 6.0, Fitz STEL, NULL, Frankfort, Kentucky, USA, 05/05/1987, NULL, PEPSD, NO HIT, Fitz STEELE</td>
<td></td>
<td>2</td>
<td>com.travelex.automation.api.duedil.FCPAdpaterScreening@e45f292</td></tr>
<tr>
<td title='com.travelex.automation.api.duedil.FCPAdpaterScreening.duedilScreeningApiTest()'><b>duedilScreeningApiTest</b><br>Test class: com.travelex.automation.api.duedil.FCPAdpaterScreening<br>Parameters: 7.0, Bradley DRAKE, NULL, Eucheeanna, Florida, USA, 05/05/1987, NULL, PEPSD, NO HIT, Brad E DRAKE</td>
<td></td>
<td>2</td>
<td>com.travelex.automation.api.duedil.FCPAdpaterScreening@e45f292</td></tr>
<tr>
<td title='com.travelex.automation.api.duedil.FCPAdpaterScreening.duedilScreeningApiTest()'><b>duedilScreeningApiTest</b><br>Test class: com.travelex.automation.api.duedil.FCPAdpaterScreening<br>Parameters: 8.0, Kurt KELY, NULL, Ocala, Florida, USA, 05/05/1987, NULL, PEPSD, NO HIT, Kurt KELLY</td>
<td></td>
<td>2</td>
<td>com.travelex.automation.api.duedil.FCPAdpaterScreening@e45f292</td></tr>
<tr>
<td title='com.travelex.automation.api.duedil.FCPAdpaterScreening.duedilScreeningApiTest()'><b>duedilScreeningApiTest</b><br>Test class: com.travelex.automation.api.duedil.FCPAdpaterScreening<br>Parameters: 9.0, Lake Rayley, NULL, Jacksonville, Florida, USA, 05/05/1987, NULL, PEPSD, NO HIT, Lake RAY</td>
<td></td>
<td>2</td>
<td>com.travelex.automation.api.duedil.FCPAdpaterScreening@e45f292</td></tr>
<tr>
<td title='com.travelex.automation.api.duedil.FCPAdpaterScreening.duedilScreeningApiTest()'><b>duedilScreeningApiTest</b><br>Test class: com.travelex.automation.api.duedil.FCPAdpaterScreening<br>Parameters: 10.0, Andriy HONCHAK, NULL, Kiev, Kiev, UKRAINE, 08/19/1961, NULL, PEPSD, HIT, Andriy HONCHARUK</td>
<td></td>
<td>2</td>
<td>com.travelex.automation.api.duedil.FCPAdpaterScreening@e45f292</td></tr>
<tr>
<td title='com.travelex.automation.api.duedil.FCPAdpaterScreening.duedilScreeningApiTest()'><b>duedilScreeningApiTest</b><br>Test class: com.travelex.automation.api.duedil.FCPAdpaterScreening<br>Parameters: 11.0, Yevhen SARKOV, NULL, Kiev, Kiev, UKRAINE, 11/18/1974, NULL, PEPSD, HIT, Yevhen TSARKOV</td>
<td></td>
<td>2</td>
<td>com.travelex.automation.api.duedil.FCPAdpaterScreening@e45f292</td></tr>
<tr>
<td title='com.travelex.automation.api.duedil.FCPAdpaterScreening.duedilScreeningApiTest()'><b>duedilScreeningApiTest</b><br>Test class: com.travelex.automation.api.duedil.FCPAdpaterScreening<br>Parameters: 12.0, Olay CHERPITSKY, NULL, Kiev, Kiev, UKRAINE, 08/09/1964, NULL, PEPSD, HIT, Oleh CHERPITSKY</td>
<td></td>
<td>2</td>
<td>com.travelex.automation.api.duedil.FCPAdpaterScreening@e45f292</td></tr>
<tr>
<td title='com.travelex.automation.api.duedil.FCPAdpaterScreening.duedilScreeningApiTest()'><b>duedilScreeningApiTest</b><br>Test class: com.travelex.automation.api.duedil.FCPAdpaterScreening<br>Parameters: 14.0, Oleg KHAZEV, NULL, Ulan-Ude, Buryatia Republic, RUSSIAN FEDERATION, 09/23/1971, NULL, PEPSD, HIT, Oleg KHAZHEEV</td>
<td></td>
<td>2</td>
<td>com.travelex.automation.api.duedil.FCPAdpaterScreening@e45f292</td></tr>
<tr>
<td title='com.travelex.automation.api.duedil.FCPAdpaterScreening.duedilScreeningApiTest()'><b>duedilScreeningApiTest</b><br>Test class: com.travelex.automation.api.duedil.FCPAdpaterScreening<br>Parameters: 15.0, Valeriy SERGEV, NULL, Ulan-Ude, Buryatia Republic, RUSSIAN FEDERATION, 11/25/1958, NULL, PEPSD, HIT, Valeriy SERGEYEV</td>
<td></td>
<td>2</td>
<td>com.travelex.automation.api.duedil.FCPAdpaterScreening@e45f292</td></tr>
<tr>
<td title='com.travelex.automation.api.duedil.FCPAdpaterScreening.duedilScreeningApiTest()'><b>duedilScreeningApiTest</b><br>Test class: com.travelex.automation.api.duedil.FCPAdpaterScreening<br>Parameters: 16.0, Rulan TSECHOEV, NULL, Magas, Ingushetia Republic, RUSSIAN FEDERATION, 05/16/1959, NULL, PEPSD, HIT, Ruslan TSECHOEV</td>
<td></td>
<td>2</td>
<td>com.travelex.automation.api.duedil.FCPAdpaterScreening@e45f292</td></tr>
<tr>
<td title='com.travelex.automation.api.duedil.FCPAdpaterScreening.duedilScreeningApiTest()'><b>duedilScreeningApiTest</b><br>Test class: com.travelex.automation.api.duedil.FCPAdpaterScreening<br>Parameters: 17.0, Bagauddin MARSHAN, NULL, Magas, Ingushetia Republic, RUSSIAN FEDERATION, 08/10/1956, NULL, PEPSD, HIT, Bagauddin MARSHANI</td>
<td></td>
<td>2</td>
<td>com.travelex.automation.api.duedil.FCPAdpaterScreening@e45f292</td></tr>
<tr>
<td title='com.travelex.automation.api.duedil.FCPAdpaterScreening.duedilScreeningApiTest()'><b>duedilScreeningApiTest</b><br>Test class: com.travelex.automation.api.duedil.FCPAdpaterScreening<br>Parameters: 18.0, Tamara KHAUTEVA, NULL, Magas, Ingushetia Republic, RUSSIAN FEDERATION, 09/15/1949, NULL, PEPSD, HIT, Tamara KHAUTIEVA</td>
<td></td>
<td>2</td>
<td>com.travelex.automation.api.duedil.FCPAdpaterScreening@e45f292</td></tr>
<tr>
<td title='com.travelex.automation.api.duedil.FCPAdpaterScreening.duedilScreeningApiTest()'><b>duedilScreeningApiTest</b><br>Test class: com.travelex.automation.api.duedil.FCPAdpaterScreening<br>Parameters: 19.0, Rashid GASANOV, NULL, Magas, Ingushetia Republic, RUSSIAN FEDERATION, 12/28/1972, NULL, PEPSD, HIT, Rashid GAISANOV</td>
<td></td>
<td>2</td>
<td>com.travelex.automation.api.duedil.FCPAdpaterScreening@e45f292</td></tr>
<tr>
<td title='com.travelex.automation.api.duedil.FCPAdpaterScreening.duedilScreeningApiTest()'><b>duedilScreeningApiTest</b><br>Test class: com.travelex.automation.api.duedil.FCPAdpaterScreening<br>Parameters: 20.0, Magomed BIEV, NULL, Magas, Ingushetia Republic, INDIA, 03/11/1975, NULL, PEPSD, HIT, Magomed BITIEV</td>
<td></td>
<td>2</td>
<td>com.travelex.automation.api.duedil.FCPAdpaterScreening@e45f292</td></tr>
<tr>
<td title='com.travelex.automation.api.duedil.FCPAdpaterScreening.duedilScreeningApiTest()'><b>duedilScreeningApiTest</b><br>Test class: com.travelex.automation.api.duedil.FCPAdpaterScreening<br>Parameters: 21.0, Rulan ALBAGACHIEV, NULL, Magas, Ingushetia Republic, INDIA, 08/14/1954, NULL, PEPSD, HIT, Ruslan ALBAGACHIEV</td>
<td></td>
<td>2</td>
<td>com.travelex.automation.api.duedil.FCPAdpaterScreening@e45f292</td></tr>
<tr>
<td title='com.travelex.automation.api.duedil.FCPAdpaterScreening.duedilScreeningApiTest()'><b>duedilScreeningApiTest</b><br>Test class: com.travelex.automation.api.duedil.FCPAdpaterScreening<br>Parameters: 22.0, Sergey CHEGOVSKY, NULL, Ulan-Ude, Buryatia Republic, INDIA, 01/18/1959, NULL, PEPSD, HIT, Sergey CHERNIGOVSKY</td>
<td></td>
<td>2</td>
<td>com.travelex.automation.api.duedil.FCPAdpaterScreening@e45f292</td></tr>
<tr>
<td title='com.travelex.automation.api.duedil.FCPAdpaterScreening.duedilScreeningApiTest()'><b>duedilScreeningApiTest</b><br>Test class: com.travelex.automation.api.duedil.FCPAdpaterScreening<br>Parameters: 23.0, Olexander SUPNENKO, NULL, Kiev, Kiev, INDIA, 01/31/1971, NULL, PEPSD, HIT, Olexander SUPRUNENKO</td>
<td></td>
<td>2</td>
<td>com.travelex.automation.api.duedil.FCPAdpaterScreening@e45f292</td></tr>
<tr>
<td title='com.travelex.automation.api.duedil.FCPAdpaterScreening.duedilScreeningApiTest()'><b>duedilScreeningApiTest</b><br>Test class: com.travelex.automation.api.duedil.FCPAdpaterScreening<br>Parameters: 24.0, Petro TSANKO, NULL, Kiev, NULL, INDIA, 06/18/1954, NULL, PEPSD, HIT, Petro TSYHANKO</td>
<td></td>
<td>1</td>
<td>com.travelex.automation.api.duedil.FCPAdpaterScreening@e45f292</td></tr>
<tr>
<td title='com.travelex.automation.api.duedil.FCPAdpaterScreening.duedilScreeningApiTest()'><b>duedilScreeningApiTest</b><br>Test class: com.travelex.automation.api.duedil.FCPAdpaterScreening<br>Parameters: 25.0, Igor DUSHN, NULL, Kiev, Kiev, INDIA, 07/07/1961, NULL, PEPSD, HIT, Igor DUSHYN</td>
<td></td>
<td>2</td>
<td>com.travelex.automation.api.duedil.FCPAdpaterScreening@e45f292</td></tr>
<tr>
<td title='com.travelex.automation.api.duedil.FCPAdpaterScreening.duedilScreeningApiTest()'><b>duedilScreeningApiTest</b><br>Test class: com.travelex.automation.api.duedil.FCPAdpaterScreening<br>Parameters: 26.0, Oleksandr DAVYOV, NULL, Kiev, Kiev, INDIA, 05/03/1963, NULL, PEPSD, HIT, Oleksandr DAVYDOV</td>
<td></td>
<td>2</td>
<td>com.travelex.automation.api.duedil.FCPAdpaterScreening@e45f292</td></tr>
<tr>
<td title='com.travelex.automation.api.duedil.FCPAdpaterScreening.duedilScreeningApiTest()'><b>duedilScreeningApiTest</b><br>Test class: com.travelex.automation.api.duedil.FCPAdpaterScreening<br>Parameters: 27.0, Roman SUSHO, NULL, Ivano-Frankivsk, Ivano-Frankivsk, INDIA, 08/13/1950, NULL, PEPSD, HIT, Roman SUSHKO</td>
<td></td>
<td>2</td>
<td>com.travelex.automation.api.duedil.FCPAdpaterScreening@e45f292</td></tr>
<tr>
<td title='com.travelex.automation.api.duedil.FCPAdpaterScreening.duedilScreeningApiTest()'><b>duedilScreeningApiTest</b><br>Test class: com.travelex.automation.api.duedil.FCPAdpaterScreening<br>Parameters: 28.0, Ivan KRULO, NULL, Kiev, Kiev, INDIA, 07/20/1981, NULL, PEPSD, HIT, Ivan KRULKO</td>
<td></td>
<td>2</td>
<td>com.travelex.automation.api.duedil.FCPAdpaterScreening@e45f292</td></tr>
<tr>
<td title='com.travelex.automation.api.duedil.FCPAdpaterScreening.duedilScreeningApiTest()'><b>duedilScreeningApiTest</b><br>Test class: com.travelex.automation.api.duedil.FCPAdpaterScreening<br>Parameters: 29.0, Bronislav STYCHSKY, NULL, Kiev, Kiev, INDIA, 08/12/1958, NULL, PEPSD, HIT, Bronislav STYCHYNSKY</td>
<td></td>
<td>2</td>
<td>com.travelex.automation.api.duedil.FCPAdpaterScreening@e45f292</td></tr>
<tr>
<td title='com.travelex.automation.api.duedil.FCPAdpaterScreening.duedilScreeningApiTest()'><b>duedilScreeningApiTest</b><br>Test class: com.travelex.automation.api.duedil.FCPAdpaterScreening<br>Parameters: 30.0, Raja Muhammad KHAN, NULL, Mumbai, Maharashtra, INDIA, 05/05/1987, NULL, PEPSD, NO HIT, Raja Muhammad Nasim KHAN</td>
<td></td>
<td>2</td>
<td>com.travelex.automation.api.duedil.FCPAdpaterScreening@e45f292</td></tr>
<tr>
<td title='com.travelex.automation.api.duedil.FCPAdpaterScreening.duedilScreeningApiTest()'><b>duedilScreeningApiTest</b><br>Test class: com.travelex.automation.api.duedil.FCPAdpaterScreening<br>Parameters: 31.0, Pir Muhammad Atiq RAHMAN, NULL, Mumbai, Maharashtra, INDIA, 05/05/1987, NULL, PEPSD, NO HIT, Pir Muhammad Atiq Ur RAHMAN</td>
<td></td>
<td>2</td>
<td>com.travelex.automation.api.duedil.FCPAdpaterScreening@e45f292</td></tr>
<tr>
<td title='com.travelex.automation.api.duedil.FCPAdpaterScreening.duedilScreeningApiTest()'><b>duedilScreeningApiTest</b><br>Test class: com.travelex.automation.api.duedil.FCPAdpaterScreening<br>Parameters: 32.0, Ali S CHAUDHRY, NULL, Mumbai, Maharashtra, INDIA, 05/05/1987, NULL, PEPSD, NO HIT, Ali Shan CHAUDHRY</td>
<td></td>
<td>2</td>
<td>com.travelex.automation.api.duedil.FCPAdpaterScreening@e45f292</td></tr>
<tr>
<td title='com.travelex.automation.api.duedil.FCPAdpaterScreening.duedilScreeningApiTest()'><b>duedilScreeningApiTest</b><br>Test class: com.travelex.automation.api.duedil.FCPAdpaterScreening<br>Parameters: 33.0, Sardar Farook Ahmad TAHIR, NULL, Mumbai, Maharashtra, INDIA, 05/05/1987, NULL, PEPSD, NO HIT, Sardar Farooq Ahmad TAHIR</td>
<td></td>
<td>2</td>
<td>com.travelex.automation.api.duedil.FCPAdpaterScreening@e45f292</td></tr>
<tr>
<td title='com.travelex.automation.api.duedil.FCPAdpaterScreening.duedilScreeningApiTest()'><b>duedilScreeningApiTest</b><br>Test class: com.travelex.automation.api.duedil.FCPAdpaterScreening<br>Parameters: 34.0, Raja Muhammad F Haider KHAN, NULL, Mumbai, Maharashtra, INDIA, 05/05/1987, NULL, PEPSD, NO HIT, Raja Muhammad Farooq Haider KHAN</td>
<td></td>
<td>2</td>
<td>com.travelex.automation.api.duedil.FCPAdpaterScreening@e45f292</td></tr>
<tr>
<td title='com.travelex.automation.api.duedil.FCPAdpaterScreening.duedilScreeningApiTest()'><b>duedilScreeningApiTest</b><br>Test class: com.travelex.automation.api.duedil.FCPAdpaterScreening<br>Parameters: 35.0, Timothy HALLCHURCHIL, NULL, Mumbai, Maharashtra, INDIA, 05/05/1987, NULL, PEPSD, NO HIT, Timothy HALLCHURCH</td>
<td></td>
<td>2</td>
<td>com.travelex.automation.api.duedil.FCPAdpaterScreening@e45f292</td></tr>
<tr>
<td title='com.travelex.automation.api.duedil.FCPAdpaterScreening.duedilScreeningApiTest()'><b>duedilScreeningApiTest</b><br>Test class: com.travelex.automation.api.duedil.FCPAdpaterScreening<br>Parameters: 36.0, Peter SKOLA, NULL, Mumbai, Maharashtra, INDIA, 05/05/1987, NULL, PEPSD, NO HIT, Peter SKOLAR</td>
<td></td>
<td>2</td>
<td>com.travelex.automation.api.duedil.FCPAdpaterScreening@e45f292</td></tr>
<tr>
<td title='com.travelex.automation.api.duedil.FCPAdpaterScreening.duedilScreeningApiTest()'><b>duedilScreeningApiTest</b><br>Test class: com.travelex.automation.api.duedil.FCPAdpaterScreening<br>Parameters: 37.0, Barb GATEHoSE, NULL, Mumbai, Maharashtra, INDIA, 05/05/1987, NULL, PEPSD, NO HIT, Barbara GATEHOUSE</td>
<td></td>
<td>2</td>
<td>com.travelex.automation.api.duedil.FCPAdpaterScreening@e45f292</td></tr>
<tr>
<td title='com.travelex.automation.api.duedil.FCPAdpaterScreening.duedilScreeningApiTest()'><b>duedilScreeningApiTest</b><br>Test class: com.travelex.automation.api.duedil.FCPAdpaterScreening<br>Parameters: 38.0, Michael GIBBAD, NULL, Mumbai, Maharashtra, INDIA, 05/05/1987, NULL, PEPSD, NO HIT, Michael GIBBARD</td>
<td></td>
<td>1</td>
<td>com.travelex.automation.api.duedil.FCPAdpaterScreening@e45f292</td></tr>
<tr>
<td title='com.travelex.automation.api.duedil.FCPAdpaterScreening.duedilScreeningApiTest()'><b>duedilScreeningApiTest</b><br>Test class: com.travelex.automation.api.duedil.FCPAdpaterScreening<br>Parameters: 39.0, Sue HAFFEN, NULL, Mumbai, Maharashtra, INDIA, 05/05/1987, NULL, PEPSD, NO HIT, Sue HAFFENDEN</td>
<td></td>
<td>2</td>
<td>com.travelex.automation.api.duedil.FCPAdpaterScreening@e45f292</td></tr>
<tr>
<td title='com.travelex.automation.api.duedil.FCPAdpaterScreening.duedilScreeningApiTest()'><b>duedilScreeningApiTest</b><br>Test class: com.travelex.automation.api.duedil.FCPAdpaterScreening<br>Parameters: 43.0, Mery Anne O'NEII, NULL, Brisbane, Queensland, AUSTRALIA, 04/20/1955, NULL, PEPSD, NO HIT, Mary Anne O'NEILL</td>
<td></td>
<td>1</td>
<td>com.travelex.automation.api.duedil.FCPAdpaterScreening@e45f292</td></tr>
<tr>
<td title='com.travelex.automation.api.duedil.FCPAdpaterScreening.duedilScreeningApiTest()'><b>duedilScreeningApiTest</b><br>Test class: com.travelex.automation.api.duedil.FCPAdpaterScreening<br>Parameters: 44.0, Andrew Cary POWEL, NULL, Brisbane, Queensland, AUSTRALIA, 05/05/1987, NULL, PEPSD, HIT, Andrew Cary POWELL</td>
<td></td>
<td>2</td>
<td>com.travelex.automation.api.duedil.FCPAdpaterScreening@e45f292</td></tr>
<tr>
<td title='com.travelex.automation.api.duedil.FCPAdpaterScreening.duedilScreeningApiTest()'><b>duedilScreeningApiTest</b><br>Test class: com.travelex.automation.api.duedil.FCPAdpaterScreening<br>Parameters: 45.0, Ros BATESS, NULL, Brisbane, Queensland, AUSTRALIA, 05/05/1987, NULL, PEPSD, HIT, Ros BATES</td>
<td></td>
<td>2</td>
<td>com.travelex.automation.api.duedil.FCPAdpaterScreening@e45f292</td></tr>
<tr>
<td title='com.travelex.automation.api.duedil.FCPAdpaterScreening.duedilScreeningApiTest()'><b>duedilScreeningApiTest</b><br>Test class: com.travelex.automation.api.duedil.FCPAdpaterScreening<br>Parameters: 47.0, Abdulqader Mohamed AL-BAGHDADI, Tripoli, NULL, NULL, LIBYA, 05/05/1987, NULL, PEPSD, HIT, Abdulqader Mohammed AL-BAGHDADI</td>
<td></td>
<td>2</td>
<td>com.travelex.automation.api.duedil.FCPAdpaterScreening@e45f292</td></tr>
<tr>
<td title='com.travelex.automation.api.duedil.FCPAdpaterScreening.duedilScreeningApiTest()'><b>duedilScreeningApiTest</b><br>Test class: com.travelex.automation.api.duedil.FCPAdpaterScreening<br>Parameters: 48.0, Najamuddinn KHAN, NULL, Islamabad, Islamabad CT, PAKISTAN, 05/05/1987, NULL, PEPSD, HIT, Najamuddin KHAN</td>
<td></td>
<td>2</td>
<td>com.travelex.automation.api.duedil.FCPAdpaterScreening@e45f292</td></tr>
<tr>
<td title='com.travelex.automation.api.duedil.FCPAdpaterScreening.duedilScreeningApiTest()'><b>duedilScreeningApiTest</b><br>Test class: com.travelex.automation.api.duedil.FCPAdpaterScreening<br>Parameters: 49.0, Nawabzada Bin Yameenn KHAN, NULL, Tank District, North West Frontier Province, PAKISTAN, 05/05/1987, NULL, PEPSD, HIT, Nawabzada Bin Yameen KHAN</td>
<td></td>
<td>2</td>
<td>com.travelex.automation.api.duedil.FCPAdpaterScreening@e45f292</td></tr>
<tr>
<td title='com.travelex.automation.api.duedil.FCPAdpaterScreening.duedilScreeningApiTest()'><b>duedilScreeningApiTest</b><br>Test class: com.travelex.automation.api.duedil.FCPAdpaterScreening<br>Parameters: 50.0, Rana Muhamad Iqbal HARNA, NULL, Lahore, Punjab, PAKISTAN, 05/05/1987, NULL, PEPSD, HIT, Rana Muhammad Iqbal HARNA</td>
<td></td>
<td>3</td>
<td>com.travelex.automation.api.duedil.FCPAdpaterScreening@e45f292</td></tr>
<tr>
<td title='com.travelex.automation.api.duedil.FCPAdpaterScreening.duedilScreeningApiTest()'><b>duedilScreeningApiTest</b><br>Test class: com.travelex.automation.api.duedil.FCPAdpaterScreening<br>Parameters: 51.0, Pervez KHATAK, NULL, Islamabad, Islamabad CT, PAKISTAN, 05/05/1987, NULL, PEPSD, HIT, Pervez KHATTAK</td>
<td></td>
<td>1</td>
<td>com.travelex.automation.api.duedil.FCPAdpaterScreening@e45f292</td></tr>
<tr>
<td title='com.travelex.automation.api.duedil.FCPAdpaterScreening.duedilScreeningApiTest()'><b>duedilScreeningApiTest</b><br>Test class: com.travelex.automation.api.duedil.FCPAdpaterScreening<br>Parameters: 52.0, Asif Ali ZARDARII, NULL, Dubai, Dubai, UNITED ARAB EMIRATES, 11/24/1956, NULL, PEPSD, HIT, Asif Ali ZARDARI</td>
<td></td>
<td>2</td>
<td>com.travelex.automation.api.duedil.FCPAdpaterScreening@e45f292</td></tr>
<tr>
<td title='com.travelex.automation.api.duedil.FCPAdpaterScreening.duedilScreeningApiTest()'><b>duedilScreeningApiTest</b><br>Test class: com.travelex.automation.api.duedil.FCPAdpaterScreening<br>Parameters: 53.0, Hamad Bin Jasim Bin Jabir AL-THANII, NULL, Doha, Ad Dawhah, QATAR, 05/15/1959, NULL, PEPSD, HIT, Hamad Bin Jasim Bin Jabir AL-THANI</td>
<td></td>
<td>2</td>
<td>com.travelex.automation.api.duedil.FCPAdpaterScreening@e45f292</td></tr>
<tr>
<td title='com.travelex.automation.api.duedil.FCPAdpaterScreening.duedilScreeningApiTest()'><b>duedilScreeningApiTest</b><br>Test class: com.travelex.automation.api.duedil.FCPAdpaterScreening<br>Parameters: 54.0, Jong Soon PARKK, NULL, Pyongyang, Pyongyang, KOREA, NORTH, 11/25/1928, NULL, PEPSD, HIT, Jong Soon PARK</td>
<td></td>
<td>2</td>
<td>com.travelex.automation.api.duedil.FCPAdpaterScreening@e45f292</td></tr>
<tr>
<td title='com.travelex.automation.api.duedil.FCPAdpaterScreening.duedilScreeningApiTest()'><b>duedilScreeningApiTest</b><br>Test class: com.travelex.automation.api.duedil.FCPAdpaterScreening<br>Parameters: 55.0, Dong Cheuckk WOO, NULL, Pyongyang, NULL, KOREA, NORTH, 11/28/1942, NULL, PEPSD, HIT, Dong Cheuck WOO</td>
<td></td>
<td>2</td>
<td>com.travelex.automation.api.duedil.FCPAdpaterScreening@e45f292</td></tr>
<tr>
<td title='com.travelex.automation.api.duedil.FCPAdpaterScreening.duedilScreeningApiTest()'><b>duedilScreeningApiTest</b><br>Test class: com.travelex.automation.api.duedil.FCPAdpaterScreening<br>Parameters: 56.0, Kyung Dukk MOON, NULL, Pyongyang, Pyongyang, KOREA, NORTH, 01/18/1957, NULL, PEPSD, HIT, Kyung Duk MOON</td>
<td></td>
<td>2</td>
<td>com.travelex.automation.api.duedil.FCPAdpaterScreening@e45f292</td></tr>
<tr>
<td title='com.travelex.automation.api.duedil.FCPAdpaterScreening.duedilScreeningApiTest()'><b>duedilScreeningApiTest</b><br>Test class: com.travelex.automation.api.duedil.FCPAdpaterScreening<br>Parameters: 57.0, Mi Yoong RYU, NULL, Pyongyang, Pyongyang, KOREA, NORTH, 08/17/1921, NULL, PEPSD, HIT, Mi Yong RYU</td>
<td></td>
<td>2</td>
<td>com.travelex.automation.api.duedil.FCPAdpaterScreening@e45f292</td></tr>
<tr>
<td title='com.travelex.automation.api.duedil.FCPAdpaterScreening.duedilScreeningApiTest()'><b>duedilScreeningApiTest</b><br>Test class: com.travelex.automation.api.duedil.FCPAdpaterScreening<br>Parameters: 58.0, Kwan Jo KANG, NULL, Pyongyang, NULL, KOREA, NORTH, 09/15/1930, NULL, PEPSD, HIT, Kwan Joo KANG</td>
<td></td>
<td>2</td>
<td>com.travelex.automation.api.duedil.FCPAdpaterScreening@e45f292</td></tr>
<tr>
<td title='com.travelex.automation.api.duedil.FCPAdpaterScreening.duedilScreeningApiTest()'><b>duedilScreeningApiTest</b><br>Test class: com.travelex.automation.api.duedil.FCPAdpaterScreening<br>Parameters: 59.0, Abdelkebir Mohmad FAKHIRI, NULL, NULL, NULL, LIBYA, 09/14/1963, NULL, PEPSD, HIT, Abdelkebir Mohamad FAKHIRI</td>
<td></td>
<td>2</td>
<td>com.travelex.automation.api.duedil.FCPAdpaterScreening@e45f292</td></tr>
<tr>
<td title='com.travelex.automation.api.duedil.FCPAdpaterScreening.duedilScreeningApiTest()'><b>duedilScreeningApiTest</b><br>Test class: com.travelex.automation.api.duedil.FCPAdpaterScreening<br>Parameters: 60.0, Ki Ryong KIMM, NULL, Pyongyang, Pyongyang, KOREA, NORTH, 09/18/1940, NULL, PEPSD, HIT, Ki Ryong KIM</td>
<td></td>
<td>2</td>
<td>com.travelex.automation.api.duedil.FCPAdpaterScreening@e45f292</td></tr>
<tr>
<td title='com.travelex.automation.api.duedil.FCPAdpaterScreening.duedilScreeningApiTest()'><b>duedilScreeningApiTest</b><br>Test class: com.travelex.automation.api.duedil.FCPAdpaterScreening<br>Parameters: 61.0, Pyong Hunn KIMM, NULL, Pyongyang, Pyongyang, KOREA, NORTH, 01/18/1929, NULL, PEPSD, HIT, Pyong Hun KIM</td>
<td></td>
<td>2</td>
<td>com.travelex.automation.api.duedil.FCPAdpaterScreening@e45f292</td></tr>
<tr>
<td title='com.travelex.automation.api.duedil.FCPAdpaterScreening.duedilScreeningApiTest()'><b>duedilScreeningApiTest</b><br>Test class: com.travelex.automation.api.duedil.FCPAdpaterScreening<br>Parameters: 62.0, Young Sok KIM, NULL, Pyongyang, Pyongyang, USA, 08/28/1942, NULL, PEPSD, HIT, Young Sook KIM</td>
<td></td>
<td>2</td>
<td>com.travelex.automation.api.duedil.FCPAdpaterScreening@e45f292</td></tr>
<tr>
<td title='com.travelex.automation.api.duedil.FCPAdpaterScreening.duedilScreeningApiTest()'><b>duedilScreeningApiTest</b><br>Test class: com.travelex.automation.api.duedil.FCPAdpaterScreening<br>Parameters: 63.0, Ung Joo MUN, NULL, Pyongyang, Pyongyang, USA, 10/21/1949, NULL, PEPSD, HIT, Ung Jo MUN</td>
<td></td>
<td>2</td>
<td>com.travelex.automation.api.duedil.FCPAdpaterScreening@e45f292</td></tr>
<tr>
<td title='com.travelex.automation.api.duedil.FCPAdpaterScreening.duedilScreeningApiTest()'><b>duedilScreeningApiTest</b><br>Test class: com.travelex.automation.api.duedil.FCPAdpaterScreening<br>Parameters: 67.0, Oothhmaan AL-GAAMDII, NULL, NULL, NULL, SAUDI ARABIA, 01/16/1987, NULL, UKSANCTIONSD, NO HIT, Othman AL-GHAMDI</td>
<td></td>
<td>2</td>
<td>com.travelex.automation.api.duedil.FCPAdpaterScreening@e45f292</td></tr>
<tr>
<td title='com.travelex.automation.api.duedil.FCPAdpaterScreening.duedilScreeningApiTest()'><b>duedilScreeningApiTest</b><br>Test class: com.travelex.automation.api.duedil.FCPAdpaterScreening<br>Parameters: 68.0, Faangwee LLI, c/o Limmt Economic and Trade Company, LTD., 2501-2508 Yuexiu Mansion, No. 82 Xinkai Road, Dalian, Liaoning 116011, NULL, NULL, CHINA, 01/16/1987, NULL, UKSANCTIONSD, NO HIT, Fangwei LI</td>
<td></td>
<td>1</td>
<td>com.travelex.automation.api.duedil.FCPAdpaterScreening@e45f292</td></tr>
<tr>
<td title='com.travelex.automation.api.duedil.FCPAdpaterScreening.duedilScreeningApiTest()'><b>duedilScreeningApiTest</b><br>Test class: com.travelex.automation.api.duedil.FCPAdpaterScreening<br>Parameters: 69.0, Magommad Khoozhhahmedovicch DAAUDDOV, NULL, Grozny, Chechnya Republic, RUSSIAN FEDERATION, 01/16/1987, NULL, UKSANCTIONSD, NO HIT, Magomed Khozhakhmedovich DAUDOV</td>
<td></td>
<td>2</td>
<td>com.travelex.automation.api.duedil.FCPAdpaterScreening@e45f292</td></tr>
<tr>
<td title='com.travelex.automation.api.duedil.FCPAdpaterScreening.duedilScreeningApiTest()'><b>duedilScreeningApiTest</b><br>Test class: com.travelex.automation.api.duedil.FCPAdpaterScreening<br>Parameters: 70.0, Sayed Jan ABD AL-ASLAAM, NULL, Mumbai, Maharashtra, INDIA, 12/15/1981, NULL, UKSANCTIONSD, NO HIT, Said Jan ABD AL-SALAM</td>
<td></td>
<td>2</td>
<td>com.travelex.automation.api.duedil.FCPAdpaterScreening@e45f292</td></tr>
<tr>
<td title='com.travelex.automation.api.duedil.FCPAdpaterScreening.duedilScreeningApiTest()'><b>duedilScreeningApiTest</b><br>Test class: com.travelex.automation.api.duedil.FCPAdpaterScreening<br>Parameters: 71.0, Sergeii Ivanoovich NEVEEROV, NULL, Mumbai, Maharashtra, INDIA, 09/29/1961, NULL, UKSANCTIONSD, NO HIT, Sergei Ivanovich NEVEROV</td>
<td></td>
<td>2</td>
<td>com.travelex.automation.api.duedil.FCPAdpaterScreening@e45f292</td></tr>
<tr>
<td title='com.travelex.automation.api.duedil.FCPAdpaterScreening.duedilScreeningApiTest()'><b>duedilScreeningApiTest</b><br>Test class: com.travelex.automation.api.duedil.FCPAdpaterScreening<br>Parameters: 72.0, Asln Avgazarovich BIUTUKV, Akharkho Street, 11, Katyr-Yurt, Achkhoy-Martanovskiy District, Republic of Chechnya, NULL, NULL, RUSSIAN FEDERATION, 10/22/1974, NULL, UKSANCTIONSD, HIT, Aslan Avgazarovich BYUTUKAEV</td>
<td></td>
<td>1</td>
<td>com.travelex.automation.api.duedil.FCPAdpaterScreening@e45f292</td></tr>
<tr>
<td title='com.travelex.automation.api.duedil.FCPAdpaterScreening.duedilScreeningApiTest()'><b>duedilScreeningApiTest</b><br>Test class: com.travelex.automation.api.duedil.FCPAdpaterScreening<br>Parameters: 73.0, Viachislav Georgyevich KHLEBNYKOV, NULL, Moscow, Moscow Region, RUSSIAN FEDERATION, 07/09/1967, NULL, UKSANCTIONSD, HIT, Vyacheslav Georgievich KHLEBNIKOV</td>
<td></td>
<td>2</td>
<td>com.travelex.automation.api.duedil.FCPAdpaterScreening@e45f292</td></tr>
<tr>
<td title='com.travelex.automation.api.duedil.FCPAdpaterScreening.duedilScreeningApiTest()'><b>duedilScreeningApiTest</b><br>Test class: com.travelex.automation.api.duedil.FCPAdpaterScreening<br>Parameters: 75.0, Manso ARBABSIR, NULL, Mumbai, Maharashtra, INDIA, 03/15/1955, NULL, UKSANCTIONSD, HIT, Manssor ARBABSIAR</td>
<td></td>
<td>2</td>
<td>com.travelex.automation.api.duedil.FCPAdpaterScreening@e45f292</td></tr>
<tr>
<td title='com.travelex.automation.api.duedil.FCPAdpaterScreening.duedilScreeningApiTest()'><b>duedilScreeningApiTest</b><br>Test class: com.travelex.automation.api.duedil.FCPAdpaterScreening<br>Parameters: 77.0, Edurdo Ramoon ARELLANO FELIX, NULL, Mumbai, Maharashtra, INDIA, 11/10/1956, NULL, UKSANCTIONSD, HIT, Eduardo Ramon ARELLANO FELIX</td>
<td></td>
<td>2</td>
<td>com.travelex.automation.api.duedil.FCPAdpaterScreening@e45f292</td></tr>
<tr>
<td title='com.travelex.automation.api.duedil.FCPAdpaterScreening.duedilScreeningApiTest()'><b>duedilScreeningApiTest</b><br>Test class: com.travelex.automation.api.duedil.FCPAdpaterScreening<br>Parameters: 78.0, Maysar Ali Mus Abdalah AL-JUBURI, NULL, Mumbai, Maharashtra, INDIA, 01/16/1987, NULL, UKSANCTIONSD, NO HIT, Maysar Ali Musa Abdallah AL-JUBURI</td>
<td></td>
<td>2</td>
<td>com.travelex.automation.api.duedil.FCPAdpaterScreening@e45f292</td></tr>
<tr>
<td title='com.travelex.automation.api.duedil.FCPAdpaterScreening.duedilScreeningApiTest()'><b>duedilScreeningApiTest</b><br>Test class: com.travelex.automation.api.duedil.FCPAdpaterScreening<br>Parameters: 79.0, Aamir Hussei RAHIMYA, NULL, Mumbai, Maharashtra, INDIA, 01/16/1987, NULL, UKSANCTIONSD, NO HIT, Amir Hossein RAHIMYAR</td>
<td></td>
<td>2</td>
<td>com.travelex.automation.api.duedil.FCPAdpaterScreening@e45f292</td></tr>
<tr>
<td title='com.travelex.automation.api.duedil.FCPAdpaterScreening.duedilScreeningApiTest()'><b>duedilScreeningApiTest</b><br>Test class: com.travelex.automation.api.duedil.FCPAdpaterScreening<br>Parameters: 80.0, Tahir HAMMID, NULL, Mumbai, Maharashtra, INDIA, 01/16/1987, NULL, UKSANCTIONSD, NO HIT, Mohammed Tahir HAMMID</td>
<td></td>
<td>2</td>
<td>com.travelex.automation.api.duedil.FCPAdpaterScreening@e45f292</td></tr>
<tr>
<td title='com.travelex.automation.api.duedil.FCPAdpaterScreening.duedilScreeningApiTest()'><b>duedilScreeningApiTest</b><br>Test class: com.travelex.automation.api.duedil.FCPAdpaterScreening<br>Parameters: 83.0, Yoonngaann HUU, NULL, Warrington, Cheshire, UNITED KINGDOM, 09/16/1976, NULL, UKSANCTIONSD, HIT, Yongan HU</td>
<td></td>
<td>2</td>
<td>com.travelex.automation.api.duedil.FCPAdpaterScreening@e45f292</td></tr>
<tr>
<td title='com.travelex.automation.api.duedil.FCPAdpaterScreening.duedilScreeningApiTest()'><b>duedilScreeningApiTest</b><br>Test class: com.travelex.automation.api.duedil.FCPAdpaterScreening<br>Parameters: 84.0, Maahmoouudd NIKOOUSOOKKHHAANN, NULL, Tehran, Tehran, IRAN, 01/16/1987, NULL, UKSANCTIONSD, NO HIT, Mahmoud NIKOUSOKHAN</td>
<td></td>
<td>2</td>
<td>com.travelex.automation.api.duedil.FCPAdpaterScreening@e45f292</td></tr>
<tr>
<td title='com.travelex.automation.api.duedil.FCPAdpaterScreening.duedilScreeningApiTest()'><b>duedilScreeningApiTest</b><br>Test class: com.travelex.automation.api.duedil.FCPAdpaterScreening<br>Parameters: 85.0, Heennrry GUEBEREKK GRIIMBERG, NULL, Mumbai, Maharashtra, INDIA, 10/16/1958, NULL, UKSANCTIONSD, NO HIT, Henry GUBEREK GRIMBERG</td>
<td></td>
<td>2</td>
<td>com.travelex.automation.api.duedil.FCPAdpaterScreening@e45f292</td></tr>
<tr>
<td title='com.travelex.automation.api.duedil.FCPAdpaterScreening.duedilScreeningApiTest()'><b>duedilScreeningApiTest</b><br>Test class: com.travelex.automation.api.duedil.FCPAdpaterScreening<br>Parameters: 88.0, Khawlaa Barzaan Ibrahiim Haasan AL-TIKRITII, Geneva, NULL, NULL, SWITZERLAND, 12/03/1986, NULL, UKSANCTIONSD, HIT, Khawla Barzan Ibrahim Hasan AL-TIKRITI</td>
<td></td>
<td>2</td>
<td>com.travelex.automation.api.duedil.FCPAdpaterScreening@e45f292</td></tr>
<tr>
<td title='com.travelex.automation.api.duedil.FCPAdpaterScreening.duedilScreeningApiTest()'><b>duedilScreeningApiTest</b><br>Test class: com.travelex.automation.api.duedil.FCPAdpaterScreening<br>Parameters: 89.0, Noor Barzaan Ibrahiim Haasan AL-TIKRITII, NULL, NULL, Genve, SWITZERLAND, 11/02/1983, NULL, UKSANCTIONSD, HIT, Noor Barzan Ibrahim Hasan AL-TIKRITI</td>
<td></td>
<td>2</td>
<td>com.travelex.automation.api.duedil.FCPAdpaterScreening@e45f292</td></tr>
<tr>
<td title='com.travelex.automation.api.duedil.FCPAdpaterScreening.duedilScreeningApiTest()'><b>duedilScreeningApiTest</b><br>Test class: com.travelex.automation.api.duedil.FCPAdpaterScreening<br>Parameters: 90.0, Thoraya Barzaan Ibrahiim Haasan AL-TIKRITII, NULL, NULL, NULL, IRAQ, 12/19/1980, NULL, UKSANCTIONSD, HIT, Thoraya Barzan Ibrahim Hasan AL-TIKRITI</td>
<td></td>
<td>2</td>
<td>com.travelex.automation.api.duedil.FCPAdpaterScreening@e45f292</td></tr>
<tr>
<td title='com.travelex.automation.api.duedil.FCPAdpaterScreening.duedilScreeningApiTest()'><b>duedilScreeningApiTest</b><br>Test class: com.travelex.automation.api.duedil.FCPAdpaterScreening<br>Parameters: 91.0, Moosttaffaa MAAHHAMEDD, NULL, Mumbai, Maharashtra, INDIA, 02/14/1984, NULL, UKSANCTIONSD, HIT, Mostafa MAHAMED</td>
<td></td>
<td>2</td>
<td>com.travelex.automation.api.duedil.FCPAdpaterScreening@e45f292</td></tr>
<tr>
<td title='com.travelex.automation.api.duedil.FCPAdpaterScreening.duedilScreeningApiTest()'><b>duedilScreeningApiTest</b><br>Test class: com.travelex.automation.api.duedil.FCPAdpaterScreening<br>Parameters: 93.0, Francine Denise LOUIE, NULL, Mumbai, Maharashtra, INDIA, 09/17/1958, NULL, UKSANCTIONSD, HIT, Francine Denise LOUIE</td>
<td></td>
<td>2</td>
<td>com.travelex.automation.api.duedil.FCPAdpaterScreening@e45f292</td></tr>
<tr>
<td title='com.travelex.automation.api.duedil.FCPAdpaterScreening.duedilScreeningApiTest()'><b>duedilScreeningApiTest</b><br>Test class: com.travelex.automation.api.duedil.FCPAdpaterScreening<br>Parameters: 94.0, Assaad Ahammad BARRAKAT, NULL, Mumbai, Maharashtra, INDIA, 01/16/1987, NULL, UKSANCTIONSD, NO HIT, Assad Ahmad BARAKAT</td>
<td></td>
<td>2</td>
<td>com.travelex.automation.api.duedil.FCPAdpaterScreening@e45f292</td></tr>
<tr>
<td title='com.travelex.automation.api.duedil.FCPAdpaterScreening.duedilScreeningApiTest()'><b>duedilScreeningApiTest</b><br>Test class: com.travelex.automation.api.duedil.FCPAdpaterScreening<br>Parameters: 95.0, Isaamm Mohammadd AMMHHAZZ, NULL, Mumbai, Maharashtra, INDIA, 01/16/1987, NULL, UKSANCTIONSD, NO HIT, Issam Mohamad AMHAZ</td>
<td></td>
<td>2</td>
<td>com.travelex.automation.api.duedil.FCPAdpaterScreening@e45f292</td></tr>
<tr>
<td title='com.travelex.automation.api.duedil.FCPAdpaterScreening.duedilScreeningApiTest()'><b>duedilScreeningApiTest</b><br>Test class: com.travelex.automation.api.duedil.FCPAdpaterScreening<br>Parameters: 96.0, Kaameell Mohammadd AMMHHAZZ, NULL, Mumbai, Maharashtra, INDIA, 01/16/1987, NULL, UKSANCTIONSD, NO HIT, Kamel Mohamad AMHAZ</td>
<td></td>
<td>2</td>
<td>com.travelex.automation.api.duedil.FCPAdpaterScreening@e45f292</td></tr>
<tr>
<td title='com.travelex.automation.api.duedil.FCPAdpaterScreening.duedilScreeningApiTest()'><b>duedilScreeningApiTest</b><br>Test class: com.travelex.automation.api.duedil.FCPAdpaterScreening<br>Parameters: 97.0, Mwafaq Mustfa Mohamad AL-KRMUSH, NULL, NULL, NULL, IRAQ, 12/11/1973, NULL, UKSANCTIONSD, HIT, Muwaffaq Mustafa Muhammad AL-KARMUSH</td>
<td></td>
<td>2</td>
<td>com.travelex.automation.api.duedil.FCPAdpaterScreening@e45f292</td></tr>
<tr>
<td title='com.travelex.automation.api.duedil.FCPAdpaterScreening.duedilScreeningApiTest()'><b>duedilScreeningApiTest</b><br>Test class: com.travelex.automation.api.duedil.FCPAdpaterScreening<br>Parameters: 98.0, Nel Christopher PRAKSH, 2/61 Crawford Road, Clayton South, Victoria, AUSTRALIA, 09/17/1991, NULL, UKSANCTIONSD, HIT, Neil Christopher PRAKASH</td>
<td></td>
<td>2</td>
<td>com.travelex.automation.api.duedil.FCPAdpaterScreening@e45f292</td></tr>
<tr>
<td title='com.travelex.automation.api.duedil.FCPAdpaterScreening.duedilScreeningApiTest()'><b>duedilScreeningApiTest</b><br>Test class: com.travelex.automation.api.duedil.FCPAdpaterScreening<br>Parameters: 99.0, Ibraahim I Haji Muhamad AL-BAKAAR, NULL, NULL, NULL, PAKISTAN, 09/18/1977, NULL, UKSANCTIONSD, HIT, Ibrahim Isa Hajji Muhammad AL-BAKR</td>
<td></td>
<td>8</td>
<td>com.travelex.automation.api.duedil.FCPAdpaterScreening@e45f292</td></tr>
<tr>
<td title='com.travelex.automation.api.duedil.FCPAdpaterScreening.duedilScreeningApiTest()'><b>duedilScreeningApiTest</b><br>Test class: com.travelex.automation.api.duedil.FCPAdpaterScreening<br>Parameters: 102.0, Abd al-Latif B 'Abdallah Sali Muhamad AL-KAWAARRI, al-Laqtah, NULL, NULL, QATAR, 01/16/1987, NULL, UKSANCTIONSD, HIT, 'Abd al-Latif Bin 'Abdallah Salih Muhammad AL-KAWARI</td>
<td></td>
<td>2</td>
<td>com.travelex.automation.api.duedil.FCPAdpaterScreening@e45f292</td></tr>
<tr>
<td title='com.travelex.automation.api.duedil.FCPAdpaterScreening.duedilScreeningApiTest()'><b>duedilScreeningApiTest</b><br>Test class: com.travelex.automation.api.duedil.FCPAdpaterScreening<br>Parameters: 103.0, Joseph GILBO, NULL, Mumbai, Maharashtra, INDIA, 09/18/1943, NULL, UKSANCTIONSD, HIT, Joseph GILBOA</td>
<td></td>
<td>2</td>
<td>com.travelex.automation.api.duedil.FCPAdpaterScreening@e45f292</td></tr>
<tr>
<td title='com.travelex.automation.api.duedil.FCPAdpaterScreening.duedilScreeningApiTest()'><b>duedilScreeningApiTest</b><br>Test class: com.travelex.automation.api.duedil.FCPAdpaterScreening<br>Parameters: 104.0, S Man HWANG, NULL, Mumbai, Maharashtra, INDIA, 09/16/1955, NULL, UKSANCTIONSD, HIT, Su Man HWANG</td>
<td></td>
<td>2</td>
<td>com.travelex.automation.api.duedil.FCPAdpaterScreening@e45f292</td></tr>
<tr>
<td title='com.travelex.automation.api.duedil.FCPAdpaterScreening.duedilScreeningApiTest()'><b>duedilScreeningApiTest</b><br>Test class: com.travelex.automation.api.duedil.FCPAdpaterScreening<br>Parameters: 105.0, Kwang Hyo KIMM, NULL, Mumbai, Maharashtra, INDIA, 10/29/1970, NULL, UKSANCTIONSD, HIT, Kwang Hyok KIM</td>
<td></td>
<td>2</td>
<td>com.travelex.automation.api.duedil.FCPAdpaterScreening@e45f292</td></tr>
<tr>
<td title='com.travelex.automation.api.duedil.FCPAdpaterScreening.duedilScreeningApiTest()'><b>duedilScreeningApiTest</b><br>Test class: com.travelex.automation.api.duedil.FCPAdpaterScreening<br>Parameters: 106.0, Bo Su JANG, NULL, NULL, NULL, SYRIA, 04/15/1957, NULL, UKSANCTIONSD, HIT, Bom Su JANG</td>
<td></td>
<td>2</td>
<td>com.travelex.automation.api.duedil.FCPAdpaterScreening@e45f292</td></tr>
<tr>
<td title='com.travelex.automation.api.duedil.FCPAdpaterScreening.duedilScreeningApiTest()'><b>duedilScreeningApiTest</b><br>Test class: com.travelex.automation.api.duedil.FCPAdpaterScreening<br>Parameters: 107.0, Myong Gu JONN, NULL, NULL, NULL, SYRIA, 10/18/1976, NULL, UKSANCTIONSD, HIT, Myong Guk JON</td>
<td></td>
<td>2</td>
<td>com.travelex.automation.api.duedil.FCPAdpaterScreening@e45f292</td></tr>
<tr>
<td title='com.travelex.automation.api.duedil.FCPAdpaterScreening.duedilScreeningApiTest()'><b>duedilScreeningApiTest</b><br>Test class: com.travelex.automation.api.duedil.FCPAdpaterScreening<br>Parameters: 108.0, Jung Jon KIMM, NULL, NULL, NULL, VIET NAM, 11/07/1966, NULL, UKSANCTIONSD, HIT, Jung Jong KIM</td>
<td></td>
<td>2</td>
<td>com.travelex.automation.api.duedil.FCPAdpaterScreening@e45f292</td></tr>
<tr>
<td title='com.travelex.automation.api.duedil.FCPAdpaterScreening.duedilScreeningApiTest()'><b>duedilScreeningApiTest</b><br>Test class: com.travelex.automation.api.duedil.FCPAdpaterScreening<br>Parameters: 109.0, Seyyeedd Mohmmad HASSHEMII, NULL, Mumbai, Maharashtra, INDIA, 05/16/1965, NULL, UKSANCTIONSD, HIT, Seyed Mohammad HASHEMI</td>
<td></td>
<td>2</td>
<td>com.travelex.automation.api.duedil.FCPAdpaterScreening@e45f292</td></tr>
<tr>
<td title='com.travelex.automation.api.duedil.FCPAdpaterScreening.duedilScreeningApiTest()'><b>duedilScreeningApiTest</b><br>Test class: com.travelex.automation.api.duedil.FCPAdpaterScreening<br>Parameters: 110.0, Mohamad Ijaz SAFAARASHH, NULL, Mumbai, Maharashtra, INDIA, 06/16/1976, NULL, UKSANCTIONSD, HIT, Muhammad Ijaz SAFARASH</td>
<td></td>
<td>2</td>
<td>com.travelex.automation.api.duedil.FCPAdpaterScreening@e45f292</td></tr>
<tr>
<td title='com.travelex.automation.api.duedil.FCPAdpaterScreening.duedilScreeningApiTest()'><b>duedilScreeningApiTest</b><br>Test class: com.travelex.automation.api.duedil.FCPAdpaterScreening<br>Parameters: 111.0, James Alexander MCLIINTO, NULL, Mumbai, Maharashtra, INDIA, 03/23/1964, NULL, UKSANCTIONSD, HIT, James Alexander MCLINTOCK</td>
<td></td>
<td>2</td>
<td>com.travelex.automation.api.duedil.FCPAdpaterScreening@e45f292</td></tr>
<tr>
<td title='com.travelex.automation.api.duedil.FCPAdpaterScreening.duedilScreeningApiTest()'><b>duedilScreeningApiTest</b><br>Test class: com.travelex.automation.api.duedil.FCPAdpaterScreening<br>Parameters: 112.0, El Shaafee ELHEIKHH, NULL, Mumbai, Maharashtra, INDIA, 01/16/1987, NULL, UKSANCTIONSD, NO HIT, El Shafee ELSHEIKH</td>
<td></td>
<td>2</td>
<td>com.travelex.automation.api.duedil.FCPAdpaterScreening@e45f292</td></tr>
<tr>
<td title='com.travelex.automation.api.duedil.FCPAdpaterScreening.duedilScreeningApiTest()'><b>duedilScreeningApiTest</b><br>Test class: com.travelex.automation.api.duedil.FCPAdpaterScreening<br>Parameters: 113.0, Rberrt Paula DAVISS, NULL, Mumbai, Maharashtra, INDIA, 01/16/1987, NULL, UKSANCTIONSD, NO HIT, Robert Paul DAVIS</td>
<td></td>
<td>1</td>
<td>com.travelex.automation.api.duedil.FCPAdpaterScreening@e45f292</td></tr>
<tr>
<td title='com.travelex.automation.api.duedil.FCPAdpaterScreening.duedilScreeningApiTest()'><b>duedilScreeningApiTest</b><br>Test class: com.travelex.automation.api.duedil.FCPAdpaterScreening<br>Parameters: 114.0, Rasonne Phyllis DAY, NULL, Mumbai, Maharashtra, INDIA, 01/16/1987, NULL, UKSANCTIONSD, NO HIT, Rosanne Phyllis DAY</td>
<td></td>
<td>1</td>
<td>com.travelex.automation.api.duedil.FCPAdpaterScreening@e45f292</td></tr>
<tr>
<td title='com.travelex.automation.api.duedil.FCPAdpaterScreening.duedilScreeningApiTest()'><b>duedilScreeningApiTest</b><br>Test class: com.travelex.automation.api.duedil.FCPAdpaterScreening<br>Parameters: 116.0, Al-Hashan ALI A ABKAR, Al-Ghail district, Al-Jawf Governorate, NULL, NULL, YEMEN, 11/15/1962, NULL, UKSANCTIONSD, HIT, Al-Hasan ALI ALI ABKAR</td>
<td></td>
<td>2</td>
<td>com.travelex.automation.api.duedil.FCPAdpaterScreening@e45f292</td></tr>
<tr>
<td title='com.travelex.automation.api.duedil.FCPAdpaterScreening.duedilScreeningApiTest()'><b>duedilScreeningApiTest</b><br>Test class: com.travelex.automation.api.duedil.FCPAdpaterScreening<br>Parameters: 118.0, Ayman S Ibrahim Hasan AL-TIKRITI, Bludan, NULL, NULL, SYRIA, 01/16/1987, NULL, UKSANCTIONSD, HIT, Ayman Sabawi Ibrahim Hasan AL-TIKRITI</td>
<td></td>
<td>2</td>
<td>com.travelex.automation.api.duedil.FCPAdpaterScreening@e45f292</td></tr>
<tr>
<td title='com.travelex.automation.api.duedil.FCPAdpaterScreening.duedilScreeningApiTest()'><b>duedilScreeningApiTest</b><br>Test class: com.travelex.automation.api.duedil.FCPAdpaterScreening<br>Parameters: 121.0, Yassir S Ibrahim Hussan AL-TIKRITI, NULL, Mumbai, Maharashtra, INDIA, 11/25/1968, NULL, UKSANCTIONSD, HIT, Yasir Sabawi Ibrahim Hasan AL-TIKRITI</td>
<td></td>
<td>2</td>
<td>com.travelex.automation.api.duedil.FCPAdpaterScreening@e45f292</td></tr>
<tr>
<td title='com.travelex.automation.api.duedil.FCPAdpaterScreening.duedilScreeningApiTest()'><b>duedilScreeningApiTest</b><br>Test class: com.travelex.automation.api.duedil.FCPAdpaterScreening<br>Parameters: 122.0, Bassam Ahmad AL-HASHRI, NULL, Mumbai, Maharashtra, INDIA, 11/11/1971, NULL, UKSANCTIONSD, HIT, Bassam Ahmad AL-HASRI</td>
<td></td>
<td>2</td>
<td>com.travelex.automation.api.duedil.FCPAdpaterScreening@e45f292</td></tr>
<tr>
<td title='com.travelex.automation.api.duedil.FCPAdpaterScreening.duedilScreeningApiTest()'><b>duedilScreeningApiTest</b><br>Test class: com.travelex.automation.api.duedil.FCPAdpaterScreening<br>Parameters: 123.0, Muhammad Haitham ABD-AA-SAMAD, NULL, Mumbai, Maharashtra, INDIA, 11/15/1947, NULL, UKSANCTIONSD, HIT, Muhammad Haytham ABD-AL-SAMAD</td>
<td></td>
<td>2</td>
<td>com.travelex.automation.api.duedil.FCPAdpaterScreening@e45f292</td></tr>
<tr>
<td title='com.travelex.automation.api.duedil.FCPAdpaterScreening.duedilScreeningApiTest()'><b>duedilScreeningApiTest</b><br>Test class: com.travelex.automation.api.duedil.FCPAdpaterScreening<br>Parameters: 124.0, Khalid Mabkhut AL-ARADA, Marib, Marib Governorate, NULL, NULL, YEMEN, 01/01/1965, NULL, UKSANCTIONSD, HIT, Khalid Ali Mabkhut AL-ARADAH</td>
<td></td>
<td>2</td>
<td>com.travelex.automation.api.duedil.FCPAdpaterScreening@e45f292</td></tr>
<tr>
<td title='com.travelex.automation.api.duedil.FCPAdpaterScreening.duedilScreeningApiTest()'><b>duedilScreeningApiTest</b><br>Test class: com.travelex.automation.api.duedil.FCPAdpaterScreening<br>Parameters: 125.0, Hashim Aydarus ALHAMID, Abyan Governorate, NULL, NULL, YEMEN, 12/12/1985, NULL, UKSANCTIONSD, HIT, Hashim Muhsin Aydarus AL-HAMID</td>
<td></td>
<td>2</td>
<td>com.travelex.automation.api.duedil.FCPAdpaterScreening@e45f292</td></tr>
<tr>
<td title='com.travelex.automation.api.duedil.FCPAdpaterScreening.duedilScreeningApiTest()'><b>duedilScreeningApiTest</b><br>Test class: com.travelex.automation.api.duedil.FCPAdpaterScreening<br>Parameters: 126.0, Kaled SARROUF, NULL, Punchbowl, New South Wales, AUSTRALIA, 02/23/1981, NULL, UKSANCTIONSD, HIT, Khaled SHARROUF</td>
<td></td>
<td>2</td>
<td>com.travelex.automation.api.duedil.FCPAdpaterScreening@e45f292</td></tr>
<tr>
<td title='com.travelex.automation.api.duedil.FCPAdpaterScreening.duedilScreeningApiTest()'><b>duedilScreeningApiTest</b><br>Test class: com.travelex.automation.api.duedil.FCPAdpaterScreening<br>Parameters: 127.0, Mohammad Masud Azhar ALVI, NULL, Mumbai, Maharashtra, INDIA, 07/10/1968, NULL, UKSANCTIONSD, HIT, Mohammad Masood Azhar ALVI</td>
<td></td>
<td>2</td>
<td>com.travelex.automation.api.duedil.FCPAdpaterScreening@e45f292</td></tr>
<tr>
<td title='com.travelex.automation.api.duedil.FCPAdpaterScreening.duedilScreeningApiTest()'><b>duedilScreeningApiTest</b><br>Test class: com.travelex.automation.api.duedil.FCPAdpaterScreening<br>Parameters: 128.0, Abdul Rahman YASHIN, NULL, Mumbai, Maharashtra, INDIA, 04/10/1960, NULL, UKSANCTIONSD, HIT, Abdul Rahman YASIN</td>
<td></td>
<td>2</td>
<td>com.travelex.automation.api.duedil.FCPAdpaterScreening@e45f292</td></tr>
<tr>
<td title='com.travelex.automation.api.duedil.FCPAdpaterScreening.duedilScreeningApiTest()'><b>duedilScreeningApiTest</b><br>Test class: com.travelex.automation.api.duedil.FCPAdpaterScreening<br>Parameters: 129.0, Mufti Rashid LADEHYANOY, NULL, Mumbai, Maharashtra, INDIA, 09/22/1922, NULL, UKSANCTIONSD, HIT, Mufti Rashid Ahmad LADEHYANOY</td>
<td></td>
<td>2</td>
<td>com.travelex.automation.api.duedil.FCPAdpaterScreening@e45f292</td></tr>
<tr>
<td title='com.travelex.automation.api.duedil.FCPAdpaterScreening.duedilScreeningApiTest()'><b>duedilScreeningApiTest</b><br>Test class: com.travelex.automation.api.duedil.FCPAdpaterScreening<br>Parameters: 130.0, Muhamad BENHAMMED, NULL, Mumbai, Maharashtra, INDIA, 01/16/1987, NULL, UKSANCTIONSD, NO HIT, Mohammed BENHAMMEDI</td>
<td></td>
<td>2</td>
<td>com.travelex.automation.api.duedil.FCPAdpaterScreening@e45f292</td></tr>
<tr>
<td title='com.travelex.automation.api.duedil.FCPAdpaterScreening.duedilScreeningApiTest()'><b>duedilScreeningApiTest</b><br>Test class: com.travelex.automation.api.duedil.FCPAdpaterScreening<br>Parameters: 131.0, Sufia Ibrahim Ahmed Hamud Bin QUMU, NULL, Mumbai, Maharashtra, INDIA, 01/16/1987, NULL, UKSANCTIONSD, NO HIT, Abu Sufian Ibrahim Ahmed Hamuda Bin QUMU</td>
<td></td>
<td>2</td>
<td>com.travelex.automation.api.duedil.FCPAdpaterScreening@e45f292</td></tr>
<tr>
<td title='com.travelex.automation.api.duedil.FCPAdpaterScreening.duedilScreeningApiTest()'><b>duedilScreeningApiTest</b><br>Test class: com.travelex.automation.api.duedil.FCPAdpaterScreening<br>Parameters: 132.0, Redouane AL HABAB, NULL, Mumbai, Maharashtra, INDIA, 01/16/1987, NULL, UKSANCTIONSD, NO HIT, Redouane EL HABHAB</td>
<td></td>
<td>2</td>
<td>com.travelex.automation.api.duedil.FCPAdpaterScreening@e45f292</td></tr>
<tr>
<td title='com.travelex.automation.api.duedil.FCPAdpaterScreening.duedilScreeningApiTest()'><b>duedilScreeningApiTest</b><br>Test class: com.travelex.automation.api.duedil.FCPAdpaterScreening<br>Parameters: 133.0, Dawod IBRAHIM, 33-36 Pakmodiya Street, Haji Musafirkhana, Dongri, Bombay, NULL, INDIA, 11/16/1955, NULL, UKSANCTIONSD, HIT, Dawood IBRAHIM</td>
<td></td>
<td>4</td>
<td>com.travelex.automation.api.duedil.FCPAdpaterScreening@e45f292</td></tr>
<tr>
<td title='com.travelex.automation.api.duedil.FCPAdpaterScreening.duedilScreeningApiTest()'><b>duedilScreeningApiTest</b><br>Test class: com.travelex.automation.api.duedil.FCPAdpaterScreening<br>Parameters: 134.0, Aziz Mosa BILAaKHIA, NULL, Mumbai, Maharashtra, INDIA, 12/23/1960, NULL, UKSANCTIONSD, HIT, Aziz Moosa BILAKHIA</td>
<td></td>
<td>2</td>
<td>com.travelex.automation.api.duedil.FCPAdpaterScreening@e45f292</td></tr>
<tr>
<td title='com.travelex.automation.api.duedil.FCPAdpaterScreening.duedilScreeningApiTest()'><b>duedilScreeningApiTest</b><br>Test class: com.travelex.automation.api.duedil.FCPAdpaterScreening<br>Parameters: 135.0, Ibraahim Abdel Razaaq MEMON, Bldg. No. 21 Room No. 1069, Fisherman Colony Mahim, Mumbai, NULL, INDIA, 02/29/1960, NULL, UKSANCTIONSD, HIT, Ibrahim Abdul Razaaq MEMON</td>
<td></td>
<td>2</td>
<td>com.travelex.automation.api.duedil.FCPAdpaterScreening@e45f292</td></tr>
<tr>
<td title='com.travelex.automation.api.duedil.FCPAdpaterScreening.duedilScreeningApiTest()'><b>duedilScreeningApiTest</b><br>Test class: com.travelex.automation.api.duedil.FCPAdpaterScreening<br>Parameters: 136.0, Muthanna Harit AL-DARI, Asas Village, Abu Ghurayb, NULL, NULL, IRAQ, 01/16/1987, NULL, UKSANCTIONSD, HIT, Muthanna Harith AL-DARI</td>
<td></td>
<td>5</td>
<td>com.travelex.automation.api.duedil.FCPAdpaterScreening@e45f292</td></tr>
<tr>
<td title='com.travelex.automation.api.duedil.FCPAdpaterScreening.duedilScreeningApiTest()'><b>duedilScreeningApiTest</b><br>Test class: com.travelex.automation.api.duedil.FCPAdpaterScreening<br>Parameters: 138.0, Laseed BEN HENI, NULL, Milan, Lombardy Region, ITALY, 01/16/1987, NULL, UKSANCTIONSD, HIT, Lased BEN HENI</td>
<td></td>
<td>5</td>
<td>com.travelex.automation.api.duedil.FCPAdpaterScreening@e45f292</td></tr>
<tr>
<td title='com.travelex.automation.api.duedil.FCPAdpaterScreening.duedilScreeningApiTest()'><b>duedilScreeningApiTest</b><br>Test class: com.travelex.automation.api.duedil.FCPAdpaterScreening<br>Parameters: 139.0, Fritz Maartin GELOWIICZ, NULL, Mumbai, Maharashtra, INDIA, 12/11/1979, NULL, UKSANCTIONSD, HIT, Fritz Martin GELOWICZ</td>
<td></td>
<td>2</td>
<td>com.travelex.automation.api.duedil.FCPAdpaterScreening@e45f292</td></tr>
<tr>
<td title='com.travelex.automation.api.duedil.FCPAdpaterScreening.duedilScreeningApiTest()'><b>duedilScreeningApiTest</b><br>Test class: com.travelex.automation.api.duedil.FCPAdpaterScreening<br>Parameters: 140.0, Ameer AaZAM, NULL, Mumbai, Maharashtra, INDIA, 12/28/1971, NULL, UKSANCTIONSD, HIT, Amir AZAM</td>
<td></td>
<td>2</td>
<td>com.travelex.automation.api.duedil.FCPAdpaterScreening@e45f292</td></tr>
<tr>
<td title='com.travelex.automation.api.duedil.FCPAdpaterScreening.duedilScreeningApiTest()'><b>duedilScreeningApiTest</b><br>Test class: com.travelex.automation.api.duedil.FCPAdpaterScreening<br>Parameters: 141.0, Ahmad Abdula Mohamad Abdula BEHZAD, NULL, Mumbai, Maharashtra, INDIA, 12/23/1971, NULL, UKSANCTIONSD, HIT, Ahmad Abdulla Mohammad Abdulla BEHZAD</td>
<td></td>
<td>2</td>
<td>com.travelex.automation.api.duedil.FCPAdpaterScreening@e45f292</td></tr>
<tr>
<td title='com.travelex.automation.api.duedil.FCPAdpaterScreening.duedilScreeningApiTest()'><b>duedilScreeningApiTest</b><br>Test class: com.travelex.automation.api.duedil.FCPAdpaterScreening<br>Parameters: 143.0, Blanca Margaarita CAZAARES SALAAZAR, 9311 Clancey Avenue, Downey, CA 90240, NULL, NULL, USA, 09/18/1954, NULL, UKSANCTIONSD, HIT, Blanca Margarita CAZARES SALAZAR</td>
<td></td>
<td>2</td>
<td>com.travelex.automation.api.duedil.FCPAdpaterScreening@e45f292</td></tr>
<tr>
<td title='com.travelex.automation.api.duedil.FCPAdpaterScreening.duedilScreeningApiTest()'><b>duedilScreeningApiTest</b><br>Test class: com.travelex.automation.api.duedil.FCPAdpaterScreening<br>Parameters: 144.0, Seyyed Mahmoud MOHAADDES, NULL, Aberdeen, Scotland, UNITED KINGDOM, 06/07/1957, NULL, UKSANCTIONSD, HIT, Seyed Mahmoud MOHADDES</td>
<td></td>
<td>2</td>
<td>com.travelex.automation.api.duedil.FCPAdpaterScreening@e45f292</td></tr>
<tr>
<td title='com.travelex.automation.api.duedil.FCPAdpaterScreening.duedilScreeningApiTest()'><b>duedilScreeningApiTest</b><br>Test class: com.travelex.automation.api.duedil.FCPAdpaterScreening<br>Parameters: 145.0, Sayad Medhi FAARAAHI, NULL, Mumbai, Maharashtra, INDIA, 09/30/1960, NULL, UKSANCTIONSD, HIT, Sayyad Medhi FARAHI</td>
<td></td>
<td>2</td>
<td>com.travelex.automation.api.duedil.FCPAdpaterScreening@e45f292</td></tr>
<tr>
<td title='com.travelex.automation.api.duedil.FCPAdpaterScreening.duedilScreeningApiTest()'><b>duedilScreeningApiTest</b><br>Test class: com.travelex.automation.api.duedil.FCPAdpaterScreening<br>Parameters: 146.0, Mohammad Ali JAFAARII, NULL, Mumbai, Maharashtra, INDIA, 09/01/1957, NULL, UKSANCTIONSD, HIT, Mohammad Ali JAFARI</td>
<td></td>
<td>3</td>
<td>com.travelex.automation.api.duedil.FCPAdpaterScreening@e45f292</td></tr>
<tr>
<td title='com.travelex.automation.api.duedil.FCPAdpaterScreening.duedilScreeningApiTest()'><b>duedilScreeningApiTest</b><br>Test class: com.travelex.automation.api.duedil.FCPAdpaterScreening<br>Parameters: 147.0, Ab Zaid DORDA, NULL, Mumbai, Maharashtra, INDIA, 04/04/1944, NULL, UKSANCTIONSD, HIT, Abu Zaid DORDA</td>
<td></td>
<td>2</td>
<td>com.travelex.automation.api.duedil.FCPAdpaterScreening@e45f292</td></tr>
<tr>
<td title='com.travelex.automation.api.duedil.FCPAdpaterScreening.duedilScreeningApiTest()'><b>duedilScreeningApiTest</b><br>Test class: com.travelex.automation.api.duedil.FCPAdpaterScreening<br>Parameters: 148.0, Azam Abdulah Zureik Al-Mauli AL-SUBHI, NULL, Mumbai, Maharashtra, INDIA, 01/16/1987, NULL, UKSANCTIONSD, HIT, Azzam Abdullah Zureik Al-Maulid AL-SUBHI</td>
<td></td>
<td>2</td>
<td>com.travelex.automation.api.duedil.FCPAdpaterScreening@e45f292</td></tr>
<tr>
<td title='com.travelex.automation.api.duedil.FCPAdpaterScreening.duedilScreeningApiTest()'><b>duedilScreeningApiTest</b><br>Test class: com.travelex.automation.api.duedil.FCPAdpaterScreening<br>Parameters: 150.0, Rahmatul MOHAMMAD AFZAL, NULL, Mumbai, Maharashtra, INDIA, 01/16/1987, NULL, UKSANCTIONSD, HIT, Rahmatullah MOHAMMAD AFZAL</td>
<td></td>
<td>2</td>
<td>com.travelex.automation.api.duedil.FCPAdpaterScreening@e45f292</td></tr>
<tr>
<td title='com.travelex.automation.api.duedil.FCPAdpaterScreening.duedilScreeningApiTest()'><b>duedilScreeningApiTest</b><br>Test class: com.travelex.automation.api.duedil.FCPAdpaterScreening<br>Parameters: 151.0, Abdallah Ghanim Mahfuz Muslim KHAWAR, NULL, NULL, NULL, QATAR, 12/27/1981, NULL, UKSANCTIONSD, HIT, Abdallah Ghanim Mahfuz Muslim KHAWAR</td>
<td></td>
<td>1</td>
<td>com.travelex.automation.api.duedil.FCPAdpaterScreening@e45f292</td></tr>
<tr>
<td title='com.travelex.automation.api.duedil.FCPAdpaterScreening.duedilScreeningApiTest()'><b>duedilScreeningApiTest</b><br>Test class: com.travelex.automation.api.duedil.FCPAdpaterScreening<br>Parameters: 152.0, Shimon Yalin YELINEK, c/o Crocker Jeans Corp. S.A., Panama City, NULL, PANAMA, 11/13/1961, NULL, UKSANCTIONSD, HIT, Shimon Yalin YELINEK</td>
<td></td>
<td>1</td>
<td>com.travelex.automation.api.duedil.FCPAdpaterScreening@e45f292</td></tr>
<tr>
<td title='com.travelex.automation.api.duedil.FCPAdpaterScreening.duedilScreeningApiTest()'><b>duedilScreeningApiTest</b><br>Test class: com.travelex.automation.api.duedil.FCPAdpaterScreening<br>Parameters: 153.0, Mohamed Amin MOSTAFA, Karkuk, NULL, NULL, IRAQ, 12/22/1975, NULL, UKSANCTIONSD, HIT, Mohamed Amin MOSTAFA</td>
<td></td>
<td>2</td>
<td>com.travelex.automation.api.duedil.FCPAdpaterScreening@e45f292</td></tr>
<tr>
<td title='com.travelex.automation.api.duedil.FCPAdpaterScreening.duedilScreeningApiTest()'><b>duedilScreeningApiTest</b><br>Test class: com.travelex.automation.api.duedil.FCPAdpaterScreening<br>Parameters: 154.0, Lei ZHANG, NULL, Shanghai, Shanghai, CHINA, 01/16/1987, NULL, UKSANCTIONSD, HIT, Lei ZHANG</td>
<td></td>
<td>2</td>
<td>com.travelex.automation.api.duedil.FCPAdpaterScreening@e45f292</td></tr>
<tr>
<td title='com.travelex.automation.api.duedil.FCPAdpaterScreening.duedilScreeningApiTest()'><b>duedilScreeningApiTest</b><br>Test class: com.travelex.automation.api.duedil.FCPAdpaterScreening<br>Parameters: 155.0, Hicham Nmer KHANAFER, NULL, NULL, NULL, GAMBIA, 01/16/1987, NULL, UKSANCTIONSD, HIT, Hicham Nmer KHANAFER</td>
<td></td>
<td>2</td>
<td>com.travelex.automation.api.duedil.FCPAdpaterScreening@e45f292</td></tr>
<tr>
<td title='com.travelex.automation.api.duedil.FCPAdpaterScreening.duedilScreeningApiTest()'><b>duedilScreeningApiTest</b><br>Test class: com.travelex.automation.api.duedil.FCPAdpaterScreening<br>Parameters: 156.0, Yakov RYBALSKIY, Rashi 9/3, Sharon, NULL, NULL, ISRAEL, 01/16/1987, NULL, UKSANCTIONSD, HIT, Yakov RYBALSKIY</td>
<td></td>
<td>2</td>
<td>com.travelex.automation.api.duedil.FCPAdpaterScreening@e45f292</td></tr>
<tr>
<td title='com.travelex.automation.api.duedil.FCPAdpaterScreening.duedilScreeningApiTest()'><b>duedilScreeningApiTest</b><br>Test class: com.travelex.automation.api.duedil.FCPAdpaterScreening<br>Parameters: 157.0, Akbar SEYED ALHOSSEINI, NULL, Mumbai, Maharashtra, INDIA, 12/12/1961, NULL, UKSANCTIONSD, HIT, Akbar SEYED ALHOSSEINI</td>
<td></td>
<td>2</td>
<td>com.travelex.automation.api.duedil.FCPAdpaterScreening@e45f292</td></tr>
<tr>
<td title='com.travelex.automation.api.duedil.FCPAdpaterScreening.duedilScreeningApiTest()'><b>duedilScreeningApiTest</b><br>Test class: com.travelex.automation.api.duedil.FCPAdpaterScreening<br>Parameters: 158.0, Kevin Gim LOUIE, NULL, Mumbai, Maharashtra, INDIA, 12/21/1976, NULL, UKSANCTIONSD, HIT, Kevin Gim LOUIE</td>
<td></td>
<td>1</td>
<td>com.travelex.automation.api.duedil.FCPAdpaterScreening@e45f292</td></tr>
<tr>
<td title='com.travelex.automation.api.duedil.FCPAdpaterScreening.duedilScreeningApiTest()'><b>duedilScreeningApiTest</b><br>Test class: com.travelex.automation.api.duedil.FCPAdpaterScreening<br>Parameters: 159.0, Hanna Elias KHALIFEH, NULL, Mumbai, Maharashtra, INDIA, 09/22/1955, NULL, UKSANCTIONSD, HIT, Hanna Elias KHALIFEH</td>
<td></td>
<td>2</td>
<td>com.travelex.automation.api.duedil.FCPAdpaterScreening@e45f292</td></tr>
<tr>
<td title='com.travelex.automation.api.duedil.FCPAdpaterScreening.duedilScreeningApiTest()'><b>duedilScreeningApiTest</b><br>Test class: com.travelex.automation.api.duedil.FCPAdpaterScreening<br>Parameters: 160.0, Oded TUITO, NULL, New York City, New York, USA, 12/27/1959, NULL, UKSANCTIONSD, HIT, Oded TUITO</td>
<td></td>
<td>1</td>
<td>com.travelex.automation.api.duedil.FCPAdpaterScreening@e45f292</td></tr>
<tr>
<td title='com.travelex.automation.api.duedil.FCPAdpaterScreening.duedilScreeningApiTest()'><b>duedilScreeningApiTest</b><br>Test class: com.travelex.automation.api.duedil.FCPAdpaterScreening<br>Parameters: 161.0, Mahir Jawad Yunis SALAH, NULL, NULL, NULL, SAUDI ARABIA, 10/22/1957, NULL, UKSANCTIONSD, HIT, Mahir Jawad Yunis SALAH</td>
<td></td>
<td>2</td>
<td>com.travelex.automation.api.duedil.FCPAdpaterScreening@e45f292</td></tr>
<tr>
<td title='com.travelex.automation.api.duedil.FCPAdpaterScreening.duedilScreeningApiTest()'><b>duedilScreeningApiTest</b><br>Test class: com.travelex.automation.api.duedil.FCPAdpaterScreening<br>Parameters: 162.0, Song Il CHOE, NULL, NULL, NULL, VIET NAM, 06/08/1973, NULL, UKSANCTIONSD, HIT, Song Il CHOE</td>
<td></td>
<td>2</td>
<td>com.travelex.automation.api.duedil.FCPAdpaterScreening@e45f292</td></tr>
<tr>
<td title='com.travelex.automation.api.duedil.FCPAdpaterScreening.duedilScreeningApiTest()'><b>duedilScreeningApiTest</b><br>Test class: com.travelex.automation.api.duedil.FCPAdpaterScreening<br>Parameters: 163.0, Kyong Nam KIM, NULL, Mumbai, Maharashtra, INDIA, 07/11/1976, NULL, UKSANCTIONSD, HIT, Kyong Nam KIM</td>
<td></td>
<td>2</td>
<td>com.travelex.automation.api.duedil.FCPAdpaterScreening@e45f292</td></tr>
<tr>
<td title='com.travelex.automation.api.duedil.FCPAdpaterScreening.duedilScreeningApiTest()'><b>duedilScreeningApiTest</b><br>Test class: com.travelex.automation.api.duedil.FCPAdpaterScreening<br>Parameters: 164.0, Abdul Aziz NURISTANI, NULL, Mumbai, Maharashtra, INDIA, 01/01/1943, NULL, UKSANCTIONSD, HIT, Abdul Aziz NURISTANI</td>
<td></td>
<td>1</td>
<td>com.travelex.automation.api.duedil.FCPAdpaterScreening@e45f292</td></tr>
<tr>
<td title='com.travelex.automation.api.duedil.FCPAdpaterScreening.duedilScreeningApiTest()'><b>duedilScreeningApiTest</b><br>Test class: com.travelex.automation.api.duedil.FCPAdpaterScreening<br>Parameters: 165.0, Muhammad Salih Abd-Rabbuh AL-OMGY, NULL, Mumbai, Maharashtra, INDIA, 02/11/1962, NULL, UKSANCTIONSD, HIT, Muhammad Salih Abd-Rabbuh AL-OMGY</td>
<td></td>
<td>2</td>
<td>com.travelex.automation.api.duedil.FCPAdpaterScreening@e45f292</td></tr>
<tr>
<td title='com.travelex.automation.api.duedil.FCPAdpaterScreening.duedilScreeningApiTest()'><b>duedilScreeningApiTest</b><br>Test class: com.travelex.automation.api.duedil.FCPAdpaterScreening<br>Parameters: 166.0, Talal Shafiq MAKHLUF, NULL, Mumbai, Maharashtra, INDIA, 01/16/1987, NULL, UKSANCTIONSD, HIT, Talal Shafiq MAKHLUF</td>
<td></td>
<td>2</td>
<td>com.travelex.automation.api.duedil.FCPAdpaterScreening@e45f292</td></tr>
<tr>
<td title='com.travelex.automation.api.duedil.FCPAdpaterScreening.duedilScreeningApiTest()'><b>duedilScreeningApiTest</b><br>Test class: com.travelex.automation.api.duedil.FCPAdpaterScreening<br>Parameters: 167.0, Sa'd Sabawi Ibrahim Hasan AL-TIKRITI, NULL, Mumbai, Maharashtra, INDIA, 01/16/1987, NULL, UKSANCTIONSD, HIT, Sa'd Sabawi Ibrahim Hasan AL-TIKRITI</td>
<td></td>
<td>7</td>
<td>com.travelex.automation.api.duedil.FCPAdpaterScreening@e45f292</td></tr>
<tr>
<td title='com.travelex.automation.api.duedil.FCPAdpaterScreening.duedilScreeningApiTest()'><b>duedilScreeningApiTest</b><br>Test class: com.travelex.automation.api.duedil.FCPAdpaterScreening<br>Parameters: 168.0, Ahmad ABD-AL-WAHHAB, NULL, Mumbai, Maharashtra, INDIA, 01/16/1987, NULL, UKSANCTIONSD, HIT, Ahmad ABD-AL-WAHHAB</td>
<td></td>
<td>2</td>
<td>com.travelex.automation.api.duedil.FCPAdpaterScreening@e45f292</td></tr>
<tr>
<td title='com.travelex.automation.api.duedil.FCPAdpaterScreening.duedilScreeningApiTest()'><b>duedilScreeningApiTest</b><br>Test class: com.travelex.automation.api.duedil.FCPAdpaterScreening<br>Parameters: 169.0, Azzam Abdullah Zureik Al-Maulid AL-SUBHI, NULL, NULL, NULL, AFGHANISTAN, 04/12/1976, NULL, UKSANCTIONSD, HIT, Azzam Abdullah Zureik Al-Maulid AL-SUBHI</td>
<td></td>
<td>2</td>
<td>com.travelex.automation.api.duedil.FCPAdpaterScreening@e45f292</td></tr>
<tr>
<td title='com.travelex.automation.api.duedil.FCPAdpaterScreening.duedilScreeningApiTest()'><b>duedilScreeningApiTest</b><br>Test class: com.travelex.automation.api.duedil.FCPAdpaterScreening<br>Parameters: 170.0, Haji Agha Jan ALIZAI, Dand Chowk, Kandahar City, NULL, NULL, AFGHANISTAN, 10/15/1963, NULL, UKSANCTIONSD, HIT, Haji Agha Jan ALIZAI</td>
<td></td>
<td>2</td>
<td>com.travelex.automation.api.duedil.FCPAdpaterScreening@e45f292</td></tr>
<tr>
<td title='com.travelex.automation.api.duedil.FCPAdpaterScreening.duedilScreeningApiTest()'><b>duedilScreeningApiTest</b><br>Test class: com.travelex.automation.api.duedil.FCPAdpaterScreening<br>Parameters: 171.0, Mohammad Naushad Alam KHAN, NULL, NULL, NULL, AFGHANISTAN, 08/10/1971, NULL, UKSANCTIONSD, HIT, Mohammad Naushad Alam KHAN</td>
<td></td>
<td>2</td>
<td>com.travelex.automation.api.duedil.FCPAdpaterScreening@e45f292</td></tr>
<tr>
<td title='com.travelex.automation.api.duedil.FCPAdpaterScreening.duedilScreeningApiTest()'><b>duedilScreeningApiTest</b><br>Test class: com.travelex.automation.api.duedil.FCPAdpaterScreening<br>Parameters: 172.0, Said Jan ABD AL-SALAM, Microrayan 3rd Apt. 45, Block No. #21, Kabul, NULL, NULL, AFGHANISTAN, 02/05/1981, NULL, UKSANCTIONSD, HIT, Said Jan ABD AL-SALAM</td>
<td></td>
<td>2</td>
<td>com.travelex.automation.api.duedil.FCPAdpaterScreening@e45f292</td></tr>
<tr>
<td title='com.travelex.automation.api.duedil.FCPAdpaterScreening.duedilScreeningApiTest()'><b>duedilScreeningApiTest</b><br>Test class: com.travelex.automation.api.duedil.FCPAdpaterScreening<br>Parameters: 173.0, Eissa Jan HAJI ABDUL QAYOUM, NULL, Kabul, Kabul, AFGHANISTAN, 04/13/1986, NULL, UKSANCTIONSD, HIT, Eissa Jan HAJI ABDUL QAYOUM</td>
<td></td>
<td>2</td>
<td>com.travelex.automation.api.duedil.FCPAdpaterScreening@e45f292</td></tr>
<tr>
<td title='com.travelex.automation.api.duedil.FCPAdpaterScreening.duedilScreeningApiTest()'><b>duedilScreeningApiTest</b><br>Test class: com.travelex.automation.api.duedil.FCPAdpaterScreening<br>Parameters: 174.0, Paul Nicholas GRIFFIN, NULL, Dubai, Dubai, UNITED ARAB EMIRATES, 02/16/1964, NULL, UKSANCTIONSD, HIT, Paul Nicholas GRIFFIN</td>
<td></td>
<td>2</td>
<td>com.travelex.automation.api.duedil.FCPAdpaterScreening@e45f292</td></tr>
<tr>
<td title='com.travelex.automation.api.duedil.FCPAdpaterScreening.duedilScreeningApiTest()'><b>duedilScreeningApiTest</b><br>Test class: com.travelex.automation.api.duedil.FCPAdpaterScreening<br>Parameters: 175.0, Sally-Anne Frances JONES, Syrian Arab Republic, NULL, NULL, SYRIA, 11/17/1968, NULL, UKSANCTIONSD, HIT, Sally-Anne Frances JONES</td>
<td></td>
<td>2</td>
<td>com.travelex.automation.api.duedil.FCPAdpaterScreening@e45f292</td></tr>
<tr>
<td title='com.travelex.automation.api.duedil.FCPAdpaterScreening.duedilScreeningApiTest()'><b>duedilScreeningApiTest</b><br>Test class: com.travelex.automation.api.duedil.FCPAdpaterScreening<br>Parameters: 176.0, Aqsa MAHMOOD, Raqqa, NULL, NULL, SYRIA, 05/11/1994, NULL, UKSANCTIONSD, HIT, Aqsa MAHMOOD</td>
<td></td>
<td>1</td>
<td>com.travelex.automation.api.duedil.FCPAdpaterScreening@e45f292</td></tr>
<tr>
<td title='com.travelex.automation.api.duedil.FCPAdpaterScreening.duedilScreeningApiTest()'><b>duedilScreeningApiTest</b><br>Test class: com.travelex.automation.api.duedil.FCPAdpaterScreening<br>Parameters: 177.0, Omar HUSSAIN, Syrian Arab Republic, NULL, NULL, SYRIA, 01/01/1986, NULL, UKSANCTIONSD, HIT, Omar HUSSAIN</td>
<td></td>
<td>2</td>
<td>com.travelex.automation.api.duedil.FCPAdpaterScreening@e45f292</td></tr>
<tr>
<td title='com.travelex.automation.api.duedil.FCPAdpaterScreening.duedilScreeningApiTest()'><b>duedilScreeningApiTest</b><br>Test class: com.travelex.automation.api.duedil.FCPAdpaterScreening<br>Parameters: 178.0, Mahir Jawad Yunis SALAH, NULL, NULL, NULL, SAUDI ARABIA, 10/22/1957, NULL, UKSANCTIONSD, HIT, Mahir Jawad Yunis SALAH</td>
<td></td>
<td>2</td>
<td>com.travelex.automation.api.duedil.FCPAdpaterScreening@e45f292</td></tr>
<tr>
<td title='com.travelex.automation.api.duedil.FCPAdpaterScreening.duedilScreeningApiTest()'><b>duedilScreeningApiTest</b><br>Test class: com.travelex.automation.api.duedil.FCPAdpaterScreening<br>Parameters: 179.0, Ibrahim Salih Mohammed AL-YACOUB, NULL, NULL, NULL, SAUDI ARABIA, 10/16/1966, NULL, UKSANCTIONSD, HIT, Ibrahim Salih Mohammed AL-YACOUB</td>
<td></td>
<td>2</td>
<td>com.travelex.automation.api.duedil.FCPAdpaterScreening@e45f292</td></tr>
<tr>
<td title='com.travelex.automation.api.duedil.FCPAdpaterScreening.duedilScreeningApiTest()'><b>duedilScreeningApiTest</b><br>Test class: com.travelex.automation.api.duedil.FCPAdpaterScreening<br>Parameters: 180.0, Abdelkarim Hussein Mohamed AL-NASSER, NULL, NULL, NULL, SAUDI ARABIA, 01/01/1946, NULL, UKSANCTIONSD, HIT, Abdelkarim Hussein Mohamed AL-NASSER</td>
<td></td>
<td>2</td>
<td>com.travelex.automation.api.duedil.FCPAdpaterScreening@e45f292</td></tr>
<tr>
<td title='com.travelex.automation.api.duedil.FCPAdpaterScreening.duedilScreeningApiTest()'><b>duedilScreeningApiTest</b><br>Test class: com.travelex.automation.api.duedil.FCPAdpaterScreening<br>Parameters: 181.0, Ghuma ABD'RABBAH, Birmingham, NULL, NULL, UNITED KINGDOM, 09/02/1957, NULL, UKSANCTIONSD, HIT, Ghuma ABD'RABBAH</td>
<td></td>
<td>2</td>
<td>com.travelex.automation.api.duedil.FCPAdpaterScreening@e45f292</td></tr>
<tr>
<td title='com.travelex.automation.api.duedil.FCPAdpaterScreening.duedilScreeningApiTest()'><b>duedilScreeningApiTest</b><br>Test class: com.travelex.automation.api.duedil.FCPAdpaterScreening<br>Parameters: 182.0, Abdulbaqi Mohammed KHALED, NULL, Birmingham, NULL, UNITED KINGDOM, 08/18/1957, NULL, UKSANCTIONSD, HIT, Abdulbaqi Mohammed KHALED</td>
<td></td>
<td>2</td>
<td>com.travelex.automation.api.duedil.FCPAdpaterScreening@e45f292</td></tr>
<tr>
<td title='com.travelex.automation.api.duedil.FCPAdpaterScreening.duedilScreeningApiTest()'><b>duedilScreeningApiTest</b><br>Test class: com.travelex.automation.api.duedil.FCPAdpaterScreening<br>Parameters: 183.0, Abd Al Hamid Sulaiman Muhammed AL-MUJIL, NULL, NULL, NULL, SAUDI ARABIA, 04/28/1949, NULL, UKSANCTIONSD, HIT, Abd Al Hamid Sulaiman Muhammed AL-MUJIL</td>
<td></td>
<td>3</td>
<td>com.travelex.automation.api.duedil.FCPAdpaterScreening@e45f292</td></tr>
<tr>
<td title='com.travelex.automation.api.duedil.FCPAdpaterScreening.duedilScreeningApiTest()'><b>duedilScreeningApiTest</b><br>Test class: com.travelex.automation.api.duedil.FCPAdpaterScreening<br>Parameters: 184.0, Mohammed AL GHABRA, East London, NULL, NULL, UNITED KINGDOM, 06/01/1980, NULL, UKSANCTIONSD, HIT, Mohammed AL GHABRA</td>
<td></td>
<td>1</td>
<td>com.travelex.automation.api.duedil.FCPAdpaterScreening@e45f292</td></tr>
<tr>
<td title='com.travelex.automation.api.duedil.FCPAdpaterScreening.duedilScreeningApiTest()'><b>duedilScreeningApiTest</b><br>Test class: com.travelex.automation.api.duedil.FCPAdpaterScreening<br>Parameters: 185.0, Abu Hamza AL-MASRI, 8 Adie Road, Hammersmith, London W6 OPW, NULL, NULL, UNITED KINGDOM, 04/15/1958, NULL, UKSANCTIONSD, HIT, Abu Hamza AL-MASRI</td>
<td></td>
<td>2</td>
<td>com.travelex.automation.api.duedil.FCPAdpaterScreening@e45f292</td></tr>
<tr>
<td title='com.travelex.automation.api.duedil.FCPAdpaterScreening.duedilScreeningApiTest()'><b>duedilScreeningApiTest</b><br>Test class: com.travelex.automation.api.duedil.FCPAdpaterScreening<br>Parameters: 186.0, Abdul Rahim AL-TALHI, Buraydah, NULL, NULL, SAUDI ARABIA, 12/08/1961, NULL, UKSANCTIONSD, HIT, Abdul Rahim AL-TALHI</td>
<td></td>
<td>2</td>
<td>com.travelex.automation.api.duedil.FCPAdpaterScreening@e45f292</td></tr>
<tr>
<td title='com.travelex.automation.api.duedil.FCPAdpaterScreening.duedilScreeningApiTest()'><b>duedilScreeningApiTest</b><br>Test class: com.travelex.automation.api.duedil.FCPAdpaterScreening<br>Parameters: 187.0, Adel Abdul Jalil Ibrahim BATARJEE, 2 Helmi Kutbi Street, Jeddah, NULL, NULL, SAUDI ARABIA, 07/01/1946, NULL, UKSANCTIONSD, HIT, Adel Abdul Jalil Ibrahim BATARJEE</td>
<td></td>
<td>2</td>
<td>com.travelex.automation.api.duedil.FCPAdpaterScreening@e45f292</td></tr>
<tr>
<td title='com.travelex.automation.api.duedil.FCPAdpaterScreening.duedilScreeningApiTest()'><b>duedilScreeningApiTest</b><br>Test class: com.travelex.automation.api.duedil.FCPAdpaterScreening<br>Parameters: 188.0, Abdelrazag Elsharif ELOSTA, NULL, London, NULL, UNITED KINGDOM, 06/20/1963, NULL, UKSANCTIONSD, HIT, Abdelrazag Elsharif ELOSTA</td>
<td></td>
<td>1</td>
<td>com.travelex.automation.api.duedil.FCPAdpaterScreening@e45f292</td></tr>
</table><p>
</body>
</html>