<?xml version="1.0" encoding="UTF-8" ?>
<testsuite tests="2" failures="1" name="TestSuite" time="9.424" errors="0" skipped="0">
  <properties>
[...]
</properties>
  <testcase classname="com.travelex.automation.api.duedil.FCPAdpaterScreening" name="duedilScreeningApiTest" time="6.083">
    <failure message="Hit was expected but NO HIT FOUND expected [true] but found [false]" type="java.lang.AssertionError">java.lang.AssertionError: Hit was expected but NO HIT FOUND expected [true] but found [false]
	at org.testng.Assert.fail(Assert.java:94)
	at org.testng.Assert.failNotEquals(Assert.java:494)
	at org.testng.Assert.assertTrue(Assert.java:42)
	at com.travelex.automation.api.methods.ExecuteApiMethods_FCP.executePostMethodForFCPAdapter(ExecuteApiMethods_FCP.java:99)
	at com.travelex.automation.api.duedil.FCPAdpaterScreening.duedilScreeningApiTest(FCPAdpaterScreening.java:136)
</failure>
    <system-out>



CONFIGURING TESTNG




&lt;soap11:Envelope xmlns:soap11=&quot;http://schemas.xmlsoap.org/soap/envelope/&quot; xmlns:xsi=&quot;http://www.w3.org/2001/XMLSchema-instance&quot; xmlns:xsd=&quot;http://www.w3.org/2001/XMLSchema&quot;&gt;
  &lt;soap11:Body&gt;
    &lt;getSearchResultsResponse xmlns=&quot;http://www.primeassociates.com/ComplianceManager/OFACReporter/&quot;&gt;
      &lt;getSearchResultsResult&gt;&amp;lt;?xml version=&quot;1.0&quot; encoding=&quot;utf-8&quot;?&amp;gt;&amp;lt;n:GETSEARCHRESULTS xmlns:n=&quot;www.primeassociates.com/ComplianceManager/OFACReporter&quot;&amp;gt;&amp;lt;n:OUTPUT&amp;gt;&amp;lt;n:TRANSACTIONID&amp;gt;WLF_NO HIT_51d68f08-fe3c-44f5-b7de-58d94483d52f&amp;lt;/n:TRANSACTIONID&amp;gt;&amp;lt;n:MATCHES n:COUNT=&quot;0&quot;&amp;gt;&amp;lt;/n:MATCHES&amp;gt;&amp;lt;/n:OUTPUT&amp;gt;&amp;lt;/n:GETSEARCHRESULTS&amp;gt;&lt;/getSearchResultsResult&gt;
    &lt;/getSearchResultsResponse&gt;
  &lt;/soap11:Body&gt;
&lt;/soap11:Envelope&gt;
</system-out>
    <system-err>58 [main] INFO com.travelex.automation.api.common.CommonFunctions - ------------------ &lt;C:\Pravin\eclipse_workspace\adapter_api_automation\&gt; --------------------
58 [main] INFO com.travelex.automation.api.common.CommonFunctions - Configuration.properties is loaded in properties object{DataSheet=test, ADAPTER_URL=https://api.sit.fcpofac.travelex.net/ofac, RTSRequest=RTS_Request.xml, OutputReportPath=target/report/, ORIG_CODE=TRAVELEX, ScreeningFilePath=FOXWEB_Test_Data.xlsx, RequestXml=SALT_Request.xml, USERNAME=userau, PASSWORD=passwordau}
59 [main] INFO com.travelex.automation.api.common.CommonFunctions - target/report/
88 [main] INFO com.travelex.automation.api.common.Report - Report instantiated
88 [main] INFO com.travelex.automation.api.common.CommonFunctions - Configuration.properties is loaded in properties object{DataSheet=test, ADAPTER_URL=https://api.sit.fcpofac.travelex.net/ofac, RTSRequest=RTS_Request.xml, OutputReportPath=target/report/, ORIG_CODE=TRAVELEX, ScreeningFilePath=FOXWEB_Test_Data.xlsx, RequestXml=SALT_Request.xml, USERNAME=userau, PASSWORD=passwordau}
88 [main] INFO com.travelex.automation.api.common.CommonFunctions - https://api.sit.fcpofac.travelex.net/ofac
89 [main] INFO com.travelex.automation.api.common.CommonFunctions - Configuration.properties is loaded in properties object{DataSheet=test, ADAPTER_URL=https://api.sit.fcpofac.travelex.net/ofac, RTSRequest=RTS_Request.xml, OutputReportPath=target/report/, ORIG_CODE=TRAVELEX, ScreeningFilePath=FOXWEB_Test_Data.xlsx, RequestXml=SALT_Request.xml, USERNAME=userau, PASSWORD=passwordau}
89 [main] INFO com.travelex.automation.api.common.CommonFunctions - userau
89 [main] INFO com.travelex.automation.api.common.CommonFunctions - Configuration.properties is loaded in properties object{DataSheet=test, ADAPTER_URL=https://api.sit.fcpofac.travelex.net/ofac, RTSRequest=RTS_Request.xml, OutputReportPath=target/report/, ORIG_CODE=TRAVELEX, ScreeningFilePath=FOXWEB_Test_Data.xlsx, RequestXml=SALT_Request.xml, USERNAME=userau, PASSWORD=passwordau}
89 [main] INFO com.travelex.automation.api.common.CommonFunctions - passwordau
89 [main] INFO com.travelex.automation.api.common.CommonFunctions - Configuration.properties is loaded in properties object{DataSheet=test, ADAPTER_URL=https://api.sit.fcpofac.travelex.net/ofac, RTSRequest=RTS_Request.xml, OutputReportPath=target/report/, ORIG_CODE=TRAVELEX, ScreeningFilePath=FOXWEB_Test_Data.xlsx, RequestXml=SALT_Request.xml, USERNAME=userau, PASSWORD=passwordau}
90 [main] INFO com.travelex.automation.api.common.CommonFunctions - TRAVELEX
106 [main] INFO com.travelex.automation.api.common.DataReader - reading the data
106 [main] INFO com.travelex.automation.api.common.CommonFunctions - Configuration.properties is loaded in properties object{DataSheet=test, ADAPTER_URL=https://api.sit.fcpofac.travelex.net/ofac, RTSRequest=RTS_Request.xml, OutputReportPath=target/report/, ORIG_CODE=TRAVELEX, ScreeningFilePath=FOXWEB_Test_Data.xlsx, RequestXml=SALT_Request.xml, USERNAME=userau, PASSWORD=passwordau}
107 [main] INFO com.travelex.automation.api.common.CommonFunctions - FOXWEB_Test_Data.xlsx
107 [main] INFO com.travelex.automation.api.common.DataReader - File : FOXWEB_Test_Data.xlsx
107 [main] INFO com.travelex.automation.api.common.CommonFunctions - Configuration.properties is loaded in properties object{DataSheet=test, ADAPTER_URL=https://api.sit.fcpofac.travelex.net/ofac, RTSRequest=RTS_Request.xml, OutputReportPath=target/report/, ORIG_CODE=TRAVELEX, ScreeningFilePath=FOXWEB_Test_Data.xlsx, RequestXml=SALT_Request.xml, USERNAME=userau, PASSWORD=passwordau}
107 [main] INFO com.travelex.automation.api.common.CommonFunctions - test
107 [main] INFO com.travelex.automation.api.common.DataReader - sheet : test
1189 [main] INFO com.travelex.automation.api.common.DataReader - RowCount : 3, cols : 11
1192 [main] INFO com.travelex.automation.api.common.DataReader - api data size = 2
1196 [main] INFO com.travelex.automation.api.duedil.RTSScreeningAPI - API testing of &apos;201.0&apos; started
1200 [main] INFO com.travelex.automation.api.common.CommonFunctions - Configuration.properties is loaded in properties object{DataSheet=test, ADAPTER_URL=https://api.sit.fcpofac.travelex.net/ofac, RTSRequest=RTS_Request.xml, OutputReportPath=target/report/, ORIG_CODE=TRAVELEX, ScreeningFilePath=FOXWEB_Test_Data.xlsx, RequestXml=SALT_Request.xml, USERNAME=userau, PASSWORD=passwordau}
1200 [main] INFO com.travelex.automation.api.common.CommonFunctions - SALT_Request.xml
1275 [main] INFO com.travelex.automation.api.duedil.RTSScreeningAPI - ******** REQUEST ***********:
&lt;s:Envelope xmlns:soap=&quot;http://schemas.xmlsoap.org/soap/envelope/&quot; xmlns:ofac=&quot;http://www.primeassociates.com/ComplianceManager/OFACReporter/&quot;&gt;   &lt;s:Header/&gt;   &lt;s:Body&gt;      &lt;getSearchResults&gt;         &lt;username&gt;userau&lt;/username&gt;         &lt;password&gt;passwordau&lt;/password&gt;         &lt;orgcode&gt;TRAVELEX&lt;/orgcode&gt;         &lt;xmlinput&gt;            &lt;![CDATA[&lt;GETSEARCHRESULTS xmlns=&quot;www.primeassociates.com/ComplianceManager/OFACReporter&quot; xmlns:xsd=&quot;http://www.w3.org/2001/XMLSchema&quot; xmlns:xsi=&quot;http://www.w3.org/2001/XMLSchema-instance&quot;&gt;
	&lt;INPUT&gt;
		&lt;ORGANIZATION&gt;Travelex&lt;/ORGANIZATION&gt;
		&lt;BRANCH&gt;FOXWEB&lt;/BRANCH&gt;
		&lt;DEPT&gt;Australia&lt;/DEPT&gt;
		&lt;SOURCE&gt;FOXWEB&lt;/SOURCE&gt;
		&lt;FILEIMG&gt;PEPANZSD&lt;/FILEIMG&gt;
		&lt;USEDB&gt;true&lt;/USEDB&gt;
		&lt;DELEGATED&gt;false&lt;/DELEGATED&gt;
		&lt;RETURNORIGINALREQUEST&gt;false&lt;/RETURNORIGINALREQUEST&gt;
		&lt;SEARCHDATA&gt;
			&lt;PARTYID&gt;SALT_AUTO_1&lt;/PARTYID&gt;
			&lt;PARTYNAME xmlns:p6=&quot;www.primeassociates.com/ComplianceManager/OFACReporter&quot; p6:ALGORITHM=&quot;MatchFullName&quot; p6:MISSPELLING=&quot;true&quot; p6:MUSTALSOMATCHFIELDS=&quot;STREET,CITY,COUNTRY,DATEOFBIRTH&quot; p6:MUSTALSOMATCHTYPE=&quot;AllOf&quot; p6:MUSTMATCHTYPE=&quot;PARTYNAME,KEYWORD&quot; p6:USETEXTEXCLUDE=&quot;true&quot;&gt;
				&lt;FULLNAME&gt;Amy jackson&lt;/FULLNAME&gt;
			&lt;/PARTYNAME&gt;
			&lt;PARTYADDRESS&gt;
				&lt;STREET xmlns:p7=&quot;www.primeassociates.com/ComplianceManager/OFACReporter&quot; p7:ALGORITHM=&quot;None&quot; p7:MISSPELLING=&quot;true&quot; p7:MUSTALSOMATCHFIELDS=&quot;CITY,COUNTRY,DATEOFBIRTH&quot; p7:MUSTALSOMATCHTYPE=&quot;AllOf&quot; p7:MUSTMATCHTYPE=&quot;STREETADDRESS&quot; p7:USETEXTEXCLUDE=&quot;true&quot;&gt;NULL&lt;/STREET&gt;
				&lt;CITY xmlns:p7=&quot;www.primeassociates.com/ComplianceManager/OFACReporter&quot; p7:ALGORITHM=&quot;None&quot; p7:MISSPELLING=&quot;true&quot; p7:MUSTALSOMATCHFIELDS=&quot;STREET,COUNTRY,DATEOFBIRTH&quot; p7:MUSTALSOMATCHTYPE=&quot;AllOf&quot; p7:MUSTMATCHTYPE=&quot;CITY&quot; p7:USETEXTEXCLUDE=&quot;true&quot;/&gt;
				&lt;STATE xmlns:p7=&quot;www.primeassociates.com/ComplianceManager/OFACReporter&quot; p7:ALGORITHM=&quot;None&quot; p7:MISSPELLING=&quot;true&quot; p7:USETEXTEXCLUDE=&quot;true&quot;&gt;NULL&lt;/STATE&gt;
				&lt;POSTALCODE/&gt;
				&lt;COUNTRY xmlns:p7=&quot;www.primeassociates.com/ComplianceManager/OFACReporter&quot; p7:ALGORITHM=&quot;None&quot; p7:MISSPELLING=&quot;true&quot; p7:MUSTALSOMATCHFIELDS=&quot;STREET,CITY,DATEOFBIRTH&quot; p7:MUSTALSOMATCHTYPE=&quot;AllOf&quot; p7:MUSTMATCHTYPE=&quot;COUNTRY&quot; p7:USETEXTEXCLUDE=&quot;true&quot;/&gt;
			&lt;/PARTYADDRESS&gt;
			&lt;DATEOFBIRTH xmlns:p6=&quot;www.primeassociates.com/ComplianceManager/OFACReporter&quot; p6:ALGORITHM=&quot;None&quot; p6:MISSPELLING=&quot;true&quot; p6:MUSTALSOMATCHFIELDS=&quot;STREET,CITY,COUNTRY&quot; p6:MUSTALSOMATCHTYPE=&quot;AllOf&quot; p6:USETEXTEXCLUDE=&quot;true&quot;&gt;01/30/1988&lt;/DATEOFBIRTH&gt;
		&lt;/SEARCHDATA&gt;
	&lt;/INPUT&gt;
&lt;/GETSEARCHRESULTS&gt;]]&gt;         &lt;/xmlinput&gt;      &lt;/getSearchResults&gt;   &lt;/s:Body&gt; &lt;/s:Envelope&gt;
1276 [main] INFO com.travelex.automation.api.common.CommonFunctions - Configuration.properties is loaded in properties object{DataSheet=test, ADAPTER_URL=https://api.sit.fcpofac.travelex.net/ofac, RTSRequest=RTS_Request.xml, OutputReportPath=target/report/, ORIG_CODE=TRAVELEX, ScreeningFilePath=FOXWEB_Test_Data.xlsx, RequestXml=SALT_Request.xml, USERNAME=userau, PASSWORD=passwordau}
1276 [main] INFO com.travelex.automation.api.common.CommonFunctions - test
7250 [main] INFO com.travelex.automation.api.methods.APIMethods - ******** RESPONSE ***********:
&lt;soap11:Envelope xmlns:soap11=&quot;http://schemas.xmlsoap.org/soap/envelope/&quot; xmlns:xsi=&quot;http://www.w3.org/2001/XMLSchema-instance&quot; xmlns:xsd=&quot;http://www.w3.org/2001/XMLSchema&quot;&gt;
  &lt;soap11:Body&gt;
    &lt;getSearchResultsResponse xmlns=&quot;http://www.primeassociates.com/ComplianceManager/OFACReporter/&quot;&gt;
      &lt;getSearchResultsResult&gt;&amp;lt;?xml version=&quot;1.0&quot; encoding=&quot;utf-8&quot;?&amp;gt;&amp;lt;n:GETSEARCHRESULTS xmlns:n=&quot;www.primeassociates.com/ComplianceManager/OFACReporter&quot;&amp;gt;&amp;lt;n:OUTPUT&amp;gt;&amp;lt;n:TRANSACTIONID&amp;gt;WLF_NO HIT_51d68f08-fe3c-44f5-b7de-58d94483d52f&amp;lt;/n:TRANSACTIONID&amp;gt;&amp;lt;n:MATCHES n:COUNT=&quot;0&quot;&amp;gt;&amp;lt;/n:MATCHES&amp;gt;&amp;lt;/n:OUTPUT&amp;gt;&amp;lt;/n:GETSEARCHRESULTS&amp;gt;&lt;/getSearchResultsResult&gt;
    &lt;/getSearchResultsResponse&gt;
  &lt;/soap11:Body&gt;
&lt;/soap11:Envelope&gt;
7260 [main] INFO com.travelex.automation.api.methods.APIMethods - Transaction ID is :- WLF_NO HIT_51d68f08-fe3c-44f5-b7de-58d94483d52f
</system-err>
  </testcase>
  <testcase classname="com.travelex.automation.api.duedil.FCPAdpaterScreening" name="duedilScreeningApiTest" time="3.341"/>
</testsuite>