<?xml version="1.0" encoding="UTF-8"?>
<testng-results skipped="0" failed="24" total="188" passed="164">
  <reporter-output>
  </reporter-output>
  <suite name="Default suite" duration-ms="457708" started-at="2019-05-07T09:24:06Z" finished-at="2019-05-07T09:31:43Z">
    <groups>
    </groups>
    <test name="Default test" duration-ms="457708" started-at="2019-05-07T09:24:06Z" finished-at="2019-05-07T09:31:43Z">
      <class name="com.travelex.automation.api.duedil.FCPAdpaterScreening">
        <test-method status="PASS" signature="beforeClass()[pri:0, instance:com.travelex.automation.api.duedil.FCPAdpaterScreening@e45f292]" name="beforeClass" is-config="true" duration-ms="89" started-at="2019-05-07T14:54:06Z" finished-at="2019-05-07T14:54:06Z">
          <reporter-output>
          </reporter-output>
        </test-method> <!-- beforeClass -->
        <test-method status="PASS" signature="duedilScreeningApiTest(java.lang.String, java.lang.String, java.lang.String, java.lang.String, java.lang.String, java.lang.String, java.lang.String, java.lang.String, java.lang.String, java.lang.String, java.lang.String)[pri:0, instance:com.travelex.automation.api.duedil.FCPAdpaterScreening@e45f292]" name="duedilScreeningApiTest" duration-ms="6009" started-at="2019-05-07T14:54:07Z" data-provider="DuedilScreeningApiDataProvider" finished-at="2019-05-07T14:54:13Z">
          <params>
            <param index="0">
              <value>
                <![CDATA[1.0]]>
              </value>
            </param>
            <param index="1">
              <value>
                <![CDATA[Brent HUSMAN]]>
              </value>
            </param>
            <param index="2">
              <value>
                <![CDATA[NULL]]>
              </value>
            </param>
            <param index="3">
              <value>
                <![CDATA[Frankfort]]>
              </value>
            </param>
            <param index="4">
              <value>
                <![CDATA[Kentucky]]>
              </value>
            </param>
            <param index="5">
              <value>
                <![CDATA[USA]]>
              </value>
            </param>
            <param index="6">
              <value>
                <![CDATA[05/05/1987]]>
              </value>
            </param>
            <param index="7">
              <value>
                <![CDATA[NULL]]>
              </value>
            </param>
            <param index="8">
              <value>
                <![CDATA[PEPSD]]>
              </value>
            </param>
            <param index="9">
              <value>
                <![CDATA[NO HIT]]>
              </value>
            </param>
            <param index="10">
              <value>
                <![CDATA[Brent HOUSMAN]]>
              </value>
            </param>
          </params>
          <reporter-output>
          </reporter-output>
        </test-method> <!-- duedilScreeningApiTest -->
        <test-method status="PASS" signature="duedilScreeningApiTest(java.lang.String, java.lang.String, java.lang.String, java.lang.String, java.lang.String, java.lang.String, java.lang.String, java.lang.String, java.lang.String, java.lang.String, java.lang.String)[pri:0, instance:com.travelex.automation.api.duedil.FCPAdpaterScreening@e45f292]" name="duedilScreeningApiTest" duration-ms="2797" started-at="2019-05-07T14:54:13Z" data-provider="DuedilScreeningApiDataProvider" finished-at="2019-05-07T14:54:16Z">
          <params>
            <param index="0">
              <value>
                <![CDATA[2.0]]>
              </value>
            </param>
            <param index="1">
              <value>
                <![CDATA[Matthew Louis II GAETZEL]]>
              </value>
            </param>
            <param index="2">
              <value>
                <![CDATA[NULL]]>
              </value>
            </param>
            <param index="3">
              <value>
                <![CDATA[Fort Walton Beach]]>
              </value>
            </param>
            <param index="4">
              <value>
                <![CDATA[Florida]]>
              </value>
            </param>
            <param index="5">
              <value>
                <![CDATA[USA]]>
              </value>
            </param>
            <param index="6">
              <value>
                <![CDATA[05/05/1987]]>
              </value>
            </param>
            <param index="7">
              <value>
                <![CDATA[NULL]]>
              </value>
            </param>
            <param index="8">
              <value>
                <![CDATA[PEPSD]]>
              </value>
            </param>
            <param index="9">
              <value>
                <![CDATA[NO HIT]]>
              </value>
            </param>
            <param index="10">
              <value>
                <![CDATA[Matthew Louis II GAETZ]]>
              </value>
            </param>
          </params>
          <reporter-output>
          </reporter-output>
        </test-method> <!-- duedilScreeningApiTest -->
        <test-method status="PASS" signature="duedilScreeningApiTest(java.lang.String, java.lang.String, java.lang.String, java.lang.String, java.lang.String, java.lang.String, java.lang.String, java.lang.String, java.lang.String, java.lang.String, java.lang.String)[pri:0, instance:com.travelex.automation.api.duedil.FCPAdpaterScreening@e45f292]" name="duedilScreeningApiTest" duration-ms="2184" started-at="2019-05-07T14:54:16Z" data-provider="DuedilScreeningApiDataProvider" finished-at="2019-05-07T14:54:18Z">
          <params>
            <param index="0">
              <value>
                <![CDATA[3.0]]>
              </value>
            </param>
            <param index="1">
              <value>
                <![CDATA[Dwight BUARD]]>
              </value>
            </param>
            <param index="2">
              <value>
                <![CDATA[NULL]]>
              </value>
            </param>
            <param index="3">
              <value>
                <![CDATA[Miami]]>
              </value>
            </param>
            <param index="4">
              <value>
                <![CDATA[Florida]]>
              </value>
            </param>
            <param index="5">
              <value>
                <![CDATA[USA]]>
              </value>
            </param>
            <param index="6">
              <value>
                <![CDATA[05/05/1987]]>
              </value>
            </param>
            <param index="7">
              <value>
                <![CDATA[NULL]]>
              </value>
            </param>
            <param index="8">
              <value>
                <![CDATA[PEPSD]]>
              </value>
            </param>
            <param index="9">
              <value>
                <![CDATA[NO HIT]]>
              </value>
            </param>
            <param index="10">
              <value>
                <![CDATA[Dwight BULLARD]]>
              </value>
            </param>
          </params>
          <reporter-output>
          </reporter-output>
        </test-method> <!-- duedilScreeningApiTest -->
        <test-method status="PASS" signature="duedilScreeningApiTest(java.lang.String, java.lang.String, java.lang.String, java.lang.String, java.lang.String, java.lang.String, java.lang.String, java.lang.String, java.lang.String, java.lang.String, java.lang.String)[pri:0, instance:com.travelex.automation.api.duedil.FCPAdpaterScreening@e45f292]" name="duedilScreeningApiTest" duration-ms="2596" started-at="2019-05-07T14:54:18Z" data-provider="DuedilScreeningApiDataProvider" finished-at="2019-05-07T14:54:21Z">
          <params>
            <param index="0">
              <value>
                <![CDATA[4.0]]>
              </value>
            </param>
            <param index="1">
              <value>
                <![CDATA[Muriel BOWER]]>
              </value>
            </param>
            <param index="2">
              <value>
                <![CDATA[NULL]]>
              </value>
            </param>
            <param index="3">
              <value>
                <![CDATA[Washington]]>
              </value>
            </param>
            <param index="4">
              <value>
                <![CDATA[District of Columbia]]>
              </value>
            </param>
            <param index="5">
              <value>
                <![CDATA[USA]]>
              </value>
            </param>
            <param index="6">
              <value>
                <![CDATA[05/05/1987]]>
              </value>
            </param>
            <param index="7">
              <value>
                <![CDATA[NULL]]>
              </value>
            </param>
            <param index="8">
              <value>
                <![CDATA[PEPSD]]>
              </value>
            </param>
            <param index="9">
              <value>
                <![CDATA[NO HIT]]>
              </value>
            </param>
            <param index="10">
              <value>
                <![CDATA[Muriel BOWSER]]>
              </value>
            </param>
          </params>
          <reporter-output>
          </reporter-output>
        </test-method> <!-- duedilScreeningApiTest -->
        <test-method status="PASS" signature="duedilScreeningApiTest(java.lang.String, java.lang.String, java.lang.String, java.lang.String, java.lang.String, java.lang.String, java.lang.String, java.lang.String, java.lang.String, java.lang.String, java.lang.String)[pri:0, instance:com.travelex.automation.api.duedil.FCPAdpaterScreening@e45f292]" name="duedilScreeningApiTest" duration-ms="2517" started-at="2019-05-07T14:54:21Z" data-provider="DuedilScreeningApiDataProvider" finished-at="2019-05-07T14:54:23Z">
          <params>
            <param index="0">
              <value>
                <![CDATA[5.0]]>
              </value>
            </param>
            <param index="1">
              <value>
                <![CDATA[Leon Edward PAN]]>
              </value>
            </param>
            <param index="2">
              <value>
                <![CDATA[NULL]]>
              </value>
            </param>
            <param index="3">
              <value>
                <![CDATA[Carmel Valley]]>
              </value>
            </param>
            <param index="4">
              <value>
                <![CDATA[California]]>
              </value>
            </param>
            <param index="5">
              <value>
                <![CDATA[USA]]>
              </value>
            </param>
            <param index="6">
              <value>
                <![CDATA[05/05/1987]]>
              </value>
            </param>
            <param index="7">
              <value>
                <![CDATA[NULL]]>
              </value>
            </param>
            <param index="8">
              <value>
                <![CDATA[PEPSD]]>
              </value>
            </param>
            <param index="9">
              <value>
                <![CDATA[NO HIT]]>
              </value>
            </param>
            <param index="10">
              <value>
                <![CDATA[Leon Edward PANETTA]]>
              </value>
            </param>
          </params>
          <reporter-output>
          </reporter-output>
        </test-method> <!-- duedilScreeningApiTest -->
        <test-method status="PASS" signature="duedilScreeningApiTest(java.lang.String, java.lang.String, java.lang.String, java.lang.String, java.lang.String, java.lang.String, java.lang.String, java.lang.String, java.lang.String, java.lang.String, java.lang.String)[pri:0, instance:com.travelex.automation.api.duedil.FCPAdpaterScreening@e45f292]" name="duedilScreeningApiTest" duration-ms="2043" started-at="2019-05-07T14:54:23Z" data-provider="DuedilScreeningApiDataProvider" finished-at="2019-05-07T14:54:25Z">
          <params>
            <param index="0">
              <value>
                <![CDATA[6.0]]>
              </value>
            </param>
            <param index="1">
              <value>
                <![CDATA[Fitz STEL]]>
              </value>
            </param>
            <param index="2">
              <value>
                <![CDATA[NULL]]>
              </value>
            </param>
            <param index="3">
              <value>
                <![CDATA[Frankfort]]>
              </value>
            </param>
            <param index="4">
              <value>
                <![CDATA[Kentucky]]>
              </value>
            </param>
            <param index="5">
              <value>
                <![CDATA[USA]]>
              </value>
            </param>
            <param index="6">
              <value>
                <![CDATA[05/05/1987]]>
              </value>
            </param>
            <param index="7">
              <value>
                <![CDATA[NULL]]>
              </value>
            </param>
            <param index="8">
              <value>
                <![CDATA[PEPSD]]>
              </value>
            </param>
            <param index="9">
              <value>
                <![CDATA[NO HIT]]>
              </value>
            </param>
            <param index="10">
              <value>
                <![CDATA[Fitz STEELE]]>
              </value>
            </param>
          </params>
          <reporter-output>
          </reporter-output>
        </test-method> <!-- duedilScreeningApiTest -->
        <test-method status="PASS" signature="duedilScreeningApiTest(java.lang.String, java.lang.String, java.lang.String, java.lang.String, java.lang.String, java.lang.String, java.lang.String, java.lang.String, java.lang.String, java.lang.String, java.lang.String)[pri:0, instance:com.travelex.automation.api.duedil.FCPAdpaterScreening@e45f292]" name="duedilScreeningApiTest" duration-ms="2388" started-at="2019-05-07T14:54:25Z" data-provider="DuedilScreeningApiDataProvider" finished-at="2019-05-07T14:54:28Z">
          <params>
            <param index="0">
              <value>
                <![CDATA[7.0]]>
              </value>
            </param>
            <param index="1">
              <value>
                <![CDATA[Bradley DRAKE]]>
              </value>
            </param>
            <param index="2">
              <value>
                <![CDATA[NULL]]>
              </value>
            </param>
            <param index="3">
              <value>
                <![CDATA[Eucheeanna]]>
              </value>
            </param>
            <param index="4">
              <value>
                <![CDATA[Florida]]>
              </value>
            </param>
            <param index="5">
              <value>
                <![CDATA[USA]]>
              </value>
            </param>
            <param index="6">
              <value>
                <![CDATA[05/05/1987]]>
              </value>
            </param>
            <param index="7">
              <value>
                <![CDATA[NULL]]>
              </value>
            </param>
            <param index="8">
              <value>
                <![CDATA[PEPSD]]>
              </value>
            </param>
            <param index="9">
              <value>
                <![CDATA[NO HIT]]>
              </value>
            </param>
            <param index="10">
              <value>
                <![CDATA[Brad E DRAKE]]>
              </value>
            </param>
          </params>
          <reporter-output>
          </reporter-output>
        </test-method> <!-- duedilScreeningApiTest -->
        <test-method status="PASS" signature="duedilScreeningApiTest(java.lang.String, java.lang.String, java.lang.String, java.lang.String, java.lang.String, java.lang.String, java.lang.String, java.lang.String, java.lang.String, java.lang.String, java.lang.String)[pri:0, instance:com.travelex.automation.api.duedil.FCPAdpaterScreening@e45f292]" name="duedilScreeningApiTest" duration-ms="2428" started-at="2019-05-07T14:54:28Z" data-provider="DuedilScreeningApiDataProvider" finished-at="2019-05-07T14:54:30Z">
          <params>
            <param index="0">
              <value>
                <![CDATA[8.0]]>
              </value>
            </param>
            <param index="1">
              <value>
                <![CDATA[Kurt KELY]]>
              </value>
            </param>
            <param index="2">
              <value>
                <![CDATA[NULL]]>
              </value>
            </param>
            <param index="3">
              <value>
                <![CDATA[Ocala]]>
              </value>
            </param>
            <param index="4">
              <value>
                <![CDATA[Florida]]>
              </value>
            </param>
            <param index="5">
              <value>
                <![CDATA[USA]]>
              </value>
            </param>
            <param index="6">
              <value>
                <![CDATA[05/05/1987]]>
              </value>
            </param>
            <param index="7">
              <value>
                <![CDATA[NULL]]>
              </value>
            </param>
            <param index="8">
              <value>
                <![CDATA[PEPSD]]>
              </value>
            </param>
            <param index="9">
              <value>
                <![CDATA[NO HIT]]>
              </value>
            </param>
            <param index="10">
              <value>
                <![CDATA[Kurt KELLY]]>
              </value>
            </param>
          </params>
          <reporter-output>
          </reporter-output>
        </test-method> <!-- duedilScreeningApiTest -->
        <test-method status="PASS" signature="duedilScreeningApiTest(java.lang.String, java.lang.String, java.lang.String, java.lang.String, java.lang.String, java.lang.String, java.lang.String, java.lang.String, java.lang.String, java.lang.String, java.lang.String)[pri:0, instance:com.travelex.automation.api.duedil.FCPAdpaterScreening@e45f292]" name="duedilScreeningApiTest" duration-ms="2493" started-at="2019-05-07T14:54:30Z" data-provider="DuedilScreeningApiDataProvider" finished-at="2019-05-07T14:54:33Z">
          <params>
            <param index="0">
              <value>
                <![CDATA[9.0]]>
              </value>
            </param>
            <param index="1">
              <value>
                <![CDATA[Lake Rayley]]>
              </value>
            </param>
            <param index="2">
              <value>
                <![CDATA[NULL]]>
              </value>
            </param>
            <param index="3">
              <value>
                <![CDATA[Jacksonville]]>
              </value>
            </param>
            <param index="4">
              <value>
                <![CDATA[Florida]]>
              </value>
            </param>
            <param index="5">
              <value>
                <![CDATA[USA]]>
              </value>
            </param>
            <param index="6">
              <value>
                <![CDATA[05/05/1987]]>
              </value>
            </param>
            <param index="7">
              <value>
                <![CDATA[NULL]]>
              </value>
            </param>
            <param index="8">
              <value>
                <![CDATA[PEPSD]]>
              </value>
            </param>
            <param index="9">
              <value>
                <![CDATA[NO HIT]]>
              </value>
            </param>
            <param index="10">
              <value>
                <![CDATA[Lake RAY]]>
              </value>
            </param>
          </params>
          <reporter-output>
          </reporter-output>
        </test-method> <!-- duedilScreeningApiTest -->
        <test-method status="PASS" signature="duedilScreeningApiTest(java.lang.String, java.lang.String, java.lang.String, java.lang.String, java.lang.String, java.lang.String, java.lang.String, java.lang.String, java.lang.String, java.lang.String, java.lang.String)[pri:0, instance:com.travelex.automation.api.duedil.FCPAdpaterScreening@e45f292]" name="duedilScreeningApiTest" duration-ms="2247" started-at="2019-05-07T14:54:33Z" data-provider="DuedilScreeningApiDataProvider" finished-at="2019-05-07T14:54:35Z">
          <params>
            <param index="0">
              <value>
                <![CDATA[10.0]]>
              </value>
            </param>
            <param index="1">
              <value>
                <![CDATA[Andriy HONCHAK]]>
              </value>
            </param>
            <param index="2">
              <value>
                <![CDATA[NULL]]>
              </value>
            </param>
            <param index="3">
              <value>
                <![CDATA[Kiev]]>
              </value>
            </param>
            <param index="4">
              <value>
                <![CDATA[Kiev]]>
              </value>
            </param>
            <param index="5">
              <value>
                <![CDATA[UKRAINE]]>
              </value>
            </param>
            <param index="6">
              <value>
                <![CDATA[08/19/1961]]>
              </value>
            </param>
            <param index="7">
              <value>
                <![CDATA[NULL]]>
              </value>
            </param>
            <param index="8">
              <value>
                <![CDATA[PEPSD]]>
              </value>
            </param>
            <param index="9">
              <value>
                <![CDATA[HIT]]>
              </value>
            </param>
            <param index="10">
              <value>
                <![CDATA[Andriy HONCHARUK]]>
              </value>
            </param>
          </params>
          <reporter-output>
          </reporter-output>
        </test-method> <!-- duedilScreeningApiTest -->
        <test-method status="PASS" signature="duedilScreeningApiTest(java.lang.String, java.lang.String, java.lang.String, java.lang.String, java.lang.String, java.lang.String, java.lang.String, java.lang.String, java.lang.String, java.lang.String, java.lang.String)[pri:0, instance:com.travelex.automation.api.duedil.FCPAdpaterScreening@e45f292]" name="duedilScreeningApiTest" duration-ms="2102" started-at="2019-05-07T14:54:35Z" data-provider="DuedilScreeningApiDataProvider" finished-at="2019-05-07T14:54:37Z">
          <params>
            <param index="0">
              <value>
                <![CDATA[11.0]]>
              </value>
            </param>
            <param index="1">
              <value>
                <![CDATA[Yevhen SARKOV]]>
              </value>
            </param>
            <param index="2">
              <value>
                <![CDATA[NULL]]>
              </value>
            </param>
            <param index="3">
              <value>
                <![CDATA[Kiev]]>
              </value>
            </param>
            <param index="4">
              <value>
                <![CDATA[Kiev]]>
              </value>
            </param>
            <param index="5">
              <value>
                <![CDATA[UKRAINE]]>
              </value>
            </param>
            <param index="6">
              <value>
                <![CDATA[11/18/1974]]>
              </value>
            </param>
            <param index="7">
              <value>
                <![CDATA[NULL]]>
              </value>
            </param>
            <param index="8">
              <value>
                <![CDATA[PEPSD]]>
              </value>
            </param>
            <param index="9">
              <value>
                <![CDATA[HIT]]>
              </value>
            </param>
            <param index="10">
              <value>
                <![CDATA[Yevhen TSARKOV]]>
              </value>
            </param>
          </params>
          <reporter-output>
          </reporter-output>
        </test-method> <!-- duedilScreeningApiTest -->
        <test-method status="PASS" signature="duedilScreeningApiTest(java.lang.String, java.lang.String, java.lang.String, java.lang.String, java.lang.String, java.lang.String, java.lang.String, java.lang.String, java.lang.String, java.lang.String, java.lang.String)[pri:0, instance:com.travelex.automation.api.duedil.FCPAdpaterScreening@e45f292]" name="duedilScreeningApiTest" duration-ms="2188" started-at="2019-05-07T14:54:37Z" data-provider="DuedilScreeningApiDataProvider" finished-at="2019-05-07T14:54:39Z">
          <params>
            <param index="0">
              <value>
                <![CDATA[12.0]]>
              </value>
            </param>
            <param index="1">
              <value>
                <![CDATA[Olay CHERPITSKY]]>
              </value>
            </param>
            <param index="2">
              <value>
                <![CDATA[NULL]]>
              </value>
            </param>
            <param index="3">
              <value>
                <![CDATA[Kiev]]>
              </value>
            </param>
            <param index="4">
              <value>
                <![CDATA[Kiev]]>
              </value>
            </param>
            <param index="5">
              <value>
                <![CDATA[UKRAINE]]>
              </value>
            </param>
            <param index="6">
              <value>
                <![CDATA[08/09/1964]]>
              </value>
            </param>
            <param index="7">
              <value>
                <![CDATA[NULL]]>
              </value>
            </param>
            <param index="8">
              <value>
                <![CDATA[PEPSD]]>
              </value>
            </param>
            <param index="9">
              <value>
                <![CDATA[HIT]]>
              </value>
            </param>
            <param index="10">
              <value>
                <![CDATA[Oleh CHERPITSKY]]>
              </value>
            </param>
          </params>
          <reporter-output>
          </reporter-output>
        </test-method> <!-- duedilScreeningApiTest -->
        <test-method status="FAIL" signature="duedilScreeningApiTest(java.lang.String, java.lang.String, java.lang.String, java.lang.String, java.lang.String, java.lang.String, java.lang.String, java.lang.String, java.lang.String, java.lang.String, java.lang.String)[pri:0, instance:com.travelex.automation.api.duedil.FCPAdpaterScreening@e45f292]" name="duedilScreeningApiTest" duration-ms="2359" started-at="2019-05-07T14:54:39Z" data-provider="DuedilScreeningApiDataProvider" finished-at="2019-05-07T14:54:42Z">
          <params>
            <param index="0">
              <value>
                <![CDATA[13.0]]>
              </value>
            </param>
            <param index="1">
              <value>
                <![CDATA[Sergey BELODOV]]>
              </value>
            </param>
            <param index="2">
              <value>
                <![CDATA[NULL]]>
              </value>
            </param>
            <param index="3">
              <value>
                <![CDATA[Ulan-Ude]]>
              </value>
            </param>
            <param index="4">
              <value>
                <![CDATA[Buryatia Republic]]>
              </value>
            </param>
            <param index="5">
              <value>
                <![CDATA[RUSSIAN FEDERATION]]>
              </value>
            </param>
            <param index="6">
              <value>
                <![CDATA[08/29/1961]]>
              </value>
            </param>
            <param index="7">
              <value>
                <![CDATA[NULL]]>
              </value>
            </param>
            <param index="8">
              <value>
                <![CDATA[PEPSD]]>
              </value>
            </param>
            <param index="9">
              <value>
                <![CDATA[HIT]]>
              </value>
            </param>
            <param index="10">
              <value>
                <![CDATA[Sergey BELOKOLODOV]]>
              </value>
            </param>
          </params>
          <exception class="java.lang.AssertionError">
            <message>
              <![CDATA[Sergey BELOKOLODOV not found in the hit response object expected [true] but found [false]]]>
            </message>
            <full-stacktrace>
              <![CDATA[java.lang.AssertionError: Sergey BELOKOLODOV not found in the hit response object expected [true] but found [false]
	at org.testng.Assert.fail(Assert.java:94)
	at org.testng.Assert.failNotEquals(Assert.java:494)
	at org.testng.Assert.assertTrue(Assert.java:42)
	at com.travelex.automation.api.methods.ExecuteApiMethods_FCP.executePostMethodForFCPAdapter(ExecuteApiMethods_FCP.java:129)
	at com.travelex.automation.api.duedil.FCPAdpaterScreening.duedilScreeningApiTest(FCPAdpaterScreening.java:136)
	at sun.reflect.NativeMethodAccessorImpl.invoke0(Native Method)
	at sun.reflect.NativeMethodAccessorImpl.invoke(Unknown Source)
	at sun.reflect.DelegatingMethodAccessorImpl.invoke(Unknown Source)
	at java.lang.reflect.Method.invoke(Unknown Source)
	at org.testng.internal.MethodInvocationHelper.invokeMethod(MethodInvocationHelper.java:85)
	at org.testng.internal.Invoker.invokeMethod(Invoker.java:696)
	at org.testng.internal.Invoker.invokeTestMethod(Invoker.java:882)
	at org.testng.internal.Invoker.invokeTestMethods(Invoker.java:1189)
	at org.testng.internal.TestMethodWorker.invokeTestMethods(TestMethodWorker.java:124)
	at org.testng.internal.TestMethodWorker.run(TestMethodWorker.java:108)
	at org.testng.TestRunner.privateRun(TestRunner.java:767)
	at org.testng.TestRunner.run(TestRunner.java:617)
	at org.testng.SuiteRunner.runTest(SuiteRunner.java:348)
	at org.testng.SuiteRunner.runSequentially(SuiteRunner.java:343)
	at org.testng.SuiteRunner.privateRun(SuiteRunner.java:305)
	at org.testng.SuiteRunner.run(SuiteRunner.java:254)
	at org.testng.SuiteRunnerWorker.runSuite(SuiteRunnerWorker.java:52)
	at org.testng.SuiteRunnerWorker.run(SuiteRunnerWorker.java:86)
	at org.testng.TestNG.runSuitesSequentially(TestNG.java:1224)
	at org.testng.TestNG.runSuitesLocally(TestNG.java:1149)
	at org.testng.TestNG.run(TestNG.java:1057)
	at org.testng.remote.AbstractRemoteTestNG.run(AbstractRemoteTestNG.java:114)
	at org.testng.remote.RemoteTestNG.initAndRun(RemoteTestNG.java:251)
	at org.testng.remote.RemoteTestNG.main(RemoteTestNG.java:77)
]]>
            </full-stacktrace>
          </exception> <!-- java.lang.AssertionError -->
          <reporter-output>
          </reporter-output>
        </test-method> <!-- duedilScreeningApiTest -->
        <test-method status="PASS" signature="duedilScreeningApiTest(java.lang.String, java.lang.String, java.lang.String, java.lang.String, java.lang.String, java.lang.String, java.lang.String, java.lang.String, java.lang.String, java.lang.String, java.lang.String)[pri:0, instance:com.travelex.automation.api.duedil.FCPAdpaterScreening@e45f292]" name="duedilScreeningApiTest" duration-ms="2234" started-at="2019-05-07T14:54:42Z" data-provider="DuedilScreeningApiDataProvider" finished-at="2019-05-07T14:54:44Z">
          <params>
            <param index="0">
              <value>
                <![CDATA[14.0]]>
              </value>
            </param>
            <param index="1">
              <value>
                <![CDATA[Oleg KHAZEV]]>
              </value>
            </param>
            <param index="2">
              <value>
                <![CDATA[NULL]]>
              </value>
            </param>
            <param index="3">
              <value>
                <![CDATA[Ulan-Ude]]>
              </value>
            </param>
            <param index="4">
              <value>
                <![CDATA[Buryatia Republic]]>
              </value>
            </param>
            <param index="5">
              <value>
                <![CDATA[RUSSIAN FEDERATION]]>
              </value>
            </param>
            <param index="6">
              <value>
                <![CDATA[09/23/1971]]>
              </value>
            </param>
            <param index="7">
              <value>
                <![CDATA[NULL]]>
              </value>
            </param>
            <param index="8">
              <value>
                <![CDATA[PEPSD]]>
              </value>
            </param>
            <param index="9">
              <value>
                <![CDATA[HIT]]>
              </value>
            </param>
            <param index="10">
              <value>
                <![CDATA[Oleg KHAZHEEV]]>
              </value>
            </param>
          </params>
          <reporter-output>
          </reporter-output>
        </test-method> <!-- duedilScreeningApiTest -->
        <test-method status="PASS" signature="duedilScreeningApiTest(java.lang.String, java.lang.String, java.lang.String, java.lang.String, java.lang.String, java.lang.String, java.lang.String, java.lang.String, java.lang.String, java.lang.String, java.lang.String)[pri:0, instance:com.travelex.automation.api.duedil.FCPAdpaterScreening@e45f292]" name="duedilScreeningApiTest" duration-ms="2224" started-at="2019-05-07T14:54:44Z" data-provider="DuedilScreeningApiDataProvider" finished-at="2019-05-07T14:54:46Z">
          <params>
            <param index="0">
              <value>
                <![CDATA[15.0]]>
              </value>
            </param>
            <param index="1">
              <value>
                <![CDATA[Valeriy SERGEV]]>
              </value>
            </param>
            <param index="2">
              <value>
                <![CDATA[NULL]]>
              </value>
            </param>
            <param index="3">
              <value>
                <![CDATA[Ulan-Ude]]>
              </value>
            </param>
            <param index="4">
              <value>
                <![CDATA[Buryatia Republic]]>
              </value>
            </param>
            <param index="5">
              <value>
                <![CDATA[RUSSIAN FEDERATION]]>
              </value>
            </param>
            <param index="6">
              <value>
                <![CDATA[11/25/1958]]>
              </value>
            </param>
            <param index="7">
              <value>
                <![CDATA[NULL]]>
              </value>
            </param>
            <param index="8">
              <value>
                <![CDATA[PEPSD]]>
              </value>
            </param>
            <param index="9">
              <value>
                <![CDATA[HIT]]>
              </value>
            </param>
            <param index="10">
              <value>
                <![CDATA[Valeriy SERGEYEV]]>
              </value>
            </param>
          </params>
          <reporter-output>
          </reporter-output>
        </test-method> <!-- duedilScreeningApiTest -->
        <test-method status="PASS" signature="duedilScreeningApiTest(java.lang.String, java.lang.String, java.lang.String, java.lang.String, java.lang.String, java.lang.String, java.lang.String, java.lang.String, java.lang.String, java.lang.String, java.lang.String)[pri:0, instance:com.travelex.automation.api.duedil.FCPAdpaterScreening@e45f292]" name="duedilScreeningApiTest" duration-ms="2353" started-at="2019-05-07T14:54:46Z" data-provider="DuedilScreeningApiDataProvider" finished-at="2019-05-07T14:54:48Z">
          <params>
            <param index="0">
              <value>
                <![CDATA[16.0]]>
              </value>
            </param>
            <param index="1">
              <value>
                <![CDATA[Rulan TSECHOEV]]>
              </value>
            </param>
            <param index="2">
              <value>
                <![CDATA[NULL]]>
              </value>
            </param>
            <param index="3">
              <value>
                <![CDATA[Magas]]>
              </value>
            </param>
            <param index="4">
              <value>
                <![CDATA[Ingushetia Republic]]>
              </value>
            </param>
            <param index="5">
              <value>
                <![CDATA[RUSSIAN FEDERATION]]>
              </value>
            </param>
            <param index="6">
              <value>
                <![CDATA[05/16/1959]]>
              </value>
            </param>
            <param index="7">
              <value>
                <![CDATA[NULL]]>
              </value>
            </param>
            <param index="8">
              <value>
                <![CDATA[PEPSD]]>
              </value>
            </param>
            <param index="9">
              <value>
                <![CDATA[HIT]]>
              </value>
            </param>
            <param index="10">
              <value>
                <![CDATA[Ruslan TSECHOEV]]>
              </value>
            </param>
          </params>
          <reporter-output>
          </reporter-output>
        </test-method> <!-- duedilScreeningApiTest -->
        <test-method status="PASS" signature="duedilScreeningApiTest(java.lang.String, java.lang.String, java.lang.String, java.lang.String, java.lang.String, java.lang.String, java.lang.String, java.lang.String, java.lang.String, java.lang.String, java.lang.String)[pri:0, instance:com.travelex.automation.api.duedil.FCPAdpaterScreening@e45f292]" name="duedilScreeningApiTest" duration-ms="2471" started-at="2019-05-07T14:54:48Z" data-provider="DuedilScreeningApiDataProvider" finished-at="2019-05-07T14:54:51Z">
          <params>
            <param index="0">
              <value>
                <![CDATA[17.0]]>
              </value>
            </param>
            <param index="1">
              <value>
                <![CDATA[Bagauddin MARSHAN]]>
              </value>
            </param>
            <param index="2">
              <value>
                <![CDATA[NULL]]>
              </value>
            </param>
            <param index="3">
              <value>
                <![CDATA[Magas]]>
              </value>
            </param>
            <param index="4">
              <value>
                <![CDATA[Ingushetia Republic]]>
              </value>
            </param>
            <param index="5">
              <value>
                <![CDATA[RUSSIAN FEDERATION]]>
              </value>
            </param>
            <param index="6">
              <value>
                <![CDATA[08/10/1956]]>
              </value>
            </param>
            <param index="7">
              <value>
                <![CDATA[NULL]]>
              </value>
            </param>
            <param index="8">
              <value>
                <![CDATA[PEPSD]]>
              </value>
            </param>
            <param index="9">
              <value>
                <![CDATA[HIT]]>
              </value>
            </param>
            <param index="10">
              <value>
                <![CDATA[Bagauddin MARSHANI]]>
              </value>
            </param>
          </params>
          <reporter-output>
          </reporter-output>
        </test-method> <!-- duedilScreeningApiTest -->
        <test-method status="PASS" signature="duedilScreeningApiTest(java.lang.String, java.lang.String, java.lang.String, java.lang.String, java.lang.String, java.lang.String, java.lang.String, java.lang.String, java.lang.String, java.lang.String, java.lang.String)[pri:0, instance:com.travelex.automation.api.duedil.FCPAdpaterScreening@e45f292]" name="duedilScreeningApiTest" duration-ms="2061" started-at="2019-05-07T14:54:51Z" data-provider="DuedilScreeningApiDataProvider" finished-at="2019-05-07T14:54:53Z">
          <params>
            <param index="0">
              <value>
                <![CDATA[18.0]]>
              </value>
            </param>
            <param index="1">
              <value>
                <![CDATA[Tamara KHAUTEVA]]>
              </value>
            </param>
            <param index="2">
              <value>
                <![CDATA[NULL]]>
              </value>
            </param>
            <param index="3">
              <value>
                <![CDATA[Magas]]>
              </value>
            </param>
            <param index="4">
              <value>
                <![CDATA[Ingushetia Republic]]>
              </value>
            </param>
            <param index="5">
              <value>
                <![CDATA[RUSSIAN FEDERATION]]>
              </value>
            </param>
            <param index="6">
              <value>
                <![CDATA[09/15/1949]]>
              </value>
            </param>
            <param index="7">
              <value>
                <![CDATA[NULL]]>
              </value>
            </param>
            <param index="8">
              <value>
                <![CDATA[PEPSD]]>
              </value>
            </param>
            <param index="9">
              <value>
                <![CDATA[HIT]]>
              </value>
            </param>
            <param index="10">
              <value>
                <![CDATA[Tamara KHAUTIEVA]]>
              </value>
            </param>
          </params>
          <reporter-output>
          </reporter-output>
        </test-method> <!-- duedilScreeningApiTest -->
        <test-method status="PASS" signature="duedilScreeningApiTest(java.lang.String, java.lang.String, java.lang.String, java.lang.String, java.lang.String, java.lang.String, java.lang.String, java.lang.String, java.lang.String, java.lang.String, java.lang.String)[pri:0, instance:com.travelex.automation.api.duedil.FCPAdpaterScreening@e45f292]" name="duedilScreeningApiTest" duration-ms="2217" started-at="2019-05-07T14:54:53Z" data-provider="DuedilScreeningApiDataProvider" finished-at="2019-05-07T14:54:55Z">
          <params>
            <param index="0">
              <value>
                <![CDATA[19.0]]>
              </value>
            </param>
            <param index="1">
              <value>
                <![CDATA[Rashid GASANOV]]>
              </value>
            </param>
            <param index="2">
              <value>
                <![CDATA[NULL]]>
              </value>
            </param>
            <param index="3">
              <value>
                <![CDATA[Magas]]>
              </value>
            </param>
            <param index="4">
              <value>
                <![CDATA[Ingushetia Republic]]>
              </value>
            </param>
            <param index="5">
              <value>
                <![CDATA[RUSSIAN FEDERATION]]>
              </value>
            </param>
            <param index="6">
              <value>
                <![CDATA[12/28/1972]]>
              </value>
            </param>
            <param index="7">
              <value>
                <![CDATA[NULL]]>
              </value>
            </param>
            <param index="8">
              <value>
                <![CDATA[PEPSD]]>
              </value>
            </param>
            <param index="9">
              <value>
                <![CDATA[HIT]]>
              </value>
            </param>
            <param index="10">
              <value>
                <![CDATA[Rashid GAISANOV]]>
              </value>
            </param>
          </params>
          <reporter-output>
          </reporter-output>
        </test-method> <!-- duedilScreeningApiTest -->
        <test-method status="PASS" signature="duedilScreeningApiTest(java.lang.String, java.lang.String, java.lang.String, java.lang.String, java.lang.String, java.lang.String, java.lang.String, java.lang.String, java.lang.String, java.lang.String, java.lang.String)[pri:0, instance:com.travelex.automation.api.duedil.FCPAdpaterScreening@e45f292]" name="duedilScreeningApiTest" duration-ms="2018" started-at="2019-05-07T14:54:55Z" data-provider="DuedilScreeningApiDataProvider" finished-at="2019-05-07T14:54:57Z">
          <params>
            <param index="0">
              <value>
                <![CDATA[20.0]]>
              </value>
            </param>
            <param index="1">
              <value>
                <![CDATA[Magomed BIEV]]>
              </value>
            </param>
            <param index="2">
              <value>
                <![CDATA[NULL]]>
              </value>
            </param>
            <param index="3">
              <value>
                <![CDATA[Magas]]>
              </value>
            </param>
            <param index="4">
              <value>
                <![CDATA[Ingushetia Republic]]>
              </value>
            </param>
            <param index="5">
              <value>
                <![CDATA[INDIA]]>
              </value>
            </param>
            <param index="6">
              <value>
                <![CDATA[03/11/1975]]>
              </value>
            </param>
            <param index="7">
              <value>
                <![CDATA[NULL]]>
              </value>
            </param>
            <param index="8">
              <value>
                <![CDATA[PEPSD]]>
              </value>
            </param>
            <param index="9">
              <value>
                <![CDATA[HIT]]>
              </value>
            </param>
            <param index="10">
              <value>
                <![CDATA[Magomed BITIEV]]>
              </value>
            </param>
          </params>
          <reporter-output>
          </reporter-output>
        </test-method> <!-- duedilScreeningApiTest -->
        <test-method status="PASS" signature="duedilScreeningApiTest(java.lang.String, java.lang.String, java.lang.String, java.lang.String, java.lang.String, java.lang.String, java.lang.String, java.lang.String, java.lang.String, java.lang.String, java.lang.String)[pri:0, instance:com.travelex.automation.api.duedil.FCPAdpaterScreening@e45f292]" name="duedilScreeningApiTest" duration-ms="2323" started-at="2019-05-07T14:54:57Z" data-provider="DuedilScreeningApiDataProvider" finished-at="2019-05-07T14:55:00Z">
          <params>
            <param index="0">
              <value>
                <![CDATA[21.0]]>
              </value>
            </param>
            <param index="1">
              <value>
                <![CDATA[Rulan ALBAGACHIEV]]>
              </value>
            </param>
            <param index="2">
              <value>
                <![CDATA[NULL]]>
              </value>
            </param>
            <param index="3">
              <value>
                <![CDATA[Magas]]>
              </value>
            </param>
            <param index="4">
              <value>
                <![CDATA[Ingushetia Republic]]>
              </value>
            </param>
            <param index="5">
              <value>
                <![CDATA[INDIA]]>
              </value>
            </param>
            <param index="6">
              <value>
                <![CDATA[08/14/1954]]>
              </value>
            </param>
            <param index="7">
              <value>
                <![CDATA[NULL]]>
              </value>
            </param>
            <param index="8">
              <value>
                <![CDATA[PEPSD]]>
              </value>
            </param>
            <param index="9">
              <value>
                <![CDATA[HIT]]>
              </value>
            </param>
            <param index="10">
              <value>
                <![CDATA[Ruslan ALBAGACHIEV]]>
              </value>
            </param>
          </params>
          <reporter-output>
          </reporter-output>
        </test-method> <!-- duedilScreeningApiTest -->
        <test-method status="PASS" signature="duedilScreeningApiTest(java.lang.String, java.lang.String, java.lang.String, java.lang.String, java.lang.String, java.lang.String, java.lang.String, java.lang.String, java.lang.String, java.lang.String, java.lang.String)[pri:0, instance:com.travelex.automation.api.duedil.FCPAdpaterScreening@e45f292]" name="duedilScreeningApiTest" duration-ms="2045" started-at="2019-05-07T14:55:00Z" data-provider="DuedilScreeningApiDataProvider" finished-at="2019-05-07T14:55:02Z">
          <params>
            <param index="0">
              <value>
                <![CDATA[22.0]]>
              </value>
            </param>
            <param index="1">
              <value>
                <![CDATA[Sergey CHEGOVSKY]]>
              </value>
            </param>
            <param index="2">
              <value>
                <![CDATA[NULL]]>
              </value>
            </param>
            <param index="3">
              <value>
                <![CDATA[Ulan-Ude]]>
              </value>
            </param>
            <param index="4">
              <value>
                <![CDATA[Buryatia Republic]]>
              </value>
            </param>
            <param index="5">
              <value>
                <![CDATA[INDIA]]>
              </value>
            </param>
            <param index="6">
              <value>
                <![CDATA[01/18/1959]]>
              </value>
            </param>
            <param index="7">
              <value>
                <![CDATA[NULL]]>
              </value>
            </param>
            <param index="8">
              <value>
                <![CDATA[PEPSD]]>
              </value>
            </param>
            <param index="9">
              <value>
                <![CDATA[HIT]]>
              </value>
            </param>
            <param index="10">
              <value>
                <![CDATA[Sergey CHERNIGOVSKY]]>
              </value>
            </param>
          </params>
          <reporter-output>
          </reporter-output>
        </test-method> <!-- duedilScreeningApiTest -->
        <test-method status="PASS" signature="duedilScreeningApiTest(java.lang.String, java.lang.String, java.lang.String, java.lang.String, java.lang.String, java.lang.String, java.lang.String, java.lang.String, java.lang.String, java.lang.String, java.lang.String)[pri:0, instance:com.travelex.automation.api.duedil.FCPAdpaterScreening@e45f292]" name="duedilScreeningApiTest" duration-ms="2281" started-at="2019-05-07T14:55:02Z" data-provider="DuedilScreeningApiDataProvider" finished-at="2019-05-07T14:55:04Z">
          <params>
            <param index="0">
              <value>
                <![CDATA[23.0]]>
              </value>
            </param>
            <param index="1">
              <value>
                <![CDATA[Olexander SUPNENKO]]>
              </value>
            </param>
            <param index="2">
              <value>
                <![CDATA[NULL]]>
              </value>
            </param>
            <param index="3">
              <value>
                <![CDATA[Kiev]]>
              </value>
            </param>
            <param index="4">
              <value>
                <![CDATA[Kiev]]>
              </value>
            </param>
            <param index="5">
              <value>
                <![CDATA[INDIA]]>
              </value>
            </param>
            <param index="6">
              <value>
                <![CDATA[01/31/1971]]>
              </value>
            </param>
            <param index="7">
              <value>
                <![CDATA[NULL]]>
              </value>
            </param>
            <param index="8">
              <value>
                <![CDATA[PEPSD]]>
              </value>
            </param>
            <param index="9">
              <value>
                <![CDATA[HIT]]>
              </value>
            </param>
            <param index="10">
              <value>
                <![CDATA[Olexander SUPRUNENKO]]>
              </value>
            </param>
          </params>
          <reporter-output>
          </reporter-output>
        </test-method> <!-- duedilScreeningApiTest -->
        <test-method status="PASS" signature="duedilScreeningApiTest(java.lang.String, java.lang.String, java.lang.String, java.lang.String, java.lang.String, java.lang.String, java.lang.String, java.lang.String, java.lang.String, java.lang.String, java.lang.String)[pri:0, instance:com.travelex.automation.api.duedil.FCPAdpaterScreening@e45f292]" name="duedilScreeningApiTest" duration-ms="1923" started-at="2019-05-07T14:55:04Z" data-provider="DuedilScreeningApiDataProvider" finished-at="2019-05-07T14:55:06Z">
          <params>
            <param index="0">
              <value>
                <![CDATA[24.0]]>
              </value>
            </param>
            <param index="1">
              <value>
                <![CDATA[Petro TSANKO]]>
              </value>
            </param>
            <param index="2">
              <value>
                <![CDATA[NULL]]>
              </value>
            </param>
            <param index="3">
              <value>
                <![CDATA[Kiev]]>
              </value>
            </param>
            <param index="4">
              <value>
                <![CDATA[NULL]]>
              </value>
            </param>
            <param index="5">
              <value>
                <![CDATA[INDIA]]>
              </value>
            </param>
            <param index="6">
              <value>
                <![CDATA[06/18/1954]]>
              </value>
            </param>
            <param index="7">
              <value>
                <![CDATA[NULL]]>
              </value>
            </param>
            <param index="8">
              <value>
                <![CDATA[PEPSD]]>
              </value>
            </param>
            <param index="9">
              <value>
                <![CDATA[HIT]]>
              </value>
            </param>
            <param index="10">
              <value>
                <![CDATA[Petro TSYHANKO]]>
              </value>
            </param>
          </params>
          <reporter-output>
          </reporter-output>
        </test-method> <!-- duedilScreeningApiTest -->
        <test-method status="PASS" signature="duedilScreeningApiTest(java.lang.String, java.lang.String, java.lang.String, java.lang.String, java.lang.String, java.lang.String, java.lang.String, java.lang.String, java.lang.String, java.lang.String, java.lang.String)[pri:0, instance:com.travelex.automation.api.duedil.FCPAdpaterScreening@e45f292]" name="duedilScreeningApiTest" duration-ms="2607" started-at="2019-05-07T14:55:06Z" data-provider="DuedilScreeningApiDataProvider" finished-at="2019-05-07T14:55:08Z">
          <params>
            <param index="0">
              <value>
                <![CDATA[25.0]]>
              </value>
            </param>
            <param index="1">
              <value>
                <![CDATA[Igor DUSHN]]>
              </value>
            </param>
            <param index="2">
              <value>
                <![CDATA[NULL]]>
              </value>
            </param>
            <param index="3">
              <value>
                <![CDATA[Kiev]]>
              </value>
            </param>
            <param index="4">
              <value>
                <![CDATA[Kiev]]>
              </value>
            </param>
            <param index="5">
              <value>
                <![CDATA[INDIA]]>
              </value>
            </param>
            <param index="6">
              <value>
                <![CDATA[07/07/1961]]>
              </value>
            </param>
            <param index="7">
              <value>
                <![CDATA[NULL]]>
              </value>
            </param>
            <param index="8">
              <value>
                <![CDATA[PEPSD]]>
              </value>
            </param>
            <param index="9">
              <value>
                <![CDATA[HIT]]>
              </value>
            </param>
            <param index="10">
              <value>
                <![CDATA[Igor DUSHYN]]>
              </value>
            </param>
          </params>
          <reporter-output>
          </reporter-output>
        </test-method> <!-- duedilScreeningApiTest -->
        <test-method status="PASS" signature="duedilScreeningApiTest(java.lang.String, java.lang.String, java.lang.String, java.lang.String, java.lang.String, java.lang.String, java.lang.String, java.lang.String, java.lang.String, java.lang.String, java.lang.String)[pri:0, instance:com.travelex.automation.api.duedil.FCPAdpaterScreening@e45f292]" name="duedilScreeningApiTest" duration-ms="2304" started-at="2019-05-07T14:55:08Z" data-provider="DuedilScreeningApiDataProvider" finished-at="2019-05-07T14:55:11Z">
          <params>
            <param index="0">
              <value>
                <![CDATA[26.0]]>
              </value>
            </param>
            <param index="1">
              <value>
                <![CDATA[Oleksandr DAVYOV]]>
              </value>
            </param>
            <param index="2">
              <value>
                <![CDATA[NULL]]>
              </value>
            </param>
            <param index="3">
              <value>
                <![CDATA[Kiev]]>
              </value>
            </param>
            <param index="4">
              <value>
                <![CDATA[Kiev]]>
              </value>
            </param>
            <param index="5">
              <value>
                <![CDATA[INDIA]]>
              </value>
            </param>
            <param index="6">
              <value>
                <![CDATA[05/03/1963]]>
              </value>
            </param>
            <param index="7">
              <value>
                <![CDATA[NULL]]>
              </value>
            </param>
            <param index="8">
              <value>
                <![CDATA[PEPSD]]>
              </value>
            </param>
            <param index="9">
              <value>
                <![CDATA[HIT]]>
              </value>
            </param>
            <param index="10">
              <value>
                <![CDATA[Oleksandr DAVYDOV]]>
              </value>
            </param>
          </params>
          <reporter-output>
          </reporter-output>
        </test-method> <!-- duedilScreeningApiTest -->
        <test-method status="PASS" signature="duedilScreeningApiTest(java.lang.String, java.lang.String, java.lang.String, java.lang.String, java.lang.String, java.lang.String, java.lang.String, java.lang.String, java.lang.String, java.lang.String, java.lang.String)[pri:0, instance:com.travelex.automation.api.duedil.FCPAdpaterScreening@e45f292]" name="duedilScreeningApiTest" duration-ms="2474" started-at="2019-05-07T14:55:11Z" data-provider="DuedilScreeningApiDataProvider" finished-at="2019-05-07T14:55:13Z">
          <params>
            <param index="0">
              <value>
                <![CDATA[27.0]]>
              </value>
            </param>
            <param index="1">
              <value>
                <![CDATA[Roman SUSHO]]>
              </value>
            </param>
            <param index="2">
              <value>
                <![CDATA[NULL]]>
              </value>
            </param>
            <param index="3">
              <value>
                <![CDATA[Ivano-Frankivsk]]>
              </value>
            </param>
            <param index="4">
              <value>
                <![CDATA[Ivano-Frankivsk]]>
              </value>
            </param>
            <param index="5">
              <value>
                <![CDATA[INDIA]]>
              </value>
            </param>
            <param index="6">
              <value>
                <![CDATA[08/13/1950]]>
              </value>
            </param>
            <param index="7">
              <value>
                <![CDATA[NULL]]>
              </value>
            </param>
            <param index="8">
              <value>
                <![CDATA[PEPSD]]>
              </value>
            </param>
            <param index="9">
              <value>
                <![CDATA[HIT]]>
              </value>
            </param>
            <param index="10">
              <value>
                <![CDATA[Roman SUSHKO]]>
              </value>
            </param>
          </params>
          <reporter-output>
          </reporter-output>
        </test-method> <!-- duedilScreeningApiTest -->
        <test-method status="PASS" signature="duedilScreeningApiTest(java.lang.String, java.lang.String, java.lang.String, java.lang.String, java.lang.String, java.lang.String, java.lang.String, java.lang.String, java.lang.String, java.lang.String, java.lang.String)[pri:0, instance:com.travelex.automation.api.duedil.FCPAdpaterScreening@e45f292]" name="duedilScreeningApiTest" duration-ms="2626" started-at="2019-05-07T14:55:13Z" data-provider="DuedilScreeningApiDataProvider" finished-at="2019-05-07T14:55:16Z">
          <params>
            <param index="0">
              <value>
                <![CDATA[28.0]]>
              </value>
            </param>
            <param index="1">
              <value>
                <![CDATA[Ivan KRULO]]>
              </value>
            </param>
            <param index="2">
              <value>
                <![CDATA[NULL]]>
              </value>
            </param>
            <param index="3">
              <value>
                <![CDATA[Kiev]]>
              </value>
            </param>
            <param index="4">
              <value>
                <![CDATA[Kiev]]>
              </value>
            </param>
            <param index="5">
              <value>
                <![CDATA[INDIA]]>
              </value>
            </param>
            <param index="6">
              <value>
                <![CDATA[07/20/1981]]>
              </value>
            </param>
            <param index="7">
              <value>
                <![CDATA[NULL]]>
              </value>
            </param>
            <param index="8">
              <value>
                <![CDATA[PEPSD]]>
              </value>
            </param>
            <param index="9">
              <value>
                <![CDATA[HIT]]>
              </value>
            </param>
            <param index="10">
              <value>
                <![CDATA[Ivan KRULKO]]>
              </value>
            </param>
          </params>
          <reporter-output>
          </reporter-output>
        </test-method> <!-- duedilScreeningApiTest -->
        <test-method status="PASS" signature="duedilScreeningApiTest(java.lang.String, java.lang.String, java.lang.String, java.lang.String, java.lang.String, java.lang.String, java.lang.String, java.lang.String, java.lang.String, java.lang.String, java.lang.String)[pri:0, instance:com.travelex.automation.api.duedil.FCPAdpaterScreening@e45f292]" name="duedilScreeningApiTest" duration-ms="2335" started-at="2019-05-07T14:55:16Z" data-provider="DuedilScreeningApiDataProvider" finished-at="2019-05-07T14:55:18Z">
          <params>
            <param index="0">
              <value>
                <![CDATA[29.0]]>
              </value>
            </param>
            <param index="1">
              <value>
                <![CDATA[Bronislav STYCHSKY]]>
              </value>
            </param>
            <param index="2">
              <value>
                <![CDATA[NULL]]>
              </value>
            </param>
            <param index="3">
              <value>
                <![CDATA[Kiev]]>
              </value>
            </param>
            <param index="4">
              <value>
                <![CDATA[Kiev]]>
              </value>
            </param>
            <param index="5">
              <value>
                <![CDATA[INDIA]]>
              </value>
            </param>
            <param index="6">
              <value>
                <![CDATA[08/12/1958]]>
              </value>
            </param>
            <param index="7">
              <value>
                <![CDATA[NULL]]>
              </value>
            </param>
            <param index="8">
              <value>
                <![CDATA[PEPSD]]>
              </value>
            </param>
            <param index="9">
              <value>
                <![CDATA[HIT]]>
              </value>
            </param>
            <param index="10">
              <value>
                <![CDATA[Bronislav STYCHYNSKY]]>
              </value>
            </param>
          </params>
          <reporter-output>
          </reporter-output>
        </test-method> <!-- duedilScreeningApiTest -->
        <test-method status="PASS" signature="duedilScreeningApiTest(java.lang.String, java.lang.String, java.lang.String, java.lang.String, java.lang.String, java.lang.String, java.lang.String, java.lang.String, java.lang.String, java.lang.String, java.lang.String)[pri:0, instance:com.travelex.automation.api.duedil.FCPAdpaterScreening@e45f292]" name="duedilScreeningApiTest" duration-ms="2153" started-at="2019-05-07T14:55:18Z" data-provider="DuedilScreeningApiDataProvider" finished-at="2019-05-07T14:55:20Z">
          <params>
            <param index="0">
              <value>
                <![CDATA[30.0]]>
              </value>
            </param>
            <param index="1">
              <value>
                <![CDATA[Raja Muhammad KHAN]]>
              </value>
            </param>
            <param index="2">
              <value>
                <![CDATA[NULL]]>
              </value>
            </param>
            <param index="3">
              <value>
                <![CDATA[Mumbai]]>
              </value>
            </param>
            <param index="4">
              <value>
                <![CDATA[Maharashtra]]>
              </value>
            </param>
            <param index="5">
              <value>
                <![CDATA[INDIA]]>
              </value>
            </param>
            <param index="6">
              <value>
                <![CDATA[05/05/1987]]>
              </value>
            </param>
            <param index="7">
              <value>
                <![CDATA[NULL]]>
              </value>
            </param>
            <param index="8">
              <value>
                <![CDATA[PEPSD]]>
              </value>
            </param>
            <param index="9">
              <value>
                <![CDATA[NO HIT]]>
              </value>
            </param>
            <param index="10">
              <value>
                <![CDATA[Raja Muhammad Nasim KHAN]]>
              </value>
            </param>
          </params>
          <reporter-output>
          </reporter-output>
        </test-method> <!-- duedilScreeningApiTest -->
        <test-method status="PASS" signature="duedilScreeningApiTest(java.lang.String, java.lang.String, java.lang.String, java.lang.String, java.lang.String, java.lang.String, java.lang.String, java.lang.String, java.lang.String, java.lang.String, java.lang.String)[pri:0, instance:com.travelex.automation.api.duedil.FCPAdpaterScreening@e45f292]" name="duedilScreeningApiTest" duration-ms="2021" started-at="2019-05-07T14:55:20Z" data-provider="DuedilScreeningApiDataProvider" finished-at="2019-05-07T14:55:22Z">
          <params>
            <param index="0">
              <value>
                <![CDATA[31.0]]>
              </value>
            </param>
            <param index="1">
              <value>
                <![CDATA[Pir Muhammad Atiq RAHMAN]]>
              </value>
            </param>
            <param index="2">
              <value>
                <![CDATA[NULL]]>
              </value>
            </param>
            <param index="3">
              <value>
                <![CDATA[Mumbai]]>
              </value>
            </param>
            <param index="4">
              <value>
                <![CDATA[Maharashtra]]>
              </value>
            </param>
            <param index="5">
              <value>
                <![CDATA[INDIA]]>
              </value>
            </param>
            <param index="6">
              <value>
                <![CDATA[05/05/1987]]>
              </value>
            </param>
            <param index="7">
              <value>
                <![CDATA[NULL]]>
              </value>
            </param>
            <param index="8">
              <value>
                <![CDATA[PEPSD]]>
              </value>
            </param>
            <param index="9">
              <value>
                <![CDATA[NO HIT]]>
              </value>
            </param>
            <param index="10">
              <value>
                <![CDATA[Pir Muhammad Atiq Ur RAHMAN]]>
              </value>
            </param>
          </params>
          <reporter-output>
          </reporter-output>
        </test-method> <!-- duedilScreeningApiTest -->
        <test-method status="PASS" signature="duedilScreeningApiTest(java.lang.String, java.lang.String, java.lang.String, java.lang.String, java.lang.String, java.lang.String, java.lang.String, java.lang.String, java.lang.String, java.lang.String, java.lang.String)[pri:0, instance:com.travelex.automation.api.duedil.FCPAdpaterScreening@e45f292]" name="duedilScreeningApiTest" duration-ms="2340" started-at="2019-05-07T14:55:22Z" data-provider="DuedilScreeningApiDataProvider" finished-at="2019-05-07T14:55:25Z">
          <params>
            <param index="0">
              <value>
                <![CDATA[32.0]]>
              </value>
            </param>
            <param index="1">
              <value>
                <![CDATA[Ali S CHAUDHRY]]>
              </value>
            </param>
            <param index="2">
              <value>
                <![CDATA[NULL]]>
              </value>
            </param>
            <param index="3">
              <value>
                <![CDATA[Mumbai]]>
              </value>
            </param>
            <param index="4">
              <value>
                <![CDATA[Maharashtra]]>
              </value>
            </param>
            <param index="5">
              <value>
                <![CDATA[INDIA]]>
              </value>
            </param>
            <param index="6">
              <value>
                <![CDATA[05/05/1987]]>
              </value>
            </param>
            <param index="7">
              <value>
                <![CDATA[NULL]]>
              </value>
            </param>
            <param index="8">
              <value>
                <![CDATA[PEPSD]]>
              </value>
            </param>
            <param index="9">
              <value>
                <![CDATA[NO HIT]]>
              </value>
            </param>
            <param index="10">
              <value>
                <![CDATA[Ali Shan CHAUDHRY]]>
              </value>
            </param>
          </params>
          <reporter-output>
          </reporter-output>
        </test-method> <!-- duedilScreeningApiTest -->
        <test-method status="PASS" signature="duedilScreeningApiTest(java.lang.String, java.lang.String, java.lang.String, java.lang.String, java.lang.String, java.lang.String, java.lang.String, java.lang.String, java.lang.String, java.lang.String, java.lang.String)[pri:0, instance:com.travelex.automation.api.duedil.FCPAdpaterScreening@e45f292]" name="duedilScreeningApiTest" duration-ms="2259" started-at="2019-05-07T14:55:25Z" data-provider="DuedilScreeningApiDataProvider" finished-at="2019-05-07T14:55:27Z">
          <params>
            <param index="0">
              <value>
                <![CDATA[33.0]]>
              </value>
            </param>
            <param index="1">
              <value>
                <![CDATA[Sardar Farook Ahmad TAHIR]]>
              </value>
            </param>
            <param index="2">
              <value>
                <![CDATA[NULL]]>
              </value>
            </param>
            <param index="3">
              <value>
                <![CDATA[Mumbai]]>
              </value>
            </param>
            <param index="4">
              <value>
                <![CDATA[Maharashtra]]>
              </value>
            </param>
            <param index="5">
              <value>
                <![CDATA[INDIA]]>
              </value>
            </param>
            <param index="6">
              <value>
                <![CDATA[05/05/1987]]>
              </value>
            </param>
            <param index="7">
              <value>
                <![CDATA[NULL]]>
              </value>
            </param>
            <param index="8">
              <value>
                <![CDATA[PEPSD]]>
              </value>
            </param>
            <param index="9">
              <value>
                <![CDATA[NO HIT]]>
              </value>
            </param>
            <param index="10">
              <value>
                <![CDATA[Sardar Farooq Ahmad TAHIR]]>
              </value>
            </param>
          </params>
          <reporter-output>
          </reporter-output>
        </test-method> <!-- duedilScreeningApiTest -->
        <test-method status="PASS" signature="duedilScreeningApiTest(java.lang.String, java.lang.String, java.lang.String, java.lang.String, java.lang.String, java.lang.String, java.lang.String, java.lang.String, java.lang.String, java.lang.String, java.lang.String)[pri:0, instance:com.travelex.automation.api.duedil.FCPAdpaterScreening@e45f292]" name="duedilScreeningApiTest" duration-ms="2157" started-at="2019-05-07T14:55:27Z" data-provider="DuedilScreeningApiDataProvider" finished-at="2019-05-07T14:55:29Z">
          <params>
            <param index="0">
              <value>
                <![CDATA[34.0]]>
              </value>
            </param>
            <param index="1">
              <value>
                <![CDATA[Raja Muhammad F Haider KHAN]]>
              </value>
            </param>
            <param index="2">
              <value>
                <![CDATA[NULL]]>
              </value>
            </param>
            <param index="3">
              <value>
                <![CDATA[Mumbai]]>
              </value>
            </param>
            <param index="4">
              <value>
                <![CDATA[Maharashtra]]>
              </value>
            </param>
            <param index="5">
              <value>
                <![CDATA[INDIA]]>
              </value>
            </param>
            <param index="6">
              <value>
                <![CDATA[05/05/1987]]>
              </value>
            </param>
            <param index="7">
              <value>
                <![CDATA[NULL]]>
              </value>
            </param>
            <param index="8">
              <value>
                <![CDATA[PEPSD]]>
              </value>
            </param>
            <param index="9">
              <value>
                <![CDATA[NO HIT]]>
              </value>
            </param>
            <param index="10">
              <value>
                <![CDATA[Raja Muhammad Farooq Haider KHAN]]>
              </value>
            </param>
          </params>
          <reporter-output>
          </reporter-output>
        </test-method> <!-- duedilScreeningApiTest -->
        <test-method status="PASS" signature="duedilScreeningApiTest(java.lang.String, java.lang.String, java.lang.String, java.lang.String, java.lang.String, java.lang.String, java.lang.String, java.lang.String, java.lang.String, java.lang.String, java.lang.String)[pri:0, instance:com.travelex.automation.api.duedil.FCPAdpaterScreening@e45f292]" name="duedilScreeningApiTest" duration-ms="2280" started-at="2019-05-07T14:55:29Z" data-provider="DuedilScreeningApiDataProvider" finished-at="2019-05-07T14:55:31Z">
          <params>
            <param index="0">
              <value>
                <![CDATA[35.0]]>
              </value>
            </param>
            <param index="1">
              <value>
                <![CDATA[Timothy HALLCHURCHIL]]>
              </value>
            </param>
            <param index="2">
              <value>
                <![CDATA[NULL]]>
              </value>
            </param>
            <param index="3">
              <value>
                <![CDATA[Mumbai]]>
              </value>
            </param>
            <param index="4">
              <value>
                <![CDATA[Maharashtra]]>
              </value>
            </param>
            <param index="5">
              <value>
                <![CDATA[INDIA]]>
              </value>
            </param>
            <param index="6">
              <value>
                <![CDATA[05/05/1987]]>
              </value>
            </param>
            <param index="7">
              <value>
                <![CDATA[NULL]]>
              </value>
            </param>
            <param index="8">
              <value>
                <![CDATA[PEPSD]]>
              </value>
            </param>
            <param index="9">
              <value>
                <![CDATA[NO HIT]]>
              </value>
            </param>
            <param index="10">
              <value>
                <![CDATA[Timothy HALLCHURCH]]>
              </value>
            </param>
          </params>
          <reporter-output>
          </reporter-output>
        </test-method> <!-- duedilScreeningApiTest -->
        <test-method status="PASS" signature="duedilScreeningApiTest(java.lang.String, java.lang.String, java.lang.String, java.lang.String, java.lang.String, java.lang.String, java.lang.String, java.lang.String, java.lang.String, java.lang.String, java.lang.String)[pri:0, instance:com.travelex.automation.api.duedil.FCPAdpaterScreening@e45f292]" name="duedilScreeningApiTest" duration-ms="2213" started-at="2019-05-07T14:55:31Z" data-provider="DuedilScreeningApiDataProvider" finished-at="2019-05-07T14:55:34Z">
          <params>
            <param index="0">
              <value>
                <![CDATA[36.0]]>
              </value>
            </param>
            <param index="1">
              <value>
                <![CDATA[Peter SKOLA]]>
              </value>
            </param>
            <param index="2">
              <value>
                <![CDATA[NULL]]>
              </value>
            </param>
            <param index="3">
              <value>
                <![CDATA[Mumbai]]>
              </value>
            </param>
            <param index="4">
              <value>
                <![CDATA[Maharashtra]]>
              </value>
            </param>
            <param index="5">
              <value>
                <![CDATA[INDIA]]>
              </value>
            </param>
            <param index="6">
              <value>
                <![CDATA[05/05/1987]]>
              </value>
            </param>
            <param index="7">
              <value>
                <![CDATA[NULL]]>
              </value>
            </param>
            <param index="8">
              <value>
                <![CDATA[PEPSD]]>
              </value>
            </param>
            <param index="9">
              <value>
                <![CDATA[NO HIT]]>
              </value>
            </param>
            <param index="10">
              <value>
                <![CDATA[Peter SKOLAR]]>
              </value>
            </param>
          </params>
          <reporter-output>
          </reporter-output>
        </test-method> <!-- duedilScreeningApiTest -->
[...]
                <![CDATA[HIT]]>
              </value>
            </param>
            <param index="10">
              <value>
                <![CDATA[Ibrahim Salih Mohammed AL-YACOUB]]>
              </value>
            </param>
          </params>
          <reporter-output>
          </reporter-output>
        </test-method> <!-- duedilScreeningApiTest -->
        <test-method status="PASS" signature="duedilScreeningApiTest(java.lang.String, java.lang.String, java.lang.String, java.lang.String, java.lang.String, java.lang.String, java.lang.String, java.lang.String, java.lang.String, java.lang.String, java.lang.String)[pri:0, instance:com.travelex.automation.api.duedil.FCPAdpaterScreening@e45f292]" name="duedilScreeningApiTest" duration-ms="2219" started-at="2019-05-07T15:01:22Z" data-provider="DuedilScreeningApiDataProvider" finished-at="2019-05-07T15:01:24Z">
          <params>
            <param index="0">
              <value>
                <![CDATA[180.0]]>
              </value>
            </param>
            <param index="1">
              <value>
                <![CDATA[Abdelkarim Hussein Mohamed AL-NASSER]]>
              </value>
            </param>
            <param index="2">
              <value>
                <![CDATA[NULL]]>
              </value>
            </param>
            <param index="3">
              <value>
                <![CDATA[NULL]]>
              </value>
            </param>
            <param index="4">
              <value>
                <![CDATA[NULL]]>
              </value>
            </param>
            <param index="5">
              <value>
                <![CDATA[SAUDI ARABIA]]>
              </value>
            </param>
            <param index="6">
              <value>
                <![CDATA[01/01/1946]]>
              </value>
            </param>
            <param index="7">
              <value>
                <![CDATA[NULL]]>
              </value>
            </param>
            <param index="8">
              <value>
                <![CDATA[UKSANCTIONSD]]>
              </value>
            </param>
            <param index="9">
              <value>
                <![CDATA[HIT]]>
              </value>
            </param>
            <param index="10">
              <value>
                <![CDATA[Abdelkarim Hussein Mohamed AL-NASSER]]>
              </value>
            </param>
          </params>
          <reporter-output>
          </reporter-output>
        </test-method> <!-- duedilScreeningApiTest -->
        <test-method status="PASS" signature="duedilScreeningApiTest(java.lang.String, java.lang.String, java.lang.String, java.lang.String, java.lang.String, java.lang.String, java.lang.String, java.lang.String, java.lang.String, java.lang.String, java.lang.String)[pri:0, instance:com.travelex.automation.api.duedil.FCPAdpaterScreening@e45f292]" name="duedilScreeningApiTest" duration-ms="2303" started-at="2019-05-07T15:01:24Z" data-provider="DuedilScreeningApiDataProvider" finished-at="2019-05-07T15:01:27Z">
          <params>
            <param index="0">
              <value>
                <![CDATA[181.0]]>
              </value>
            </param>
            <param index="1">
              <value>
                <![CDATA[Ghuma ABD'RABBAH]]>
              </value>
            </param>
            <param index="2">
              <value>
                <![CDATA[Birmingham]]>
              </value>
            </param>
            <param index="3">
              <value>
                <![CDATA[NULL]]>
              </value>
            </param>
            <param index="4">
              <value>
                <![CDATA[NULL]]>
              </value>
            </param>
            <param index="5">
              <value>
                <![CDATA[UNITED KINGDOM]]>
              </value>
            </param>
            <param index="6">
              <value>
                <![CDATA[09/02/1957]]>
              </value>
            </param>
            <param index="7">
              <value>
                <![CDATA[NULL]]>
              </value>
            </param>
            <param index="8">
              <value>
                <![CDATA[UKSANCTIONSD]]>
              </value>
            </param>
            <param index="9">
              <value>
                <![CDATA[HIT]]>
              </value>
            </param>
            <param index="10">
              <value>
                <![CDATA[Ghuma ABD'RABBAH]]>
              </value>
            </param>
          </params>
          <reporter-output>
          </reporter-output>
        </test-method> <!-- duedilScreeningApiTest -->
        <test-method status="PASS" signature="duedilScreeningApiTest(java.lang.String, java.lang.String, java.lang.String, java.lang.String, java.lang.String, java.lang.String, java.lang.String, java.lang.String, java.lang.String, java.lang.String, java.lang.String)[pri:0, instance:com.travelex.automation.api.duedil.FCPAdpaterScreening@e45f292]" name="duedilScreeningApiTest" duration-ms="2442" started-at="2019-05-07T15:01:27Z" data-provider="DuedilScreeningApiDataProvider" finished-at="2019-05-07T15:01:29Z">
          <params>
            <param index="0">
              <value>
                <![CDATA[182.0]]>
              </value>
            </param>
            <param index="1">
              <value>
                <![CDATA[Abdulbaqi Mohammed KHALED]]>
              </value>
            </param>
            <param index="2">
              <value>
                <![CDATA[NULL]]>
              </value>
            </param>
            <param index="3">
              <value>
                <![CDATA[Birmingham]]>
              </value>
            </param>
            <param index="4">
              <value>
                <![CDATA[NULL]]>
              </value>
            </param>
            <param index="5">
              <value>
                <![CDATA[UNITED KINGDOM]]>
              </value>
            </param>
            <param index="6">
              <value>
                <![CDATA[08/18/1957]]>
              </value>
            </param>
            <param index="7">
              <value>
                <![CDATA[NULL]]>
              </value>
            </param>
            <param index="8">
              <value>
                <![CDATA[UKSANCTIONSD]]>
              </value>
            </param>
            <param index="9">
              <value>
                <![CDATA[HIT]]>
              </value>
            </param>
            <param index="10">
              <value>
                <![CDATA[Abdulbaqi Mohammed KHALED]]>
              </value>
            </param>
          </params>
          <reporter-output>
          </reporter-output>
        </test-method> <!-- duedilScreeningApiTest -->
        <test-method status="PASS" signature="duedilScreeningApiTest(java.lang.String, java.lang.String, java.lang.String, java.lang.String, java.lang.String, java.lang.String, java.lang.String, java.lang.String, java.lang.String, java.lang.String, java.lang.String)[pri:0, instance:com.travelex.automation.api.duedil.FCPAdpaterScreening@e45f292]" name="duedilScreeningApiTest" duration-ms="3166" started-at="2019-05-07T15:01:29Z" data-provider="DuedilScreeningApiDataProvider" finished-at="2019-05-07T15:01:32Z">
          <params>
            <param index="0">
              <value>
                <![CDATA[183.0]]>
              </value>
            </param>
            <param index="1">
              <value>
                <![CDATA[Abd Al Hamid Sulaiman Muhammed AL-MUJIL]]>
              </value>
            </param>
            <param index="2">
              <value>
                <![CDATA[NULL]]>
              </value>
            </param>
            <param index="3">
              <value>
                <![CDATA[NULL]]>
              </value>
            </param>
            <param index="4">
              <value>
                <![CDATA[NULL]]>
              </value>
            </param>
            <param index="5">
              <value>
                <![CDATA[SAUDI ARABIA]]>
              </value>
            </param>
            <param index="6">
              <value>
                <![CDATA[04/28/1949]]>
              </value>
            </param>
            <param index="7">
              <value>
                <![CDATA[NULL]]>
              </value>
            </param>
            <param index="8">
              <value>
                <![CDATA[UKSANCTIONSD]]>
              </value>
            </param>
            <param index="9">
              <value>
                <![CDATA[HIT]]>
              </value>
            </param>
            <param index="10">
              <value>
                <![CDATA[Abd Al Hamid Sulaiman Muhammed AL-MUJIL]]>
              </value>
            </param>
          </params>
          <reporter-output>
          </reporter-output>
        </test-method> <!-- duedilScreeningApiTest -->
        <test-method status="PASS" signature="duedilScreeningApiTest(java.lang.String, java.lang.String, java.lang.String, java.lang.String, java.lang.String, java.lang.String, java.lang.String, java.lang.String, java.lang.String, java.lang.String, java.lang.String)[pri:0, instance:com.travelex.automation.api.duedil.FCPAdpaterScreening@e45f292]" name="duedilScreeningApiTest" duration-ms="1951" started-at="2019-05-07T15:01:32Z" data-provider="DuedilScreeningApiDataProvider" finished-at="2019-05-07T15:01:34Z">
          <params>
            <param index="0">
              <value>
                <![CDATA[184.0]]>
              </value>
            </param>
            <param index="1">
              <value>
                <![CDATA[Mohammed AL GHABRA]]>
              </value>
            </param>
            <param index="2">
              <value>
                <![CDATA[East London]]>
              </value>
            </param>
            <param index="3">
              <value>
                <![CDATA[NULL]]>
              </value>
            </param>
            <param index="4">
              <value>
                <![CDATA[NULL]]>
              </value>
            </param>
            <param index="5">
              <value>
                <![CDATA[UNITED KINGDOM]]>
              </value>
            </param>
            <param index="6">
              <value>
                <![CDATA[06/01/1980]]>
              </value>
            </param>
            <param index="7">
              <value>
                <![CDATA[NULL]]>
              </value>
            </param>
            <param index="8">
              <value>
                <![CDATA[UKSANCTIONSD]]>
              </value>
            </param>
            <param index="9">
              <value>
                <![CDATA[HIT]]>
              </value>
            </param>
            <param index="10">
              <value>
                <![CDATA[Mohammed AL GHABRA]]>
              </value>
            </param>
          </params>
          <reporter-output>
          </reporter-output>
        </test-method> <!-- duedilScreeningApiTest -->
        <test-method status="PASS" signature="duedilScreeningApiTest(java.lang.String, java.lang.String, java.lang.String, java.lang.String, java.lang.String, java.lang.String, java.lang.String, java.lang.String, java.lang.String, java.lang.String, java.lang.String)[pri:0, instance:com.travelex.automation.api.duedil.FCPAdpaterScreening@e45f292]" name="duedilScreeningApiTest" duration-ms="2501" started-at="2019-05-07T15:01:34Z" data-provider="DuedilScreeningApiDataProvider" finished-at="2019-05-07T15:01:37Z">
          <params>
            <param index="0">
              <value>
                <![CDATA[185.0]]>
              </value>
            </param>
            <param index="1">
              <value>
                <![CDATA[Abu Hamza AL-MASRI]]>
              </value>
            </param>
            <param index="2">
              <value>
                <![CDATA[8 Adie Road, Hammersmith, London W6 OPW]]>
              </value>
            </param>
            <param index="3">
              <value>
                <![CDATA[NULL]]>
              </value>
            </param>
            <param index="4">
              <value>
                <![CDATA[NULL]]>
              </value>
            </param>
            <param index="5">
              <value>
                <![CDATA[UNITED KINGDOM]]>
              </value>
            </param>
            <param index="6">
              <value>
                <![CDATA[04/15/1958]]>
              </value>
            </param>
            <param index="7">
              <value>
                <![CDATA[NULL]]>
              </value>
            </param>
            <param index="8">
              <value>
                <![CDATA[UKSANCTIONSD]]>
              </value>
            </param>
            <param index="9">
              <value>
                <![CDATA[HIT]]>
              </value>
            </param>
            <param index="10">
              <value>
                <![CDATA[Abu Hamza AL-MASRI]]>
              </value>
            </param>
          </params>
          <reporter-output>
          </reporter-output>
        </test-method> <!-- duedilScreeningApiTest -->
        <test-method status="PASS" signature="duedilScreeningApiTest(java.lang.String, java.lang.String, java.lang.String, java.lang.String, java.lang.String, java.lang.String, java.lang.String, java.lang.String, java.lang.String, java.lang.String, java.lang.String)[pri:0, instance:com.travelex.automation.api.duedil.FCPAdpaterScreening@e45f292]" name="duedilScreeningApiTest" duration-ms="2490" started-at="2019-05-07T15:01:37Z" data-provider="DuedilScreeningApiDataProvider" finished-at="2019-05-07T15:01:39Z">
          <params>
            <param index="0">
              <value>
                <![CDATA[186.0]]>
              </value>
            </param>
            <param index="1">
              <value>
                <![CDATA[Abdul Rahim AL-TALHI]]>
              </value>
            </param>
            <param index="2">
              <value>
                <![CDATA[Buraydah]]>
              </value>
            </param>
            <param index="3">
              <value>
                <![CDATA[NULL]]>
              </value>
            </param>
            <param index="4">
              <value>
                <![CDATA[NULL]]>
              </value>
            </param>
            <param index="5">
              <value>
                <![CDATA[SAUDI ARABIA]]>
              </value>
            </param>
            <param index="6">
              <value>
                <![CDATA[12/08/1961]]>
              </value>
            </param>
            <param index="7">
              <value>
                <![CDATA[NULL]]>
              </value>
            </param>
            <param index="8">
              <value>
                <![CDATA[UKSANCTIONSD]]>
              </value>
            </param>
            <param index="9">
              <value>
                <![CDATA[HIT]]>
              </value>
            </param>
            <param index="10">
              <value>
                <![CDATA[Abdul Rahim AL-TALHI]]>
              </value>
            </param>
          </params>
          <reporter-output>
          </reporter-output>
        </test-method> <!-- duedilScreeningApiTest -->
        <test-method status="PASS" signature="duedilScreeningApiTest(java.lang.String, java.lang.String, java.lang.String, java.lang.String, java.lang.String, java.lang.String, java.lang.String, java.lang.String, java.lang.String, java.lang.String, java.lang.String)[pri:0, instance:com.travelex.automation.api.duedil.FCPAdpaterScreening@e45f292]" name="duedilScreeningApiTest" duration-ms="2247" started-at="2019-05-07T15:01:39Z" data-provider="DuedilScreeningApiDataProvider" finished-at="2019-05-07T15:01:41Z">
          <params>
            <param index="0">
              <value>
                <![CDATA[187.0]]>
              </value>
            </param>
            <param index="1">
              <value>
                <![CDATA[Adel Abdul Jalil Ibrahim BATARJEE]]>
              </value>
            </param>
            <param index="2">
              <value>
                <![CDATA[2 Helmi Kutbi Street, Jeddah]]>
              </value>
            </param>
            <param index="3">
              <value>
                <![CDATA[NULL]]>
              </value>
            </param>
            <param index="4">
              <value>
                <![CDATA[NULL]]>
              </value>
            </param>
            <param index="5">
              <value>
                <![CDATA[SAUDI ARABIA]]>
              </value>
            </param>
            <param index="6">
              <value>
                <![CDATA[07/01/1946]]>
              </value>
            </param>
            <param index="7">
              <value>
                <![CDATA[NULL]]>
              </value>
            </param>
            <param index="8">
              <value>
                <![CDATA[UKSANCTIONSD]]>
              </value>
            </param>
            <param index="9">
              <value>
                <![CDATA[HIT]]>
              </value>
            </param>
            <param index="10">
              <value>
                <![CDATA[Adel Abdul Jalil Ibrahim BATARJEE]]>
              </value>
            </param>
          </params>
          <reporter-output>
          </reporter-output>
        </test-method> <!-- duedilScreeningApiTest -->
        <test-method status="PASS" signature="duedilScreeningApiTest(java.lang.String, java.lang.String, java.lang.String, java.lang.String, java.lang.String, java.lang.String, java.lang.String, java.lang.String, java.lang.String, java.lang.String, java.lang.String)[pri:0, instance:com.travelex.automation.api.duedil.FCPAdpaterScreening@e45f292]" name="duedilScreeningApiTest" duration-ms="1753" started-at="2019-05-07T15:01:41Z" data-provider="DuedilScreeningApiDataProvider" finished-at="2019-05-07T15:01:43Z">
          <params>
            <param index="0">
              <value>
                <![CDATA[188.0]]>
              </value>
            </param>
            <param index="1">
              <value>
                <![CDATA[Abdelrazag Elsharif ELOSTA]]>
              </value>
            </param>
            <param index="2">
              <value>
                <![CDATA[NULL]]>
              </value>
            </param>
            <param index="3">
              <value>
                <![CDATA[London]]>
              </value>
            </param>
            <param index="4">
              <value>
                <![CDATA[NULL]]>
              </value>
            </param>
            <param index="5">
              <value>
                <![CDATA[UNITED KINGDOM]]>
              </value>
            </param>
            <param index="6">
              <value>
                <![CDATA[06/20/1963]]>
              </value>
            </param>
            <param index="7">
              <value>
                <![CDATA[NULL]]>
              </value>
            </param>
            <param index="8">
              <value>
                <![CDATA[UKSANCTIONSD]]>
              </value>
            </param>
            <param index="9">
              <value>
                <![CDATA[HIT]]>
              </value>
            </param>
            <param index="10">
              <value>
                <![CDATA[Abdelrazag Elsharif ELOSTA]]>
              </value>
            </param>
          </params>
          <reporter-output>
          </reporter-output>
        </test-method> <!-- duedilScreeningApiTest -->
      </class> <!-- com.travelex.automation.api.duedil.FCPAdpaterScreening -->
    </test> <!-- Default test -->
  </suite> <!-- Default suite -->
</testng-results>
