<?xml version="1.0" encoding="UTF-8"?>
<!-- Generated by org.testng.reporters.JUnitXMLReporter -->
<testsuite hostname="IN-MU-LT-J27309" name="DuedilScreening" tests="4" failures="0" timestamp="18 Sep 2018 08:39:36 GMT" time="259.792" errors="0">
  <testcase name="duedilScreeningApiTest" time="67.657" classname="com.travelex.automation.api.duedil.RTSScreeningAPI"/>
  <testcase name="duedilScreeningApiTest" time="63.212" classname="com.travelex.automation.api.duedil.RTSScreeningAPI"/>
  <testcase name="duedilScreeningApiTest" time="63.198" classname="com.travelex.automation.api.duedil.RTSScreeningAPI"/>
  <testcase name="duedilScreeningApiTest" time="63.208" classname="com.travelex.automation.api.duedil.RTSScreeningAPI"/>
</testsuite> <!-- DuedilScreening -->
